#
# A fatal error has been detected by the Java Runtime Environment:
#
#  EXCEPTION_ACCESS_VIOLATION (0xc0000005) at pc=0x000000007110b5db, pid=10940, tid=13820
#
# JRE version: Java(TM) SE Runtime Environment (17.0.1+12) (build 17.0.1+12-LTS-39)
# Java VM: Java HotSpot(TM) 64-Bit Server VM (17.0.1+12-LTS-39, mixed mode, sharing, tiered, compressed oops, compressed class ptrs, g1 gc, windows-amd64)
# Problematic frame:
# C  [jSSC-2.8_x86_64.dll+0xb5db]
#
# No core dump will be written. Minidumps are not enabled by default on client versions of Windows
#
# If you would like to submit a bug report, please visit:
#   https://bugreport.java.com/bugreport/crash.jsp
# The crash happened outside the Java Virtual Machine in native code.
# See problematic frame for where to report the bug.
#

---------------  S U M M A R Y ------------

Command Line: ESPlorer.jar

Host: Intel(R) Xeon(R) CPU E5-2690 0 @ 2.90GHz, 16 cores, 15G,  Windows 10 , 64 bit Build 22000 (10.0.22000.282)
Time: Fri Dec 31 05:00:04 2021 RTZ 2 (s 10 , 64 bit Build 22000 (10.0.22000.282) elapsed time: 6.906886 seconds (0d 0h 0m 6s)

---------------  T H R E A D  ---------------

Current thread (0x000001ccfcec3570):  JavaThread "AWT-EventQueue-0" [_thread_in_native, id=13820, stack(0x0000006cc5800000,0x0000006cc5900000)]

Stack: [0x0000006cc5800000,0x0000006cc5900000],  sp=0x0000006cc58fdda0,  free space=1015k
Native frames: (J=compiled Java code, j=interpreted, Vv=VM code, C=native code)
C  [jSSC-2.8_x86_64.dll+0xb5db]

Java frames: (J=compiled Java code, j=interpreted, Vv=VM code)
j  jssc.SerialNativeInterface.openPort(Ljava/lang/String;Z)J+0
j  jssc.SerialPort.openPort()Z+65
j  ESPlorer.ESPlorer.portOpen()Z+108
j  ESPlorer.ESPlorer.OpenActionPerformed(Ljava/awt/event/ActionEvent;)V+160
j  ESPlorer.ESPlorer.access$27300(LESPlorer/ESPlorer;Ljava/awt/event/ActionEvent;)V+2
j  ESPlorer.ESPlorer$271.actionPerformed(Ljava/awt/event/ActionEvent;)V+5
j  javax.swing.AbstractButton.fireActionPerformed(Ljava/awt/event/ActionEvent;)V+84 java.desktop@17.0.1
j  javax.swing.AbstractButton$Handler.actionPerformed(Ljava/awt/event/ActionEvent;)V+5 java.desktop@17.0.1
j  javax.swing.DefaultButtonModel.fireActionPerformed(Ljava/awt/event/ActionEvent;)V+34 java.desktop@17.0.1
j  javax.swing.JToggleButton$ToggleButtonModel.setPressed(Z)V+148 java.desktop@17.0.1
j  javax.swing.plaf.basic.BasicButtonListener.mouseReleased(Ljava/awt/event/MouseEvent;)V+35 java.desktop@17.0.1
j  java.awt.AWTEventMulticaster.mouseReleased(Ljava/awt/event/MouseEvent;)V+8 java.desktop@17.0.1
j  java.awt.Component.processMouseEvent(Ljava/awt/event/MouseEvent;)V+64 java.desktop@17.0.1
j  javax.swing.JComponent.processMouseEvent(Ljava/awt/event/MouseEvent;)V+23 java.desktop@17.0.1
J 4681 c1 java.awt.Component.processEvent(Ljava/awt/AWTEvent;)V java.desktop@17.0.1 (220 bytes) @ 0x000001cce06733bc [0x000001cce0672d80+0x000000000000063c]
J 4621 c1 java.awt.Container.processEvent(Ljava/awt/AWTEvent;)V java.desktop@17.0.1 (22 bytes) @ 0x000001cce063672c [0x000001cce06363e0+0x000000000000034c]
J 4673 c1 java.awt.Component.dispatchEventImpl(Ljava/awt/AWTEvent;)V java.desktop@17.0.1 (777 bytes) @ 0x000001cce066af8c [0x000001cce06673e0+0x0000000000003bac]
J 4607 c1 java.awt.Container.dispatchEventImpl(Ljava/awt/AWTEvent;)V java.desktop@17.0.1 (129 bytes) @ 0x000001cce06306fc [0x000001cce06305c0+0x000000000000013c]
J 4683 c1 java.awt.LightweightDispatcher.retargetMouseEvent(Ljava/awt/Component;ILjava/awt/event/MouseEvent;)V java.desktop@17.0.1 (372 bytes) @ 0x000001cce0677994 [0x000001cce06750a0+0x00000000000028f4]
J 4731 c1 java.awt.LightweightDispatcher.processMouseEvent(Ljava/awt/event/MouseEvent;)Z java.desktop@17.0.1 (265 bytes) @ 0x000001cce0696fe4 [0x000001cce0695fc0+0x0000000000001024]
J 4740 c1 java.awt.LightweightDispatcher.dispatchEvent(Ljava/awt/AWTEvent;)Z java.desktop@17.0.1 (73 bytes) @ 0x000001cce069cb5c [0x000001cce069c700+0x000000000000045c]
J 4607 c1 java.awt.Container.dispatchEventImpl(Ljava/awt/AWTEvent;)V java.desktop@17.0.1 (129 bytes) @ 0x000001cce063069c [0x000001cce06305c0+0x00000000000000dc]
J 4716 c1 java.awt.Window.dispatchEventImpl(Ljava/awt/AWTEvent;)V java.desktop@17.0.1 (23 bytes) @ 0x000001cce068be14 [0x000001cce068b800+0x0000000000000614]
J 4632 c1 java.awt.EventQueue.dispatchEventImpl(Ljava/awt/AWTEvent;Ljava/lang/Object;)V java.desktop@17.0.1 (136 bytes) @ 0x000001cce0650934 [0x000001cce0650460+0x00000000000004d4]
J 4588 c1 java.awt.EventQueue$4.run()Ljava/lang/Void; java.desktop@17.0.1 (60 bytes) @ 0x000001cce06217a4 [0x000001cce0621660+0x0000000000000144]
J 4587 c1 java.awt.EventQueue$4.run()Ljava/lang/Object; java.desktop@17.0.1 (5 bytes) @ 0x000001cce0620444 [0x000001cce06203c0+0x0000000000000084]
J 4382 c1 java.security.ProtectionDomain$JavaSecurityAccessImpl.doIntersectionPrivilege(Ljava/security/PrivilegedAction;Ljava/security/AccessControlContext;Ljava/security/AccessControlContext;)Ljava/lang/Object; java.base@17.0.1 (22 bytes) @ 0x000001cce05ab134 [0x000001cce05aaea0+0x0000000000000294]
J 4584 c1 java.awt.EventQueue.dispatchEvent(Ljava/awt/AWTEvent;)V java.desktop@17.0.1 (80 bytes) @ 0x000001cce062296c [0x000001cce0621e60+0x0000000000000b0c]
J 4579 c1 java.awt.EventDispatchThread.pumpOneEventForFilters(I)V java.desktop@17.0.1 (113 bytes) @ 0x000001cce061da34 [0x000001cce061d3a0+0x0000000000000694]
j  java.awt.EventDispatchThread.pumpEventsForFilter(ILjava/awt/Conditional;Ljava/awt/EventFilter;)V+35 java.desktop@17.0.1
j  java.awt.EventDispatchThread.pumpEventsForHierarchy(ILjava/awt/Conditional;Ljava/awt/Component;)V+11 java.desktop@17.0.1
j  java.awt.EventDispatchThread.pumpEvents(ILjava/awt/Conditional;)V+4 java.desktop@17.0.1
j  java.awt.EventDispatchThread.pumpEvents(Ljava/awt/Conditional;)V+3 java.desktop@17.0.1
j  java.awt.EventDispatchThread.run()V+9 java.desktop@17.0.1
v  ~StubRoutines::call_stub

siginfo: EXCEPTION_ACCESS_VIOLATION (0xc0000005), reading address 0xffffffffd668e3ec


Register to memory mapping:

RIP=0x000000007110b5db jSSC-2.8_x86_64.dll
RAX=0xffffffffd668e3ec is an unknown value
RBX=0x0000006cc58fde10 is pointing into the stack for thread: 0x000001ccfcec3570
RCX=0x00007ff8d9343544 ntdll.dll
RDX=0x0 is NULL
RSP=0x0000006cc58fdda0 is pointing into the stack for thread: 0x000001ccfcec3570
RBP=0x0000006cc58fdf20 is pointing into the stack for thread: 0x000001ccfcec3570
RSI=0x000001ccfcec3818 points into unknown readable memory: 0x00007ff890f43630 | 30 36 f4 90 f8 7f 00 00
RDI=0x00000000000007c4 is an unknown value
R8 =0x0000006cc58fdc98 is pointing into the stack for thread: 0x000001ccfcec3570
R9 =0x0000006cc58fdd90 is pointing into the stack for thread: 0x000001ccfcec3570
R10=0x0 is NULL
R11=0x0000000000000246 is an unknown value
R12=0x0000006cc58fdfd8 is pointing into the stack for thread: 0x000001ccfcec3570
R13=0x000001cc88155c10 points into unknown readable memory: 0x00657500344d4f43 | 43 4f 4d 34 00 75 65 00
R14=0x0000006cc58fded0 is pointing into the stack for thread: 0x000001ccfcec3570
R15=0x000001ccfcec3570 is a thread


Registers:
RAX=0xffffffffd668e3ec, RBX=0x0000006cc58fde10, RCX=0x00007ff8d9343544, RDX=0x0000000000000000
RSP=0x0000006cc58fdda0, RBP=0x0000006cc58fdf20, RSI=0x000001ccfcec3818, RDI=0x00000000000007c4
R8 =0x0000006cc58fdc98, R9 =0x0000006cc58fdd90, R10=0x0000000000000000, R11=0x0000000000000246
R12=0x0000006cc58fdfd8, R13=0x000001cc88155c10, R14=0x0000006cc58fded0, R15=0x000001ccfcec3570
RIP=0x000000007110b5db, EFLAGS=0x0000000000010206

Top of Stack: (sp=0x0000006cc58fdda0)
0x0000006cc58fdda0:   000001ccfc9f1f70 000001ccd6210000
0x0000006cc58fddb0:   000000007110b230 000001ccd6380000
0x0000006cc58fddc0:   0000006cc58fde80 0000000000000004
0x0000006cc58fddd0:   000001ccfcec3818 00000000000007c4
0x0000006cc58fdde0:   0000006cc58fdf20 0000000071112590
0x0000006cc58fddf0:   000001ccfcec3570 0000006cc58fded0
0x0000006cc58fde00:   000001cc88155c10 0000006cc58fdfd8
0x0000006cc58fde10:   000001cc88155c10 00007ff8d92c7551
0x0000006cc58fde20:   000001cc88155c00 000001ccd6380000
0x0000006cc58fde30:   0000006cc58fdf20 0000000000000000
0x0000006cc58fde40:   0000000071113500 0000000071113be8
0x0000006cc58fde50:   0000006cc58fde80 0000000071112641
0x0000006cc58fde60:   0000006cc58fddf0 000001ccfcec3818
0x0000006cc58fde70:   0000000000000000 0000000000000000
0x0000006cc58fde80:   0000006cc58fdf20 0000000071101595
0x0000006cc58fde90:   000000000000001c 000001cc00000000 

Instructions: (pc=0x000000007110b5db)
0x000000007110b4db:   48 85 c0 74 bf 44 8b 03 45 85 c0 0f 84 77 ff ff
0x000000007110b4eb:   ff eb 9f 66 90 e8 8b fe ff ff 48 89 05 0c 34 01
0x000000007110b4fb:   00 eb ad 66 90 e8 7b fe ff ff 48 89 05 fc 33 01
0x000000007110b50b:   00 eb 8b e8 8d fe ff ff c7 03 01 00 00 00 e9 6f
0x000000007110b51b:   ff ff ff 66 90 55 48 89 e5 56 53 48 83 ec 20 48
0x000000007110b52b:   8b 05 d7 33 01 00 48 8b 31 48 89 cb 48 85 c0 74
0x000000007110b53b:   56 44 8b 18 45 85 db 78 42 48 8b 05 bd 33 01 00
0x000000007110b54b:   48 85 c0 74 50 44 8b 10 45 85 d2 74 1d 48 89 f1
0x000000007110b55b:   e8 d0 fd ff ff 48 8b 13 48 8d 42 40 48 8b 48 08
0x000000007110b56b:   48 8b 6a 40 48 8b 60 10 ff e1 48 8b 05 9c 33 01
0x000000007110b57b:   00 48 85 c0 74 2d 48 89 30 eb da e8 b5 fe ff ff
0x000000007110b58b:   0f 1f 44 00 00 eb b2 e8 e9 fd ff ff 48 89 05 6a
0x000000007110b59b:   33 01 00 eb 9c e8 db fd ff ff 48 89 05 5c 33 01
0x000000007110b5ab:   00 eb a2 e8 3d fd ff ff 48 89 05 5e 33 01 00 eb
0x000000007110b5bb:   c5 0f 1f 40 00 55 57 56 53 48 83 ec 28 48 8b 05
0x000000007110b5cb:   39 33 01 00 48 89 cb 48 85 c0 0f 84 c5 00 00 00
0x000000007110b5db:   8b 38 85 ff 0f 88 ab 00 00 00 48 8b 05 1c 33 01
0x000000007110b5eb:   00 48 85 c0 0f 84 bc 00 00 00 8b 30 85 f6 74 57
0x000000007110b5fb:   48 8b 05 0e 33 01 00 48 85 c0 0f 84 e5 00 00 00
0x000000007110b60b:   8b 28 48 8b 35 10 5e 01 00 ff d6 89 c7 89 e9 ff
0x000000007110b61b:   15 f4 5e 01 00 89 f9 48 89 c5 ff 15 b9 5e 01 00
0x000000007110b62b:   48 8b 05 de 32 01 00 48 89 2b 48 85 c0 74 46 48
0x000000007110b63b:   89 da 8b 08 ff 15 d7 5e 01 00 85 c0 74 27 48 83
0x000000007110b64b:   c4 28 5b 5e 5f 5d c3 48 8b 05 bf 32 01 00 48 85
0x000000007110b65b:   c0 74 64 48 8b 10 48 89 13 48 89 18 48 83 c4 28
0x000000007110b66b:   5b 5e 5f 5d c3 48 89 f2 48 83 c4 28 5b 5e 5f 5d
0x000000007110b67b:   48 ff e2 66 90 e8 8b fc ff ff 48 89 05 84 32 01
0x000000007110b68b:   00 eb ac 66 90 e8 ab fd ff ff e9 4b ff ff ff 66
0x000000007110b69b:   0f 1f 44 00 00 e8 db fc ff ff 48 89 05 5c 32 01
0x000000007110b6ab:   00 e9 2a ff ff ff e8 ca fc ff ff 48 89 05 4b 32
0x000000007110b6bb:   01 00 e9 33 ff ff ff e8 29 fc ff ff 48 89 05 4a
0x000000007110b6cb:   32 01 00 48 8b 10 48 85 c0 48 89 13 75 8b e8 12 


Stack slot to memory mapping:
stack at sp + 0 slots: 0x000001ccfc9f1f70 points into unknown readable memory: 0x000001ccd6217a40 | 40 7a 21 d6 cc 01 00 00
stack at sp + 1 slots: 0x000001ccd6210000 points into unknown readable memory: 0x0000000000000000 | 00 00 00 00 00 00 00 00
stack at sp + 2 slots: 0x000000007110b230 jSSC-2.8_x86_64.dll
stack at sp + 3 slots: 0x000001ccd6380000 points into unknown readable memory: 0x0000000000000000 | 00 00 00 00 00 00 00 00
stack at sp + 4 slots: 0x0000006cc58fde80 is pointing into the stack for thread: 0x000001ccfcec3570
stack at sp + 5 slots: 0x0000000000000004 is an unknown value
stack at sp + 6 slots: 0x000001ccfcec3818 points into unknown readable memory: 0x00007ff890f43630 | 30 36 f4 90 f8 7f 00 00
stack at sp + 7 slots: 0x00000000000007c4 is an unknown value


---------------  P R O C E S S  ---------------

Threads class SMR info:
_java_thread_list=0x000001cc88936e60, length=20, elements={
0x000001ccfbd2f020, 0x000001ccfbd2fe90, 0x000001ccfbd44a00, 0x000001ccfbd463c0,
0x000001ccfbd47580, 0x000001ccfbd4ab60, 0x000001ccfbd4c320, 0x000001ccfbd58b00,
0x000001ccfc820090, 0x000001ccfc9366e0, 0x000001ccfc93a9a0, 0x000001ccfcd8a020,
0x000001ccfcd8ad10, 0x000001ccfcd9f420, 0x000001ccfcec3570, 0x000001ccd647e820,
0x000001cc860522c0, 0x000001cc862321f0, 0x000001cc893e9fe0, 0x000001cc893ea980
}

Java Threads: ( => current thread )
  0x000001ccfbd2f020 JavaThread "Reference Handler" daemon [_thread_blocked, id=1864, stack(0x0000006cc4700000,0x0000006cc4800000)]
  0x000001ccfbd2fe90 JavaThread "Finalizer" daemon [_thread_blocked, id=8704, stack(0x0000006cc4800000,0x0000006cc4900000)]
  0x000001ccfbd44a00 JavaThread "Signal Dispatcher" daemon [_thread_blocked, id=7004, stack(0x0000006cc4900000,0x0000006cc4a00000)]
  0x000001ccfbd463c0 JavaThread "Attach Listener" daemon [_thread_blocked, id=9596, stack(0x0000006cc4a00000,0x0000006cc4b00000)]
  0x000001ccfbd47580 JavaThread "Service Thread" daemon [_thread_blocked, id=10296, stack(0x0000006cc4b00000,0x0000006cc4c00000)]
  0x000001ccfbd4ab60 JavaThread "Monitor Deflation Thread" daemon [_thread_blocked, id=13116, stack(0x0000006cc4c00000,0x0000006cc4d00000)]
  0x000001ccfbd4c320 JavaThread "C2 CompilerThread0" daemon [_thread_blocked, id=3736, stack(0x0000006cc4d00000,0x0000006cc4e00000)]
  0x000001ccfbd58b00 JavaThread "C1 CompilerThread0" daemon [_thread_blocked, id=12488, stack(0x0000006cc4e00000,0x0000006cc4f00000)]
  0x000001ccfc820090 JavaThread "Sweeper thread" daemon [_thread_blocked, id=12088, stack(0x0000006cc4f00000,0x0000006cc5000000)]
  0x000001ccfc9366e0 JavaThread "Notification Thread" daemon [_thread_blocked, id=9100, stack(0x0000006cc5100000,0x0000006cc5200000)]
  0x000001ccfc93a9a0 JavaThread "Common-Cleaner" daemon [_thread_blocked, id=11948, stack(0x0000006cc5300000,0x0000006cc5400000)]
  0x000001ccfcd8a020 JavaThread "Java2D Disposer" daemon [_thread_blocked, id=8268, stack(0x0000006cc5400000,0x0000006cc5500000)]
  0x000001ccfcd8ad10 JavaThread "AWT-Shutdown" [_thread_blocked, id=13400, stack(0x0000006cc5500000,0x0000006cc5600000)]
  0x000001ccfcd9f420 JavaThread "AWT-Windows" daemon [_thread_in_native, id=11512, stack(0x0000006cc5600000,0x0000006cc5700000)]
=>0x000001ccfcec3570 JavaThread "AWT-EventQueue-0" [_thread_in_native, id=13820, stack(0x0000006cc5800000,0x0000006cc5900000)]
  0x000001ccd647e820 JavaThread "DestroyJavaVM" [_thread_blocked, id=11500, stack(0x0000006cc4000000,0x0000006cc4100000)]
  0x000001cc860522c0 JavaThread "TimerQueue" daemon [_thread_blocked, id=13684, stack(0x0000006cc5c00000,0x0000006cc5d00000)]
  0x000001cc862321f0 JavaThread "Image Fetcher 0" daemon [_thread_blocked, id=7724, stack(0x0000006cc5d00000,0x0000006cc5e00000)]
  0x000001cc893e9fe0 JavaThread "Swing-Shell" daemon [_thread_blocked, id=14104, stack(0x0000006cc7500000,0x0000006cc7600000)]
  0x000001cc893ea980 JavaThread "D3D Screen Updater" daemon [_thread_blocked, id=10928, stack(0x0000006cc6c00000,0x0000006cc6d00000)]

Other Threads:
  0x000001ccfbd29020 VMThread "VM Thread" [stack: 0x0000006cc4600000,0x0000006cc4700000] [id=12400]
  0x000001ccd65cd7e0 WatcherThread [stack: 0x0000006cc5200000,0x0000006cc5300000] [id=2964]
  0x000001ccd659eb30 GCTaskThread "GC Thread#0" [stack: 0x0000006cc4100000,0x0000006cc4200000] [id=1620]
  0x000001cc872f9b10 GCTaskThread "GC Thread#1" [stack: 0x0000006cc5f00000,0x0000006cc6000000] [id=4752]
  0x000001cc86fc8be0 GCTaskThread "GC Thread#2" [stack: 0x0000006cc6000000,0x0000006cc6100000] [id=2500]
  0x000001cc867deb30 GCTaskThread "GC Thread#3" [stack: 0x0000006cc6100000,0x0000006cc6200000] [id=6068]
  0x000001cc867dede0 GCTaskThread "GC Thread#4" [stack: 0x0000006cc6200000,0x0000006cc6300000] [id=9440]
  0x000001cc86f2c280 GCTaskThread "GC Thread#5" [stack: 0x0000006cc6300000,0x0000006cc6400000] [id=14032]
  0x000001cc86f2b510 GCTaskThread "GC Thread#6" [stack: 0x0000006cc6400000,0x0000006cc6500000] [id=7888]
  0x000001cc86f2b260 GCTaskThread "GC Thread#7" [stack: 0x0000006cc6500000,0x0000006cc6600000] [id=2604]
  0x000001cc86f2a7a0 GCTaskThread "GC Thread#8" [stack: 0x0000006cc6600000,0x0000006cc6700000] [id=6780]
  0x000001cc86f2b7c0 GCTaskThread "GC Thread#9" [stack: 0x0000006cc6700000,0x0000006cc6800000] [id=12824]
  0x000001cc86f2aa50 GCTaskThread "GC Thread#10" [stack: 0x0000006cc6800000,0x0000006cc6900000] [id=8992]
  0x000001cc86f2ad00 GCTaskThread "GC Thread#11" [stack: 0x0000006cc6900000,0x0000006cc6a00000] [id=12328]
  0x000001cc86f2bfd0 GCTaskThread "GC Thread#12" [stack: 0x0000006cc6d00000,0x0000006cc6e00000] [id=11736]
  0x000001ccd65af940 ConcurrentGCThread "G1 Main Marker" [stack: 0x0000006cc4200000,0x0000006cc4300000] [id=6152]
  0x000001ccd65b0af0 ConcurrentGCThread "G1 Conc#0" [stack: 0x0000006cc4300000,0x0000006cc4400000] [id=8880]
  0x000001cc87196b50 ConcurrentGCThread "G1 Conc#1" [stack: 0x0000006cc6e00000,0x0000006cc6f00000] [id=9484]
  0x000001cc87196e00 ConcurrentGCThread "G1 Conc#2" [stack: 0x0000006cc6f00000,0x0000006cc7000000] [id=7280]
  0x000001ccfbbf30e0 ConcurrentGCThread "G1 Refine#0" [stack: 0x0000006cc4400000,0x0000006cc4500000] [id=13660]
  0x000001cc87463ca0 ConcurrentGCThread "G1 Refine#1" [stack: 0x0000006cc6a00000,0x0000006cc6b00000] [id=1748]
  0x000001cc870f1f20 ConcurrentGCThread "G1 Refine#2" [stack: 0x0000006cc6b00000,0x0000006cc6c00000] [id=14268]
  0x000001ccfbbf3b00 ConcurrentGCThread "G1 Service" [stack: 0x0000006cc4500000,0x0000006cc4600000] [id=3748]

Threads with active compile tasks:

VM state: not at safepoint (normal execution)

VM Mutex/Monitor currently owned by a thread: None

Heap address: 0x0000000701200000, size: 4078 MB, Compressed Oops mode: Zero based, Oop shift amount: 3

CDS archive(s) mapped at: [0x0000000800000000-0x0000000800bc0000-0x0000000800bc0000), size 12320768, SharedBaseAddress: 0x0000000800000000, ArchiveRelocationMode: 0.
Compressed class space mapped at: 0x0000000800c00000-0x0000000840c00000, reserved size: 1073741824
Narrow klass base: 0x0000000800000000, Narrow klass shift: 0, Narrow klass range: 0x100000000

GC Precious Log:
 CPUs: 16 total, 16 available
 Memory: 16310M
 Large Page Support: Disabled
 NUMA Support: Disabled
 Compressed Oops: Enabled (Zero based)
 Heap Region Size: 2M
 Heap Min Capacity: 8M
 Heap Initial Capacity: 256M
 Heap Max Capacity: 4078M
 Pre-touch: Disabled
 Parallel Workers: 13
 Concurrent Workers: 3
 Concurrent Refinement Workers: 13
 Periodic GC: Disabled

Heap:
 garbage-first heap   total 49152K, used 25729K [0x0000000701200000, 0x0000000800000000)
  region size 2048K, 11 young (22528K), 2 survivors (4096K)
 Metaspace       used 22952K, committed 23232K, reserved 1073152K
  class space    used 2609K, committed 2752K, reserved 1048576K

Heap Regions: E=young(eden), S=young(survivor), O=old, HS=humongous(starts), HC=humongous(continues), CS=collection set, F=free, OA=open archive, CA=closed archive, TAMS=top-at-mark-start (previous, next)
|   0|0x0000000701200000, 0x0000000701400000, 0x0000000701400000|100%| O|  |TAMS 0x0000000701400000, 0x0000000701200000| Untracked 
|   1|0x0000000701400000, 0x0000000701600000, 0x0000000701600000|100%| O|  |TAMS 0x0000000701600000, 0x0000000701400000| Untracked 
|   2|0x0000000701600000, 0x000000070177dc00, 0x0000000701800000| 74%| O|  |TAMS 0x000000070177dc00, 0x0000000701600000| Complete 
|   3|0x0000000701800000, 0x0000000701800000, 0x0000000701a00000|  0%| F|  |TAMS 0x0000000701800000, 0x0000000701800000| Untracked 
|   4|0x0000000701a00000, 0x0000000701a00000, 0x0000000701c00000|  0%| F|  |TAMS 0x0000000701a00000, 0x0000000701a00000| Untracked 
|   5|0x0000000701c00000, 0x0000000701c00000, 0x0000000701e00000|  0%| F|  |TAMS 0x0000000701c00000, 0x0000000701c00000| Untracked 
|   6|0x0000000701e00000, 0x0000000701e00000, 0x0000000702000000|  0%| F|  |TAMS 0x0000000701e00000, 0x0000000701e00000| Untracked 
|   7|0x0000000702000000, 0x0000000702000000, 0x0000000702200000|  0%| F|  |TAMS 0x0000000702000000, 0x0000000702000000| Untracked 
|   8|0x0000000702200000, 0x0000000702200000, 0x0000000702400000|  0%| F|  |TAMS 0x0000000702200000, 0x0000000702200000| Untracked 
|   9|0x0000000702400000, 0x0000000702400000, 0x0000000702600000|  0%| F|  |TAMS 0x0000000702400000, 0x0000000702400000| Untracked 
|  10|0x0000000702600000, 0x0000000702600000, 0x0000000702800000|  0%| F|  |TAMS 0x0000000702600000, 0x0000000702600000| Untracked 
|  11|0x0000000702800000, 0x0000000702800000, 0x0000000702a00000|  0%| F|  |TAMS 0x0000000702800000, 0x0000000702800000| Untracked 
|  12|0x0000000702a00000, 0x0000000702a00000, 0x0000000702c00000|  0%| F|  |TAMS 0x0000000702a00000, 0x0000000702a00000| Untracked 
|  13|0x0000000702c00000, 0x0000000702d00800, 0x0000000702e00000| 50%| E|  |TAMS 0x0000000702c00000, 0x0000000702c00000| Complete 
|  14|0x0000000702e00000, 0x0000000703000000, 0x0000000703000000|100%| E|CS|TAMS 0x0000000702e00000, 0x0000000702e00000| Complete 
|  15|0x0000000703000000, 0x0000000703200000, 0x0000000703200000|100%| E|CS|TAMS 0x0000000703000000, 0x0000000703000000| Complete 
|  16|0x0000000703200000, 0x0000000703400000, 0x0000000703400000|100%| E|CS|TAMS 0x0000000703200000, 0x0000000703200000| Complete 
|  17|0x0000000703400000, 0x0000000703600000, 0x0000000703600000|100%| E|CS|TAMS 0x0000000703400000, 0x0000000703400000| Complete 
|  18|0x0000000703600000, 0x0000000703800000, 0x0000000703800000|100%| E|CS|TAMS 0x0000000703600000, 0x0000000703600000| Complete 
|  19|0x0000000703800000, 0x0000000703a00000, 0x0000000703a00000|100%| E|CS|TAMS 0x0000000703800000, 0x0000000703800000| Complete 
|  73|0x000000070a400000, 0x000000070a5a2b48, 0x000000070a600000| 81%| S|CS|TAMS 0x000000070a400000, 0x000000070a400000| Complete 
|  74|0x000000070a600000, 0x000000070a800000, 0x000000070a800000|100%| S|CS|TAMS 0x000000070a600000, 0x000000070a600000| Complete 
| 126|0x0000000710e00000, 0x0000000711000000, 0x0000000711000000|100%| E|CS|TAMS 0x0000000710e00000, 0x0000000710e00000| Complete 
| 127|0x0000000711000000, 0x0000000711200000, 0x0000000711200000|100%| E|CS|TAMS 0x0000000711000000, 0x0000000711000000| Complete 

Card table byte_map: [0x000001ccefd30000,0x000001ccf0530000] _byte_map_base: 0x000001ccec527000

Marking Bits (Prev, Next): (CMBitMap*) 0x000001ccd659f180, (CMBitMap*) 0x000001ccd659f140
 Prev Bits: [0x000001ccf4cf0000, 0x000001ccf8ca8000)
 Next Bits: [0x000001ccf0d30000, 0x000001ccf4ce8000)

Polling page: 0x000001ccd6630000

Metaspace:

Usage:
  Non-class:     19.87 MB used.
      Class:      2.55 MB used.
       Both:     22.41 MB used.

Virtual space:
  Non-class space:       24.00 MB reserved,      20.00 MB ( 83%) committed,  3 nodes.
      Class space:        1.00 GB reserved,       2.69 MB ( <1%) committed,  1 nodes.
             Both:        1.02 GB reserved,      22.69 MB (  2%) committed. 

Chunk freelists:
   Non-Class:  32.00 KB
       Class:  1.23 MB
        Both:  1.26 MB

MaxMetaspaceSize: unlimited
CompressedClassSpaceSize: 1.00 GB
Initial GC threshold: 21.00 MB
Current GC threshold: 35.44 MB
CDS: on
MetaspaceReclaimPolicy: balanced
 - commit_granule_bytes: 65536.
 - commit_granule_words: 8192.
 - virtual_space_node_default_size: 1048576.
 - enlarge_chunks_in_place: 1.
 - new_chunks_are_fully_committed: 0.
 - uncommit_free_chunks: 1.
 - use_allocation_guard: 0.
 - handle_deallocations: 1.


Internal statistics:

num_allocs_failed_limit: 3.
num_arena_births: 170.
num_arena_deaths: 0.
num_vsnodes_births: 4.
num_vsnodes_deaths: 0.
num_space_committed: 360.
num_space_uncommitted: 0.
num_chunks_returned_to_freelist: 3.
num_chunks_taken_from_freelist: 366.
num_chunk_merges: 0.
num_chunk_splits: 217.
num_chunks_enlarged: 127.
num_purges: 0.
num_inconsistent_stats: 0.

CodeHeap 'non-profiled nmethods': size=119168Kb used=2770Kb max_used=2770Kb free=116397Kb
 bounds [0x000001cce7100000, 0x000001cce73c0000, 0x000001ccee560000]
CodeHeap 'profiled nmethods': size=119104Kb used=10411Kb max_used=10411Kb free=108692Kb
 bounds [0x000001ccdfcb0000, 0x000001cce06e0000, 0x000001cce7100000]
CodeHeap 'non-nmethods': size=7488Kb used=1389Kb max_used=3170Kb free=6098Kb
 bounds [0x000001ccdf560000, 0x000001ccdf890000, 0x000001ccdfcb0000]
 total_blobs=5592 nmethods=4851 adapters=653
 compilation: enabled
              stopped_count=0, restarted_count=0
 full_count=0

Compilation events (20 events):
Event: 6.865 Thread 0x000001ccfbd58b00 4861       3       java.lang.StackFrameInfo::getClassName (8 bytes)
Event: 6.865 Thread 0x000001ccfbd4c320 4862       4       sun.nio.cs.SingleByte$Encoder::encode (32 bytes)
Event: 6.865 Thread 0x000001ccfbd58b00 nmethod 4861 0x000001cce06d7b10 code [0x000001cce06d7ce0, 0x000001cce06d8148]
Event: 6.866 Thread 0x000001ccfbd58b00 4863       3       javax.swing.plaf.basic.BasicTextUI$RootView::getViewFactory (31 bytes)
Event: 6.866 Thread 0x000001ccfbd4c320 nmethod 4862 0x000001cce73b3f10 code [0x000001cce73b40a0, 0x000001cce73b41d8]
Event: 6.866 Thread 0x000001ccfbd58b00 nmethod 4863 0x000001cce06d8310 code [0x000001cce06d84c0, 0x000001cce06d87d8]
Event: 6.867 Thread 0x000001ccfbd58b00 4864       3       java.lang.AbstractStringBuilder::inflate (42 bytes)
Event: 6.867 Thread 0x000001ccfbd58b00 nmethod 4864 0x000001cce06d8910 code [0x000001cce06d8ae0, 0x000001cce06d8e18]
Event: 6.867 Thread 0x000001ccfbd58b00 4865       1       javax.swing.text.DefaultCaret::setMagicCaretPosition (6 bytes)
Event: 6.868 Thread 0x000001ccfbd58b00 nmethod 4865 0x000001cce73b4310 code [0x000001cce73b44a0, 0x000001cce73b45b8]
Event: 6.868 Thread 0x000001ccfbd58b00 4866       3       java.lang.StackStreamFactory$AbstractStackWalker::checkState (163 bytes)
Event: 6.868 Thread 0x000001ccfbd58b00 nmethod 4866 0x000001cce06d8f10 code [0x000001cce06d91e0, 0x000001cce06d9e88]
Event: 6.868 Thread 0x000001ccfbd58b00 4867       3       java.util.regex.Pattern$$Lambda$21/0x80000002a::is (13 bytes)
Event: 6.869 Thread 0x000001ccfbd58b00 nmethod 4867 0x000001cce06da290 code [0x000001cce06da440, 0x000001cce06da698]
Event: 6.869 Thread 0x000001ccfbd58b00 4868       3       java.util.regex.Pattern::lambda$Range$10 (7 bytes)
Event: 6.869 Thread 0x000001ccfbd58b00 nmethod 4868 0x000001cce06da790 code [0x000001cce06da920, 0x000001cce06daaf8]
Event: 6.869 Thread 0x000001ccfbd58b00 4869       3       java.util.regex.Pattern::inRange (16 bytes)
Event: 6.869 Thread 0x000001ccfbd58b00 nmethod 4869 0x000001cce06dab90 code [0x000001cce06dad20, 0x000001cce06dae98]
Event: 6.870 Thread 0x000001ccfbd4c320 4870       4       java.nio.MappedByteBuffer::position (6 bytes)
Event: 6.871 Thread 0x000001ccfbd4c320 nmethod 4870 0x000001cce73b4610 code [0x000001cce73b4780, 0x000001cce73b4858]

GC Heap History (8 events):
Event: 1.073 GC heap before
{Heap before GC invocations=0 (full 0):
 garbage-first heap   total 262144K, used 22528K [0x0000000701200000, 0x0000000800000000)
  region size 2048K, 11 young (22528K), 0 survivors (0K)
 Metaspace       used 13897K, committed 14080K, reserved 1064960K
  class space    used 1568K, committed 1664K, reserved 1048576K
}
Event: 1.083 GC heap after
{Heap after GC invocations=1 (full 0):
 garbage-first heap   total 262144K, used 5697K [0x0000000701200000, 0x0000000800000000)
  region size 2048K, 2 young (4096K), 2 survivors (4096K)
 Metaspace       used 13897K, committed 14080K, reserved 1064960K
  class space    used 1568K, committed 1664K, reserved 1048576K
}
Event: 1.561 GC heap before
{Heap before GC invocations=1 (full 0):
 garbage-first heap   total 262144K, used 24129K [0x0000000701200000, 0x0000000800000000)
  region size 2048K, 11 young (22528K), 2 survivors (4096K)
 Metaspace       used 17432K, committed 17600K, reserved 1064960K
  class space    used 2072K, committed 2176K, reserved 1048576K
}
Event: 1.571 GC heap after
{Heap after GC invocations=2 (full 0):
 garbage-first heap   total 262144K, used 8754K [0x0000000701200000, 0x0000000800000000)
  region size 2048K, 2 young (4096K), 2 survivors (4096K)
 Metaspace       used 17432K, committed 17600K, reserved 1064960K
  class space    used 2072K, committed 2176K, reserved 1048576K
}
Event: 1.787 GC heap before
{Heap before GC invocations=2 (full 0):
 garbage-first heap   total 262144K, used 55858K [0x0000000701200000, 0x0000000800000000)
  region size 2048K, 25 young (51200K), 2 survivors (4096K)
 Metaspace       used 17561K, committed 17792K, reserved 1064960K
  class space    used 2076K, committed 2176K, reserved 1048576K
}
Event: 1.790 GC heap after
{Heap after GC invocations=3 (full 0):
 garbage-first heap   total 262144K, used 8610K [0x0000000701200000, 0x0000000800000000)
  region size 2048K, 2 young (4096K), 2 survivors (4096K)
 Metaspace       used 17561K, committed 17792K, reserved 1064960K
  class space    used 2076K, committed 2176K, reserved 1048576K
}
Event: 2.801 GC heap before
{Heap before GC invocations=3 (full 0):
 garbage-first heap   total 262144K, used 111010K [0x0000000701200000, 0x0000000800000000)
  region size 2048K, 53 young (108544K), 2 survivors (4096K)
 Metaspace       used 21367K, committed 21504K, reserved 1073152K
  class space    used 2512K, committed 2560K, reserved 1048576K
}
Event: 2.804 GC heap after
{Heap after GC invocations=4 (full 0):
 garbage-first heap   total 262144K, used 9345K [0x0000000701200000, 0x0000000800000000)
  region size 2048K, 2 young (4096K), 2 survivors (4096K)
 Metaspace       used 21367K, committed 21504K, reserved 1073152K
  class space    used 2512K, committed 2560K, reserved 1048576K
}

Deoptimization events (20 events):
Event: 3.582 Thread 0x000001ccfcec3570 DEOPT PACKING pc=0x000001cce057ad24 sp=0x0000006cc58fca30
Event: 3.582 Thread 0x000001ccfcec3570 DEOPT UNPACKING pc=0x000001ccdf5b2b43 sp=0x0000006cc58fbdf8 mode 0
Event: 3.632 Thread 0x000001ccfcec3570 DEOPT PACKING pc=0x000001cce057ad24 sp=0x0000006cc58fc730
Event: 3.632 Thread 0x000001ccfcec3570 DEOPT UNPACKING pc=0x000001ccdf5b2b43 sp=0x0000006cc58fbaf8 mode 0
Event: 4.344 Thread 0x000001ccfcec3570 Uncommon trap: trap_request=0xffffff45 fr.pc=0x000001cce73a4034 relative=0x00000000000008b4
Event: 4.344 Thread 0x000001ccfcec3570 Uncommon trap: reason=unstable_if action=reinterpret pc=0x000001cce73a4034 method=java.awt.Container.findComponentAtImpl(IIZ)Ljava/awt/Component; @ 24 c2
Event: 4.344 Thread 0x000001ccfcec3570 DEOPT PACKING pc=0x000001cce73a4034 sp=0x0000006cc58fe890
Event: 4.344 Thread 0x000001ccfcec3570 DEOPT UNPACKING pc=0x000001ccdf5b23a3 sp=0x0000006cc58fe710 mode 2
Event: 6.812 Thread 0x000001ccfcec3570 Uncommon trap: trap_request=0xffffff45 fr.pc=0x000001cce7392e48 relative=0x00000000000022e8
Event: 6.812 Thread 0x000001ccfcec3570 Uncommon trap: reason=unstable_if action=reinterpret pc=0x000001cce7392e48 method=sun.java2d.marlin.MarlinTileGenerator.getAlphaRLE([BII)V @ 1052 c2
Event: 6.812 Thread 0x000001ccfcec3570 DEOPT PACKING pc=0x000001cce7392e48 sp=0x0000006cc58fd220
Event: 6.812 Thread 0x000001ccfcec3570 DEOPT UNPACKING pc=0x000001ccdf5b23a3 sp=0x0000006cc58fd0b0 mode 2
Event: 6.812 Thread 0x000001ccfcec3570 Uncommon trap: trap_request=0xffffff45 fr.pc=0x000001cce73564b4 relative=0x0000000000001014
Event: 6.812 Thread 0x000001ccfcec3570 Uncommon trap: reason=unstable_if action=reinterpret pc=0x000001cce73564b4 method=sun.java2d.marlin.MarlinTileGenerator.getAlphaRLE([BII)V @ 1545 c2
Event: 6.812 Thread 0x000001ccfcec3570 DEOPT PACKING pc=0x000001cce73564b4 sp=0x0000006cc58fd280
Event: 6.812 Thread 0x000001ccfcec3570 DEOPT UNPACKING pc=0x000001ccdf5b23a3 sp=0x0000006cc58fd150 mode 2
Event: 6.864 Thread 0x000001ccfcd9f420 Uncommon trap: trap_request=0xffffff45 fr.pc=0x000001cce739e35c relative=0x00000000000001bc
Event: 6.864 Thread 0x000001ccfcd9f420 Uncommon trap: reason=unstable_if action=reinterpret pc=0x000001cce739e35c method=java.util.concurrent.locks.AbstractQueuedSynchronizer.signalNext(Ljava/util/concurrent/locks/AbstractQueuedSynchronizer$Node;)V @ 17 c2
Event: 6.864 Thread 0x000001ccfcd9f420 DEOPT PACKING pc=0x000001cce739e35c sp=0x0000006cc56fe190
Event: 6.864 Thread 0x000001ccfcd9f420 DEOPT UNPACKING pc=0x000001ccdf5b23a3 sp=0x0000006cc56fe088 mode 2

Classes unloaded (0 events):
No events

Classes redefined (0 events):
No events

Internal exceptions (20 events):
Event: 2.798 Thread 0x000001ccfcec3570 Exception <a 'java/lang/ClassNotFoundException'{0x000000070a946bc8}: javax/swing/JButtonCustomizer> (0x000000070a946bc8) 
thrown [t:\workspace\open\src\hotspot\share\classfile\systemDictionary.cpp, line 256]
Event: 2.856 Thread 0x000001ccfcec3570 Exception <a 'java/lang/NoSuchMethodError'{0x00000007038fdeb8}: 'void java.lang.invoke.DirectMethodHandle$Holder.invokeSpecial(java.lang.Object, java.lang.Object, java.lang.Object, java.lang.Object, java.lang.Object)'> (0x00000007038fdeb8) 
thrown [t:\workspace\open\src\hotspot\share\interpreter\linkResolver.cpp, line 766]
Event: 2.922 Thread 0x000001ccfcec3570 Exception <a 'java/lang/ClassNotFoundException'{0x0000000703986780}: java/lang/ObjectCustomizer> (0x0000000703986780) 
thrown [t:\workspace\open\src\hotspot\share\classfile\systemDictionary.cpp, line 256]
Event: 2.923 Thread 0x000001ccfcec3570 Exception <a 'java/lang/ClassNotFoundException'{0x000000070398b0d0}: java/awt/ComponentCustomizer> (0x000000070398b0d0) 
thrown [t:\workspace\open\src\hotspot\share\classfile\systemDictionary.cpp, line 256]
Event: 2.924 Thread 0x000001ccfcec3570 Exception <a 'java/lang/ClassNotFoundException'{0x00000007039f4390}: java/awt/ContainerCustomizer> (0x00000007039f4390) 
thrown [t:\workspace\open\src\hotspot\share\classfile\systemDictionary.cpp, line 256]
Event: 2.925 Thread 0x000001ccfcec3570 Exception <a 'java/lang/ClassNotFoundException'{0x0000000703721470}: javax/swing/JComponentCustomizer> (0x0000000703721470) 
thrown [t:\workspace\open\src\hotspot\share\classfile\systemDictionary.cpp, line 256]
Event: 2.927 Thread 0x000001ccfcec3570 Exception <a 'java/lang/ClassNotFoundException'{0x00000007037838a0}: javax/swing/AbstractButtonCustomizer> (0x00000007037838a0) 
thrown [t:\workspace\open\src\hotspot\share\classfile\systemDictionary.cpp, line 256]
Event: 2.928 Thread 0x000001ccfcec3570 Exception <a 'java/lang/ClassNotFoundException'{0x00000007037bf980}: javax/swing/JMenuItemCustomizer> (0x00000007037bf980) 
thrown [t:\workspace\open\src\hotspot\share\classfile\systemDictionary.cpp, line 256]
Event: 2.929 Thread 0x000001ccfcec3570 Exception <a 'java/lang/ClassNotFoundException'{0x00000007037e5808}: java/lang/ObjectCustomizer> (0x00000007037e5808) 
thrown [t:\workspace\open\src\hotspot\share\classfile\systemDictionary.cpp, line 256]
Event: 2.929 Thread 0x000001ccfcec3570 Exception <a 'java/lang/ClassNotFoundException'{0x00000007037ea158}: java/awt/ComponentCustomizer> (0x00000007037ea158) 
thrown [t:\workspace\open\src\hotspot\share\classfile\systemDictionary.cpp, line 256]
Event: 2.930 Thread 0x000001ccfcec3570 Exception <a 'java/lang/ClassNotFoundException'{0x00000007034539e8}: java/awt/ContainerCustomizer> (0x00000007034539e8) 
thrown [t:\workspace\open\src\hotspot\share\classfile\systemDictionary.cpp, line 256]
Event: 2.931 Thread 0x000001ccfcec3570 Exception <a 'java/lang/ClassNotFoundException'{0x0000000703489ab8}: javax/swing/JComponentCustomizer> (0x0000000703489ab8) 
thrown [t:\workspace\open\src\hotspot\share\classfile\systemDictionary.cpp, line 256]
Event: 2.932 Thread 0x000001ccfcec3570 Exception <a 'java/lang/ClassNotFoundException'{0x00000007034ebd38}: javax/swing/AbstractButtonCustomizer> (0x00000007034ebd38) 
thrown [t:\workspace\open\src\hotspot\share\classfile\systemDictionary.cpp, line 256]
Event: 2.933 Thread 0x000001ccfcec3570 Exception <a 'java/lang/ClassNotFoundException'{0x0000000703528070}: javax/swing/JMenuItemCustomizer> (0x0000000703528070) 
thrown [t:\workspace\open\src\hotspot\share\classfile\systemDictionary.cpp, line 256]
Event: 3.278 Thread 0x000001ccfcec3570 Implicit null exception at 0x000001cce734bf4b to 0x000001cce734c50e
Event: 3.278 Thread 0x000001ccfcec3570 Implicit null exception at 0x000001cce734bf4b to 0x000001cce734c50e
Event: 3.278 Thread 0x000001ccfcec3570 Implicit null exception at 0x000001cce734bf4b to 0x000001cce734c50e
Event: 3.280 Thread 0x000001ccfcec3570 Implicit null exception at 0x000001cce734bf4b to 0x000001cce734c50e
Event: 3.280 Thread 0x000001ccfcec3570 Implicit null exception at 0x000001cce7334aa8 to 0x000001cce7335178
Event: 3.280 Thread 0x000001ccfcec3570 Implicit null exception at 0x000001cce7334aa8 to 0x000001cce7335178

VM Operations (20 events):
Event: 2.962 Executing VM operation: HandshakeAllThreads
Event: 2.962 Executing VM operation: HandshakeAllThreads done
Event: 3.024 Executing VM operation: HandshakeAllThreads
Event: 3.024 Executing VM operation: HandshakeAllThreads done
Event: 3.068 Executing VM operation: ICBufferFull
Event: 3.068 Executing VM operation: ICBufferFull done
Event: 3.078 Executing VM operation: HandshakeAllThreads
Event: 3.078 Executing VM operation: HandshakeAllThreads done
Event: 3.232 Executing VM operation: ICBufferFull
Event: 3.232 Executing VM operation: ICBufferFull done
Event: 3.961 Executing VM operation: ICBufferFull
Event: 3.961 Executing VM operation: ICBufferFull done
Event: 4.964 Executing VM operation: Cleanup
Event: 4.964 Executing VM operation: Cleanup done
Event: 5.970 Executing VM operation: Cleanup
Event: 5.971 Executing VM operation: Cleanup done
Event: 6.789 Executing VM operation: HandshakeAllThreads
Event: 6.789 Executing VM operation: HandshakeAllThreads done
Event: 6.793 Executing VM operation: HandshakeAllThreads
Event: 6.793 Executing VM operation: HandshakeAllThreads done

Events (20 events):
Event: 6.794 loading class sun/awt/KeyboardFocusManagerPeerImpl$KfmAccessor
Event: 6.794 loading class sun/awt/KeyboardFocusManagerPeerImpl$KfmAccessor done
Event: 6.795 loading class java/awt/KeyboardFocusManager$HeavyweightFocusRequest
Event: 6.795 loading class java/awt/KeyboardFocusManager$HeavyweightFocusRequest done
Event: 6.795 loading class java/awt/DefaultKeyboardFocusManager$TypeAheadMarker
Event: 6.795 loading class java/awt/DefaultKeyboardFocusManager$TypeAheadMarker done
Event: 6.795 loading class java/awt/KeyboardFocusManager$LightweightFocusRequest
Event: 6.795 loading class java/awt/KeyboardFocusManager$LightweightFocusRequest done
Event: 6.796 loading class java/awt/KeyboardFocusManager$4
Event: 6.797 loading class java/awt/KeyboardFocusManager$4 done
Event: 6.797 loading class java/awt/KeyboardFocusManager$3
Event: 6.797 loading class java/awt/KeyboardFocusManager$3 done
Event: 6.802 loading class sun/awt/im/CompositionAreaHandler
Event: 6.802 loading class sun/awt/im/CompositionAreaHandler done
Event: 6.802 loading class java/text/AttributedString
Event: 6.802 loading class java/text/AttributedString done
Event: 6.802 loading class java/text/AttributedString$AttributedStringIterator
Event: 6.802 loading class java/text/AttributedCharacterIterator
Event: 6.802 loading class java/text/AttributedCharacterIterator done
Event: 6.803 loading class java/text/AttributedString$AttributedStringIterator done


Dynamic libraries:
0x00007ff633e00000 - 0x00007ff633e10000 	C:\Program Files\Java\jdk-17.0.1\bin\java.exe
0x00007ff8d92a0000 - 0x00007ff8d94a7000 	C:\Windows\SYSTEM32\ntdll.dll
0x00007ff8d7330000 - 0x00007ff8d73ed000 	C:\Windows\System32\KERNEL32.DLL
0x00007ff8d6db0000 - 0x00007ff8d7124000 	C:\Windows\System32\KERNELBASE.dll
0x00007ff8d69e0000 - 0x00007ff8d6af1000 	C:\Windows\System32\ucrtbase.dll
0x00007ff8bce80000 - 0x00007ff8bce98000 	C:\Program Files\Java\jdk-17.0.1\bin\jli.dll
0x00007ff8bce60000 - 0x00007ff8bce7a000 	C:\Program Files\Java\jdk-17.0.1\bin\VCRUNTIME140.dll
0x00007ff8d8020000 - 0x00007ff8d80cc000 	C:\Windows\System32\ADVAPI32.dll
0x00007ff8d8df0000 - 0x00007ff8d8e93000 	C:\Windows\System32\msvcrt.dll
0x00007ff8d8450000 - 0x00007ff8d84ed000 	C:\Windows\System32\sechost.dll
0x00007ff8d71b0000 - 0x00007ff8d72d1000 	C:\Windows\System32\RPCRT4.dll
0x00007ff8d8290000 - 0x00007ff8d843c000 	C:\Windows\System32\USER32.dll
0x00007ff8ccd90000 - 0x00007ff8cd035000 	C:\Windows\WinSxS\amd64_microsoft.windows.common-controls_6595b64144ccf1df_6.0.22000.120_none_9d947278b86cc467\COMCTL32.dll
0x00007ff8d68f0000 - 0x00007ff8d6916000 	C:\Windows\System32\win32u.dll
0x00007ff8d7300000 - 0x00007ff8d7329000 	C:\Windows\System32\GDI32.dll
0x00007ff8d6b80000 - 0x00007ff8d6c92000 	C:\Windows\System32\gdi32full.dll
0x00007ff8d6d10000 - 0x00007ff8d6dad000 	C:\Windows\System32\msvcp_win.dll
0x00007ff8ceda0000 - 0x00007ff8cedaa000 	C:\Windows\SYSTEM32\VERSION.dll
0x00007ff8d8250000 - 0x00007ff8d8281000 	C:\Windows\System32\IMM32.DLL
0x00007ff8cc110000 - 0x00007ff8cc11c000 	C:\Program Files\Java\jdk-17.0.1\bin\vcruntime140_1.dll
0x00007ff8bbe80000 - 0x00007ff8bbf0d000 	C:\Program Files\Java\jdk-17.0.1\bin\msvcp140.dll
0x00007ff8904c0000 - 0x00007ff89107e000 	C:\Program Files\Java\jdk-17.0.1\bin\server\jvm.dll
0x00007ff8d8440000 - 0x00007ff8d8448000 	C:\Windows\System32\PSAPI.DLL
0x00007ff8cebf0000 - 0x00007ff8cec23000 	C:\Windows\SYSTEM32\WINMM.dll
0x00007ff8c83c0000 - 0x00007ff8c83c9000 	C:\Windows\SYSTEM32\WSOCK32.dll
0x00007ff8d8eb0000 - 0x00007ff8d8f1f000 	C:\Windows\System32\WS2_32.dll
0x00007ff8d5990000 - 0x00007ff8d59a8000 	C:\Windows\SYSTEM32\kernel.appcore.dll
0x00007ff8c8320000 - 0x00007ff8c832a000 	C:\Program Files\Java\jdk-17.0.1\bin\jimage.dll
0x00007ff8c7d50000 - 0x00007ff8c7f71000 	C:\Windows\SYSTEM32\DBGHELP.DLL
0x00007ff8c7d10000 - 0x00007ff8c7d41000 	C:\Windows\SYSTEM32\dbgcore.DLL
0x00007ff8d6b00000 - 0x00007ff8d6b80000 	C:\Windows\System32\bcryptPrimitives.dll
0x00007ff8d5bb0000 - 0x00007ff8d5bf0000 	C:\Windows\SYSTEM32\SspiCli.dll
0x00007ff8bce30000 - 0x00007ff8bce55000 	C:\Program Files\Java\jdk-17.0.1\bin\java.dll
0x00007ff8b19c0000 - 0x00007ff8b1a96000 	C:\Program Files\Java\jdk-17.0.1\bin\svml.dll
0x00007ff8d8510000 - 0x00007ff8d8cba000 	C:\Windows\System32\SHELL32.dll
0x00007ff8d4930000 - 0x00007ff8d5192000 	C:\Windows\SYSTEM32\windows.storage.dll
0x00007ff8d73f0000 - 0x00007ff8d7768000 	C:\Windows\System32\combase.dll
0x00007ff8d47c0000 - 0x00007ff8d4926000 	C:\Windows\SYSTEM32\wintypes.dll
0x00007ff8d80d0000 - 0x00007ff8d81ba000 	C:\Windows\System32\SHCORE.dll
0x00007ff8d91a0000 - 0x00007ff8d91fd000 	C:\Windows\System32\shlwapi.dll
0x00007ff8d66b0000 - 0x00007ff8d66d1000 	C:\Windows\SYSTEM32\profapi.dll
0x00007ff8bce10000 - 0x00007ff8bce29000 	C:\Program Files\Java\jdk-17.0.1\bin\net.dll
0x00007ff8d1ca0000 - 0x00007ff8d1dac000 	C:\Windows\SYSTEM32\WINHTTP.dll
0x00007ff8d5da0000 - 0x00007ff8d5e07000 	C:\Windows\system32\mswsock.dll
0x00007ff8bcdf0000 - 0x00007ff8bce05000 	C:\Program Files\Java\jdk-17.0.1\bin\nio.dll
0x00007ff8bc4e0000 - 0x00007ff8bc4f8000 	C:\Program Files\Java\jdk-17.0.1\bin\zip.dll
0x00007ff89f9c0000 - 0x00007ff89fb4f000 	C:\Program Files\Java\jdk-17.0.1\bin\awt.dll
0x00007ff8d8f20000 - 0x00007ff8d8ff6000 	C:\Windows\System32\OLEAUT32.dll
0x00007ff8d3d50000 - 0x00007ff8d3de1000 	C:\Windows\SYSTEM32\apphelp.dll
0x00007ff8c6770000 - 0x00007ff8c6779000 	C:\Program Files\Java\jdk-17.0.1\bin\prefs.dll
0x00007ff8d3e40000 - 0x00007ff8d3eec000 	C:\Windows\system32\uxtheme.dll
0x00007ff8d8cd0000 - 0x00007ff8d8dee000 	C:\Windows\System32\MSCTF.dll
0x00007ff8d9000000 - 0x00007ff8d919a000 	C:\Windows\System32\ole32.dll
0x00007ff8d44c0000 - 0x00007ff8d44ef000 	C:\Windows\system32\DWMAPI.DLL
0x00007ff8bbd60000 - 0x00007ff8bbde9000 	C:\Program Files\Java\jdk-17.0.1\bin\freetype.dll
0x00007ff8b25a0000 - 0x00007ff8b2648000 	C:\Program Files\Java\jdk-17.0.1\bin\fontmanager.dll
0x00007ff8a1aa0000 - 0x00007ff8a1ba1000 	C:\Windows\system32\opengl32.dll
0x00007ff8bc3d0000 - 0x00007ff8bc3fd000 	C:\Windows\SYSTEM32\GLU32.dll
0x00007ff8d40f0000 - 0x00007ff8d4128000 	C:\Windows\SYSTEM32\dxcore.dll
0x00007ff8b2f20000 - 0x00007ff8b30c6000 	C:\Windows\system32\d3d9.dll
0x00007ff8cd040000 - 0x00007ff8cd12b000 	C:\Windows\System32\DriverStore\FileRepository\nv_dispi.inf_amd64_c1a085cc86772d3f\nvldumdx.dll
0x00007ff8d6780000 - 0x00007ff8d68e2000 	C:\Windows\System32\crypt32.dll
0x00007ff8d6ca0000 - 0x00007ff8d6d06000 	C:\Windows\System32\WINTRUST.DLL
0x00007ff8d6040000 - 0x00007ff8d6052000 	C:\Windows\SYSTEM32\MSASN1.dll
0x00007ff8d72e0000 - 0x00007ff8d72ff000 	C:\Windows\System32\imagehlp.dll
0x00007ff8d5fe0000 - 0x00007ff8d5ff8000 	C:\Windows\SYSTEM32\CRYPTSP.dll
0x00007ff8d58f0000 - 0x00007ff8d5925000 	C:\Windows\system32\rsaenh.dll
0x00007ff8d6000000 - 0x00007ff8d600c000 	C:\Windows\SYSTEM32\CRYPTBASE.dll
0x00007ff8d6160000 - 0x00007ff8d6187000 	C:\Windows\SYSTEM32\bcrypt.dll
0x00007ff88f2b0000 - 0x00007ff8904bd000 	C:\Windows\System32\DriverStore\FileRepository\nv_dispi.inf_amd64_c1a085cc86772d3f\nvd3dumx.dll
0x00007ff8d1c10000 - 0x00007ff8d1c54000 	C:\Windows\SYSTEM32\directxdatabasehelper.dll
0x00007ff8d4170000 - 0x00007ff8d41a4000 	C:\Windows\SYSTEM32\ntmarta.dll
0x00007ff8d51b0000 - 0x00007ff8d51fd000 	C:\Windows\system32\powrprof.dll
0x00007ff8d52a0000 - 0x00007ff8d52b3000 	C:\Windows\SYSTEM32\UMPDC.dll
0x00007ff8d78d0000 - 0x00007ff8d797f000 	C:\Windows\System32\clbcatq.dll
0x00007ff8cf7a0000 - 0x00007ff8cf94e000 	C:\Windows\SYSTEM32\WindowsCodecs.dll
0x00007ff8ba450000 - 0x00007ff8ba4ad000 	C:\Windows\system32\dataexchange.dll
0x00007ff8ce260000 - 0x00007ff8ce4c6000 	C:\Windows\system32\twinapi.appcore.dll
0x00007ff8ceb30000 - 0x00007ff8cebe2000 	C:\Windows\WinSxS\amd64_microsoft.windows.common-controls_6595b64144ccf1df_5.82.22000.1_none_271a8fad6a2d1b1e\comctl32.dll
0x00007ff8d2a60000 - 0x00007ff8d2b57000 	C:\Windows\SYSTEM32\PROPSYS.dll
0x00007ff8ba4c0000 - 0x00007ff8ba4d8000 	C:\Windows\system32\NetworkExplorer.dll
0x00007ff8d6480000 - 0x00007ff8d64cc000 	C:\Windows\SYSTEM32\CFGMGR32.dll
0x00007ff8c6f70000 - 0x00007ff8c6f8d000 	C:\Windows\SYSTEM32\MPR.dll
0x00007ff8bc3a0000 - 0x00007ff8bc3cc000 	C:\Windows\System32\p9np.dll
0x00007ff8c65a0000 - 0x00007ff8c65ac000 	C:\Windows\System32\drprov.dll
0x00007ff8bc240000 - 0x00007ff8bc260000 	C:\Windows\System32\ntlanman.dll
0x00007ff8bbe60000 - 0x00007ff8bbe7e000 	C:\Windows\System32\davclnt.dll
0x00007ff8d5450000 - 0x00007ff8d54b3000 	C:\Windows\System32\WINSTA.dll
0x00007ff8d0e20000 - 0x00007ff8d0e37000 	C:\Windows\System32\wkscli.dll
0x00007ff8bf330000 - 0x00007ff8bf342000 	C:\Windows\SYSTEM32\cscapi.dll
0x00007ff8d54c0000 - 0x00007ff8d54cc000 	C:\Windows\System32\netutils.dll
0x00007ff8b6d20000 - 0x00007ff8b6d77000 	C:\Windows\System32\dlnashext.dll
0x00007ff8b24c0000 - 0x00007ff8b252e000 	C:\Windows\System32\PlayToDevice.dll
0x00007ff8b8b10000 - 0x00007ff8b8b31000 	C:\Windows\System32\DevDispItemProvider.dll
0x00007ff8ce750000 - 0x00007ff8ce7ec000 	C:\Windows\System32\MMDevApi.dll
0x00007ff8d6450000 - 0x00007ff8d647c000 	C:\Windows\System32\DEVOBJ.dll
0x00007ff8bb800000 - 0x00007ff8bb8a2000 	C:\Windows\system32\wpdshext.dll
0x00007ff8ce970000 - 0x00007ff8ceb23000 	C:\Windows\WinSxS\amd64_microsoft.windows.gdiplus_6595b64144ccf1df_1.1.22000.282_none_ce81670012fd6ff0\gdiplus.dll
0x00007ff8b8780000 - 0x00007ff8b881e000 	C:\Windows\System32\PortableDeviceApi.dll
0x00007ff8d7bb0000 - 0x00007ff8d801b000 	C:\Windows\System32\SETUPAPI.dll
0x00007ff8ced60000 - 0x00007ff8ced91000 	C:\Windows\System32\PortableDeviceTypes.dll
0x00007ff8d2000000 - 0x00007ff8d2037000 	C:\Windows\System32\EhStorShell.dll
0x00007ff8bbe30000 - 0x00007ff8bbe55000 	C:\Windows\System32\EhStorAPI.dll
0x00007ff8d2c40000 - 0x00007ff8d2c54000 	C:\Windows\System32\WTSAPI32.dll
0x00007ff8c6c80000 - 0x00007ff8c6c8d000 	C:\Windows\SYSTEM32\LINKINFO.dll
0x0000000071100000 - 0x0000000071125000 	C:\Users\Woota\.jssc\windows\jSSC-2.8_x86_64.dll
0x00007ff8c24e0000 - 0x00007ff8c260d000 	C:\Windows\SYSTEM32\textinputframework.dll
0x00007ff8d3900000 - 0x00007ff8d3a32000 	C:\Windows\SYSTEM32\CoreMessaging.dll
0x00007ff8d1090000 - 0x00007ff8d13fd000 	C:\Windows\SYSTEM32\CoreUIComponents.dll

dbghelp: loaded successfully - version: 4.0.5 - missing functions: none
symbol engine: initialized successfully - sym options: 0x614 - pdb path: .;C:\Program Files\Java\jdk-17.0.1\bin;C:\Windows\SYSTEM32;C:\Windows\WinSxS\amd64_microsoft.windows.common-controls_6595b64144ccf1df_6.0.22000.120_none_9d947278b86cc467;C:\Program Files\Java\jdk-17.0.1\bin\server;C:\Windows\System32\DriverStore\FileRepository\nv_dispi.inf_amd64_c1a085cc86772d3f;C:\Windows\WinSxS\amd64_microsoft.windows.common-controls_6595b64144ccf1df_5.82.22000.1_none_271a8fad6a2d1b1e;C:\Windows\WinSxS\amd64_microsoft.windows.gdiplus_6595b64144ccf1df_1.1.22000.282_none_ce81670012fd6ff0;C:\Users\Woota\.jssc\windows

VM Arguments:
java_command: ESPlorer.jar
java_class_path (initial): ESPlorer.jar
Launcher Type: SUN_STANDARD

[Global flags]
     intx CICompilerCount                          = 12                                        {product} {ergonomic}
     uint ConcGCThreads                            = 3                                         {product} {ergonomic}
     uint G1ConcRefinementThreads                  = 13                                        {product} {ergonomic}
   size_t G1HeapRegionSize                         = 2097152                                   {product} {ergonomic}
    uintx GCDrainStackTargetSize                   = 64                                        {product} {ergonomic}
   size_t InitialHeapSize                          = 268435456                                 {product} {ergonomic}
   size_t MarkStackSize                            = 4194304                                   {product} {ergonomic}
   size_t MaxHeapSize                              = 4276092928                                {product} {ergonomic}
   size_t MaxNewSize                               = 2564816896                                {product} {ergonomic}
   size_t MinHeapDeltaBytes                        = 2097152                                   {product} {ergonomic}
   size_t MinHeapSize                              = 8388608                                   {product} {ergonomic}
    uintx NonNMethodCodeHeapSize                   = 7602480                                {pd product} {ergonomic}
    uintx NonProfiledCodeHeapSize                  = 122027880                              {pd product} {ergonomic}
    uintx ProfiledCodeHeapSize                     = 122027880                              {pd product} {ergonomic}
    uintx ReservedCodeCacheSize                    = 251658240                              {pd product} {ergonomic}
     bool SegmentedCodeCache                       = true                                      {product} {ergonomic}
   size_t SoftMaxHeapSize                          = 4276092928                             {manageable} {ergonomic}
     bool UseCompressedClassPointers               = true                           {product lp64_product} {ergonomic}
     bool UseCompressedOops                        = true                           {product lp64_product} {ergonomic}
     bool UseG1GC                                  = true                                      {product} {ergonomic}
     bool UseLargePagesIndividualAllocation        = false                                  {pd product} {ergonomic}

Logging:
Log output configuration:
 #0: stdout all=warning uptime,level,tags
 #1: stderr all=off uptime,level,tags

Environment Variables:
PATH=C:\Program Files\Common Files\Oracle\Java\javapath;C:\Program Files (x86)\Common Files\Oracle\Java\javapath;C:\Windows\system32;C:\Windows;C:\Windows\System32\Wbem;C:\Windows\System32\WindowsPowerShell\v1.0\;C:\Windows\System32\OpenSSH\;C:\Users\Woota\AppData\Local\Programs\Python\Python310\Scripts\;C:\Users\Woota\AppData\Local\Programs\Python\Python310\;C:\Users\Woota\AppData\Local\Microsoft\WindowsApps
OS=Windows_NT
PROCESSOR_IDENTIFIER=Intel64 Family 6 Model 45 Stepping 7, GenuineIntel



---------------  S Y S T E M  ---------------

OS:
 Windows 10 , 64 bit Build 22000 (10.0.22000.282)
OS uptime: 0 days 4:04 hours

CPU: total 16 (initial active 16) (8 cores per cpu, 2 threads per core) family 6 model 45 stepping 7 microcode 0x71a, cx8, cmov, fxsr, ht, mmx, sse, sse2, sse3, ssse3, sse4.1, sse4.2, popcnt, tsc, tscinvbit, avx, aes, clmul, vzeroupper, clflush

Memory: 4k page, system-wide physical 16310M (10189M free)
TotalPageFile size 19254M (AvailPageFile size 12342M)
current process WorkingSet (physical memory assigned to process): 144M, peak: 321M
current process commit charge ("private bytes"): 232M, peak: 542M

vm_info: Java HotSpot(TM) 64-Bit Server VM (17.0.1+12-LTS-39) for windows-amd64 JRE (17.0.1+12-LTS-39), built on Sep 27 2021 18:41:35 by "mach5one" with MS VC++ 16.8 (VS2019)

END.
