#
# A fatal error has been detected by the Java Runtime Environment:
#
#  EXCEPTION_ACCESS_VIOLATION (0xc0000005) at pc=0x000000007110b5db, pid=11340, tid=8168
#
# JRE version: Java(TM) SE Runtime Environment (17.0.1+12) (build 17.0.1+12-LTS-39)
# Java VM: Java HotSpot(TM) 64-Bit Server VM (17.0.1+12-LTS-39, mixed mode, sharing, tiered, compressed oops, compressed class ptrs, g1 gc, windows-amd64)
# Problematic frame:
# C  [jSSC-2.8_x86_64.dll+0xb5db]
#
# No core dump will be written. Minidumps are not enabled by default on client versions of Windows
#
# If you would like to submit a bug report, please visit:
#   https://bugreport.java.com/bugreport/crash.jsp
# The crash happened outside the Java Virtual Machine in native code.
# See problematic frame for where to report the bug.
#

---------------  S U M M A R Y ------------

Command Line: ESPlorer.jar

Host: Intel(R) Xeon(R) CPU E5-2690 0 @ 2.90GHz, 16 cores, 15G,  Windows 10 , 64 bit Build 22000 (10.0.22000.282)
Time: Fri Dec 31 04:59:49 2021 RTZ 2 (s 10 , 64 bit Build 22000 (10.0.22000.282) elapsed time: 41.366507 seconds (0d 0h 0m 41s)

---------------  T H R E A D  ---------------

Current thread (0x0000021a4d0d3540):  JavaThread "AWT-EventQueue-0" [_thread_in_native, id=8168, stack(0x0000002301e00000,0x0000002301f00000)]

Stack: [0x0000002301e00000,0x0000002301f00000],  sp=0x0000002301efe6b0,  free space=1017k
Native frames: (J=compiled Java code, j=interpreted, Vv=VM code, C=native code)
C  [jSSC-2.8_x86_64.dll+0xb5db]

Java frames: (J=compiled Java code, j=interpreted, Vv=VM code)
j  jssc.SerialNativeInterface.openPort(Ljava/lang/String;Z)J+0
j  jssc.SerialPort.openPort()Z+65
j  ESPlorer.ESPlorer.portOpen()Z+108
j  ESPlorer.ESPlorer.OpenActionPerformed(Ljava/awt/event/ActionEvent;)V+160
j  ESPlorer.ESPlorer.access$27300(LESPlorer/ESPlorer;Ljava/awt/event/ActionEvent;)V+2
j  ESPlorer.ESPlorer$271.actionPerformed(Ljava/awt/event/ActionEvent;)V+5
j  javax.swing.AbstractButton.fireActionPerformed(Ljava/awt/event/ActionEvent;)V+84 java.desktop@17.0.1
j  javax.swing.AbstractButton$Handler.actionPerformed(Ljava/awt/event/ActionEvent;)V+5 java.desktop@17.0.1
j  javax.swing.DefaultButtonModel.fireActionPerformed(Ljava/awt/event/ActionEvent;)V+34 java.desktop@17.0.1
j  javax.swing.JToggleButton$ToggleButtonModel.setPressed(Z)V+148 java.desktop@17.0.1
j  javax.swing.plaf.basic.BasicButtonListener.mouseReleased(Ljava/awt/event/MouseEvent;)V+35 java.desktop@17.0.1
j  java.awt.AWTEventMulticaster.mouseReleased(Ljava/awt/event/MouseEvent;)V+8 java.desktop@17.0.1
j  java.awt.Component.processMouseEvent(Ljava/awt/event/MouseEvent;)V+64 java.desktop@17.0.1
j  javax.swing.JComponent.processMouseEvent(Ljava/awt/event/MouseEvent;)V+23 java.desktop@17.0.1
J 4769 c1 java.awt.Component.processEvent(Ljava/awt/AWTEvent;)V java.desktop@17.0.1 (220 bytes) @ 0x0000021a3120493c [0x0000021a31204300+0x000000000000063c]
J 4645 c1 java.awt.Container.processEvent(Ljava/awt/AWTEvent;)V java.desktop@17.0.1 (22 bytes) @ 0x0000021a311a7a2c [0x0000021a311a76e0+0x000000000000034c]
J 4751 c1 java.awt.Component.dispatchEventImpl(Ljava/awt/AWTEvent;)V java.desktop@17.0.1 (777 bytes) @ 0x0000021a311f220c [0x0000021a311ee660+0x0000000000003bac]
J 6046 c2 java.awt.Container.dispatchEventImpl(Ljava/awt/AWTEvent;)V java.desktop@17.0.1 (129 bytes) @ 0x0000021a37eff838 [0x0000021a37eff7e0+0x0000000000000058]
J 6040 c2 java.awt.LightweightDispatcher.retargetMouseEvent(Ljava/awt/Component;ILjava/awt/event/MouseEvent;)V java.desktop@17.0.1 (372 bytes) @ 0x0000021a37f589a8 [0x0000021a37f584a0+0x0000000000000508]
J 6046 c2 java.awt.Container.dispatchEventImpl(Ljava/awt/AWTEvent;)V java.desktop@17.0.1 (129 bytes) @ 0x0000021a37f00b64 [0x0000021a37eff7e0+0x0000000000001384]
J 4781 c1 java.awt.Window.dispatchEventImpl(Ljava/awt/AWTEvent;)V java.desktop@17.0.1 (23 bytes) @ 0x0000021a31228514 [0x0000021a31227f00+0x0000000000000614]
J 6012 c2 java.awt.EventQueue.dispatchEventImpl(Ljava/awt/AWTEvent;Ljava/lang/Object;)V java.desktop@17.0.1 (136 bytes) @ 0x0000021a37cfe390 [0x0000021a37cfdfc0+0x00000000000003d0]
J 6081 c2 java.awt.EventQueue$4.run()Ljava/lang/Object; java.desktop@17.0.1 (5 bytes) @ 0x0000021a37f889f8 [0x0000021a37f889a0+0x0000000000000058]
J 6010 c2 java.awt.EventQueue.dispatchEvent(Ljava/awt/AWTEvent;)V java.desktop@17.0.1 (80 bytes) @ 0x0000021a37d2b910 [0x0000021a37d2b1e0+0x0000000000000730]
J 6041 c2 java.awt.EventDispatchThread.pumpOneEventForFilters(I)V java.desktop@17.0.1 (113 bytes) @ 0x0000021a37cd6398 [0x0000021a37cd5ee0+0x00000000000004b8]
j  java.awt.EventDispatchThread.pumpEventsForFilter(ILjava/awt/Conditional;Ljava/awt/EventFilter;)V+35 java.desktop@17.0.1
j  java.awt.EventDispatchThread.pumpEventsForHierarchy(ILjava/awt/Conditional;Ljava/awt/Component;)V+11 java.desktop@17.0.1
j  java.awt.EventDispatchThread.pumpEvents(ILjava/awt/Conditional;)V+4 java.desktop@17.0.1
j  java.awt.EventDispatchThread.pumpEvents(Ljava/awt/Conditional;)V+3 java.desktop@17.0.1
j  java.awt.EventDispatchThread.run()V+9 java.desktop@17.0.1
v  ~StubRoutines::call_stub

siginfo: EXCEPTION_ACCESS_VIOLATION (0xc0000005), reading address 0x00000000268fe33a


Register to memory mapping:

RIP=0x000000007110b5db jSSC-2.8_x86_64.dll
RAX=0x00000000268fe33a is an unknown value
RBX=0x0000002301efe720 is pointing into the stack for thread: 0x0000021a4d0d3540
RCX=0x00007ff8d9343544 ntdll.dll
RDX=0x0 is NULL
RSP=0x0000002301efe6b0 is pointing into the stack for thread: 0x0000021a4d0d3540
RBP=0x0000002301efe830 is pointing into the stack for thread: 0x0000021a4d0d3540
RSI=0x0000021a4d0d37e8 points into unknown readable memory: 0x00007ff890f43630 | 30 36 f4 90 f8 7f 00 00
RDI=0x0000000000000ae8 is an unknown value
R8 =0x0000002301efe5a8 is pointing into the stack for thread: 0x0000021a4d0d3540
R9 =0x0000002301efe6a0 is pointing into the stack for thread: 0x0000021a4d0d3540
R10=0x0 is NULL
R11=0x0000000000000246 is an unknown value
R12=0x0000002301efe8e8 is pointing into the stack for thread: 0x0000021a4d0d3540
R13=0x0000021a58f39f80 points into unknown readable memory: 0x00000000344d4f43 | 43 4f 4d 34 00 00 00 00
R14=0x0000002301efe7e0 is pointing into the stack for thread: 0x0000021a4d0d3540
R15=0x0000021a4d0d3540 is a thread


Registers:
RAX=0x00000000268fe33a, RBX=0x0000002301efe720, RCX=0x00007ff8d9343544, RDX=0x0000000000000000
RSP=0x0000002301efe6b0, RBP=0x0000002301efe830, RSI=0x0000021a4d0d37e8, RDI=0x0000000000000ae8
R8 =0x0000002301efe5a8, R9 =0x0000002301efe6a0, R10=0x0000000000000000, R11=0x0000000000000246
R12=0x0000002301efe8e8, R13=0x0000021a58f39f80, R14=0x0000002301efe7e0, R15=0x0000021a4d0d3540
RIP=0x000000007110b5db, EFLAGS=0x0000000000010202

Top of Stack: (sp=0x0000002301efe6b0)
0x0000002301efe6b0:   0000021a554f72d0 0000021a26510000
0x0000002301efe6c0:   000000007110b230 0000021a26670000
0x0000002301efe6d0:   0000002301efe790 0000000000000004
0x0000002301efe6e0:   0000021a4d0d37e8 0000000000000ae8
0x0000002301efe6f0:   0000002301efe830 0000000071112590
0x0000002301efe700:   0000021a4d0d3540 0000002301efe7e0
0x0000002301efe710:   0000021a58f39f80 0000002301efe8e8
0x0000002301efe720:   0000021a58f39f80 00007ff8d92c7551
0x0000002301efe730:   0000021a58f39f70 0000021a26670000
0x0000002301efe740:   0000002301efe830 0000000000000000
0x0000002301efe750:   0000000071113500 0000000071113be8
0x0000002301efe760:   0000002301efe790 0000000071112641
0x0000002301efe770:   0000002301efe700 0000021a4d0d37e8
0x0000002301efe780:   0000000000000000 0000000000000000
0x0000002301efe790:   0000002301efe830 0000000071101595
0x0000002301efe7a0:   000000000000001c 0000021a00000000 

Instructions: (pc=0x000000007110b5db)
0x000000007110b4db:   48 85 c0 74 bf 44 8b 03 45 85 c0 0f 84 77 ff ff
0x000000007110b4eb:   ff eb 9f 66 90 e8 8b fe ff ff 48 89 05 0c 34 01
0x000000007110b4fb:   00 eb ad 66 90 e8 7b fe ff ff 48 89 05 fc 33 01
0x000000007110b50b:   00 eb 8b e8 8d fe ff ff c7 03 01 00 00 00 e9 6f
0x000000007110b51b:   ff ff ff 66 90 55 48 89 e5 56 53 48 83 ec 20 48
0x000000007110b52b:   8b 05 d7 33 01 00 48 8b 31 48 89 cb 48 85 c0 74
0x000000007110b53b:   56 44 8b 18 45 85 db 78 42 48 8b 05 bd 33 01 00
0x000000007110b54b:   48 85 c0 74 50 44 8b 10 45 85 d2 74 1d 48 89 f1
0x000000007110b55b:   e8 d0 fd ff ff 48 8b 13 48 8d 42 40 48 8b 48 08
0x000000007110b56b:   48 8b 6a 40 48 8b 60 10 ff e1 48 8b 05 9c 33 01
0x000000007110b57b:   00 48 85 c0 74 2d 48 89 30 eb da e8 b5 fe ff ff
0x000000007110b58b:   0f 1f 44 00 00 eb b2 e8 e9 fd ff ff 48 89 05 6a
0x000000007110b59b:   33 01 00 eb 9c e8 db fd ff ff 48 89 05 5c 33 01
0x000000007110b5ab:   00 eb a2 e8 3d fd ff ff 48 89 05 5e 33 01 00 eb
0x000000007110b5bb:   c5 0f 1f 40 00 55 57 56 53 48 83 ec 28 48 8b 05
0x000000007110b5cb:   39 33 01 00 48 89 cb 48 85 c0 0f 84 c5 00 00 00
0x000000007110b5db:   8b 38 85 ff 0f 88 ab 00 00 00 48 8b 05 1c 33 01
0x000000007110b5eb:   00 48 85 c0 0f 84 bc 00 00 00 8b 30 85 f6 74 57
0x000000007110b5fb:   48 8b 05 0e 33 01 00 48 85 c0 0f 84 e5 00 00 00
0x000000007110b60b:   8b 28 48 8b 35 10 5e 01 00 ff d6 89 c7 89 e9 ff
0x000000007110b61b:   15 f4 5e 01 00 89 f9 48 89 c5 ff 15 b9 5e 01 00
0x000000007110b62b:   48 8b 05 de 32 01 00 48 89 2b 48 85 c0 74 46 48
0x000000007110b63b:   89 da 8b 08 ff 15 d7 5e 01 00 85 c0 74 27 48 83
0x000000007110b64b:   c4 28 5b 5e 5f 5d c3 48 8b 05 bf 32 01 00 48 85
0x000000007110b65b:   c0 74 64 48 8b 10 48 89 13 48 89 18 48 83 c4 28
0x000000007110b66b:   5b 5e 5f 5d c3 48 89 f2 48 83 c4 28 5b 5e 5f 5d
0x000000007110b67b:   48 ff e2 66 90 e8 8b fc ff ff 48 89 05 84 32 01
0x000000007110b68b:   00 eb ac 66 90 e8 ab fd ff ff e9 4b ff ff ff 66
0x000000007110b69b:   0f 1f 44 00 00 e8 db fc ff ff 48 89 05 5c 32 01
0x000000007110b6ab:   00 e9 2a ff ff ff e8 ca fc ff ff 48 89 05 4b 32
0x000000007110b6bb:   01 00 e9 33 ff ff ff e8 29 fc ff ff 48 89 05 4a
0x000000007110b6cb:   32 01 00 48 8b 10 48 85 c0 48 89 13 75 8b e8 12 


Stack slot to memory mapping:
stack at sp + 0 slots: 0x0000021a554f72d0 points into unknown readable memory: 0x0000021a26517200 | 00 72 51 26 1a 02 00 00
stack at sp + 1 slots: 0x0000021a26510000 points into unknown readable memory: 0x0000000000000000 | 00 00 00 00 00 00 00 00
stack at sp + 2 slots: 0x000000007110b230 jSSC-2.8_x86_64.dll
stack at sp + 3 slots: 0x0000021a26670000 points into unknown readable memory: 0x0000000000000000 | 00 00 00 00 00 00 00 00
stack at sp + 4 slots: 0x0000002301efe790 is pointing into the stack for thread: 0x0000021a4d0d3540
stack at sp + 5 slots: 0x0000000000000004 is an unknown value
stack at sp + 6 slots: 0x0000021a4d0d37e8 points into unknown readable memory: 0x00007ff890f43630 | 30 36 f4 90 f8 7f 00 00
stack at sp + 7 slots: 0x0000000000000ae8 is an unknown value


---------------  P R O C E S S  ---------------

Threads class SMR info:
_java_thread_list=0x0000021a57566f20, length=19, elements={
0x0000021a4c082ae0, 0x0000021a4c083950, 0x0000021a4c0990c0, 0x0000021a4c09aa80,
0x0000021a4c09b430, 0x0000021a4c09cdf0, 0x0000021a4c09eb90, 0x0000021a4c0b1e10,
0x0000021a4c0bb370, 0x0000021a4cd2c820, 0x0000021a4cd2f310, 0x0000021a4cff8b80,
0x0000021a4cff9660, 0x0000021a4d02e430, 0x0000021a4d0d3540, 0x0000021a2676e860,
0x0000021a54f27ca0, 0x0000021a56a1ccf0, 0x0000021a56a1fd10
}

Java Threads: ( => current thread )
  0x0000021a4c082ae0 JavaThread "Reference Handler" daemon [_thread_blocked, id=13424, stack(0x0000002300e00000,0x0000002300f00000)]
  0x0000021a4c083950 JavaThread "Finalizer" daemon [_thread_blocked, id=6100, stack(0x0000002300f00000,0x0000002301000000)]
  0x0000021a4c0990c0 JavaThread "Signal Dispatcher" daemon [_thread_blocked, id=8504, stack(0x0000002301000000,0x0000002301100000)]
  0x0000021a4c09aa80 JavaThread "Attach Listener" daemon [_thread_blocked, id=3816, stack(0x0000002301100000,0x0000002301200000)]
  0x0000021a4c09b430 JavaThread "Service Thread" daemon [_thread_blocked, id=12692, stack(0x0000002301200000,0x0000002301300000)]
  0x0000021a4c09cdf0 JavaThread "Monitor Deflation Thread" daemon [_thread_blocked, id=11680, stack(0x0000002301300000,0x0000002301400000)]
  0x0000021a4c09eb90 JavaThread "C2 CompilerThread0" daemon [_thread_blocked, id=5824, stack(0x0000002301400000,0x0000002301500000)]
  0x0000021a4c0b1e10 JavaThread "C1 CompilerThread0" daemon [_thread_blocked, id=7148, stack(0x0000002301500000,0x0000002301600000)]
  0x0000021a4c0bb370 JavaThread "Sweeper thread" daemon [_thread_blocked, id=10448, stack(0x0000002301600000,0x0000002301700000)]
  0x0000021a4cd2c820 JavaThread "Notification Thread" daemon [_thread_blocked, id=11984, stack(0x0000002301800000,0x0000002301900000)]
  0x0000021a4cd2f310 JavaThread "Common-Cleaner" daemon [_thread_blocked, id=4864, stack(0x0000002301a00000,0x0000002301b00000)]
  0x0000021a4cff8b80 JavaThread "Java2D Disposer" daemon [_thread_blocked, id=11840, stack(0x0000002301b00000,0x0000002301c00000)]
  0x0000021a4cff9660 JavaThread "AWT-Shutdown" [_thread_blocked, id=13320, stack(0x0000002301c00000,0x0000002301d00000)]
  0x0000021a4d02e430 JavaThread "AWT-Windows" daemon [_thread_in_native, id=8152, stack(0x0000002301d00000,0x0000002301e00000)]
=>0x0000021a4d0d3540 JavaThread "AWT-EventQueue-0" [_thread_in_native, id=8168, stack(0x0000002301e00000,0x0000002301f00000)]
  0x0000021a2676e860 JavaThread "DestroyJavaVM" [_thread_blocked, id=3404, stack(0x0000002300700000,0x0000002300800000)]
  0x0000021a54f27ca0 JavaThread "TimerQueue" daemon [_thread_blocked, id=5680, stack(0x0000002302300000,0x0000002302400000)]
  0x0000021a56a1ccf0 JavaThread "Swing-Shell" daemon [_thread_blocked, id=5188, stack(0x0000002303c00000,0x0000002303d00000)]
  0x0000021a56a1fd10 JavaThread "D3D Screen Updater" daemon [_thread_blocked, id=9412, stack(0x0000002302000000,0x0000002302100000)]

Other Threads:
  0x0000021a4c07cee0 VMThread "VM Thread" [stack: 0x0000002300d00000,0x0000002300e00000] [id=8904]
  0x0000021a28956b50 WatcherThread [stack: 0x0000002301900000,0x0000002301a00000] [id=11496]
  0x0000021a2890f1d0 GCTaskThread "GC Thread#0" [stack: 0x0000002300800000,0x0000002300900000] [id=12156]
  0x0000021a56a86f50 GCTaskThread "GC Thread#1" [stack: 0x0000002302600000,0x0000002302700000] [id=14236]
  0x0000021a559cf960 GCTaskThread "GC Thread#2" [stack: 0x0000002302700000,0x0000002302800000] [id=608]
  0x0000021a55d85ae0 GCTaskThread "GC Thread#3" [stack: 0x0000002302800000,0x0000002302900000] [id=9556]
  0x0000021a55d86040 GCTaskThread "GC Thread#4" [stack: 0x0000002302900000,0x0000002302a00000] [id=13416]
  0x0000021a55d86850 GCTaskThread "GC Thread#5" [stack: 0x0000002302a00000,0x0000002302b00000] [id=14228]
  0x0000021a55d85020 GCTaskThread "GC Thread#6" [stack: 0x0000002302b00000,0x0000002302c00000] [id=2196]
  0x0000021a55d85580 GCTaskThread "GC Thread#7" [stack: 0x0000002302c00000,0x0000002302d00000] [id=13756]
  0x0000021a55d85830 GCTaskThread "GC Thread#8" [stack: 0x0000002302d00000,0x0000002302e00000] [id=3244]
  0x0000021a55d85d90 GCTaskThread "GC Thread#9" [stack: 0x0000002302e00000,0x0000002302f00000] [id=12224]
  0x0000021a55d862f0 GCTaskThread "GC Thread#10" [stack: 0x0000002302f00000,0x0000002303000000] [id=8536]
  0x0000021a55d852d0 GCTaskThread "GC Thread#11" [stack: 0x0000002303000000,0x0000002303100000] [id=13452]
  0x0000021a56fcd2f0 GCTaskThread "GC Thread#12" [stack: 0x0000002303300000,0x0000002303400000] [id=4280]
  0x0000021a2891ffe0 ConcurrentGCThread "G1 Main Marker" [stack: 0x0000002300900000,0x0000002300a00000] [id=6628]
  0x0000021a289209f0 ConcurrentGCThread "G1 Conc#0" [stack: 0x0000002300a00000,0x0000002300b00000] [id=8756]
  0x0000021a56fcc580 ConcurrentGCThread "G1 Conc#1" [stack: 0x0000002303500000,0x0000002303600000] [id=1500]
  0x0000021a56fccd90 ConcurrentGCThread "G1 Conc#2" [stack: 0x0000002303700000,0x0000002303800000] [id=8608]
  0x0000021a28992100 ConcurrentGCThread "G1 Refine#0" [stack: 0x0000002300b00000,0x0000002300c00000] [id=13152]
  0x0000021a55dbf2a0 ConcurrentGCThread "G1 Refine#1" [stack: 0x0000002303100000,0x0000002303200000] [id=7932]
  0x0000021a56970ca0 ConcurrentGCThread "G1 Refine#2" [stack: 0x0000002303200000,0x0000002303300000] [id=11640]
  0x0000021a28992b20 ConcurrentGCThread "G1 Service" [stack: 0x0000002300c00000,0x0000002300d00000] [id=11028]

Threads with active compile tasks:

VM state: not at safepoint (normal execution)

VM Mutex/Monitor currently owned by a thread: None

Heap address: 0x0000000701200000, size: 4078 MB, Compressed Oops mode: Zero based, Oop shift amount: 3

CDS archive(s) mapped at: [0x0000000800000000-0x0000000800bc0000-0x0000000800bc0000), size 12320768, SharedBaseAddress: 0x0000000800000000, ArchiveRelocationMode: 0.
Compressed class space mapped at: 0x0000000800c00000-0x0000000840c00000, reserved size: 1073741824
Narrow klass base: 0x0000000800000000, Narrow klass shift: 0, Narrow klass range: 0x100000000

GC Precious Log:
 CPUs: 16 total, 16 available
 Memory: 16310M
 Large Page Support: Disabled
 NUMA Support: Disabled
 Compressed Oops: Enabled (Zero based)
 Heap Region Size: 2M
 Heap Min Capacity: 8M
 Heap Initial Capacity: 256M
 Heap Max Capacity: 4078M
 Pre-touch: Disabled
 Parallel Workers: 13
 Concurrent Workers: 3
 Concurrent Refinement Workers: 13
 Periodic GC: Disabled

Heap:
 garbage-first heap   total 49152K, used 18655K [0x0000000701200000, 0x0000000800000000)
  region size 2048K, 6 young (12288K), 1 survivors (2048K)
 Metaspace       used 23836K, committed 24064K, reserved 1073152K
  class space    used 2630K, committed 2752K, reserved 1048576K

Heap Regions: E=young(eden), S=young(survivor), O=old, HS=humongous(starts), HC=humongous(continues), CS=collection set, F=free, OA=open archive, CA=closed archive, TAMS=top-at-mark-start (previous, next)
|   0|0x0000000701200000, 0x0000000701400000, 0x0000000701400000|100%| O|  |TAMS 0x0000000701400000, 0x0000000701200000| Untracked 
|   1|0x0000000701400000, 0x0000000701600000, 0x0000000701600000|100%| O|  |TAMS 0x0000000701600000, 0x0000000701400000| Untracked 
|   2|0x0000000701600000, 0x0000000701600000, 0x0000000701800000|  0%| F|  |TAMS 0x0000000701600000, 0x0000000701600000| Untracked 
|   3|0x0000000701800000, 0x0000000701a00000, 0x0000000701a00000|100%| O|  |TAMS 0x0000000701800000, 0x0000000701800000| Untracked 
|   4|0x0000000701a00000, 0x0000000701c00000, 0x0000000701c00000|100%| O|  |TAMS 0x0000000701a00000, 0x0000000701a00000| Untracked 
|   5|0x0000000701c00000, 0x0000000701cfda00, 0x0000000701e00000| 49%| O|  |TAMS 0x0000000701c00000, 0x0000000701c00000| Untracked 
|   6|0x0000000701e00000, 0x0000000701e00000, 0x0000000702000000|  0%| F|  |TAMS 0x0000000701e00000, 0x0000000701e00000| Untracked 
|   7|0x0000000702000000, 0x0000000702000000, 0x0000000702200000|  0%| F|  |TAMS 0x0000000702000000, 0x0000000702000000| Untracked 
|   8|0x0000000702200000, 0x0000000702200000, 0x0000000702400000|  0%| F|  |TAMS 0x0000000702200000, 0x0000000702200000| Untracked 
|   9|0x0000000702400000, 0x0000000702400000, 0x0000000702600000|  0%| F|  |TAMS 0x0000000702400000, 0x0000000702400000| Untracked 
|  10|0x0000000702600000, 0x0000000702600000, 0x0000000702800000|  0%| F|  |TAMS 0x0000000702600000, 0x0000000702600000| Untracked 
|  11|0x0000000702800000, 0x000000070293a428, 0x0000000702a00000| 61%| S|CS|TAMS 0x0000000702800000, 0x0000000702800000| Complete 
|  12|0x0000000702a00000, 0x0000000702a00000, 0x0000000702c00000|  0%| F|  |TAMS 0x0000000702a00000, 0x0000000702a00000| Untracked 
|  13|0x0000000702c00000, 0x0000000702c00000, 0x0000000702e00000|  0%| F|  |TAMS 0x0000000702c00000, 0x0000000702c00000| Untracked 
|  14|0x0000000702e00000, 0x0000000702e00000, 0x0000000703000000|  0%| F|  |TAMS 0x0000000702e00000, 0x0000000702e00000| Untracked 
|  15|0x0000000703000000, 0x0000000703000000, 0x0000000703200000|  0%| F|  |TAMS 0x0000000703000000, 0x0000000703000000| Untracked 
|  16|0x0000000703200000, 0x0000000703200000, 0x0000000703400000|  0%| F|  |TAMS 0x0000000703200000, 0x0000000703200000| Untracked 
|  17|0x0000000703400000, 0x0000000703400000, 0x0000000703600000|  0%| F|  |TAMS 0x0000000703400000, 0x0000000703400000| Untracked 
|  18|0x0000000703600000, 0x0000000703600000, 0x0000000703800000|  0%| F|  |TAMS 0x0000000703600000, 0x0000000703600000| Untracked 
|  19|0x0000000703800000, 0x00000007038ed2c0, 0x0000000703a00000| 46%| E|  |TAMS 0x0000000703800000, 0x0000000703800000| Complete 
|  75|0x000000070a800000, 0x000000070aa00000, 0x000000070aa00000|100%| E|CS|TAMS 0x000000070a800000, 0x000000070a800000| Complete 
|  76|0x000000070aa00000, 0x000000070ac00000, 0x000000070ac00000|100%| E|CS|TAMS 0x000000070aa00000, 0x000000070aa00000| Complete 
| 126|0x0000000710e00000, 0x0000000711000000, 0x0000000711000000|100%| E|CS|TAMS 0x0000000710e00000, 0x0000000710e00000| Complete 
| 127|0x0000000711000000, 0x0000000711200000, 0x0000000711200000|100%| E|CS|TAMS 0x0000000711000000, 0x0000000711000000| Complete 

Card table byte_map: [0x0000021a40160000,0x0000021a40960000] _byte_map_base: 0x0000021a3c957000

Marking Bits (Prev, Next): (CMBitMap*) 0x0000021a2890f820, (CMBitMap*) 0x0000021a2890f7e0
 Prev Bits: [0x0000021a45120000, 0x0000021a490d8000)
 Next Bits: [0x0000021a41160000, 0x0000021a45118000)

Polling page: 0x0000021a26830000

Metaspace:

Usage:
  Non-class:     20.71 MB used.
      Class:      2.57 MB used.
       Both:     23.28 MB used.

Virtual space:
  Non-class space:       24.00 MB reserved,      20.81 MB ( 87%) committed,  3 nodes.
      Class space:        1.00 GB reserved,       2.69 MB ( <1%) committed,  1 nodes.
             Both:        1.02 GB reserved,      23.50 MB (  2%) committed. 

Chunk freelists:
   Non-Class:  2.97 MB
       Class:  1.23 MB
        Both:  4.20 MB

MaxMetaspaceSize: unlimited
CompressedClassSpaceSize: 1.00 GB
Initial GC threshold: 21.00 MB
Current GC threshold: 35.25 MB
CDS: on
MetaspaceReclaimPolicy: balanced
 - commit_granule_bytes: 65536.
 - commit_granule_words: 8192.
 - virtual_space_node_default_size: 1048576.
 - enlarge_chunks_in_place: 1.
 - new_chunks_are_fully_committed: 0.
 - uncommit_free_chunks: 1.
 - use_allocation_guard: 0.
 - handle_deallocations: 1.


Internal statistics:

num_allocs_failed_limit: 3.
num_arena_births: 170.
num_arena_deaths: 0.
num_vsnodes_births: 4.
num_vsnodes_deaths: 0.
num_space_committed: 373.
num_space_uncommitted: 0.
num_chunks_returned_to_freelist: 3.
num_chunks_taken_from_freelist: 382.
num_chunk_merges: 3.
num_chunk_splits: 224.
num_chunks_enlarged: 124.
num_purges: 0.
num_inconsistent_stats: 0.

CodeHeap 'non-profiled nmethods': size=119168Kb used=3745Kb max_used=3745Kb free=115422Kb
 bounds [0x0000021a37c70000, 0x0000021a38040000, 0x0000021a3f0d0000]
CodeHeap 'profiled nmethods': size=119104Kb used=10964Kb max_used=13144Kb free=108139Kb
 bounds [0x0000021a30820000, 0x0000021a31500000, 0x0000021a37c70000]
CodeHeap 'non-nmethods': size=7488Kb used=1392Kb max_used=3185Kb free=6095Kb
 bounds [0x0000021a300d0000, 0x0000021a30400000, 0x0000021a30820000]
 total_blobs=5966 nmethods=5223 adapters=654
 compilation: enabled
              stopped_count=0, restarted_count=0
 full_count=0

Compilation events (20 events):
Event: 41.326 Thread 0x0000021a4c0b1e10 nmethod 6115 0x0000021a308bf890 code [0x0000021a308bfa20, 0x0000021a308bfbf8]
Event: 41.326 Thread 0x0000021a4c0b1e10 6116       3       java.lang.Math::floorMod (29 bytes)
Event: 41.327 Thread 0x0000021a4c0b1e10 nmethod 6116 0x0000021a308fc690 code [0x0000021a308fc820, 0x0000021a308fc9d8]
Event: 41.327 Thread 0x0000021a4c0b1e10 6117       3       java.util.stream.ReferencePipeline$2$1::accept (27 bytes)
Event: 41.327 Thread 0x0000021a4c0b1e10 nmethod 6117 0x0000021a3097b890 code [0x0000021a3097ba40, 0x0000021a3097bd38]
Event: 41.327 Thread 0x0000021a4c0b1e10 6118       3       java.util.Formatter$Flags::<init> (10 bytes)
Event: 41.327 Thread 0x0000021a4c0b1e10 nmethod 6118 0x0000021a3096ef10 code [0x0000021a3096f0a0, 0x0000021a3096f218]
Event: 41.327 Thread 0x0000021a4c0b1e10 6119       3       java.util.regex.Pattern$Start::match (90 bytes)
Event: 41.327 Thread 0x0000021a4c0b1e10 nmethod 6119 0x0000021a30980a10 code [0x0000021a30980be0, 0x0000021a30980fe8]
Event: 41.327 Thread 0x0000021a4c0b1e10 6120       3       java.util.regex.Pattern$LastNode::match (45 bytes)
Event: 41.327 Thread 0x0000021a4c0b1e10 nmethod 6120 0x0000021a30bff110 code [0x0000021a30bff2c0, 0x0000021a30bff4d8]
Event: 41.327 Thread 0x0000021a4c0b1e10 6121       3       java.util.Formatter$FormatSpecifier::appendJustified (91 bytes)
Event: 41.328 Thread 0x0000021a4c09eb90 nmethod 6110 0x0000021a37dd1290 code [0x0000021a37dd1420, 0x0000021a37dd1728]
Event: 41.328 Thread 0x0000021a4c09eb90 6111       4       java.lang.invoke.DelegatingMethodHandle$Holder::reinvoke_L (20 bytes)
Event: 41.328 Thread 0x0000021a4c0b1e10 nmethod 6121 0x0000021a30b11190 code [0x0000021a30b113a0, 0x0000021a30b11b88]
Event: 41.328 Thread 0x0000021a4c0b1e10 6122       3       java.nio.ByteBuffer::arrayOffset (35 bytes)
Event: 41.328 Thread 0x0000021a4c0b1e10 nmethod 6122 0x0000021a3097f990 code [0x0000021a3097fb60, 0x0000021a3097fe38]
Event: 41.329 Thread 0x0000021a4c09eb90 nmethod 6111 0x0000021a37f3d610 code [0x0000021a37f3d7a0, 0x0000021a37f3d898]
Event: 41.329 Thread 0x0000021a4c09eb90 6114       4       java.util.stream.Sink::end (1 bytes)
Event: 41.329 Thread 0x0000021a4c09eb90 nmethod 6114 0x0000021a37f3d290 code [0x0000021a37f3d400, 0x0000021a37f3d478]

GC Heap History (14 events):
Event: 1.733 GC heap before
{Heap before GC invocations=0 (full 0):
 garbage-first heap   total 262144K, used 22528K [0x0000000701200000, 0x0000000800000000)
  region size 2048K, 11 young (22528K), 0 survivors (0K)
 Metaspace       used 13844K, committed 14080K, reserved 1064960K
  class space    used 1562K, committed 1664K, reserved 1048576K
}
Event: 1.742 GC heap after
{Heap after GC invocations=1 (full 0):
 garbage-first heap   total 262144K, used 5577K [0x0000000701200000, 0x0000000800000000)
  region size 2048K, 2 young (4096K), 2 survivors (4096K)
 Metaspace       used 13844K, committed 14080K, reserved 1064960K
  class space    used 1562K, committed 1664K, reserved 1048576K
}
Event: 2.238 GC heap before
{Heap before GC invocations=1 (full 0):
 garbage-first heap   total 262144K, used 26057K [0x0000000701200000, 0x0000000800000000)
  region size 2048K, 12 young (24576K), 2 survivors (4096K)
 Metaspace       used 17373K, committed 17600K, reserved 1064960K
  class space    used 2064K, committed 2176K, reserved 1048576K
}
Event: 2.244 GC heap after
{Heap after GC invocations=2 (full 0):
 garbage-first heap   total 262144K, used 8595K [0x0000000701200000, 0x0000000800000000)
  region size 2048K, 2 young (4096K), 2 survivors (4096K)
 Metaspace       used 17373K, committed 17600K, reserved 1064960K
  class space    used 2064K, committed 2176K, reserved 1048576K
}
Event: 2.463 GC heap before
{Heap before GC invocations=2 (full 0):
 garbage-first heap   total 262144K, used 57747K [0x0000000701200000, 0x0000000800000000)
  region size 2048K, 26 young (53248K), 2 survivors (4096K)
 Metaspace       used 17519K, committed 17728K, reserved 1064960K
  class space    used 2068K, committed 2176K, reserved 1048576K
}
Event: 2.466 GC heap after
{Heap after GC invocations=3 (full 0):
 garbage-first heap   total 262144K, used 8765K [0x0000000701200000, 0x0000000800000000)
  region size 2048K, 2 young (4096K), 2 survivors (4096K)
 Metaspace       used 17519K, committed 17728K, reserved 1064960K
  class space    used 2068K, committed 2176K, reserved 1048576K
}
Event: 3.519 GC heap before
{Heap before GC invocations=3 (full 0):
 garbage-first heap   total 262144K, used 107069K [0x0000000701200000, 0x0000000800000000)
  region size 2048K, 51 young (104448K), 2 survivors (4096K)
 Metaspace       used 21331K, committed 21504K, reserved 1073152K
  class space    used 2504K, committed 2560K, reserved 1048576K
}
Event: 3.523 GC heap after
{Heap after GC invocations=4 (full 0):
 garbage-first heap   total 262144K, used 9383K [0x0000000701200000, 0x0000000800000000)
  region size 2048K, 2 young (4096K), 2 survivors (4096K)
 Metaspace       used 21331K, committed 21504K, reserved 1073152K
  class space    used 2504K, committed 2560K, reserved 1048576K
}
Event: 11.527 GC heap before
{Heap before GC invocations=5 (full 0):
 garbage-first heap   total 49152K, used 33959K [0x0000000701200000, 0x0000000800000000)
  region size 2048K, 14 young (28672K), 2 survivors (4096K)
 Metaspace       used 23139K, committed 23360K, reserved 1073152K
  class space    used 2598K, committed 2752K, reserved 1048576K
}
Event: 11.531 GC heap after
{Heap after GC invocations=6 (full 0):
 garbage-first heap   total 49152K, used 10183K [0x0000000701200000, 0x0000000800000000)
  region size 2048K, 1 young (2048K), 1 survivors (2048K)
 Metaspace       used 23139K, committed 23360K, reserved 1073152K
  class space    used 2598K, committed 2752K, reserved 1048576K
}
Event: 12.205 GC heap before
{Heap before GC invocations=6 (full 0):
 garbage-first heap   total 49152K, used 12231K [0x0000000701200000, 0x0000000800000000)
  region size 2048K, 2 young (4096K), 1 survivors (2048K)
 Metaspace       used 23187K, committed 23424K, reserved 1073152K
  class space    used 2598K, committed 2752K, reserved 1048576K
}
Event: 12.213 GC heap after
{Heap after GC invocations=7 (full 0):
 garbage-first heap   total 49152K, used 10295K [0x0000000701200000, 0x0000000800000000)
  region size 2048K, 1 young (2048K), 1 survivors (2048K)
 Metaspace       used 23187K, committed 23424K, reserved 1073152K
  class space    used 2598K, committed 2752K, reserved 1048576K
}
Event: 31.870 GC heap before
{Heap before GC invocations=7 (full 0):
 garbage-first heap   total 49152K, used 32823K [0x0000000701200000, 0x0000000800000000)
  region size 2048K, 12 young (24576K), 1 survivors (2048K)
 Metaspace       used 23625K, committed 23808K, reserved 1073152K
  class space    used 2624K, committed 2752K, reserved 1048576K
}
Event: 31.871 GC heap after
{Heap after GC invocations=8 (full 0):
 garbage-first heap   total 49152K, used 10463K [0x0000000701200000, 0x0000000800000000)
  region size 2048K, 1 young (2048K), 1 survivors (2048K)
 Metaspace       used 23625K, committed 23808K, reserved 1073152K
  class space    used 2624K, committed 2752K, reserved 1048576K
}

Deoptimization events (20 events):
Event: 35.693 Thread 0x0000021a4d0d3540 DEOPT PACKING pc=0x0000021a31086c79 sp=0x0000002301efce30
Event: 35.693 Thread 0x0000021a4d0d3540 DEOPT UNPACKING pc=0x0000021a30122b43 sp=0x0000002301efc230 mode 0
Event: 37.412 Thread 0x0000021a4d0d3540 DEOPT PACKING pc=0x0000021a31086d10 sp=0x0000002301efdc80
Event: 37.412 Thread 0x0000021a4d0d3540 DEOPT UNPACKING pc=0x0000021a30122b43 sp=0x0000002301efd080 mode 0
Event: 37.490 Thread 0x0000021a4d0d3540 Uncommon trap: trap_request=0xffffffc6 fr.pc=0x0000021a37e704b0 relative=0x0000000000000b50
Event: 37.490 Thread 0x0000021a4d0d3540 Uncommon trap: reason=bimorphic_or_optimized_type_check action=maybe_recompile pc=0x0000021a37e704b0 method=java.util.TreeMap.put(Ljava/lang/Object;Ljava/lang/Object;Z)Ljava/lang/Object; @ 42 c2
Event: 37.490 Thread 0x0000021a4d0d3540 DEOPT PACKING pc=0x0000021a37e704b0 sp=0x0000002301efe650
Event: 37.490 Thread 0x0000021a4d0d3540 DEOPT UNPACKING pc=0x0000021a301223a3 sp=0x0000002301efe600 mode 2
Event: 37.501 Thread 0x0000021a4d0d3540 DEOPT PACKING pc=0x0000021a31086c79 sp=0x0000002301efdc80
Event: 37.501 Thread 0x0000021a4d0d3540 DEOPT UNPACKING pc=0x0000021a30122b43 sp=0x0000002301efd080 mode 0
Event: 38.158 Thread 0x0000021a4d0d3540 DEOPT PACKING pc=0x0000021a31086d10 sp=0x0000002301efdbb0
Event: 38.158 Thread 0x0000021a4d0d3540 DEOPT UNPACKING pc=0x0000021a30122b43 sp=0x0000002301efcfb0 mode 0
Event: 38.448 Thread 0x0000021a4d0d3540 Uncommon trap: trap_request=0xffffff45 fr.pc=0x0000021a37f7a8dc relative=0x0000000000000afc
Event: 38.448 Thread 0x0000021a4d0d3540 Uncommon trap: reason=unstable_if action=reinterpret pc=0x0000021a37f7a8dc method=sun.java2d.pipe.Region.getIntersectionXYXY(IIII)Lsun/java2d/pipe/Region; @ 23 c2
Event: 38.448 Thread 0x0000021a4d0d3540 DEOPT PACKING pc=0x0000021a37f7a8dc sp=0x0000002301efd6d0
Event: 38.448 Thread 0x0000021a4d0d3540 DEOPT UNPACKING pc=0x0000021a301223a3 sp=0x0000002301efd4d8 mode 2
Event: 39.693 Thread 0x0000021a4d0d3540 Uncommon trap: trap_request=0xffffff45 fr.pc=0x0000021a37f8c828 relative=0x0000000000001268
Event: 39.694 Thread 0x0000021a4d0d3540 Uncommon trap: reason=unstable_if action=reinterpret pc=0x0000021a37f8c828 method=java.awt.MultipleGradientPaint.<init>([F[Ljava/awt/Color;Ljava/awt/MultipleGradientPaint$CycleMethod;Ljava/awt/MultipleGradientPaint$ColorSpaceType;Ljava/awt/geom/AffineTran
Event: 39.694 Thread 0x0000021a4d0d3540 DEOPT PACKING pc=0x0000021a37f8c828 sp=0x0000002301efcfe0
Event: 39.694 Thread 0x0000021a4d0d3540 DEOPT UNPACKING pc=0x0000021a301223a3 sp=0x0000002301efcfa0 mode 2

Classes unloaded (0 events):
No events

Classes redefined (0 events):
No events

Internal exceptions (20 events):
Event: 3.629 Thread 0x0000021a4d0d3540 Exception <a 'java/lang/ClassNotFoundException'{0x0000000703985730}: java/awt/ComponentCustomizer> (0x0000000703985730) 
thrown [t:\workspace\open\src\hotspot\share\classfile\systemDictionary.cpp, line 256]
Event: 3.631 Thread 0x0000021a4d0d3540 Exception <a 'java/lang/ClassNotFoundException'{0x00000007039ee9f0}: java/awt/ContainerCustomizer> (0x00000007039ee9f0) 
thrown [t:\workspace\open\src\hotspot\share\classfile\systemDictionary.cpp, line 256]
Event: 3.631 Thread 0x0000021a4d0d3540 Implicit null exception at 0x0000021a37e64399 to 0x0000021a37e67050
Event: 3.632 Thread 0x0000021a4d0d3540 Exception <a 'java/lang/ClassNotFoundException'{0x000000070371bad0}: javax/swing/JComponentCustomizer> (0x000000070371bad0) 
thrown [t:\workspace\open\src\hotspot\share\classfile\systemDictionary.cpp, line 256]
Event: 3.634 Thread 0x0000021a4d0d3540 Exception <a 'java/lang/ClassNotFoundException'{0x000000070377df00}: javax/swing/AbstractButtonCustomizer> (0x000000070377df00) 
thrown [t:\workspace\open\src\hotspot\share\classfile\systemDictionary.cpp, line 256]
Event: 3.635 Thread 0x0000021a4d0d3540 Exception <a 'java/lang/ClassNotFoundException'{0x00000007037b9fe0}: javax/swing/JMenuItemCustomizer> (0x00000007037b9fe0) 
thrown [t:\workspace\open\src\hotspot\share\classfile\systemDictionary.cpp, line 256]
Event: 3.636 Thread 0x0000021a4d0d3540 Exception <a 'java/lang/ClassNotFoundException'{0x00000007037dfe68}: java/lang/ObjectCustomizer> (0x00000007037dfe68) 
thrown [t:\workspace\open\src\hotspot\share\classfile\systemDictionary.cpp, line 256]
Event: 3.637 Thread 0x0000021a4d0d3540 Exception <a 'java/lang/ClassNotFoundException'{0x00000007037e47b8}: java/awt/ComponentCustomizer> (0x00000007037e47b8) 
thrown [t:\workspace\open\src\hotspot\share\classfile\systemDictionary.cpp, line 256]
Event: 3.638 Thread 0x0000021a4d0d3540 Exception <a 'java/lang/ClassNotFoundException'{0x000000070344e030}: java/awt/ContainerCustomizer> (0x000000070344e030) 
thrown [t:\workspace\open\src\hotspot\share\classfile\systemDictionary.cpp, line 256]
Event: 3.638 Thread 0x0000021a4d0d3540 Exception <a 'java/lang/ClassNotFoundException'{0x0000000703484100}: javax/swing/JComponentCustomizer> (0x0000000703484100) 
thrown [t:\workspace\open\src\hotspot\share\classfile\systemDictionary.cpp, line 256]
Event: 3.639 Thread 0x0000021a4d0d3540 Exception <a 'java/lang/ClassNotFoundException'{0x00000007034e6380}: javax/swing/AbstractButtonCustomizer> (0x00000007034e6380) 
thrown [t:\workspace\open\src\hotspot\share\classfile\systemDictionary.cpp, line 256]
Event: 3.640 Thread 0x0000021a4d0d3540 Exception <a 'java/lang/ClassNotFoundException'{0x00000007035226a0}: javax/swing/JMenuItemCustomizer> (0x00000007035226a0) 
thrown [t:\workspace\open\src\hotspot\share\classfile\systemDictionary.cpp, line 256]
Event: 3.950 Thread 0x0000021a4d0d3540 Implicit null exception at 0x0000021a37eac0cb to 0x0000021a37eac68e
Event: 3.950 Thread 0x0000021a4d0d3540 Implicit null exception at 0x0000021a37ea9d28 to 0x0000021a37eaa3f8
Event: 3.950 Thread 0x0000021a4d0d3540 Implicit null exception at 0x0000021a37eac0cb to 0x0000021a37eac68e
Event: 3.950 Thread 0x0000021a4d0d3540 Implicit null exception at 0x0000021a37ea9d28 to 0x0000021a37eaa3f8
Event: 3.950 Thread 0x0000021a4d0d3540 Implicit null exception at 0x0000021a37eac0cb to 0x0000021a37eac68e
Event: 5.397 Thread 0x0000021a4d0d3540 Implicit null exception at 0x0000021a37d25a69 to 0x0000021a37d25b3c
Event: 22.901 Thread 0x0000021a4d0d3540 Implicit null exception at 0x0000021a37f58517 to 0x0000021a37f585e5
Event: 22.901 Thread 0x0000021a4d0d3540 Implicit null exception at 0x0000021a37f58c1b to 0x0000021a37f58ce9

VM Operations (20 events):
Event: 32.027 Executing VM operation: HandshakeAllThreads
Event: 32.027 Executing VM operation: HandshakeAllThreads done
Event: 32.039 Executing VM operation: HandshakeAllThreads
Event: 32.039 Executing VM operation: HandshakeAllThreads done
Event: 32.317 Executing VM operation: HandshakeAllThreads
Event: 32.318 Executing VM operation: HandshakeAllThreads done
Event: 33.333 Executing VM operation: Cleanup
Event: 33.333 Executing VM operation: Cleanup done
Event: 35.348 Executing VM operation: Cleanup
Event: 35.348 Executing VM operation: Cleanup done
Event: 36.355 Executing VM operation: Cleanup
Event: 36.355 Executing VM operation: Cleanup done
Event: 37.365 Executing VM operation: Cleanup
Event: 37.365 Executing VM operation: Cleanup done
Event: 38.365 Executing VM operation: Cleanup
Event: 38.365 Executing VM operation: Cleanup done
Event: 39.381 Executing VM operation: Cleanup
Event: 39.381 Executing VM operation: Cleanup done
Event: 40.382 Executing VM operation: Cleanup
Event: 40.382 Executing VM operation: Cleanup done

Events (20 events):
Event: 32.331 Thread 0x0000021a4c0bb370 flushing nmethod 0x0000021a3137c790
Event: 32.332 Thread 0x0000021a4c0bb370 flushing nmethod 0x0000021a313b3a90
Event: 32.332 Thread 0x0000021a4c0bb370 flushing nmethod 0x0000021a313b7490
Event: 32.332 Thread 0x0000021a4c0bb370 flushing nmethod 0x0000021a313ba710
Event: 32.332 Thread 0x0000021a4c0bb370 flushing nmethod 0x0000021a31445410
Event: 32.332 Thread 0x0000021a4c0bb370 flushing nmethod 0x0000021a3144b490
Event: 33.165 Thread 0x0000021a4cd5cdd0 Thread exited: 0x0000021a4cd5cdd0
Event: 33.165 Thread 0x0000021a55096830 Thread exited: 0x0000021a55096830
Event: 33.502 loading class javax/swing/plaf/basic/BasicPopupMenuUI$MouseGrabber$2
Event: 33.502 loading class javax/swing/plaf/basic/BasicPopupMenuUI$MouseGrabber$2 done
Event: 33.696 Thread 0x0000021a598f2880 Thread exited: 0x0000021a598f2880
Event: 34.896 loading class java/awt/geom/RectIterator
Event: 34.897 loading class java/awt/geom/RectIterator done
Event: 34.897 loading class sun/java2d/pipe/ShapeSpanIterator
Event: 34.897 loading class sun/java2d/pipe/SpanIterator
Event: 34.897 loading class sun/java2d/pipe/SpanIterator done
Event: 34.897 loading class sun/awt/geom/PathConsumer2D
Event: 34.898 loading class sun/awt/geom/PathConsumer2D done
Event: 34.898 loading class sun/java2d/pipe/ShapeSpanIterator done
Event: 37.034 Thread 0x0000021a56a206b0 Thread exited: 0x0000021a56a206b0


Dynamic libraries:
0x00007ff633e00000 - 0x00007ff633e10000 	C:\Program Files\Java\jdk-17.0.1\bin\java.exe
0x00007ff8d92a0000 - 0x00007ff8d94a7000 	C:\Windows\SYSTEM32\ntdll.dll
0x00007ff8d7330000 - 0x00007ff8d73ed000 	C:\Windows\System32\KERNEL32.DLL
0x00007ff8d6db0000 - 0x00007ff8d7124000 	C:\Windows\System32\KERNELBASE.dll
0x00007ff8d69e0000 - 0x00007ff8d6af1000 	C:\Windows\System32\ucrtbase.dll
0x00007ff8bcdf0000 - 0x00007ff8bce08000 	C:\Program Files\Java\jdk-17.0.1\bin\jli.dll
0x00007ff8bc4e0000 - 0x00007ff8bc4fa000 	C:\Program Files\Java\jdk-17.0.1\bin\VCRUNTIME140.dll
0x00007ff8d8020000 - 0x00007ff8d80cc000 	C:\Windows\System32\ADVAPI32.dll
0x00007ff8d8df0000 - 0x00007ff8d8e93000 	C:\Windows\System32\msvcrt.dll
0x00007ff8d8450000 - 0x00007ff8d84ed000 	C:\Windows\System32\sechost.dll
0x00007ff8d71b0000 - 0x00007ff8d72d1000 	C:\Windows\System32\RPCRT4.dll
0x00007ff8d8290000 - 0x00007ff8d843c000 	C:\Windows\System32\USER32.dll
0x00007ff8ccd90000 - 0x00007ff8cd035000 	C:\Windows\WinSxS\amd64_microsoft.windows.common-controls_6595b64144ccf1df_6.0.22000.120_none_9d947278b86cc467\COMCTL32.dll
0x00007ff8d68f0000 - 0x00007ff8d6916000 	C:\Windows\System32\win32u.dll
0x00007ff8d7300000 - 0x00007ff8d7329000 	C:\Windows\System32\GDI32.dll
0x00007ff8d6b80000 - 0x00007ff8d6c92000 	C:\Windows\System32\gdi32full.dll
0x00007ff8d6d10000 - 0x00007ff8d6dad000 	C:\Windows\System32\msvcp_win.dll
0x00007ff8ceda0000 - 0x00007ff8cedaa000 	C:\Windows\SYSTEM32\VERSION.dll
0x00007ff8d8250000 - 0x00007ff8d8281000 	C:\Windows\System32\IMM32.DLL
0x00007ff8c8320000 - 0x00007ff8c832c000 	C:\Program Files\Java\jdk-17.0.1\bin\vcruntime140_1.dll
0x00007ff8bbf60000 - 0x00007ff8bbfed000 	C:\Program Files\Java\jdk-17.0.1\bin\msvcp140.dll
0x00007ff8904c0000 - 0x00007ff89107e000 	C:\Program Files\Java\jdk-17.0.1\bin\server\jvm.dll
0x00007ff8d8440000 - 0x00007ff8d8448000 	C:\Windows\System32\PSAPI.DLL
0x00007ff8cebf0000 - 0x00007ff8cec23000 	C:\Windows\SYSTEM32\WINMM.dll
0x00007ff8c6770000 - 0x00007ff8c6779000 	C:\Windows\SYSTEM32\WSOCK32.dll
0x00007ff8d8eb0000 - 0x00007ff8d8f1f000 	C:\Windows\System32\WS2_32.dll
0x00007ff8d5990000 - 0x00007ff8d59a8000 	C:\Windows\SYSTEM32\kernel.appcore.dll
0x00007ff8c65a0000 - 0x00007ff8c65aa000 	C:\Program Files\Java\jdk-17.0.1\bin\jimage.dll
0x00007ff8c7d50000 - 0x00007ff8c7f71000 	C:\Windows\SYSTEM32\DBGHELP.DLL
0x00007ff8c7d10000 - 0x00007ff8c7d41000 	C:\Windows\SYSTEM32\dbgcore.DLL
0x00007ff8d6b00000 - 0x00007ff8d6b80000 	C:\Windows\System32\bcryptPrimitives.dll
0x00007ff8d5bb0000 - 0x00007ff8d5bf0000 	C:\Windows\SYSTEM32\SspiCli.dll
0x00007ff8bc3d0000 - 0x00007ff8bc3f5000 	C:\Program Files\Java\jdk-17.0.1\bin\java.dll
0x00007ff8bbe80000 - 0x00007ff8bbf56000 	C:\Program Files\Java\jdk-17.0.1\bin\svml.dll
0x00007ff8d8510000 - 0x00007ff8d8cba000 	C:\Windows\System32\SHELL32.dll
0x00007ff8d4930000 - 0x00007ff8d5192000 	C:\Windows\SYSTEM32\windows.storage.dll
0x00007ff8d73f0000 - 0x00007ff8d7768000 	C:\Windows\System32\combase.dll
0x00007ff8d47c0000 - 0x00007ff8d4926000 	C:\Windows\SYSTEM32\wintypes.dll
0x00007ff8d80d0000 - 0x00007ff8d81ba000 	C:\Windows\System32\SHCORE.dll
0x00007ff8d91a0000 - 0x00007ff8d91fd000 	C:\Windows\System32\shlwapi.dll
0x00007ff8d66b0000 - 0x00007ff8d66d1000 	C:\Windows\SYSTEM32\profapi.dll
0x00007ff8bc3b0000 - 0x00007ff8bc3c9000 	C:\Program Files\Java\jdk-17.0.1\bin\net.dll
0x00007ff8d1ca0000 - 0x00007ff8d1dac000 	C:\Windows\SYSTEM32\WINHTTP.dll
0x00007ff8d5da0000 - 0x00007ff8d5e07000 	C:\Windows\system32\mswsock.dll
0x00007ff8bc390000 - 0x00007ff8bc3a5000 	C:\Program Files\Java\jdk-17.0.1\bin\nio.dll
0x00007ff8bc240000 - 0x00007ff8bc258000 	C:\Program Files\Java\jdk-17.0.1\bin\zip.dll
0x00007ff89f9c0000 - 0x00007ff89fb4f000 	C:\Program Files\Java\jdk-17.0.1\bin\awt.dll
0x00007ff8d8f20000 - 0x00007ff8d8ff6000 	C:\Windows\System32\OLEAUT32.dll
0x00007ff8d3d50000 - 0x00007ff8d3de1000 	C:\Windows\SYSTEM32\apphelp.dll
0x00007ff8c4e10000 - 0x00007ff8c4e19000 	C:\Program Files\Java\jdk-17.0.1\bin\prefs.dll
0x00007ff8d3e40000 - 0x00007ff8d3eec000 	C:\Windows\system32\uxtheme.dll
0x00007ff8d8cd0000 - 0x00007ff8d8dee000 	C:\Windows\System32\MSCTF.dll
0x00007ff8d9000000 - 0x00007ff8d919a000 	C:\Windows\System32\ole32.dll
0x00007ff8d44c0000 - 0x00007ff8d44ef000 	C:\Windows\system32\DWMAPI.DLL
0x00007ff8bbd60000 - 0x00007ff8bbde9000 	C:\Program Files\Java\jdk-17.0.1\bin\freetype.dll
0x00007ff8b25a0000 - 0x00007ff8b2648000 	C:\Program Files\Java\jdk-17.0.1\bin\fontmanager.dll
0x00007ff8b1990000 - 0x00007ff8b1a91000 	C:\Windows\system32\opengl32.dll
0x00007ff8bbe50000 - 0x00007ff8bbe7d000 	C:\Windows\SYSTEM32\GLU32.dll
0x00007ff8d40f0000 - 0x00007ff8d4128000 	C:\Windows\SYSTEM32\dxcore.dll
0x00007ff8b2f20000 - 0x00007ff8b30c6000 	C:\Windows\system32\d3d9.dll
0x00007ff8cd040000 - 0x00007ff8cd12b000 	C:\Windows\System32\DriverStore\FileRepository\nv_dispi.inf_amd64_c1a085cc86772d3f\nvldumdx.dll
0x00007ff8d6780000 - 0x00007ff8d68e2000 	C:\Windows\System32\crypt32.dll
0x00007ff8d6ca0000 - 0x00007ff8d6d06000 	C:\Windows\System32\WINTRUST.DLL
0x00007ff8d6040000 - 0x00007ff8d6052000 	C:\Windows\SYSTEM32\MSASN1.dll
0x00007ff8d72e0000 - 0x00007ff8d72ff000 	C:\Windows\System32\imagehlp.dll
0x00007ff8d5fe0000 - 0x00007ff8d5ff8000 	C:\Windows\SYSTEM32\CRYPTSP.dll
0x00007ff8d58f0000 - 0x00007ff8d5925000 	C:\Windows\system32\rsaenh.dll
0x00007ff8d6000000 - 0x00007ff8d600c000 	C:\Windows\SYSTEM32\CRYPTBASE.dll
0x00007ff8d6160000 - 0x00007ff8d6187000 	C:\Windows\SYSTEM32\bcrypt.dll
0x00007ff88f2b0000 - 0x00007ff8904bd000 	C:\Windows\System32\DriverStore\FileRepository\nv_dispi.inf_amd64_c1a085cc86772d3f\nvd3dumx.dll
0x00007ff8d1c10000 - 0x00007ff8d1c54000 	C:\Windows\SYSTEM32\directxdatabasehelper.dll
0x00007ff8d4170000 - 0x00007ff8d41a4000 	C:\Windows\SYSTEM32\ntmarta.dll
0x00007ff8d51b0000 - 0x00007ff8d51fd000 	C:\Windows\system32\powrprof.dll
0x00007ff8d52a0000 - 0x00007ff8d52b3000 	C:\Windows\SYSTEM32\UMPDC.dll
0x00007ff8d78d0000 - 0x00007ff8d797f000 	C:\Windows\System32\clbcatq.dll
0x00007ff8cf7a0000 - 0x00007ff8cf94e000 	C:\Windows\SYSTEM32\WindowsCodecs.dll
0x00007ff8ba450000 - 0x00007ff8ba4ad000 	C:\Windows\system32\dataexchange.dll
0x00007ff8ce260000 - 0x00007ff8ce4c6000 	C:\Windows\system32\twinapi.appcore.dll
0x00007ff8ceb30000 - 0x00007ff8cebe2000 	C:\Windows\WinSxS\amd64_microsoft.windows.common-controls_6595b64144ccf1df_5.82.22000.1_none_271a8fad6a2d1b1e\comctl32.dll
0x00007ff8d2a60000 - 0x00007ff8d2b57000 	C:\Windows\SYSTEM32\PROPSYS.dll
0x00007ff8ba4c0000 - 0x00007ff8ba4d8000 	C:\Windows\system32\NetworkExplorer.dll
0x00007ff8d6480000 - 0x00007ff8d64cc000 	C:\Windows\SYSTEM32\CFGMGR32.dll
0x00007ff8c6f70000 - 0x00007ff8c6f8d000 	C:\Windows\SYSTEM32\MPR.dll
0x00007ff8bbe20000 - 0x00007ff8bbe4c000 	C:\Windows\System32\p9np.dll
0x00007ff8c2fe0000 - 0x00007ff8c2fec000 	C:\Windows\System32\drprov.dll
0x00007ff8bbd40000 - 0x00007ff8bbd60000 	C:\Windows\System32\ntlanman.dll
0x00007ff8bbd20000 - 0x00007ff8bbd3e000 	C:\Windows\System32\davclnt.dll
0x00007ff8d5450000 - 0x00007ff8d54b3000 	C:\Windows\System32\WINSTA.dll
0x00007ff8d0e20000 - 0x00007ff8d0e37000 	C:\Windows\System32\wkscli.dll
0x00007ff8bf330000 - 0x00007ff8bf342000 	C:\Windows\SYSTEM32\cscapi.dll
0x00007ff8d54c0000 - 0x00007ff8d54cc000 	C:\Windows\System32\netutils.dll
0x00007ff8b6d20000 - 0x00007ff8b6d77000 	C:\Windows\System32\dlnashext.dll
0x00007ff8b24c0000 - 0x00007ff8b252e000 	C:\Windows\System32\PlayToDevice.dll
0x00007ff8b8b10000 - 0x00007ff8b8b31000 	C:\Windows\System32\DevDispItemProvider.dll
0x00007ff8ce750000 - 0x00007ff8ce7ec000 	C:\Windows\System32\MMDevApi.dll
0x00007ff8d6450000 - 0x00007ff8d647c000 	C:\Windows\System32\DEVOBJ.dll
0x00007ff8bb800000 - 0x00007ff8bb8a2000 	C:\Windows\system32\wpdshext.dll
0x00007ff8ce970000 - 0x00007ff8ceb23000 	C:\Windows\WinSxS\amd64_microsoft.windows.gdiplus_6595b64144ccf1df_1.1.22000.282_none_ce81670012fd6ff0\gdiplus.dll
0x00007ff8b8780000 - 0x00007ff8b881e000 	C:\Windows\System32\PortableDeviceApi.dll
0x00007ff8d7bb0000 - 0x00007ff8d801b000 	C:\Windows\System32\SETUPAPI.dll
0x00007ff8ced60000 - 0x00007ff8ced91000 	C:\Windows\System32\PortableDeviceTypes.dll
0x00007ff8d2000000 - 0x00007ff8d2037000 	C:\Windows\System32\EhStorShell.dll
0x00007ff8bb480000 - 0x00007ff8bb4a5000 	C:\Windows\System32\EhStorAPI.dll
0x00007ff8d2c40000 - 0x00007ff8d2c54000 	C:\Windows\System32\WTSAPI32.dll
0x00007ff8c6c80000 - 0x00007ff8c6c8d000 	C:\Windows\SYSTEM32\LINKINFO.dll
0x0000000071100000 - 0x0000000071125000 	C:\Users\Woota\.jssc\windows\jSSC-2.8_x86_64.dll
0x00007ff8c24e0000 - 0x00007ff8c260d000 	C:\Windows\SYSTEM32\textinputframework.dll
0x00007ff8d3900000 - 0x00007ff8d3a32000 	C:\Windows\SYSTEM32\CoreMessaging.dll
0x00007ff8d1090000 - 0x00007ff8d13fd000 	C:\Windows\SYSTEM32\CoreUIComponents.dll

dbghelp: loaded successfully - version: 4.0.5 - missing functions: none
symbol engine: initialized successfully - sym options: 0x614 - pdb path: .;C:\Program Files\Java\jdk-17.0.1\bin;C:\Windows\SYSTEM32;C:\Windows\WinSxS\amd64_microsoft.windows.common-controls_6595b64144ccf1df_6.0.22000.120_none_9d947278b86cc467;C:\Program Files\Java\jdk-17.0.1\bin\server;C:\Windows\System32\DriverStore\FileRepository\nv_dispi.inf_amd64_c1a085cc86772d3f;C:\Windows\WinSxS\amd64_microsoft.windows.common-controls_6595b64144ccf1df_5.82.22000.1_none_271a8fad6a2d1b1e;C:\Windows\WinSxS\amd64_microsoft.windows.gdiplus_6595b64144ccf1df_1.1.22000.282_none_ce81670012fd6ff0;C:\Users\Woota\.jssc\windows

VM Arguments:
java_command: ESPlorer.jar
java_class_path (initial): ESPlorer.jar
Launcher Type: SUN_STANDARD

[Global flags]
     intx CICompilerCount                          = 12                                        {product} {ergonomic}
     uint ConcGCThreads                            = 3                                         {product} {ergonomic}
     uint G1ConcRefinementThreads                  = 13                                        {product} {ergonomic}
   size_t G1HeapRegionSize                         = 2097152                                   {product} {ergonomic}
    uintx GCDrainStackTargetSize                   = 64                                        {product} {ergonomic}
   size_t InitialHeapSize                          = 268435456                                 {product} {ergonomic}
   size_t MarkStackSize                            = 4194304                                   {product} {ergonomic}
   size_t MaxHeapSize                              = 4276092928                                {product} {ergonomic}
   size_t MaxNewSize                               = 2564816896                                {product} {ergonomic}
   size_t MinHeapDeltaBytes                        = 2097152                                   {product} {ergonomic}
   size_t MinHeapSize                              = 8388608                                   {product} {ergonomic}
    uintx NonNMethodCodeHeapSize                   = 7602480                                {pd product} {ergonomic}
    uintx NonProfiledCodeHeapSize                  = 122027880                              {pd product} {ergonomic}
    uintx ProfiledCodeHeapSize                     = 122027880                              {pd product} {ergonomic}
    uintx ReservedCodeCacheSize                    = 251658240                              {pd product} {ergonomic}
     bool SegmentedCodeCache                       = true                                      {product} {ergonomic}
   size_t SoftMaxHeapSize                          = 4276092928                             {manageable} {ergonomic}
     bool UseCompressedClassPointers               = true                           {product lp64_product} {ergonomic}
     bool UseCompressedOops                        = true                           {product lp64_product} {ergonomic}
     bool UseG1GC                                  = true                                      {product} {ergonomic}
     bool UseLargePagesIndividualAllocation        = false                                  {pd product} {ergonomic}

Logging:
Log output configuration:
 #0: stdout all=warning uptime,level,tags
 #1: stderr all=off uptime,level,tags

Environment Variables:
PATH=C:\Program Files\Common Files\Oracle\Java\javapath;C:\Program Files (x86)\Common Files\Oracle\Java\javapath;C:\Windows\system32;C:\Windows;C:\Windows\System32\Wbem;C:\Windows\System32\WindowsPowerShell\v1.0\;C:\Windows\System32\OpenSSH\;C:\Users\Woota\AppData\Local\Programs\Python\Python310\Scripts\;C:\Users\Woota\AppData\Local\Programs\Python\Python310\;C:\Users\Woota\AppData\Local\Microsoft\WindowsApps
OS=Windows_NT
PROCESSOR_IDENTIFIER=Intel64 Family 6 Model 45 Stepping 7, GenuineIntel



---------------  S Y S T E M  ---------------

OS:
 Windows 10 , 64 bit Build 22000 (10.0.22000.282)
OS uptime: 0 days 4:04 hours

CPU: total 16 (initial active 16) (8 cores per cpu, 2 threads per core) family 6 model 45 stepping 7 microcode 0x71a, cx8, cmov, fxsr, ht, mmx, sse, sse2, sse3, ssse3, sse4.1, sse4.2, popcnt, tsc, tscinvbit, avx, aes, clmul, vzeroupper, clflush

Memory: 4k page, system-wide physical 16310M (10156M free)
TotalPageFile size 19254M (AvailPageFile size 12371M)
current process WorkingSet (physical memory assigned to process): 205M, peak: 307M
current process commit charge ("private bytes"): 272M, peak: 529M

vm_info: Java HotSpot(TM) 64-Bit Server VM (17.0.1+12-LTS-39) for windows-amd64 JRE (17.0.1+12-LTS-39), built on Sep 27 2021 18:41:35 by "mach5one" with MS VC++ 16.8 (VS2019)

END.
