#
# A fatal error has been detected by the Java Runtime Environment:
#
#  EXCEPTION_ACCESS_VIOLATION (0xc0000005) at pc=0x000000007110b5db, pid=23712, tid=22416
#
# JRE version: OpenJDK Runtime Environment Temurin-11.0.12+7 (11.0.12+7) (build 11.0.12+7)
# Java VM: OpenJDK 64-Bit Server VM Temurin-11.0.12+7 (11.0.12+7, mixed mode, tiered, compressed oops, g1 gc, windows-amd64)
# Problematic frame:
# C  [jSSC-2.8_x86_64.dll+0xb5db]
#
# No core dump will be written. Minidumps are not enabled by default on client versions of Windows
#
# If you would like to submit a bug report, please visit:
#   https://github.com/adoptium/adoptium-support/issues
# The crash happened outside the Java Virtual Machine in native code.
# See problematic frame for where to report the bug.
#

---------------  S U M M A R Y ------------

Command Line: ESPlorer.jar

Host: Intel(R) Xeon(R) CPU E5-2690 0 @ 2.90GHz, 16 cores, 15G,  Windows 10 , 64 bit Build 22000 (10.0.22000.318)
Time: Tue Dec 28 00:39:16 2021 RTZ 2 (зима) elapsed time: 24.201055 seconds (0d 0h 0m 24s)

---------------  T H R E A D  ---------------

Current thread (0x0000019c0614c800):  JavaThread "AWT-EventQueue-0" [_thread_in_native, id=22416, stack(0x0000001d71f00000,0x0000001d72000000)]

Stack: [0x0000001d71f00000,0x0000001d72000000],  sp=0x0000001d71ffa920,  free space=1002k
Native frames: (J=compiled Java code, j=interpreted, Vv=VM code, C=native code)
C  [jSSC-2.8_x86_64.dll+0xb5db]

Java frames: (J=compiled Java code, j=interpreted, Vv=VM code)
j  jssc.SerialNativeInterface.openPort(Ljava/lang/String;Z)J+0
j  jssc.SerialPort.openPort()Z+65
j  ESPlorer.ESPlorer.portOpen()Z+108
j  ESPlorer.ESPlorer.OpenActionPerformed(Ljava/awt/event/ActionEvent;)V+160
j  ESPlorer.ESPlorer.access$27300(LESPlorer/ESPlorer;Ljava/awt/event/ActionEvent;)V+2
j  ESPlorer.ESPlorer$271.actionPerformed(Ljava/awt/event/ActionEvent;)V+5
j  javax.swing.AbstractButton.fireActionPerformed(Ljava/awt/event/ActionEvent;)V+83 java.desktop@11.0.12
j  javax.swing.AbstractButton$Handler.actionPerformed(Ljava/awt/event/ActionEvent;)V+5 java.desktop@11.0.12
j  javax.swing.DefaultButtonModel.fireActionPerformed(Ljava/awt/event/ActionEvent;)V+34 java.desktop@11.0.12
j  javax.swing.JToggleButton$ToggleButtonModel.setPressed(Z)V+148 java.desktop@11.0.12
j  javax.swing.plaf.basic.BasicButtonListener.mouseReleased(Ljava/awt/event/MouseEvent;)V+35 java.desktop@11.0.12
j  java.awt.AWTEventMulticaster.mouseReleased(Ljava/awt/event/MouseEvent;)V+8 java.desktop@11.0.12
j  java.awt.Component.processMouseEvent(Ljava/awt/event/MouseEvent;)V+64 java.desktop@11.0.12
j  javax.swing.JComponent.processMouseEvent(Ljava/awt/event/MouseEvent;)V+23 java.desktop@11.0.12
J 4626 c1 java.awt.Component.processEvent(Ljava/awt/AWTEvent;)V java.desktop@11.0.12 (220 bytes) @ 0x0000019c686cbdd4 [0x0000019c686cb780+0x0000000000000654]
J 4555 c1 java.awt.Container.processEvent(Ljava/awt/AWTEvent;)V java.desktop@11.0.12 (22 bytes) @ 0x0000019c6868c53c [0x0000019c6868c1e0+0x000000000000035c]
J 4615 c1 java.awt.Component.dispatchEventImpl(Ljava/awt/AWTEvent;)V java.desktop@11.0.12 (777 bytes) @ 0x0000019c686c4a7c [0x0000019c686c0aa0+0x0000000000003fdc]
J 4540 c1 java.awt.Container.dispatchEventImpl(Ljava/awt/AWTEvent;)V java.desktop@11.0.12 (129 bytes) @ 0x0000019c6868079c [0x0000019c68680660+0x000000000000013c]
J 4634 c1 java.awt.LightweightDispatcher.retargetMouseEvent(Ljava/awt/Component;ILjava/awt/event/MouseEvent;)V java.desktop@11.0.12 (372 bytes) @ 0x0000019c686d308c [0x0000019c686d0820+0x000000000000286c]
J 4661 c1 java.awt.LightweightDispatcher.processMouseEvent(Ljava/awt/event/MouseEvent;)Z java.desktop@11.0.12 (265 bytes) @ 0x0000019c686eb2c4 [0x0000019c686ea260+0x0000000000001064]
J 4667 c1 java.awt.LightweightDispatcher.dispatchEvent(Ljava/awt/AWTEvent;)Z java.desktop@11.0.12 (73 bytes) @ 0x0000019c686eef0c [0x0000019c686eeaa0+0x000000000000046c]
J 4540 c1 java.awt.Container.dispatchEventImpl(Ljava/awt/AWTEvent;)V java.desktop@11.0.12 (129 bytes) @ 0x0000019c6868073c [0x0000019c68680660+0x00000000000000dc]
J 4647 c1 java.awt.Window.dispatchEventImpl(Ljava/awt/AWTEvent;)V java.desktop@11.0.12 (23 bytes) @ 0x0000019c686dbe4c [0x0000019c686db820+0x000000000000062c]
J 4558 c1 java.awt.EventQueue.dispatchEventImpl(Ljava/awt/AWTEvent;Ljava/lang/Object;)V java.desktop@11.0.12 (136 bytes) @ 0x0000019c686874ac [0x0000019c68686fc0+0x00000000000004ec]
J 4557 c1 java.awt.EventQueue$4.run()Ljava/lang/Void; java.desktop@11.0.12 (60 bytes) @ 0x0000019c686868c4 [0x0000019c68686780+0x0000000000000144]
J 4556 c1 java.awt.EventQueue$4.run()Ljava/lang/Object; java.desktop@11.0.12 (5 bytes) @ 0x0000019c68686444 [0x0000019c686863c0+0x0000000000000084]
v  ~StubRoutines::call_stub
J 1890  java.security.AccessController.doPrivileged(Ljava/security/PrivilegedAction;Ljava/security/AccessControlContext;)Ljava/lang/Object; java.base@11.0.12 (0 bytes) @ 0x0000019c6f1476b6 [0x0000019c6f147640+0x0000000000000076]
J 4582 c1 java.awt.EventQueue$5.run()Ljava/lang/Object; java.desktop@11.0.12 (5 bytes) @ 0x0000019c686ad81c [0x0000019c686ad4c0+0x000000000000035c]
v  ~StubRoutines::call_stub
J 1890  java.security.AccessController.doPrivileged(Ljava/security/PrivilegedAction;Ljava/security/AccessControlContext;)Ljava/lang/Object; java.base@11.0.12 (0 bytes) @ 0x0000019c6f1476b6 [0x0000019c6f147640+0x0000000000000076]
J 4276 c1 java.awt.EventQueue.dispatchEvent(Ljava/awt/AWTEvent;)V java.desktop@11.0.12 (80 bytes) @ 0x0000019c685eafec [0x0000019c685ea4a0+0x0000000000000b4c]
J 4270 c1 java.awt.EventDispatchThread.pumpOneEventForFilters(I)V java.desktop@11.0.12 (113 bytes) @ 0x0000019c685e7304 [0x0000019c685e6ba0+0x0000000000000764]
j  java.awt.EventDispatchThread.pumpEventsForFilter(ILjava/awt/Conditional;Ljava/awt/EventFilter;)V+35 java.desktop@11.0.12
j  java.awt.EventDispatchThread.pumpEventsForHierarchy(ILjava/awt/Conditional;Ljava/awt/Component;)V+11 java.desktop@11.0.12
j  java.awt.EventDispatchThread.pumpEvents(ILjava/awt/Conditional;)V+4 java.desktop@11.0.12
j  java.awt.EventDispatchThread.pumpEvents(Ljava/awt/Conditional;)V+3 java.desktop@11.0.12
j  java.awt.EventDispatchThread.run()V+9 java.desktop@11.0.12
v  ~StubRoutines::call_stub

siginfo: EXCEPTION_ACCESS_VIOLATION (0xc0000005), reading address 0x000000005d70e59c


Register to memory mapping:

RIP=0x000000007110b5db jSSC-2.8_x86_64.dll
RAX=0x000000005d70e59c is an unknown value
RBX=0x0000001d71ffa990 is pointing into the stack for thread: 0x0000019c0614c800
RCX=0x00007ff938663547 ntdll.dll
RDX=0x0 is NULL
RSP=0x0000001d71ffa920 is pointing into the stack for thread: 0x0000019c0614c800
RBP=0x0000001d71ffaaa0 is pointing into the stack for thread: 0x0000019c0614c800
RSI=0x0000019c0614cb48 points into unknown readable memory: 0x00007ff8c3b3ce20 | 20 ce b3 c3 f8 7f 00 00
RDI=0x0000000000000c20 is an unknown value
R8 =0x0000001d71ffa818 is pointing into the stack for thread: 0x0000019c0614c800
R9 =0x0000001d71ffa910 is pointing into the stack for thread: 0x0000019c0614c800
R10=0x0 is NULL
R11=0x0000000000010202 is an unknown value
R12=0x0000001d71ffab58 is pointing into the stack for thread: 0x0000019c0614c800
R13=0x0000019c06e9c320 points into unknown readable memory: 0x00000000400006c0 | c0 06 00 40 00 00 00 00
R14=0x0000001d71ffaa50 is pointing into the stack for thread: 0x0000019c0614c800
R15=0x0000019c0614c800 is a thread


Registers:
RAX=0x000000005d70e59c, RBX=0x0000001d71ffa990, RCX=0x00007ff938663547, RDX=0x0000000000000000
RSP=0x0000001d71ffa920, RBP=0x0000001d71ffaaa0, RSI=0x0000019c0614cb48, RDI=0x0000000000000c20
R8 =0x0000001d71ffa818, R9 =0x0000001d71ffa910, R10=0x0000000000000000, R11=0x0000000000010202
R12=0x0000001d71ffab58, R13=0x0000019c06e9c320, R14=0x0000001d71ffaa50, R15=0x0000019c0614c800
RIP=0x000000007110b5db, EFLAGS=0x0000000000010202

Top of Stack: (sp=0x0000001d71ffa920)
0x0000001d71ffa920:   0000019c10d7c1f0 0000019c5d2d0000
0x0000001d71ffa930:   000000007110b230 0000019c5d430000
0x0000001d71ffa940:   0000001d71ffaa00 0000000000000004
0x0000001d71ffa950:   0000019c0614cb48 0000000000000c20
0x0000001d71ffa960:   0000001d71ffaaa0 0000000071112590
0x0000001d71ffa970:   0000019c0614c800 0000001d71ffaa50
0x0000001d71ffa980:   0000019c06e9c320 0000001d71ffab58
0x0000001d71ffa990:   0000019c06e9c320 00007ff9385e7551
0x0000001d71ffa9a0:   0000019c06e9c310 0000019c5d430000
0x0000001d71ffa9b0:   0000001d71ffaaa0 0000000000000000
0x0000001d71ffa9c0:   0000000071113500 0000000071113be8
0x0000001d71ffa9d0:   0000001d71ffaa00 0000000071112641
0x0000001d71ffa9e0:   0000001d71ffa970 0000019c0614cb48
0x0000001d71ffa9f0:   0000000000000000 0000000000000000
0x0000001d71ffaa00:   0000001d71ffaaa0 0000000071101595
0x0000001d71ffaa10:   000000000000001c 0000019c00000000 

Instructions: (pc=0x000000007110b5db)
0x000000007110b4db:   48 85 c0 74 bf 44 8b 03 45 85 c0 0f 84 77 ff ff
0x000000007110b4eb:   ff eb 9f 66 90 e8 8b fe ff ff 48 89 05 0c 34 01
0x000000007110b4fb:   00 eb ad 66 90 e8 7b fe ff ff 48 89 05 fc 33 01
0x000000007110b50b:   00 eb 8b e8 8d fe ff ff c7 03 01 00 00 00 e9 6f
0x000000007110b51b:   ff ff ff 66 90 55 48 89 e5 56 53 48 83 ec 20 48
0x000000007110b52b:   8b 05 d7 33 01 00 48 8b 31 48 89 cb 48 85 c0 74
0x000000007110b53b:   56 44 8b 18 45 85 db 78 42 48 8b 05 bd 33 01 00
0x000000007110b54b:   48 85 c0 74 50 44 8b 10 45 85 d2 74 1d 48 89 f1
0x000000007110b55b:   e8 d0 fd ff ff 48 8b 13 48 8d 42 40 48 8b 48 08
0x000000007110b56b:   48 8b 6a 40 48 8b 60 10 ff e1 48 8b 05 9c 33 01
0x000000007110b57b:   00 48 85 c0 74 2d 48 89 30 eb da e8 b5 fe ff ff
0x000000007110b58b:   0f 1f 44 00 00 eb b2 e8 e9 fd ff ff 48 89 05 6a
0x000000007110b59b:   33 01 00 eb 9c e8 db fd ff ff 48 89 05 5c 33 01
0x000000007110b5ab:   00 eb a2 e8 3d fd ff ff 48 89 05 5e 33 01 00 eb
0x000000007110b5bb:   c5 0f 1f 40 00 55 57 56 53 48 83 ec 28 48 8b 05
0x000000007110b5cb:   39 33 01 00 48 89 cb 48 85 c0 0f 84 c5 00 00 00
0x000000007110b5db:   8b 38 85 ff 0f 88 ab 00 00 00 48 8b 05 1c 33 01
0x000000007110b5eb:   00 48 85 c0 0f 84 bc 00 00 00 8b 30 85 f6 74 57
0x000000007110b5fb:   48 8b 05 0e 33 01 00 48 85 c0 0f 84 e5 00 00 00
0x000000007110b60b:   8b 28 48 8b 35 10 5e 01 00 ff d6 89 c7 89 e9 ff
0x000000007110b61b:   15 f4 5e 01 00 89 f9 48 89 c5 ff 15 b9 5e 01 00
0x000000007110b62b:   48 8b 05 de 32 01 00 48 89 2b 48 85 c0 74 46 48
0x000000007110b63b:   89 da 8b 08 ff 15 d7 5e 01 00 85 c0 74 27 48 83
0x000000007110b64b:   c4 28 5b 5e 5f 5d c3 48 8b 05 bf 32 01 00 48 85
0x000000007110b65b:   c0 74 64 48 8b 10 48 89 13 48 89 18 48 83 c4 28
0x000000007110b66b:   5b 5e 5f 5d c3 48 89 f2 48 83 c4 28 5b 5e 5f 5d
0x000000007110b67b:   48 ff e2 66 90 e8 8b fc ff ff 48 89 05 84 32 01
0x000000007110b68b:   00 eb ac 66 90 e8 ab fd ff ff e9 4b ff ff ff 66
0x000000007110b69b:   0f 1f 44 00 00 e8 db fc ff ff 48 89 05 5c 32 01
0x000000007110b6ab:   00 e9 2a ff ff ff e8 ca fc ff ff 48 89 05 4b 32
0x000000007110b6bb:   01 00 e9 33 ff ff ff e8 29 fc ff ff 48 89 05 4a
0x000000007110b6cb:   32 01 00 48 8b 10 48 85 c0 48 89 13 75 8b e8 12 


Stack slot to memory mapping:
stack at sp + 0 slots: 0x0000019c10d7c1f0 points into unknown readable memory: 0x0000019c5d2d1380 | 80 13 2d 5d 9c 01 00 00
stack at sp + 1 slots: 0x0000019c5d2d0000 points into unknown readable memory: 0x0000000000000000 | 00 00 00 00 00 00 00 00
stack at sp + 2 slots: 0x000000007110b230 jSSC-2.8_x86_64.dll
stack at sp + 3 slots: 0x0000019c5d430000 points into unknown readable memory: 0x0000000000000000 | 00 00 00 00 00 00 00 00
stack at sp + 4 slots: 0x0000001d71ffaa00 is pointing into the stack for thread: 0x0000019c0614c800
stack at sp + 5 slots: 0x0000000000000004 is an unknown value
stack at sp + 6 slots: 0x0000019c0614cb48 points into unknown readable memory: 0x00007ff8c3b3ce20 | 20 ce b3 c3 f8 7f 00 00
stack at sp + 7 slots: 0x0000000000000c20 is an unknown value


---------------  P R O C E S S  ---------------

Threads class SMR info:
_java_thread_list=0x0000019c19d42610, length=18, elements={
0x0000019c7fdf4000, 0x0000019c7fdf6800, 0x0000019c048ba800, 0x0000019c048bb800,
0x0000019c048bc800, 0x0000019c048cd000, 0x0000019c7fdfb800, 0x0000019c048f6000,
0x0000019c04a72800, 0x0000019c04ea0000, 0x0000019c04ebf800, 0x0000019c04ec0800,
0x0000019c0614c800, 0x0000019c5d61f000, 0x0000019c06be6000, 0x0000019c10230800,
0x0000019c10635800, 0x0000019c06dee800
}

Java Threads: ( => current thread )
  0x0000019c7fdf4000 JavaThread "Reference Handler" daemon [_thread_blocked, id=20684, stack(0x0000001d70f00000,0x0000001d71000000)]
  0x0000019c7fdf6800 JavaThread "Finalizer" daemon [_thread_blocked, id=20436, stack(0x0000001d71000000,0x0000001d71100000)]
  0x0000019c048ba800 JavaThread "Signal Dispatcher" daemon [_thread_blocked, id=18948, stack(0x0000001d71100000,0x0000001d71200000)]
  0x0000019c048bb800 JavaThread "Attach Listener" daemon [_thread_blocked, id=20344, stack(0x0000001d71200000,0x0000001d71300000)]
  0x0000019c048bc800 JavaThread "Service Thread" daemon [_thread_blocked, id=17356, stack(0x0000001d71300000,0x0000001d71400000)]
  0x0000019c048cd000 JavaThread "C2 CompilerThread0" daemon [_thread_blocked, id=19992, stack(0x0000001d71400000,0x0000001d71500000)]
  0x0000019c7fdfb800 JavaThread "C1 CompilerThread0" daemon [_thread_blocked, id=6388, stack(0x0000001d71500000,0x0000001d71600000)]
  0x0000019c048f6000 JavaThread "Sweeper thread" daemon [_thread_blocked, id=21928, stack(0x0000001d71600000,0x0000001d71700000)]
  0x0000019c04a72800 JavaThread "Common-Cleaner" daemon [_thread_blocked, id=19904, stack(0x0000001d71900000,0x0000001d71a00000)]
  0x0000019c04ea0000 JavaThread "Java2D Disposer" daemon [_thread_blocked, id=24128, stack(0x0000001d71b00000,0x0000001d71c00000)]
  0x0000019c04ebf800 JavaThread "AWT-Shutdown" [_thread_blocked, id=5700, stack(0x0000001d71c00000,0x0000001d71d00000)]
  0x0000019c04ec0800 JavaThread "AWT-Windows" daemon [_thread_in_native, id=21356, stack(0x0000001d71d00000,0x0000001d71e00000)]
=>0x0000019c0614c800 JavaThread "AWT-EventQueue-0" [_thread_in_native, id=22416, stack(0x0000001d71f00000,0x0000001d72000000)]
  0x0000019c5d61f000 JavaThread "DestroyJavaVM" [_thread_blocked, id=24256, stack(0x0000001d70800000,0x0000001d70900000)]
  0x0000019c06be6000 JavaThread "TimerQueue" daemon [_thread_blocked, id=7688, stack(0x0000001d71e00000,0x0000001d71f00000)]
  0x0000019c10230800 JavaThread "Swing-Shell" daemon [_thread_blocked, id=23488, stack(0x0000001d73000000,0x0000001d73100000)]
  0x0000019c10635800 JavaThread "D3D Screen Updater" daemon [_thread_blocked, id=18068, stack(0x0000001d71a00000,0x0000001d71b00000)]
  0x0000019c06dee800 JavaThread "C1 CompilerThread1" daemon [_thread_blocked, id=22808, stack(0x0000001d72100000,0x0000001d72200000)]

Other Threads:
  0x0000019c7fdf2800 VMThread "VM Thread" [stack: 0x0000001d70e00000,0x0000001d70f00000] [id=12328]
  0x0000019c04a71800 WatcherThread [stack: 0x0000001d71800000,0x0000001d71900000] [id=16336]
  0x0000019c5d638800 GCTaskThread "GC Thread#0" [stack: 0x0000001d70900000,0x0000001d70a00000] [id=19752]
  0x0000019c06cf9800 GCTaskThread "GC Thread#1" [stack: 0x0000001d72200000,0x0000001d72300000] [id=20588]
  0x0000019c06cfa800 GCTaskThread "GC Thread#2" [stack: 0x0000001d72300000,0x0000001d72400000] [id=20896]
  0x0000019c06be4800 GCTaskThread "GC Thread#3" [stack: 0x0000001d72400000,0x0000001d72500000] [id=23628]
  0x0000019c06be5800 GCTaskThread "GC Thread#4" [stack: 0x0000001d72500000,0x0000001d72600000] [id=9792]
  0x0000019c06bed800 GCTaskThread "GC Thread#5" [stack: 0x0000001d72600000,0x0000001d72700000] [id=23540]
  0x0000019c5d697000 ConcurrentGCThread "G1 Main Marker" [stack: 0x0000001d70a00000,0x0000001d70b00000] [id=13516]
  0x0000019c5d699800 ConcurrentGCThread "G1 Conc#0" [stack: 0x0000001d70b00000,0x0000001d70c00000] [id=24076]
  0x0000019c04b8f000 ConcurrentGCThread "G1 Conc#1" [stack: 0x0000001d72700000,0x0000001d72800000] [id=14612]
  0x0000019c04e73000 ConcurrentGCThread "G1 Conc#2" [stack: 0x0000001d72800000,0x0000001d72900000] [id=24184]
  0x0000019c7fcd9000 ConcurrentGCThread "G1 Refine#0" [stack: 0x0000001d70c00000,0x0000001d70d00000] [id=23860]
  0x0000019c7fcda000 ConcurrentGCThread "G1 Young RemSet Sampling" [stack: 0x0000001d70d00000,0x0000001d70e00000] [id=8900]

Threads with active compile tasks:

VM state:not at safepoint (normal execution)

VM Mutex/Monitor currently owned by a thread: None

Heap address: 0x0000000701200000, size: 4078 MB, Compressed Oops mode: Zero based, Oop shift amount: 3
Narrow klass base: 0x0000000800000000, Narrow klass shift: 0
Compressed class space size: 1073741824 Address: 0x0000000800000000

Heap:
 garbage-first heap   total 262144K, used 104752K [0x0000000701200000, 0x0000000800000000)
  region size 1024K, 82 young (83968K), 4 survivors (4096K)
 Metaspace       used 31716K, capacity 32394K, committed 32640K, reserved 1077248K
  class space    used 3610K, capacity 3898K, committed 3968K, reserved 1048576K
Heap Regions: E=young(eden), S=young(survivor), O=old, HS=humongous(starts), HC=humongous(continues), CS=collection set, F=free, A=archive, TAMS=top-at-mark-start (previous, next)
|   0|0x0000000701200000, 0x0000000701300000, 0x0000000701300000|100%| O|  |TAMS 0x0000000701300000, 0x0000000701200000| Untracked 
|   1|0x0000000701300000, 0x0000000701400000, 0x0000000701400000|100%| O|  |TAMS 0x000000070139da00, 0x0000000701300000| Untracked 
|   2|0x0000000701400000, 0x0000000701500000, 0x0000000701500000|100%| O|  |TAMS 0x0000000701400000, 0x0000000701400000| Untracked 
|   3|0x0000000701500000, 0x0000000701600000, 0x0000000701600000|100%| O|  |TAMS 0x0000000701500000, 0x0000000701500000| Untracked 
|   4|0x0000000701600000, 0x00000007016a9400, 0x0000000701700000| 66%| O|  |TAMS 0x0000000701600000, 0x0000000701600000| Untracked 
|   5|0x0000000701700000, 0x0000000701800000, 0x0000000701800000|100%|HS|  |TAMS 0x0000000701700000, 0x0000000701700000| Complete 
|   6|0x0000000701800000, 0x0000000701900000, 0x0000000701900000|100%|HC|  |TAMS 0x0000000701800000, 0x0000000701800000| Complete 
|   7|0x0000000701900000, 0x0000000701a00000, 0x0000000701a00000|100%|HS|  |TAMS 0x0000000701900000, 0x0000000701900000| Complete 
|   8|0x0000000701a00000, 0x0000000701b00000, 0x0000000701b00000|100%|HC|  |TAMS 0x0000000701a00000, 0x0000000701a00000| Complete 
|   9|0x0000000701b00000, 0x0000000701c00000, 0x0000000701c00000|100%|HS|  |TAMS 0x0000000701b00000, 0x0000000701b00000| Complete 
|  10|0x0000000701c00000, 0x0000000701d00000, 0x0000000701d00000|100%|HS|  |TAMS 0x0000000701c00000, 0x0000000701c00000| Complete 
|  11|0x0000000701d00000, 0x0000000701e00000, 0x0000000701e00000|100%|HC|  |TAMS 0x0000000701d00000, 0x0000000701d00000| Complete 
|  12|0x0000000701e00000, 0x0000000701f00000, 0x0000000701f00000|100%|HS|  |TAMS 0x0000000701e00000, 0x0000000701e00000| Complete 
|  13|0x0000000701f00000, 0x0000000702000000, 0x0000000702000000|100%|HC|  |TAMS 0x0000000701f00000, 0x0000000701f00000| Complete 
|  14|0x0000000702000000, 0x0000000702100000, 0x0000000702100000|100%|HS|  |TAMS 0x0000000702000000, 0x0000000702000000| Complete 
|  15|0x0000000702100000, 0x0000000702200000, 0x0000000702200000|100%|HS|  |TAMS 0x0000000702100000, 0x0000000702100000| Complete 
|  16|0x0000000702200000, 0x0000000702300000, 0x0000000702300000|100%|HC|  |TAMS 0x0000000702200000, 0x0000000702200000| Complete 
|  17|0x0000000702300000, 0x0000000702400000, 0x0000000702400000|100%|HC|  |TAMS 0x0000000702300000, 0x0000000702300000| Complete 
|  18|0x0000000702400000, 0x0000000702500000, 0x0000000702500000|100%|HS|  |TAMS 0x0000000702400000, 0x0000000702400000| Complete 
|  19|0x0000000702500000, 0x0000000702600000, 0x0000000702600000|100%|HC|  |TAMS 0x0000000702500000, 0x0000000702500000| Complete 
|  20|0x0000000702600000, 0x0000000702700000, 0x0000000702700000|100%|HS|  |TAMS 0x0000000702600000, 0x0000000702600000| Complete 
|  21|0x0000000702700000, 0x0000000702800000, 0x0000000702800000|100%|HC|  |TAMS 0x0000000702700000, 0x0000000702700000| Complete 
|  22|0x0000000702800000, 0x0000000702800000, 0x0000000702900000|  0%| F|  |TAMS 0x0000000702800000, 0x0000000702800000| Untracked 
|  23|0x0000000702900000, 0x0000000702900000, 0x0000000702a00000|  0%| F|  |TAMS 0x0000000702900000, 0x0000000702900000| Untracked 
|  24|0x0000000702a00000, 0x0000000702a00000, 0x0000000702b00000|  0%| F|  |TAMS 0x0000000702a00000, 0x0000000702a00000| Untracked 
|  25|0x0000000702b00000, 0x0000000702b00000, 0x0000000702c00000|  0%| F|  |TAMS 0x0000000702b00000, 0x0000000702b00000| Untracked 
|  26|0x0000000702c00000, 0x0000000702c00000, 0x0000000702d00000|  0%| F|  |TAMS 0x0000000702c00000, 0x0000000702c00000| Untracked 
|  27|0x0000000702d00000, 0x0000000702d00000, 0x0000000702e00000|  0%| F|  |TAMS 0x0000000702d00000, 0x0000000702d00000| Untracked 
|  28|0x0000000702e00000, 0x0000000702e00000, 0x0000000702f00000|  0%| F|  |TAMS 0x0000000702e00000, 0x0000000702e00000| Untracked 
|  29|0x0000000702f00000, 0x0000000702f00000, 0x0000000703000000|  0%| F|  |TAMS 0x0000000702f00000, 0x0000000702f00000| Untracked 
|  30|0x0000000703000000, 0x0000000703000000, 0x0000000703100000|  0%| F|  |TAMS 0x0000000703000000, 0x0000000703000000| Untracked 
|  31|0x0000000703100000, 0x0000000703100000, 0x0000000703200000|  0%| F|  |TAMS 0x0000000703100000, 0x0000000703100000| Untracked 
|  32|0x0000000703200000, 0x0000000703200000, 0x0000000703300000|  0%| F|  |TAMS 0x0000000703200000, 0x0000000703200000| Untracked 
|  33|0x0000000703300000, 0x0000000703300000, 0x0000000703400000|  0%| F|  |TAMS 0x0000000703300000, 0x0000000703300000| Untracked 
|  34|0x0000000703400000, 0x0000000703400000, 0x0000000703500000|  0%| F|  |TAMS 0x0000000703400000, 0x0000000703400000| Untracked 
|  35|0x0000000703500000, 0x0000000703500000, 0x0000000703600000|  0%| F|  |TAMS 0x0000000703500000, 0x0000000703500000| Untracked 
|  36|0x0000000703600000, 0x0000000703600000, 0x0000000703700000|  0%| F|  |TAMS 0x0000000703600000, 0x0000000703600000| Untracked 
|  37|0x0000000703700000, 0x0000000703700000, 0x0000000703800000|  0%| F|  |TAMS 0x0000000703700000, 0x0000000703700000| Untracked 
|  38|0x0000000703800000, 0x0000000703800000, 0x0000000703900000|  0%| F|  |TAMS 0x0000000703800000, 0x0000000703800000| Untracked 
|  39|0x0000000703900000, 0x0000000703900000, 0x0000000703a00000|  0%| F|  |TAMS 0x0000000703900000, 0x0000000703900000| Untracked 
|  40|0x0000000703a00000, 0x0000000703a00000, 0x0000000703b00000|  0%| F|  |TAMS 0x0000000703a00000, 0x0000000703a00000| Untracked 
|  41|0x0000000703b00000, 0x0000000703b00000, 0x0000000703c00000|  0%| F|  |TAMS 0x0000000703b00000, 0x0000000703b00000| Untracked 
|  42|0x0000000703c00000, 0x0000000703c00000, 0x0000000703d00000|  0%| F|  |TAMS 0x0000000703c00000, 0x0000000703c00000| Untracked 
|  43|0x0000000703d00000, 0x0000000703d00000, 0x0000000703e00000|  0%| F|  |TAMS 0x0000000703d00000, 0x0000000703d00000| Untracked 
|  44|0x0000000703e00000, 0x0000000703e00000, 0x0000000703f00000|  0%| F|  |TAMS 0x0000000703e00000, 0x0000000703e00000| Untracked 
|  45|0x0000000703f00000, 0x0000000703f00000, 0x0000000704000000|  0%| F|  |TAMS 0x0000000703f00000, 0x0000000703f00000| Untracked 
|  46|0x0000000704000000, 0x0000000704000000, 0x0000000704100000|  0%| F|  |TAMS 0x0000000704000000, 0x0000000704000000| Untracked 
|  47|0x0000000704100000, 0x0000000704100000, 0x0000000704200000|  0%| F|  |TAMS 0x0000000704100000, 0x0000000704100000| Untracked 
|  48|0x0000000704200000, 0x0000000704200000, 0x0000000704300000|  0%| F|  |TAMS 0x0000000704200000, 0x0000000704200000| Untracked 
|  49|0x0000000704300000, 0x0000000704300000, 0x0000000704400000|  0%| F|  |TAMS 0x0000000704300000, 0x0000000704300000| Untracked 
|  50|0x0000000704400000, 0x0000000704400000, 0x0000000704500000|  0%| F|  |TAMS 0x0000000704400000, 0x0000000704400000| Untracked 
|  51|0x0000000704500000, 0x0000000704500000, 0x0000000704600000|  0%| F|  |TAMS 0x0000000704500000, 0x0000000704500000| Untracked 
|  52|0x0000000704600000, 0x0000000704600000, 0x0000000704700000|  0%| F|  |TAMS 0x0000000704600000, 0x0000000704600000| Untracked 
|  53|0x0000000704700000, 0x0000000704700000, 0x0000000704800000|  0%| F|  |TAMS 0x0000000704700000, 0x0000000704700000| Untracked 
|  54|0x0000000704800000, 0x0000000704800000, 0x0000000704900000|  0%| F|  |TAMS 0x0000000704800000, 0x0000000704800000| Untracked 
|  55|0x0000000704900000, 0x0000000704900000, 0x0000000704a00000|  0%| F|  |TAMS 0x0000000704900000, 0x0000000704900000| Untracked 
|  56|0x0000000704a00000, 0x0000000704a00000, 0x0000000704b00000|  0%| F|  |TAMS 0x0000000704a00000, 0x0000000704a00000| Untracked 
|  57|0x0000000704b00000, 0x0000000704b00000, 0x0000000704c00000|  0%| F|  |TAMS 0x0000000704b00000, 0x0000000704b00000| Untracked 
|  58|0x0000000704c00000, 0x0000000704c00000, 0x0000000704d00000|  0%| F|  |TAMS 0x0000000704c00000, 0x0000000704c00000| Untracked 
|  59|0x0000000704d00000, 0x0000000704d00000, 0x0000000704e00000|  0%| F|  |TAMS 0x0000000704d00000, 0x0000000704d00000| Untracked 
|  60|0x0000000704e00000, 0x0000000704e00000, 0x0000000704f00000|  0%| F|  |TAMS 0x0000000704e00000, 0x0000000704e00000| Untracked 
|  61|0x0000000704f00000, 0x0000000704f00000, 0x0000000705000000|  0%| F|  |TAMS 0x0000000704f00000, 0x0000000704f00000| Untracked 
|  62|0x0000000705000000, 0x0000000705000000, 0x0000000705100000|  0%| F|  |TAMS 0x0000000705000000, 0x0000000705000000| Untracked 
|  63|0x0000000705100000, 0x0000000705100000, 0x0000000705200000|  0%| F|  |TAMS 0x0000000705100000, 0x0000000705100000| Untracked 
|  64|0x0000000705200000, 0x0000000705200000, 0x0000000705300000|  0%| F|  |TAMS 0x0000000705200000, 0x0000000705200000| Untracked 
|  65|0x0000000705300000, 0x0000000705300000, 0x0000000705400000|  0%| F|  |TAMS 0x0000000705300000, 0x0000000705300000| Untracked 
|  66|0x0000000705400000, 0x0000000705400000, 0x0000000705500000|  0%| F|  |TAMS 0x0000000705400000, 0x0000000705400000| Untracked 
|  67|0x0000000705500000, 0x0000000705500000, 0x0000000705600000|  0%| F|  |TAMS 0x0000000705500000, 0x0000000705500000| Untracked 
|  68|0x0000000705600000, 0x0000000705600000, 0x0000000705700000|  0%| F|  |TAMS 0x0000000705600000, 0x0000000705600000| Untracked 
|  69|0x0000000705700000, 0x0000000705700000, 0x0000000705800000|  0%| F|  |TAMS 0x0000000705700000, 0x0000000705700000| Untracked 
|  70|0x0000000705800000, 0x0000000705800000, 0x0000000705900000|  0%| F|  |TAMS 0x0000000705800000, 0x0000000705800000| Untracked 
|  71|0x0000000705900000, 0x0000000705900000, 0x0000000705a00000|  0%| F|  |TAMS 0x0000000705900000, 0x0000000705900000| Untracked 
|  72|0x0000000705a00000, 0x0000000705a00000, 0x0000000705b00000|  0%| F|  |TAMS 0x0000000705a00000, 0x0000000705a00000| Untracked 
|  73|0x0000000705b00000, 0x0000000705b00000, 0x0000000705c00000|  0%| F|  |TAMS 0x0000000705b00000, 0x0000000705b00000| Untracked 
|  74|0x0000000705c00000, 0x0000000705c00000, 0x0000000705d00000|  0%| F|  |TAMS 0x0000000705c00000, 0x0000000705c00000| Untracked 
|  75|0x0000000705d00000, 0x0000000705d00000, 0x0000000705e00000|  0%| F|  |TAMS 0x0000000705d00000, 0x0000000705d00000| Untracked 
|  76|0x0000000705e00000, 0x0000000705e00000, 0x0000000705f00000|  0%| F|  |TAMS 0x0000000705e00000, 0x0000000705e00000| Untracked 
|  77|0x0000000705f00000, 0x0000000705f00000, 0x0000000706000000|  0%| F|  |TAMS 0x0000000705f00000, 0x0000000705f00000| Untracked 
|  78|0x0000000706000000, 0x0000000706000000, 0x0000000706100000|  0%| F|  |TAMS 0x0000000706000000, 0x0000000706000000| Untracked 
|  79|0x0000000706100000, 0x0000000706100000, 0x0000000706200000|  0%| F|  |TAMS 0x0000000706100000, 0x0000000706100000| Untracked 
|  80|0x0000000706200000, 0x0000000706200000, 0x0000000706300000|  0%| F|  |TAMS 0x0000000706200000, 0x0000000706200000| Untracked 
|  81|0x0000000706300000, 0x0000000706300000, 0x0000000706400000|  0%| F|  |TAMS 0x0000000706300000, 0x0000000706300000| Untracked 
|  82|0x0000000706400000, 0x0000000706400000, 0x0000000706500000|  0%| F|  |TAMS 0x0000000706400000, 0x0000000706400000| Untracked 
|  83|0x0000000706500000, 0x0000000706500000, 0x0000000706600000|  0%| F|  |TAMS 0x0000000706500000, 0x0000000706500000| Untracked 
|  84|0x0000000706600000, 0x0000000706600000, 0x0000000706700000|  0%| F|  |TAMS 0x0000000706600000, 0x0000000706600000| Untracked 
|  85|0x0000000706700000, 0x0000000706700000, 0x0000000706800000|  0%| F|  |TAMS 0x0000000706700000, 0x0000000706700000| Untracked 
|  86|0x0000000706800000, 0x0000000706800000, 0x0000000706900000|  0%| F|  |TAMS 0x0000000706800000, 0x0000000706800000| Untracked 
|  87|0x0000000706900000, 0x0000000706900000, 0x0000000706a00000|  0%| F|  |TAMS 0x0000000706900000, 0x0000000706900000| Untracked 
|  88|0x0000000706a00000, 0x0000000706a00000, 0x0000000706b00000|  0%| F|  |TAMS 0x0000000706a00000, 0x0000000706a00000| Untracked 
|  89|0x0000000706b00000, 0x0000000706b00000, 0x0000000706c00000|  0%| F|  |TAMS 0x0000000706b00000, 0x0000000706b00000| Untracked 
|  90|0x0000000706c00000, 0x0000000706c00000, 0x0000000706d00000|  0%| F|  |TAMS 0x0000000706c00000, 0x0000000706c00000| Untracked 
|  91|0x0000000706d00000, 0x0000000706d00000, 0x0000000706e00000|  0%| F|  |TAMS 0x0000000706d00000, 0x0000000706d00000| Untracked 
|  92|0x0000000706e00000, 0x0000000706e00000, 0x0000000706f00000|  0%| F|  |TAMS 0x0000000706e00000, 0x0000000706e00000| Untracked 
|  93|0x0000000706f00000, 0x0000000706f00000, 0x0000000707000000|  0%| F|  |TAMS 0x0000000706f00000, 0x0000000706f00000| Untracked 
|  94|0x0000000707000000, 0x0000000707000000, 0x0000000707100000|  0%| F|  |TAMS 0x0000000707000000, 0x0000000707000000| Untracked 
|  95|0x0000000707100000, 0x0000000707100000, 0x0000000707200000|  0%| F|  |TAMS 0x0000000707100000, 0x0000000707100000| Untracked 
|  96|0x0000000707200000, 0x0000000707200000, 0x0000000707300000|  0%| F|  |TAMS 0x0000000707200000, 0x0000000707200000| Untracked 
|  97|0x0000000707300000, 0x0000000707300000, 0x0000000707400000|  0%| F|  |TAMS 0x0000000707300000, 0x0000000707300000| Untracked 
|  98|0x0000000707400000, 0x0000000707400000, 0x0000000707500000|  0%| F|  |TAMS 0x0000000707400000, 0x0000000707400000| Untracked 
|  99|0x0000000707500000, 0x0000000707500000, 0x0000000707600000|  0%| F|  |TAMS 0x0000000707500000, 0x0000000707500000| Untracked 
| 100|0x0000000707600000, 0x0000000707600000, 0x0000000707700000|  0%| F|  |TAMS 0x0000000707600000, 0x0000000707600000| Untracked 
| 101|0x0000000707700000, 0x0000000707700000, 0x0000000707800000|  0%| F|  |TAMS 0x0000000707700000, 0x0000000707700000| Untracked 
| 102|0x0000000707800000, 0x0000000707800000, 0x0000000707900000|  0%| F|  |TAMS 0x0000000707800000, 0x0000000707800000| Untracked 
| 103|0x0000000707900000, 0x0000000707900000, 0x0000000707a00000|  0%| F|  |TAMS 0x0000000707900000, 0x0000000707900000| Untracked 
| 104|0x0000000707a00000, 0x0000000707a00000, 0x0000000707b00000|  0%| F|  |TAMS 0x0000000707a00000, 0x0000000707a00000| Untracked 
| 105|0x0000000707b00000, 0x0000000707b00000, 0x0000000707c00000|  0%| F|  |TAMS 0x0000000707b00000, 0x0000000707b00000| Untracked 
| 106|0x0000000707c00000, 0x0000000707c00000, 0x0000000707d00000|  0%| F|  |TAMS 0x0000000707c00000, 0x0000000707c00000| Untracked 
| 107|0x0000000707d00000, 0x0000000707d00000, 0x0000000707e00000|  0%| F|  |TAMS 0x0000000707d00000, 0x0000000707d00000| Untracked 
| 108|0x0000000707e00000, 0x0000000707e00000, 0x0000000707f00000|  0%| F|  |TAMS 0x0000000707e00000, 0x0000000707e00000| Untracked 
| 109|0x0000000707f00000, 0x0000000707f00000, 0x0000000708000000|  0%| F|  |TAMS 0x0000000707f00000, 0x0000000707f00000| Untracked 
| 110|0x0000000708000000, 0x0000000708000000, 0x0000000708100000|  0%| F|  |TAMS 0x0000000708000000, 0x0000000708000000| Untracked 
| 111|0x0000000708100000, 0x0000000708100000, 0x0000000708200000|  0%| F|  |TAMS 0x0000000708100000, 0x0000000708100000| Untracked 
| 112|0x0000000708200000, 0x0000000708200000, 0x0000000708300000|  0%| F|  |TAMS 0x0000000708200000, 0x0000000708200000| Untracked 
| 113|0x0000000708300000, 0x0000000708300000, 0x0000000708400000|  0%| F|  |TAMS 0x0000000708300000, 0x0000000708300000| Untracked 
| 114|0x0000000708400000, 0x0000000708400000, 0x0000000708500000|  0%| F|  |TAMS 0x0000000708400000, 0x0000000708400000| Untracked 
| 115|0x0000000708500000, 0x0000000708500000, 0x0000000708600000|  0%| F|  |TAMS 0x0000000708500000, 0x0000000708500000| Untracked 
| 116|0x0000000708600000, 0x0000000708600000, 0x0000000708700000|  0%| F|  |TAMS 0x0000000708600000, 0x0000000708600000| Untracked 
| 117|0x0000000708700000, 0x0000000708700000, 0x0000000708800000|  0%| F|  |TAMS 0x0000000708700000, 0x0000000708700000| Untracked 
| 118|0x0000000708800000, 0x0000000708800000, 0x0000000708900000|  0%| F|  |TAMS 0x0000000708800000, 0x0000000708800000| Untracked 
| 119|0x0000000708900000, 0x0000000708900000, 0x0000000708a00000|  0%| F|  |TAMS 0x0000000708900000, 0x0000000708900000| Untracked 
| 120|0x0000000708a00000, 0x0000000708a00000, 0x0000000708b00000|  0%| F|  |TAMS 0x0000000708a00000, 0x0000000708a00000| Untracked 
| 121|0x0000000708b00000, 0x0000000708b00000, 0x0000000708c00000|  0%| F|  |TAMS 0x0000000708b00000, 0x0000000708b00000| Untracked 
| 122|0x0000000708c00000, 0x0000000708c00000, 0x0000000708d00000|  0%| F|  |TAMS 0x0000000708c00000, 0x0000000708c00000| Untracked 
| 123|0x0000000708d00000, 0x0000000708d00000, 0x0000000708e00000|  0%| F|  |TAMS 0x0000000708d00000, 0x0000000708d00000| Untracked 
| 124|0x0000000708e00000, 0x0000000708e00000, 0x0000000708f00000|  0%| F|  |TAMS 0x0000000708e00000, 0x0000000708e00000| Untracked 
| 125|0x0000000708f00000, 0x0000000708f00000, 0x0000000709000000|  0%| F|  |TAMS 0x0000000708f00000, 0x0000000708f00000| Untracked 
| 126|0x0000000709000000, 0x0000000709000000, 0x0000000709100000|  0%| F|  |TAMS 0x0000000709000000, 0x0000000709000000| Untracked 
| 127|0x0000000709100000, 0x0000000709100000, 0x0000000709200000|  0%| F|  |TAMS 0x0000000709100000, 0x0000000709100000| Untracked 
| 128|0x0000000709200000, 0x0000000709200000, 0x0000000709300000|  0%| F|  |TAMS 0x0000000709200000, 0x0000000709200000| Untracked 
| 129|0x0000000709300000, 0x0000000709300000, 0x0000000709400000|  0%| F|  |TAMS 0x0000000709300000, 0x0000000709300000| Untracked 
| 130|0x0000000709400000, 0x0000000709400000, 0x0000000709500000|  0%| F|  |TAMS 0x0000000709400000, 0x0000000709400000| Untracked 
| 131|0x0000000709500000, 0x0000000709500000, 0x0000000709600000|  0%| F|  |TAMS 0x0000000709500000, 0x0000000709500000| Untracked 
| 132|0x0000000709600000, 0x0000000709600000, 0x0000000709700000|  0%| F|  |TAMS 0x0000000709600000, 0x0000000709600000| Untracked 
| 133|0x0000000709700000, 0x0000000709700000, 0x0000000709800000|  0%| F|  |TAMS 0x0000000709700000, 0x0000000709700000| Untracked 
| 134|0x0000000709800000, 0x0000000709800000, 0x0000000709900000|  0%| F|  |TAMS 0x0000000709800000, 0x0000000709800000| Untracked 
| 135|0x0000000709900000, 0x0000000709900000, 0x0000000709a00000|  0%| F|  |TAMS 0x0000000709900000, 0x0000000709900000| Untracked 
| 136|0x0000000709a00000, 0x0000000709a00000, 0x0000000709b00000|  0%| F|  |TAMS 0x0000000709a00000, 0x0000000709a00000| Untracked 
| 137|0x0000000709b00000, 0x0000000709b00000, 0x0000000709c00000|  0%| F|  |TAMS 0x0000000709b00000, 0x0000000709b00000| Untracked 
| 138|0x0000000709c00000, 0x0000000709c00000, 0x0000000709d00000|  0%| F|  |TAMS 0x0000000709c00000, 0x0000000709c00000| Untracked 
| 139|0x0000000709d00000, 0x0000000709d00000, 0x0000000709e00000|  0%| F|  |TAMS 0x0000000709d00000, 0x0000000709d00000| Untracked 
| 140|0x0000000709e00000, 0x0000000709e00000, 0x0000000709f00000|  0%| F|  |TAMS 0x0000000709e00000, 0x0000000709e00000| Untracked 
| 141|0x0000000709f00000, 0x0000000709f00000, 0x000000070a000000|  0%| F|  |TAMS 0x0000000709f00000, 0x0000000709f00000| Untracked 
| 142|0x000000070a000000, 0x000000070a000000, 0x000000070a100000|  0%| F|  |TAMS 0x000000070a000000, 0x000000070a000000| Untracked 
| 143|0x000000070a100000, 0x000000070a100000, 0x000000070a200000|  0%| F|  |TAMS 0x000000070a100000, 0x000000070a100000| Untracked 
| 144|0x000000070a200000, 0x000000070a200000, 0x000000070a300000|  0%| F|  |TAMS 0x000000070a200000, 0x000000070a200000| Untracked 
| 145|0x000000070a300000, 0x000000070a300000, 0x000000070a400000|  0%| F|  |TAMS 0x000000070a300000, 0x000000070a300000| Untracked 
| 146|0x000000070a400000, 0x000000070a400000, 0x000000070a500000|  0%| F|  |TAMS 0x000000070a400000, 0x000000070a400000| Untracked 
| 147|0x000000070a500000, 0x000000070a500000, 0x000000070a600000|  0%| F|  |TAMS 0x000000070a500000, 0x000000070a500000| Untracked 
| 148|0x000000070a600000, 0x000000070a600000, 0x000000070a700000|  0%| F|  |TAMS 0x000000070a600000, 0x000000070a600000| Untracked 
| 149|0x000000070a700000, 0x000000070a700000, 0x000000070a800000|  0%| F|  |TAMS 0x000000070a700000, 0x000000070a700000| Untracked 
| 150|0x000000070a800000, 0x000000070a800000, 0x000000070a900000|  0%| F|  |TAMS 0x000000070a800000, 0x000000070a800000| Untracked 
| 151|0x000000070a900000, 0x000000070a900000, 0x000000070aa00000|  0%| F|  |TAMS 0x000000070a900000, 0x000000070a900000| Untracked 
| 152|0x000000070aa00000, 0x000000070aa00000, 0x000000070ab00000|  0%| F|  |TAMS 0x000000070aa00000, 0x000000070aa00000| Untracked 
| 153|0x000000070ab00000, 0x000000070ab00000, 0x000000070ac00000|  0%| F|  |TAMS 0x000000070ab00000, 0x000000070ab00000| Untracked 
| 154|0x000000070ac00000, 0x000000070ac00000, 0x000000070ad00000|  0%| F|  |TAMS 0x000000070ac00000, 0x000000070ac00000| Untracked 
| 155|0x000000070ad00000, 0x000000070ad00000, 0x000000070ae00000|  0%| F|  |TAMS 0x000000070ad00000, 0x000000070ad00000| Untracked 
| 156|0x000000070ae00000, 0x000000070ae00000, 0x000000070af00000|  0%| F|  |TAMS 0x000000070ae00000, 0x000000070ae00000| Untracked 
| 157|0x000000070af00000, 0x000000070af00000, 0x000000070b000000|  0%| F|  |TAMS 0x000000070af00000, 0x000000070af00000| Untracked 
| 158|0x000000070b000000, 0x000000070b000000, 0x000000070b100000|  0%| F|  |TAMS 0x000000070b000000, 0x000000070b000000| Untracked 
| 159|0x000000070b100000, 0x000000070b100000, 0x000000070b200000|  0%| F|  |TAMS 0x000000070b100000, 0x000000070b100000| Untracked 
| 160|0x000000070b200000, 0x000000070b200000, 0x000000070b300000|  0%| F|  |TAMS 0x000000070b200000, 0x000000070b200000| Untracked 
| 161|0x000000070b300000, 0x000000070b300000, 0x000000070b400000|  0%| F|  |TAMS 0x000000070b300000, 0x000000070b300000| Untracked 
| 162|0x000000070b400000, 0x000000070b400000, 0x000000070b500000|  0%| F|  |TAMS 0x000000070b400000, 0x000000070b400000| Untracked 
| 163|0x000000070b500000, 0x000000070b500000, 0x000000070b600000|  0%| F|  |TAMS 0x000000070b500000, 0x000000070b500000| Untracked 
| 164|0x000000070b600000, 0x000000070b600000, 0x000000070b700000|  0%| F|  |TAMS 0x000000070b600000, 0x000000070b600000| Untracked 
| 165|0x000000070b700000, 0x000000070b700000, 0x000000070b800000|  0%| F|  |TAMS 0x000000070b700000, 0x000000070b700000| Untracked 
| 166|0x000000070b800000, 0x000000070b800000, 0x000000070b900000|  0%| F|  |TAMS 0x000000070b800000, 0x000000070b800000| Untracked 
| 167|0x000000070b900000, 0x000000070b900000, 0x000000070ba00000|  0%| F|  |TAMS 0x000000070b900000, 0x000000070b900000| Untracked 
| 168|0x000000070ba00000, 0x000000070ba00000, 0x000000070bb00000|  0%| F|  |TAMS 0x000000070ba00000, 0x000000070ba00000| Untracked 
| 169|0x000000070bb00000, 0x000000070bb00000, 0x000000070bc00000|  0%| F|  |TAMS 0x000000070bb00000, 0x000000070bb00000| Untracked 
| 170|0x000000070bc00000, 0x000000070bc00000, 0x000000070bd00000|  0%| F|  |TAMS 0x000000070bc00000, 0x000000070bc00000| Untracked 
| 171|0x000000070bd00000, 0x000000070bd00000, 0x000000070be00000|  0%| F|  |TAMS 0x000000070bd00000, 0x000000070bd00000| Untracked 
| 172|0x000000070be00000, 0x000000070be00000, 0x000000070bf00000|  0%| F|  |TAMS 0x000000070be00000, 0x000000070be00000| Untracked 
| 173|0x000000070bf00000, 0x000000070bf00000, 0x000000070c000000|  0%| F|  |TAMS 0x000000070bf00000, 0x000000070bf00000| Untracked 
| 174|0x000000070c000000, 0x000000070c080800, 0x000000070c100000| 50%| E|  |TAMS 0x000000070c000000, 0x000000070c000000| Complete 
| 175|0x000000070c100000, 0x000000070c200000, 0x000000070c200000|100%| E|CS|TAMS 0x000000070c100000, 0x000000070c100000| Complete 
| 176|0x000000070c200000, 0x000000070c300000, 0x000000070c300000|100%| E|CS|TAMS 0x000000070c200000, 0x000000070c200000| Complete 
| 177|0x000000070c300000, 0x000000070c400000, 0x000000070c400000|100%| E|CS|TAMS 0x000000070c300000, 0x000000070c300000| Complete 
| 178|0x000000070c400000, 0x000000070c500000, 0x000000070c500000|100%| E|CS|TAMS 0x000000070c400000, 0x000000070c400000| Complete 
| 179|0x000000070c500000, 0x000000070c600000, 0x000000070c600000|100%| E|CS|TAMS 0x000000070c500000, 0x000000070c500000| Complete 
| 180|0x000000070c600000, 0x000000070c700000, 0x000000070c700000|100%| E|CS|TAMS 0x000000070c600000, 0x000000070c600000| Complete 
| 181|0x000000070c700000, 0x000000070c800000, 0x000000070c800000|100%| E|CS|TAMS 0x000000070c700000, 0x000000070c700000| Complete 
| 182|0x000000070c800000, 0x000000070c900000, 0x000000070c900000|100%| E|CS|TAMS 0x000000070c800000, 0x000000070c800000| Complete 
| 183|0x000000070c900000, 0x000000070ca00000, 0x000000070ca00000|100%| E|CS|TAMS 0x000000070c900000, 0x000000070c900000| Complete 
| 184|0x000000070ca00000, 0x000000070cb00000, 0x000000070cb00000|100%| E|CS|TAMS 0x000000070ca00000, 0x000000070ca00000| Complete 
| 185|0x000000070cb00000, 0x000000070cc00000, 0x000000070cc00000|100%| E|CS|TAMS 0x000000070cb00000, 0x000000070cb00000| Complete 
| 186|0x000000070cc00000, 0x000000070cd00000, 0x000000070cd00000|100%| E|CS|TAMS 0x000000070cc00000, 0x000000070cc00000| Complete 
| 187|0x000000070cd00000, 0x000000070ce00000, 0x000000070ce00000|100%| E|CS|TAMS 0x000000070cd00000, 0x000000070cd00000| Complete 
| 188|0x000000070ce00000, 0x000000070cf00000, 0x000000070cf00000|100%| E|CS|TAMS 0x000000070ce00000, 0x000000070ce00000| Complete 
| 189|0x000000070cf00000, 0x000000070d000000, 0x000000070d000000|100%| E|CS|TAMS 0x000000070cf00000, 0x000000070cf00000| Complete 
| 190|0x000000070d000000, 0x000000070d100000, 0x000000070d100000|100%| E|CS|TAMS 0x000000070d000000, 0x000000070d000000| Complete 
| 191|0x000000070d100000, 0x000000070d200000, 0x000000070d200000|100%| E|CS|TAMS 0x000000070d100000, 0x000000070d100000| Complete 
| 192|0x000000070d200000, 0x000000070d300000, 0x000000070d300000|100%| E|CS|TAMS 0x000000070d200000, 0x000000070d200000| Complete 
| 193|0x000000070d300000, 0x000000070d400000, 0x000000070d400000|100%| E|CS|TAMS 0x000000070d300000, 0x000000070d300000| Complete 
| 194|0x000000070d400000, 0x000000070d500000, 0x000000070d500000|100%| E|CS|TAMS 0x000000070d400000, 0x000000070d400000| Complete 
| 195|0x000000070d500000, 0x000000070d600000, 0x000000070d600000|100%| E|CS|TAMS 0x000000070d500000, 0x000000070d500000| Complete 
| 196|0x000000070d600000, 0x000000070d6a2ce0, 0x000000070d700000| 63%| S|CS|TAMS 0x000000070d600000, 0x000000070d600000| Complete 
| 197|0x000000070d700000, 0x000000070d800000, 0x000000070d800000|100%| S|CS|TAMS 0x000000070d700000, 0x000000070d700000| Complete 
| 198|0x000000070d800000, 0x000000070d900000, 0x000000070d900000|100%| S|CS|TAMS 0x000000070d800000, 0x000000070d800000| Complete 
| 199|0x000000070d900000, 0x000000070da00000, 0x000000070da00000|100%| S|CS|TAMS 0x000000070d900000, 0x000000070d900000| Complete 
| 200|0x000000070da00000, 0x000000070db00000, 0x000000070db00000|100%| E|CS|TAMS 0x000000070da00000, 0x000000070da00000| Complete 
| 201|0x000000070db00000, 0x000000070dc00000, 0x000000070dc00000|100%| E|CS|TAMS 0x000000070db00000, 0x000000070db00000| Complete 
| 202|0x000000070dc00000, 0x000000070dd00000, 0x000000070dd00000|100%| E|CS|TAMS 0x000000070dc00000, 0x000000070dc00000| Complete 
| 203|0x000000070dd00000, 0x000000070de00000, 0x000000070de00000|100%| E|CS|TAMS 0x000000070dd00000, 0x000000070dd00000| Complete 
| 204|0x000000070de00000, 0x000000070df00000, 0x000000070df00000|100%| E|CS|TAMS 0x000000070de00000, 0x000000070de00000| Complete 
| 205|0x000000070df00000, 0x000000070e000000, 0x000000070e000000|100%| E|CS|TAMS 0x000000070df00000, 0x000000070df00000| Complete 
| 206|0x000000070e000000, 0x000000070e100000, 0x000000070e100000|100%| E|CS|TAMS 0x000000070e000000, 0x000000070e000000| Complete 
| 207|0x000000070e100000, 0x000000070e200000, 0x000000070e200000|100%| E|CS|TAMS 0x000000070e100000, 0x000000070e100000| Complete 
| 208|0x000000070e200000, 0x000000070e300000, 0x000000070e300000|100%| E|CS|TAMS 0x000000070e200000, 0x000000070e200000| Complete 
| 209|0x000000070e300000, 0x000000070e400000, 0x000000070e400000|100%| E|CS|TAMS 0x000000070e300000, 0x000000070e300000| Complete 
| 210|0x000000070e400000, 0x000000070e500000, 0x000000070e500000|100%| E|CS|TAMS 0x000000070e400000, 0x000000070e400000| Complete 
| 211|0x000000070e500000, 0x000000070e600000, 0x000000070e600000|100%| E|CS|TAMS 0x000000070e500000, 0x000000070e500000| Complete 
| 212|0x000000070e600000, 0x000000070e700000, 0x000000070e700000|100%| E|CS|TAMS 0x000000070e600000, 0x000000070e600000| Complete 
| 213|0x000000070e700000, 0x000000070e800000, 0x000000070e800000|100%| E|CS|TAMS 0x000000070e700000, 0x000000070e700000| Complete 
| 214|0x000000070e800000, 0x000000070e900000, 0x000000070e900000|100%| E|CS|TAMS 0x000000070e800000, 0x000000070e800000| Complete 
| 215|0x000000070e900000, 0x000000070ea00000, 0x000000070ea00000|100%| E|CS|TAMS 0x000000070e900000, 0x000000070e900000| Complete 
| 216|0x000000070ea00000, 0x000000070eb00000, 0x000000070eb00000|100%| E|CS|TAMS 0x000000070ea00000, 0x000000070ea00000| Complete 
| 217|0x000000070eb00000, 0x000000070ec00000, 0x000000070ec00000|100%| E|CS|TAMS 0x000000070eb00000, 0x000000070eb00000| Complete 
| 218|0x000000070ec00000, 0x000000070ed00000, 0x000000070ed00000|100%| E|CS|TAMS 0x000000070ec00000, 0x000000070ec00000| Complete 
| 219|0x000000070ed00000, 0x000000070ee00000, 0x000000070ee00000|100%| E|CS|TAMS 0x000000070ed00000, 0x000000070ed00000| Complete 
| 220|0x000000070ee00000, 0x000000070ef00000, 0x000000070ef00000|100%| E|CS|TAMS 0x000000070ee00000, 0x000000070ee00000| Complete 
| 221|0x000000070ef00000, 0x000000070f000000, 0x000000070f000000|100%| E|CS|TAMS 0x000000070ef00000, 0x000000070ef00000| Complete 
| 222|0x000000070f000000, 0x000000070f100000, 0x000000070f100000|100%| E|CS|TAMS 0x000000070f000000, 0x000000070f000000| Complete 
| 223|0x000000070f100000, 0x000000070f200000, 0x000000070f200000|100%| E|CS|TAMS 0x000000070f100000, 0x000000070f100000| Complete 
| 224|0x000000070f200000, 0x000000070f300000, 0x000000070f300000|100%| E|CS|TAMS 0x000000070f200000, 0x000000070f200000| Complete 
| 225|0x000000070f300000, 0x000000070f400000, 0x000000070f400000|100%| E|CS|TAMS 0x000000070f300000, 0x000000070f300000| Complete 
| 226|0x000000070f400000, 0x000000070f500000, 0x000000070f500000|100%| E|CS|TAMS 0x000000070f400000, 0x000000070f400000| Complete 
| 227|0x000000070f500000, 0x000000070f600000, 0x000000070f600000|100%| E|CS|TAMS 0x000000070f500000, 0x000000070f500000| Complete 
| 228|0x000000070f600000, 0x000000070f700000, 0x000000070f700000|100%| E|CS|TAMS 0x000000070f600000, 0x000000070f600000| Complete 
| 229|0x000000070f700000, 0x000000070f800000, 0x000000070f800000|100%| E|CS|TAMS 0x000000070f700000, 0x000000070f700000| Complete 
| 230|0x000000070f800000, 0x000000070f900000, 0x000000070f900000|100%| E|CS|TAMS 0x000000070f800000, 0x000000070f800000| Complete 
| 231|0x000000070f900000, 0x000000070fa00000, 0x000000070fa00000|100%| E|CS|TAMS 0x000000070f900000, 0x000000070f900000| Complete 
| 232|0x000000070fa00000, 0x000000070fb00000, 0x000000070fb00000|100%| E|CS|TAMS 0x000000070fa00000, 0x000000070fa00000| Complete 
| 233|0x000000070fb00000, 0x000000070fc00000, 0x000000070fc00000|100%| E|CS|TAMS 0x000000070fb00000, 0x000000070fb00000| Complete 
| 234|0x000000070fc00000, 0x000000070fd00000, 0x000000070fd00000|100%| E|CS|TAMS 0x000000070fc00000, 0x000000070fc00000| Complete 
| 235|0x000000070fd00000, 0x000000070fe00000, 0x000000070fe00000|100%| E|CS|TAMS 0x000000070fd00000, 0x000000070fd00000| Complete 
| 236|0x000000070fe00000, 0x000000070ff00000, 0x000000070ff00000|100%| E|CS|TAMS 0x000000070fe00000, 0x000000070fe00000| Complete 
| 237|0x000000070ff00000, 0x0000000710000000, 0x0000000710000000|100%| E|CS|TAMS 0x000000070ff00000, 0x000000070ff00000| Complete 
| 238|0x0000000710000000, 0x0000000710100000, 0x0000000710100000|100%| E|CS|TAMS 0x0000000710000000, 0x0000000710000000| Complete 
| 239|0x0000000710100000, 0x0000000710200000, 0x0000000710200000|100%| E|CS|TAMS 0x0000000710100000, 0x0000000710100000| Complete 
| 240|0x0000000710200000, 0x0000000710300000, 0x0000000710300000|100%| E|CS|TAMS 0x0000000710200000, 0x0000000710200000| Complete 
| 241|0x0000000710300000, 0x0000000710400000, 0x0000000710400000|100%| E|CS|TAMS 0x0000000710300000, 0x0000000710300000| Complete 
| 242|0x0000000710400000, 0x0000000710500000, 0x0000000710500000|100%| E|CS|TAMS 0x0000000710400000, 0x0000000710400000| Complete 
| 243|0x0000000710500000, 0x0000000710600000, 0x0000000710600000|100%| E|CS|TAMS 0x0000000710500000, 0x0000000710500000| Complete 
| 244|0x0000000710600000, 0x0000000710700000, 0x0000000710700000|100%| E|CS|TAMS 0x0000000710600000, 0x0000000710600000| Complete 
| 245|0x0000000710700000, 0x0000000710800000, 0x0000000710800000|100%| E|CS|TAMS 0x0000000710700000, 0x0000000710700000| Complete 
| 246|0x0000000710800000, 0x0000000710900000, 0x0000000710900000|100%| E|CS|TAMS 0x0000000710800000, 0x0000000710800000| Complete 
| 247|0x0000000710900000, 0x0000000710a00000, 0x0000000710a00000|100%| E|CS|TAMS 0x0000000710900000, 0x0000000710900000| Complete 
| 248|0x0000000710a00000, 0x0000000710b00000, 0x0000000710b00000|100%| E|CS|TAMS 0x0000000710a00000, 0x0000000710a00000| Complete 
| 249|0x0000000710b00000, 0x0000000710c00000, 0x0000000710c00000|100%| E|CS|TAMS 0x0000000710b00000, 0x0000000710b00000| Complete 
| 250|0x0000000710c00000, 0x0000000710d00000, 0x0000000710d00000|100%| E|CS|TAMS 0x0000000710c00000, 0x0000000710c00000| Complete 
| 251|0x0000000710d00000, 0x0000000710e00000, 0x0000000710e00000|100%| E|CS|TAMS 0x0000000710d00000, 0x0000000710d00000| Complete 
| 252|0x0000000710e00000, 0x0000000710f00000, 0x0000000710f00000|100%| E|CS|TAMS 0x0000000710e00000, 0x0000000710e00000| Complete 
| 253|0x0000000710f00000, 0x0000000711000000, 0x0000000711000000|100%| E|CS|TAMS 0x0000000710f00000, 0x0000000710f00000| Complete 
| 254|0x0000000711000000, 0x0000000711100000, 0x0000000711100000|100%| E|CS|TAMS 0x0000000711000000, 0x0000000711000000| Complete 
| 255|0x0000000711100000, 0x0000000711200000, 0x0000000711200000|100%| E|CS|TAMS 0x0000000711100000, 0x0000000711100000| Complete 

Card table byte_map: [0x0000019c77cd0000,0x0000019c784d0000] _byte_map_base: 0x0000019c744c7000

Marking Bits (Prev, Next): (CMBitMap*) 0x0000019c5d685740, (CMBitMap*) 0x0000019c5d685708
 Prev Bits: [0x0000019c00000000, 0x0000019c03fb8000)
 Next Bits: [0x0000019c78cd0000, 0x0000019c7cc88000)

Polling page: 0x0000019c674f0000

Metaspace:

Usage:
  Non-class:     27.83 MB capacity,    27.45 MB ( 99%) used,   309.96 KB (  1%) free+waste,    79.38 KB ( <1%) overhead. 
      Class:      3.81 MB capacity,     3.53 MB ( 93%) used,   248.79 KB (  6%) free+waste,    39.13 KB (  1%) overhead. 
       Both:     31.63 MB capacity,    30.97 MB ( 98%) used,   558.75 KB (  2%) free+waste,   118.50 KB ( <1%) overhead. 

Virtual space:
  Non-class space:       28.00 MB reserved,      28.00 MB (100%) committed 
      Class space:        1.00 GB reserved,       3.88 MB ( <1%) committed 
             Both:        1.03 GB reserved,      31.88 MB (  3%) committed 

Chunk freelists:
   Non-Class:  48.00 KB
       Class:  6.00 KB
        Both:  54.00 KB

MaxMetaspaceSize: 17179869184.00 GB
CompressedClassSpaceSize: 1.00 GB
Initial GC threshold: 20.80 MB
Current GC threshold: 35.00 MB
CDS: off

CodeHeap 'non-profiled nmethods': size=119168Kb used=2758Kb max_used=2758Kb free=116409Kb
 bounds [0x0000019c6f0b0000, 0x0000019c6f370000, 0x0000019c76510000]
CodeHeap 'profiled nmethods': size=119168Kb used=11252Kb max_used=11252Kb free=107915Kb
 bounds [0x0000019c67c50000, 0x0000019c68750000, 0x0000019c6f0b0000]
CodeHeap 'non-nmethods': size=7424Kb used=1953Kb max_used=3136Kb free=5470Kb
 bounds [0x0000019c67510000, 0x0000019c67840000, 0x0000019c67c50000]
 total_blobs=5517 nmethods=4811 adapters=616
 compilation: enabled
              stopped_count=0, restarted_count=0
 full_count=0

Compilation events (20 events):
Event: 23.975 Thread 0x0000019c06dee800 4809       3       com.sun.java.swing.plaf.windows.WindowsLookAndFeel::isMnemonicHidden (18 bytes)
Event: 23.975 Thread 0x0000019c06dee800 nmethod 4809 0x0000019c68748b90 code [0x0000019c68748da0, 0x0000019c68749388]
Event: 23.977 Thread 0x0000019c7fdfb800 4810       3       javax.swing.plaf.basic.BasicGraphicsUtils::isLeftToRight (8 bytes)
Event: 23.977 Thread 0x0000019c7fdfb800 nmethod 4810 0x0000019c68749590 code [0x0000019c68749740, 0x0000019c68749998]
Event: 24.025 Thread 0x0000019c06dee800 4811       3       sun.java2d.pipe.DrawImage::copyImage (105 bytes)
Event: 24.026 Thread 0x0000019c06dee800 nmethod 4811 0x0000019c68749a90 code [0x0000019c68749cc0, 0x0000019c6874a4d8]
Event: 24.054 Thread 0x0000019c7fdfb800 4812       3       java.util.HashSet::<init> (16 bytes)
Event: 24.055 Thread 0x0000019c7fdfb800 nmethod 4812 0x0000019c6874a790 code [0x0000019c6874a980, 0x0000019c6874ad98]
Event: 24.075 Thread 0x0000019c06dee800 4813       3       java.util.IdentityHashMap$IdentityHashMapIterator::<init> (63 bytes)
Event: 24.075 Thread 0x0000019c06dee800 nmethod 4813 0x0000019c6874af10 code [0x0000019c6874b0e0, 0x0000019c6874b398]
Event: 24.116 Thread 0x0000019c7fdfb800 4814       3       com.sun.java.swing.plaf.windows.AnimationController$AnimationState::isDone (35 bytes)
Event: 24.116 Thread 0x0000019c7fdfb800 nmethod 4814 0x0000019c6874b510 code [0x0000019c6874b6e0, 0x0000019c6874b878]
Event: 24.120 Thread 0x0000019c06dee800 4815       1       sun.awt.windows.WObjectPeer::getStateLock (5 bytes)
Event: 24.120 Thread 0x0000019c06dee800 nmethod 4815 0x0000019c6f361690 code [0x0000019c6f361840, 0x0000019c6f3618f8]
Event: 24.143 Thread 0x0000019c7fdfb800 4816       3       java.util.stream.Sink$ChainedReference::cancellationRequested (10 bytes)
Event: 24.143 Thread 0x0000019c7fdfb800 nmethod 4816 0x0000019c6874b910 code [0x0000019c6874bac0, 0x0000019c6874bc88]
Event: 24.146 Thread 0x0000019c06dee800 4817       3       java.util.Formatter$FormatSpecifier::checkBadFlags (49 bytes)
Event: 24.146 Thread 0x0000019c7fdfb800 4818       3       java.util.Formatter$FormatSpecifier::appendJustified (91 bytes)
Event: 24.147 Thread 0x0000019c06dee800 nmethod 4817 0x0000019c6874bd90 code [0x0000019c6874bf80, 0x0000019c6874c3d8]
Event: 24.147 Thread 0x0000019c7fdfb800 nmethod 4818 0x0000019c6874c610 code [0x0000019c6874c840, 0x0000019c6874d008]

GC Heap History (8 events):
Event: 1.562 GC heap before
{Heap before GC invocations=0 (full 0):
 garbage-first heap   total 262144K, used 18432K [0x0000000701200000, 0x0000000800000000)
  region size 1024K, 20 young (20480K), 0 survivors (0K)
 Metaspace       used 20749K, capacity 21231K, committed 21248K, reserved 1069056K
  class space    used 2313K, capacity 2545K, committed 2560K, reserved 1048576K
}
Event: 1.585 GC heap after
{Heap after GC invocations=1 (full 0):
 garbage-first heap   total 262144K, used 4726K [0x0000000701200000, 0x0000000800000000)
  region size 1024K, 3 young (3072K), 3 survivors (3072K)
 Metaspace       used 20749K, capacity 21231K, committed 21248K, reserved 1069056K
  class space    used 2313K, capacity 2545K, committed 2560K, reserved 1048576K
}
Event: 2.098 GC heap before
{Heap before GC invocations=2 (full 0):
 garbage-first heap   total 262144K, used 13942K [0x0000000701200000, 0x0000000800000000)
  region size 1024K, 12 young (12288K), 3 survivors (3072K)
 Metaspace       used 24036K, capacity 24638K, committed 24832K, reserved 1071104K
  class space    used 2733K, capacity 2979K, committed 3072K, reserved 1048576K
}
Event: 2.107 GC heap after
{Heap after GC invocations=3 (full 0):
 garbage-first heap   total 262144K, used 6821K [0x0000000701200000, 0x0000000800000000)
  region size 1024K, 2 young (2048K), 2 survivors (2048K)
 Metaspace       used 24036K, capacity 24638K, committed 24832K, reserved 1071104K
  class space    used 2733K, capacity 2979K, committed 3072K, reserved 1048576K
}
Event: 3.002 GC heap before
{Heap before GC invocations=3 (full 0):
 garbage-first heap   total 262144K, used 40613K [0x0000000701200000, 0x0000000800000000)
  region size 1024K, 35 young (35840K), 2 survivors (2048K)
 Metaspace       used 26105K, capacity 26778K, committed 26880K, reserved 1073152K
  class space    used 3035K, capacity 3307K, committed 3328K, reserved 1048576K
}
Event: 3.009 GC heap after
{Heap after GC invocations=4 (full 0):
 garbage-first heap   total 262144K, used 8281K [0x0000000701200000, 0x0000000800000000)
  region size 1024K, 4 young (4096K), 4 survivors (4096K)
 Metaspace       used 26105K, capacity 26778K, committed 26880K, reserved 1073152K
  class space    used 3035K, capacity 3307K, committed 3328K, reserved 1048576K
}
Event: 3.541 GC heap before
{Heap before GC invocations=4 (full 0):
 garbage-first heap   total 262144K, used 61529K [0x0000000701200000, 0x0000000800000000)
  region size 1024K, 56 young (57344K), 4 survivors (4096K)
 Metaspace       used 26176K, capacity 26790K, committed 26880K, reserved 1073152K
  class space    used 3039K, capacity 3309K, committed 3328K, reserved 1048576K
}
Event: 3.547 GC heap after
{Heap after GC invocations=5 (full 0):
 garbage-first heap   total 262144K, used 8496K [0x0000000701200000, 0x0000000800000000)
  region size 1024K, 4 young (4096K), 4 survivors (4096K)
 Metaspace       used 26176K, capacity 26790K, committed 26880K, reserved 1073152K
  class space    used 3039K, capacity 3309K, committed 3328K, reserved 1048576K
}

Deoptimization events (20 events):
Event: 5.819 Thread 0x0000019c06cdc000 Uncommon trap: trap_request=0xffffff4d fr.pc=0x0000019c6f214f18 relative=0x00000000000001f8
Event: 5.819 Thread 0x0000019c06cdc000 Uncommon trap: reason=unstable_if action=reinterpret pc=0x0000019c6f214f18 method=java.util.Hashtable.isEmpty()Z @ 4 c2
Event: 5.819 Thread 0x0000019c06cdc000 DEOPT PACKING pc=0x0000019c6f214f18 sp=0x0000001d729feef0
Event: 5.819 Thread 0x0000019c06cdc000 DEOPT UNPACKING pc=0x0000019c6755a1af sp=0x0000001d729feea0 mode 2
Event: 5.950 Thread 0x0000019c0614c800 Uncommon trap: trap_request=0xffffffc6 fr.pc=0x0000019c6f289d18 relative=0x0000000000000f18
Event: 5.950 Thread 0x0000019c0614c800 Uncommon trap: reason=bimorphic_or_optimized_type_check action=maybe_recompile pc=0x0000019c6f289d18 method=javax.swing.GroupLayout$Group.calculateSize(II)I @ 57 c2
Event: 5.950 Thread 0x0000019c0614c800 DEOPT PACKING pc=0x0000019c6f289d18 sp=0x0000001d71ffa970
Event: 5.950 Thread 0x0000019c0614c800 DEOPT UNPACKING pc=0x0000019c6755a1af sp=0x0000001d71ffa908 mode 2
Event: 5.950 Thread 0x0000019c0614c800 Uncommon trap: trap_request=0xffffffc6 fr.pc=0x0000019c6f289d18 relative=0x0000000000000f18
Event: 5.950 Thread 0x0000019c0614c800 Uncommon trap: reason=bimorphic_or_optimized_type_check action=maybe_recompile pc=0x0000019c6f289d18 method=javax.swing.GroupLayout$Group.calculateSize(II)I @ 57 c2
Event: 5.950 Thread 0x0000019c0614c800 DEOPT PACKING pc=0x0000019c6f289d18 sp=0x0000001d71ffaa30
Event: 5.950 Thread 0x0000019c0614c800 DEOPT UNPACKING pc=0x0000019c6755a1af sp=0x0000001d71ffa9c8 mode 2
Event: 5.959 Thread 0x0000019c0614c800 Uncommon trap: trap_request=0xffffffde fr.pc=0x0000019c6f19fe84 relative=0x0000000000000064
Event: 5.959 Thread 0x0000019c0614c800 Uncommon trap: reason=class_check action=maybe_recompile pc=0x0000019c6f19fe84 method=java.util.LinkedHashMap.afterNodeInsertion(Z)V @ 15 c2
Event: 5.959 Thread 0x0000019c0614c800 DEOPT PACKING pc=0x0000019c6f19fe84 sp=0x0000001d71ff80b0
Event: 5.959 Thread 0x0000019c0614c800 DEOPT UNPACKING pc=0x0000019c6755a1af sp=0x0000001d71ff8028 mode 2
Event: 20.022 Thread 0x0000019c0614c800 Uncommon trap: trap_request=0xffffff4d fr.pc=0x0000019c6f134a98 relative=0x0000000000000078
Event: 20.022 Thread 0x0000019c0614c800 Uncommon trap: reason=unstable_if action=reinterpret pc=0x0000019c6f134a98 method=sun.awt.SunToolkit.getAppContext(Ljava/lang/Object;)Lsun/awt/AppContext; @ 4 c2
Event: 20.022 Thread 0x0000019c0614c800 DEOPT PACKING pc=0x0000019c6f134a98 sp=0x0000001d71ff7890
Event: 20.022 Thread 0x0000019c0614c800 DEOPT UNPACKING pc=0x0000019c6755a1af sp=0x0000001d71ff7828 mode 2

Classes redefined (0 events):
No events

Internal exceptions (20 events):
Event: 5.543 Thread 0x0000019c0614c800 Exception <a 'java/lang/ClassNotFoundException'{0x000000070cee22a8}: javax/swing/AbstractButtonCustomizer> (0x000000070cee22a8) thrown at [./src/hotspot/share/classfile/systemDictionary.cpp, line 231]
Event: 5.545 Thread 0x0000019c0614c800 Exception <a 'java/lang/ClassNotFoundException'{0x000000070cd1ad88}: javax/swing/JButtonCustomizer> (0x000000070cd1ad88) thrown at [./src/hotspot/share/classfile/systemDictionary.cpp, line 231]
Event: 5.546 Thread 0x0000019c0614c800 Exception <a 'java/lang/ClassNotFoundException'{0x000000070cd30a48}: java/lang/ObjectCustomizer> (0x000000070cd30a48) thrown at [./src/hotspot/share/classfile/systemDictionary.cpp, line 231]
Event: 5.546 Thread 0x0000019c0614c800 Exception <a 'java/lang/ClassNotFoundException'{0x000000070cd35708}: java/awt/ComponentCustomizer> (0x000000070cd35708) thrown at [./src/hotspot/share/classfile/systemDictionary.cpp, line 231]
Event: 5.548 Thread 0x0000019c0614c800 Exception <a 'java/lang/ClassNotFoundException'{0x000000070cd99a68}: java/awt/ContainerCustomizer> (0x000000070cd99a68) thrown at [./src/hotspot/share/classfile/systemDictionary.cpp, line 231]
Event: 5.549 Thread 0x0000019c0614c800 Exception <a 'java/lang/ClassNotFoundException'{0x000000070cdccb00}: javax/swing/JComponentCustomizer> (0x000000070cdccb00) thrown at [./src/hotspot/share/classfile/systemDictionary.cpp, line 231]
Event: 5.551 Thread 0x0000019c0614c800 Exception <a 'java/lang/ClassNotFoundException'{0x000000070cc28318}: javax/swing/AbstractButtonCustomizer> (0x000000070cc28318) thrown at [./src/hotspot/share/classfile/systemDictionary.cpp, line 231]
Event: 5.552 Thread 0x0000019c0614c800 Exception <a 'java/lang/ClassNotFoundException'{0x000000070cc608e0}: javax/swing/JButtonCustomizer> (0x000000070cc608e0) thrown at [./src/hotspot/share/classfile/systemDictionary.cpp, line 231]
Event: 5.715 Thread 0x0000019c0614c800 Exception <a 'java/lang/ClassNotFoundException'{0x000000070c93e7c8}: java/lang/ObjectCustomizer> (0x000000070c93e7c8) thrown at [./src/hotspot/share/classfile/systemDictionary.cpp, line 231]
Event: 5.715 Thread 0x0000019c0614c800 Exception <a 'java/lang/ClassNotFoundException'{0x000000070c942f38}: java/awt/ComponentCustomizer> (0x000000070c942f38) thrown at [./src/hotspot/share/classfile/systemDictionary.cpp, line 231]
Event: 5.719 Thread 0x0000019c0614c800 Exception <a 'java/lang/ClassNotFoundException'{0x000000070c9a6d48}: java/awt/ContainerCustomizer> (0x000000070c9a6d48) thrown at [./src/hotspot/share/classfile/systemDictionary.cpp, line 231]
Event: 5.721 Thread 0x0000019c0614c800 Exception <a 'java/lang/ClassNotFoundException'{0x000000070c9d9890}: javax/swing/JComponentCustomizer> (0x000000070c9d9890) thrown at [./src/hotspot/share/classfile/systemDictionary.cpp, line 231]
Event: 5.724 Thread 0x0000019c0614c800 Exception <a 'java/lang/ClassNotFoundException'{0x000000070c834a18}: javax/swing/AbstractButtonCustomizer> (0x000000070c834a18) thrown at [./src/hotspot/share/classfile/systemDictionary.cpp, line 231]
Event: 5.725 Thread 0x0000019c0614c800 Exception <a 'java/lang/ClassNotFoundException'{0x000000070c86ca90}: javax/swing/JMenuItemCustomizer> (0x000000070c86ca90) thrown at [./src/hotspot/share/classfile/systemDictionary.cpp, line 231]
Event: 5.727 Thread 0x0000019c0614c800 Exception <a 'java/lang/ClassNotFoundException'{0x000000070c891188}: java/lang/ObjectCustomizer> (0x000000070c891188) thrown at [./src/hotspot/share/classfile/systemDictionary.cpp, line 231]
Event: 5.727 Thread 0x0000019c0614c800 Exception <a 'java/lang/ClassNotFoundException'{0x000000070c8958f8}: java/awt/ComponentCustomizer> (0x000000070c8958f8) thrown at [./src/hotspot/share/classfile/systemDictionary.cpp, line 231]
Event: 5.729 Thread 0x0000019c0614c800 Exception <a 'java/lang/ClassNotFoundException'{0x000000070c8f94c0}: java/awt/ContainerCustomizer> (0x000000070c8f94c0) thrown at [./src/hotspot/share/classfile/systemDictionary.cpp, line 231]
Event: 5.730 Thread 0x0000019c0614c800 Exception <a 'java/lang/ClassNotFoundException'{0x000000070c72c4a0}: javax/swing/JComponentCustomizer> (0x000000070c72c4a0) thrown at [./src/hotspot/share/classfile/systemDictionary.cpp, line 231]
Event: 5.732 Thread 0x0000019c0614c800 Exception <a 'java/lang/ClassNotFoundException'{0x000000070c787348}: javax/swing/AbstractButtonCustomizer> (0x000000070c787348) thrown at [./src/hotspot/share/classfile/systemDictionary.cpp, line 231]
Event: 5.733 Thread 0x0000019c0614c800 Exception <a 'java/lang/ClassNotFoundException'{0x000000070c7bf3c0}: javax/swing/JMenuItemCustomizer> (0x000000070c7bf3c0) thrown at [./src/hotspot/share/classfile/systemDictionary.cpp, line 231]

Events (20 events):
Event: 21.223 loading class com/sun/java/swing/plaf/windows/AnimationController$AnimationState done
Event: 21.266 loading class java/util/WeakHashMap$KeyIterator
Event: 21.267 loading class java/util/WeakHashMap$HashIterator
Event: 21.267 loading class java/util/WeakHashMap$HashIterator done
Event: 21.267 loading class java/util/WeakHashMap$KeyIterator done
Event: 21.267 loading class java/util/EnumMap$KeySet
Event: 21.267 loading class java/util/EnumMap$KeySet done
Event: 21.268 loading class java/util/EnumMap$KeyIterator
Event: 21.268 loading class java/util/EnumMap$EnumMapIterator
Event: 21.268 loading class java/util/EnumMap$EnumMapIterator done
Event: 21.268 loading class java/util/EnumMap$KeyIterator done
Event: 23.942 Loaded shared library C:\Program Files\Eclipse Foundation\jdk-11.0.12.7-hotspot\bin\awt.dll
Event: 24.150 loading class jssc/SerialPort
Event: 24.150 loading class jssc/SerialPort done
Event: 24.152 loading class jssc/SerialPort$EventThread
Event: 24.152 loading class jssc/SerialPort$EventThread done
Event: 24.152 loading class jssc/SerialPort$LinuxEventThread
Event: 24.152 loading class jssc/SerialPort$LinuxEventThread done
Event: 24.152 loading class jssc/SerialPortTimeoutException
Event: 24.152 loading class jssc/SerialPortTimeoutException done


Dynamic libraries:
0x00007ff607c00000 - 0x00007ff607c0d000 	C:\Program Files\Eclipse Foundation\jdk-11.0.12.7-hotspot\bin\java.exe
0x00007ff9385c0000 - 0x00007ff9387c7000 	C:\Windows\SYSTEM32\ntdll.dll
0x00007ff936420000 - 0x00007ff9364dd000 	C:\Windows\System32\KERNEL32.DLL
0x00007ff935cf0000 - 0x00007ff936064000 	C:\Windows\System32\KERNELBASE.dll
0x00007ff9361e0000 - 0x00007ff9362f1000 	C:\Windows\System32\ucrtbase.dll
0x00007ff913400000 - 0x00007ff913415000 	C:\Program Files\Eclipse Foundation\jdk-11.0.12.7-hotspot\bin\VCRUNTIME140.dll
0x00007ff9133e0000 - 0x00007ff9133f7000 	C:\Program Files\Eclipse Foundation\jdk-11.0.12.7-hotspot\bin\jli.dll
0x00007ff9374b0000 - 0x00007ff93765c000 	C:\Windows\System32\USER32.dll
0x00007ff935cc0000 - 0x00007ff935ce6000 	C:\Windows\System32\win32u.dll
0x00007ff927070000 - 0x00007ff927315000 	C:\Windows\WinSxS\amd64_microsoft.windows.common-controls_6595b64144ccf1df_6.0.22000.120_none_9d947278b86cc467\COMCTL32.dll
0x00007ff9370a0000 - 0x00007ff9370c9000 	C:\Windows\System32\GDI32.dll
0x00007ff9365d0000 - 0x00007ff936673000 	C:\Windows\System32\msvcrt.dll
0x00007ff936300000 - 0x00007ff936412000 	C:\Windows\System32\gdi32full.dll
0x00007ff935b30000 - 0x00007ff935bcd000 	C:\Windows\System32\msvcp_win.dll
0x00007ff937980000 - 0x00007ff9379b1000 	C:\Windows\System32\IMM32.DLL
0x00007ff8e1880000 - 0x00007ff8e191b000 	C:\Program Files\Eclipse Foundation\jdk-11.0.12.7-hotspot\bin\msvcp140.dll
0x00007ff8c3120000 - 0x00007ff8c3c79000 	C:\Program Files\Eclipse Foundation\jdk-11.0.12.7-hotspot\bin\server\jvm.dll
0x00007ff937bd0000 - 0x00007ff937c7c000 	C:\Windows\System32\ADVAPI32.dll
0x00007ff936780000 - 0x00007ff93681d000 	C:\Windows\System32\sechost.dll
0x00007ff9376c0000 - 0x00007ff9377e1000 	C:\Windows\System32\RPCRT4.dll
0x00007ff937410000 - 0x00007ff937418000 	C:\Windows\System32\PSAPI.DLL
0x00007ff92ddb0000 - 0x00007ff92ddb9000 	C:\Windows\SYSTEM32\WSOCK32.dll
0x00007ff92dbf0000 - 0x00007ff92dc23000 	C:\Windows\SYSTEM32\WINMM.dll
0x00007ff92e770000 - 0x00007ff92e77a000 	C:\Windows\SYSTEM32\VERSION.dll
0x00007ff937440000 - 0x00007ff9374af000 	C:\Windows\System32\WS2_32.dll
0x00007ff934c40000 - 0x00007ff934c58000 	C:\Windows\SYSTEM32\kernel.appcore.dll
0x00007ff927ab0000 - 0x00007ff927ac0000 	C:\Program Files\Eclipse Foundation\jdk-11.0.12.7-hotspot\bin\verify.dll
0x00007ff922120000 - 0x00007ff922341000 	C:\Windows\SYSTEM32\DBGHELP.DLL
0x00007ff9277f0000 - 0x00007ff927821000 	C:\Windows\SYSTEM32\dbgcore.DLL
0x00007ff935c40000 - 0x00007ff935cbf000 	C:\Windows\System32\bcryptPrimitives.dll
0x00007ff912e50000 - 0x00007ff912e78000 	C:\Program Files\Eclipse Foundation\jdk-11.0.12.7-hotspot\bin\java.dll
0x00007ff9263b0000 - 0x00007ff9263ba000 	C:\Program Files\Eclipse Foundation\jdk-11.0.12.7-hotspot\bin\jimage.dll
0x00007ff912630000 - 0x00007ff912647000 	C:\Program Files\Eclipse Foundation\jdk-11.0.12.7-hotspot\bin\zip.dll
0x00007ff937da0000 - 0x00007ff93854e000 	C:\Windows\System32\SHELL32.dll
0x00007ff933bd0000 - 0x00007ff934437000 	C:\Windows\SYSTEM32\windows.storage.dll
0x00007ff936d20000 - 0x00007ff937098000 	C:\Windows\System32\combase.dll
0x00007ff933a60000 - 0x00007ff933bc6000 	C:\Windows\SYSTEM32\wintypes.dll
0x00007ff937320000 - 0x00007ff93740a000 	C:\Windows\System32\SHCORE.dll
0x00007ff937660000 - 0x00007ff9376bd000 	C:\Windows\System32\shlwapi.dll
0x00007ff9359a0000 - 0x00007ff9359c1000 	C:\Windows\SYSTEM32\profapi.dll
0x00007ff910ec0000 - 0x00007ff910ed9000 	C:\Program Files\Eclipse Foundation\jdk-11.0.12.7-hotspot\bin\net.dll
0x00007ff92f2a0000 - 0x00007ff92f3ac000 	C:\Windows\SYSTEM32\WINHTTP.dll
0x00007ff935040000 - 0x00007ff9350a7000 	C:\Windows\system32\mswsock.dll
0x00007ff910ea0000 - 0x00007ff910eb2000 	C:\Program Files\Eclipse Foundation\jdk-11.0.12.7-hotspot\bin\nio.dll
0x00007ff8da600000 - 0x00007ff8da799000 	C:\Program Files\Eclipse Foundation\jdk-11.0.12.7-hotspot\bin\awt.dll
0x00007ff9366a0000 - 0x00007ff936776000 	C:\Windows\System32\OLEAUT32.dll
0x00007ff933110000 - 0x00007ff9331a1000 	C:\Windows\SYSTEM32\apphelp.dll
0x00007ff925de0000 - 0x00007ff925de9000 	C:\Program Files\Eclipse Foundation\jdk-11.0.12.7-hotspot\bin\prefs.dll
0x00007ff9331d0000 - 0x00007ff93327c000 	C:\Windows\system32\uxtheme.dll
0x00007ff937c80000 - 0x00007ff937d9e000 	C:\Windows\System32\MSCTF.dll
0x00007ff9379c0000 - 0x00007ff937b5a000 	C:\Windows\System32\ole32.dll
0x00007ff933550000 - 0x00007ff93357f000 	C:\Windows\system32\DWMAPI.DLL
0x00007ff8d99f0000 - 0x00007ff8d9af1000 	C:\Windows\system32\opengl32.dll
0x00007ff910790000 - 0x00007ff9107bd000 	C:\Windows\SYSTEM32\GLU32.dll
0x00007ff9332b0000 - 0x00007ff9332e8000 	C:\Windows\SYSTEM32\dxcore.dll
0x00007ff92cbb0000 - 0x00007ff92cd56000 	C:\Windows\system32\d3d9.dll
0x00007ff92e780000 - 0x00007ff92e86b000 	C:\Windows\System32\DriverStore\FileRepository\nv_dispi.inf_amd64_c1a085cc86772d3f\nvldumdx.dll
0x00007ff936070000 - 0x00007ff9361d2000 	C:\Windows\System32\crypt32.dll
0x00007ff935bd0000 - 0x00007ff935c36000 	C:\Windows\System32\WINTRUST.DLL
0x00007ff935360000 - 0x00007ff935372000 	C:\Windows\SYSTEM32\MSASN1.dll
0x00007ff937420000 - 0x00007ff93743f000 	C:\Windows\System32\imagehlp.dll
0x00007ff935310000 - 0x00007ff935328000 	C:\Windows\SYSTEM32\CRYPTSP.dll
0x00007ff934ba0000 - 0x00007ff934bd5000 	C:\Windows\system32\rsaenh.dll
0x00007ff935230000 - 0x00007ff93523c000 	C:\Windows\SYSTEM32\CRYPTBASE.dll
0x00007ff935450000 - 0x00007ff935477000 	C:\Windows\SYSTEM32\bcrypt.dll
0x00007ff8fc370000 - 0x00007ff8fd57d000 	C:\Windows\System32\DriverStore\FileRepository\nv_dispi.inf_amd64_c1a085cc86772d3f\nvd3dumx.dll
0x00007ff9317b0000 - 0x00007ff9317f4000 	C:\Windows\SYSTEM32\directxdatabasehelper.dll
0x00007ff933410000 - 0x00007ff933444000 	C:\Windows\SYSTEM32\ntmarta.dll
0x00007ff934b00000 - 0x00007ff934b4d000 	C:\Windows\system32\powrprof.dll
0x00007ff934a40000 - 0x00007ff934a53000 	C:\Windows\SYSTEM32\UMPDC.dll
0x00007ff92b4f0000 - 0x00007ff92b5dc000 	C:\Program Files (x86)\NVIDIA Corporation\3D Vision\nvSCPAPI64.dll
0x00007ff9368b0000 - 0x00007ff936d1b000 	C:\Windows\System32\SETUPAPI.dll
0x00007ff935770000 - 0x00007ff9357bc000 	C:\Windows\SYSTEM32\cfgmgr32.DLL
0x00007ff90e800000 - 0x00007ff90ea66000 	C:\Windows\system32\nvspcap64.dll
0x00007ff8f9130000 - 0x00007ff8f91b6000 	C:\Program Files\Eclipse Foundation\jdk-11.0.12.7-hotspot\bin\freetype.dll
0x00007ff9105d0000 - 0x00007ff9105e2000 	C:\Program Files\Eclipse Foundation\jdk-11.0.12.7-hotspot\bin\fontmanager.dll
0x00007ff8dfcb0000 - 0x00007ff8dfd6c000 	C:\Program Files\Eclipse Foundation\jdk-11.0.12.7-hotspot\bin\harfbuzz.dll
0x00007ff9378d0000 - 0x00007ff93797f000 	C:\Windows\System32\clbcatq.dll
0x00007ff92f4f0000 - 0x00007ff92f69e000 	C:\Windows\SYSTEM32\WindowsCodecs.dll
0x00007ff914e80000 - 0x00007ff914edd000 	C:\Windows\system32\dataexchange.dll
0x00007ff92e870000 - 0x00007ff92ead6000 	C:\Windows\system32\twinapi.appcore.dll
0x00007ff92c840000 - 0x00007ff92c8f2000 	C:\Windows\WinSxS\amd64_microsoft.windows.common-controls_6595b64144ccf1df_5.82.22000.1_none_271a8fad6a2d1b1e\comctl32.dll
0x00007ff9321a0000 - 0x00007ff932297000 	C:\Windows\system32\propsys.dll
0x00007ff916b80000 - 0x00007ff916b98000 	C:\Windows\system32\NetworkExplorer.dll
0x00007ff913370000 - 0x00007ff9133d6000 	C:\Windows\System32\thumbcache.dll
0x00007ff92d5e0000 - 0x00007ff92d680000 	C:\Windows\SYSTEM32\policymanager.dll
0x00007ff92d890000 - 0x00007ff92d922000 	C:\Windows\SYSTEM32\msvcp110_win.dll
0x00007ff92bf80000 - 0x00007ff92bf9d000 	C:\Windows\SYSTEM32\MPR.dll
0x00007ff92f0f0000 - 0x00007ff92f11c000 	C:\Windows\System32\p9np.dll
0x00007ff9329e0000 - 0x00007ff9329ec000 	C:\Windows\System32\drprov.dll
0x00007ff9242d0000 - 0x00007ff9242f0000 	C:\Windows\System32\ntlanman.dll
0x00007ff923d10000 - 0x00007ff923d2e000 	C:\Windows\System32\davclnt.dll
0x00007ff9347a0000 - 0x00007ff934803000 	C:\Windows\System32\WINSTA.dll
0x00007ff92ef60000 - 0x00007ff92ef77000 	C:\Windows\System32\wkscli.dll
0x00007ff9277d0000 - 0x00007ff9277e2000 	C:\Windows\SYSTEM32\cscapi.dll
0x00007ff934810000 - 0x00007ff93481c000 	C:\Windows\System32\netutils.dll
0x00007ff9143b0000 - 0x00007ff914407000 	C:\Windows\System32\dlnashext.dll
0x00007ff910ac0000 - 0x00007ff910b2e000 	C:\Windows\System32\PlayToDevice.dll
0x00007ff914fe0000 - 0x00007ff915001000 	C:\Windows\System32\DevDispItemProvider.dll
0x00007ff92ce50000 - 0x00007ff92ceec000 	C:\Windows\System32\MMDevApi.dll
0x00007ff935740000 - 0x00007ff93576c000 	C:\Windows\System32\DEVOBJ.dll
0x00007ff8d9940000 - 0x00007ff8d99e2000 	C:\Windows\system32\wpdshext.dll
0x00007ff92c660000 - 0x00007ff92c813000 	C:\Windows\WinSxS\amd64_microsoft.windows.gdiplus_6595b64144ccf1df_1.1.22000.318_none_ce876b9e12f802ea\gdiplus.dll
0x00007ff92f1d0000 - 0x00007ff92f26e000 	C:\Windows\System32\PortableDeviceApi.dll
0x00007ff92b6a0000 - 0x00007ff92b6d1000 	C:\Windows\System32\PortableDeviceTypes.dll
0x00007ff911050000 - 0x00007ff911087000 	C:\Windows\System32\EhStorShell.dll
0x00007ff922410000 - 0x00007ff922435000 	C:\Windows\System32\EhStorAPI.dll
0x00007ff9322d0000 - 0x00007ff9322e4000 	C:\Windows\System32\WTSAPI32.dll
0x00007ff91b520000 - 0x00007ff91b52d000 	C:\Windows\SYSTEM32\LINKINFO.dll
0x00007ff924120000 - 0x00007ff92412c000 	C:\Windows\SYSTEM32\Secur32.dll
0x00007ff934e60000 - 0x00007ff934ea0000 	C:\Windows\SYSTEM32\SSPICLI.DLL
0x00007ff92d210000 - 0x00007ff92d34b000 	C:\Windows\System32\Windows.System.Launcher.dll
0x00007ff92d1f0000 - 0x00007ff92d20b000 	C:\Windows\SYSTEM32\windows.staterepositorycore.dll
0x0000000071100000 - 0x0000000071125000 	C:\Users\Woota\.jssc\windows\jSSC-2.8_x86_64.dll
0x00007ff916ba0000 - 0x00007ff916ccd000 	C:\Windows\SYSTEM32\textinputframework.dll
0x00007ff932e20000 - 0x00007ff932f52000 	C:\Windows\SYSTEM32\CoreMessaging.dll
0x00007ff930ff0000 - 0x00007ff93135d000 	C:\Windows\SYSTEM32\CoreUIComponents.dll

dbghelp: loaded successfully - version: 4.0.5 - missing functions: none
symbol engine: initialized successfully - sym options: 0x614 - pdb path: .;C:\Program Files\Eclipse Foundation\jdk-11.0.12.7-hotspot\bin;C:\Windows\SYSTEM32;C:\Windows\WinSxS\amd64_microsoft.windows.common-controls_6595b64144ccf1df_6.0.22000.120_none_9d947278b86cc467;C:\Program Files\Eclipse Foundation\jdk-11.0.12.7-hotspot\bin\server;C:\Windows\System32\DriverStore\FileRepository\nv_dispi.inf_amd64_c1a085cc86772d3f;C:\Program Files (x86)\NVIDIA Corporation\3D Vision;C:\Windows\WinSxS\amd64_microsoft.windows.common-controls_6595b64144ccf1df_5.82.22000.1_none_271a8fad6a2d1b1e;C:\Windows\WinSxS\amd64_microsoft.windows.gdiplus_6595b64144ccf1df_1.1.22000.318_none_ce876b9e12f802ea;C:\Users\Woota\.jssc\windows

VM Arguments:
java_command: ESPlorer.jar
java_class_path (initial): ESPlorer.jar
Launcher Type: SUN_STANDARD

[Global flags]
     intx CICompilerCount                          = 12                                        {product} {ergonomic}
     uint ConcGCThreads                            = 3                                         {product} {ergonomic}
     uint G1ConcRefinementThreads                  = 13                                        {product} {ergonomic}
   size_t G1HeapRegionSize                         = 1048576                                   {product} {ergonomic}
    uintx GCDrainStackTargetSize                   = 64                                        {product} {ergonomic}
   size_t InitialHeapSize                          = 268435456                                 {product} {ergonomic}
   size_t MarkStackSize                            = 4194304                                   {product} {ergonomic}
   size_t MaxHeapSize                              = 4276092928                                {product} {ergonomic}
   size_t MaxNewSize                               = 2564816896                                {product} {ergonomic}
   size_t MinHeapDeltaBytes                        = 1048576                                   {product} {ergonomic}
    uintx NonNMethodCodeHeapSize                   = 7594288                                {pd product} {ergonomic}
    uintx NonProfiledCodeHeapSize                  = 122031976                              {pd product} {ergonomic}
    uintx ProfiledCodeHeapSize                     = 122031976                              {pd product} {ergonomic}
    uintx ReservedCodeCacheSize                    = 251658240                              {pd product} {ergonomic}
     bool SegmentedCodeCache                       = true                                      {product} {ergonomic}
     bool UseCompressedClassPointers               = true                                 {lp64_product} {ergonomic}
     bool UseCompressedOops                        = true                                 {lp64_product} {ergonomic}
     bool UseG1GC                                  = true                                      {product} {ergonomic}
     bool UseLargePagesIndividualAllocation        = false                                  {pd product} {ergonomic}

Logging:
Log output configuration:
 #0: stdout all=warning uptime,level,tags
 #1: stderr all=off uptime,level,tags

Environment Variables:
JAVA_HOME=C:\Program Files\Eclipse Foundation\jdk-11.0.12.7-hotspot\
PATH=C:\WinAVR-20100110\bin;C:\WinAVR-20100110\utils\bin;C:\Program Files\Eclipse Foundation\jdk-11.0.12.7-hotspot\bin;C:\Program Files (x86)\Microsoft Azure Sphere SDK\Tools_v2\wbin;C:\Python310\Scripts\;C:\Python310\;C:\Program Files\Python39\Scripts\;C:\Program Files\Python39\;C:\Program Files (x86)\VMware\VMware Workstation\bin\;C:\Program Files\Common Files\Oracle\Java\javapath;C:\Program Files (x86)\Common Files\Oracle\Java\javapath;C:\Python27\;C:\Python27\Scripts;C:\Windows\system32;C:\Windows;C:\Windows\System32\Wbem;C:\Windows\System32\WindowsPowerShell\v1.0\;C:\Windows\System32\OpenSSH\;C:\Program Files (x86)\NVIDIA Corporation\PhysX\Common;C:\Program Files\dotnet\;C:\Program Files (x86)\dotnet\;C:\Program Files\nodejs\;C:\ProgramData\chocolatey\bin;C:\Program Files\LLVM\bin;C:\Program Files\Git\cmd;C:\Program Files\Docker\Docker\resources\bin;C:\ProgramData\DockerDesktop\version-bin;C:\Users\Woota\AppData\Local\Microsoft\WindowsApps;C:\Users\Woota\AppData\Local\GitHubDesktop\bin;C:\Users\Woota\.dotnet\tools;C:\Users\Woota\AppData\Local\Programs\Microsoft VS Code\bin;C:\Users\Woota\AppData\Roaming\npm
USERNAME=Woota
OS=Windows_NT
PROCESSOR_IDENTIFIER=Intel64 Family 6 Model 45 Stepping 7, GenuineIntel



---------------  S Y S T E M  ---------------

OS: Windows 10 , 64 bit Build 22000 (10.0.22000.318)
OS uptime: 0 days 2:37 hours
Hyper-V role detected

CPU:total 16 (initial active 16) (8 cores per cpu, 2 threads per core) family 6 model 45 stepping 7 microcode 0x71a, cmov, cx8, fxsr, mmx, sse, sse2, sse3, ssse3, sse4.1, sse4.2, popcnt, avx, aes, clmul, ht, tsc, tscinvbit, tscinv

Memory: 4k page, system-wide physical 16310M (3448M free)
TotalPageFile size 22710M (AvailPageFile size 2562M)
current process WorkingSet (physical memory assigned to process): 234M, peak: 344M
current process commit charge ("private bytes"): 464M, peak: 587M

vm_info: OpenJDK 64-Bit Server VM (11.0.12+7) for windows-amd64 JRE (11.0.12+7), built on Jul 21 2021 16:23:49 by "" with unknown MS VC++:1916

END.
