#
# A fatal error has been detected by the Java Runtime Environment:
#
#  EXCEPTION_ACCESS_VIOLATION (0xc0000005) at pc=0x000000007110b5db, pid=20732, tid=5004
#
# JRE version: OpenJDK Runtime Environment Temurin-11.0.12+7 (11.0.12+7) (build 11.0.12+7)
# Java VM: OpenJDK 64-Bit Server VM Temurin-11.0.12+7 (11.0.12+7, mixed mode, tiered, compressed oops, g1 gc, windows-amd64)
# Problematic frame:
# C  [jSSC-2.8_x86_64.dll+0xb5db]
#
# No core dump will be written. Minidumps are not enabled by default on client versions of Windows
#
# If you would like to submit a bug report, please visit:
#   https://github.com/adoptium/adoptium-support/issues
# The crash happened outside the Java Virtual Machine in native code.
# See problematic frame for where to report the bug.
#

---------------  S U M M A R Y ------------

Command Line: ESPlorer.jar

Host: Intel(R) Xeon(R) CPU E5-2690 0 @ 2.90GHz, 16 cores, 15G,  Windows 10 , 64 bit Build 22000 (10.0.22000.318)
Time: Tue Dec 28 18:53:32 2021 RTZ 2 (зима) elapsed time: 79.659568 seconds (0d 0h 1m 19s)

---------------  T H R E A D  ---------------

Current thread (0x00000249e96b1800):  JavaThread "AWT-EventQueue-0" [_thread_in_native, id=5004, stack(0x000000b0ec400000,0x000000b0ec500000)]

Stack: [0x000000b0ec400000,0x000000b0ec500000],  sp=0x000000b0ec4faf70,  free space=1003k
Native frames: (J=compiled Java code, j=interpreted, Vv=VM code, C=native code)
C  [jSSC-2.8_x86_64.dll+0xb5db]

Java frames: (J=compiled Java code, j=interpreted, Vv=VM code)
j  jssc.SerialNativeInterface.openPort(Ljava/lang/String;Z)J+0
j  jssc.SerialPort.openPort()Z+65
j  ESPlorer.ESPlorer.portOpen()Z+108
j  ESPlorer.ESPlorer.OpenActionPerformed(Ljava/awt/event/ActionEvent;)V+160
j  ESPlorer.ESPlorer.access$27300(LESPlorer/ESPlorer;Ljava/awt/event/ActionEvent;)V+2
j  ESPlorer.ESPlorer$271.actionPerformed(Ljava/awt/event/ActionEvent;)V+5
j  javax.swing.AbstractButton.fireActionPerformed(Ljava/awt/event/ActionEvent;)V+83 java.desktop@11.0.12
j  javax.swing.AbstractButton$Handler.actionPerformed(Ljava/awt/event/ActionEvent;)V+5 java.desktop@11.0.12
j  javax.swing.DefaultButtonModel.fireActionPerformed(Ljava/awt/event/ActionEvent;)V+34 java.desktop@11.0.12
j  javax.swing.JToggleButton$ToggleButtonModel.setPressed(Z)V+148 java.desktop@11.0.12
j  javax.swing.plaf.basic.BasicButtonListener.mouseReleased(Ljava/awt/event/MouseEvent;)V+35 java.desktop@11.0.12
j  java.awt.AWTEventMulticaster.mouseReleased(Ljava/awt/event/MouseEvent;)V+8 java.desktop@11.0.12
J 5526 c1 java.awt.Component.processMouseEvent(Ljava/awt/event/MouseEvent;)V java.desktop@11.0.12 (100 bytes) @ 0x00000249cbefa79c [0x00000249cbefa320+0x000000000000047c]
J 5527 c1 javax.swing.JComponent.processMouseEvent(Ljava/awt/event/MouseEvent;)V java.desktop@11.0.12 (27 bytes) @ 0x00000249cbefaff4 [0x00000249cbefade0+0x0000000000000214]
J 5663 c2 java.awt.Container.processEvent(Ljava/awt/AWTEvent;)V java.desktop@11.0.12 (22 bytes) @ 0x00000249d2a99fac [0x00000249d2a99e20+0x000000000000018c]
J 5659 c1 java.awt.Component.dispatchEventImpl(Ljava/awt/AWTEvent;)V java.desktop@11.0.12 (777 bytes) @ 0x00000249cbf411ec [0x00000249cbf3d220+0x0000000000003fcc]
J 5472 c2 java.awt.Container.dispatchEventImpl(Ljava/awt/AWTEvent;)V java.desktop@11.0.12 (129 bytes) @ 0x00000249d2a42018 [0x00000249d2a40e60+0x00000000000011b8]
J 5128 c2 java.awt.LightweightDispatcher.retargetMouseEvent(Ljava/awt/Component;ILjava/awt/event/MouseEvent;)V java.desktop@11.0.12 (372 bytes) @ 0x00000249d29c7ea8 [0x00000249d29c7760+0x0000000000000748]
J 5472 c2 java.awt.Container.dispatchEventImpl(Ljava/awt/AWTEvent;)V java.desktop@11.0.12 (129 bytes) @ 0x00000249d2a43358 [0x00000249d2a40e60+0x00000000000024f8]
J 5667 c2 java.awt.Window.dispatchEventImpl(Ljava/awt/AWTEvent;)V java.desktop@11.0.12 (23 bytes) @ 0x00000249d2a9d330 [0x00000249d2a9d2e0+0x0000000000000050]
J 5568 c2 java.awt.EventQueue$4.run()Ljava/lang/Object; java.desktop@11.0.12 (5 bytes) @ 0x00000249d2a6fb64 [0x00000249d2a6f5c0+0x00000000000005a4]
v  ~StubRoutines::call_stub
J 1882  java.security.AccessController.doPrivileged(Ljava/security/PrivilegedAction;Ljava/security/AccessControlContext;)Ljava/lang/Object; java.base@11.0.12 (0 bytes) @ 0x00000249d2746db6 [0x00000249d2746d40+0x0000000000000076]
J 5665 c2 java.awt.EventQueue$5.run()Ljava/lang/Object; java.desktop@11.0.12 (5 bytes) @ 0x00000249d2a9b2b0 [0x00000249d2a9aea0+0x0000000000000410]
v  ~StubRoutines::call_stub
J 1882  java.security.AccessController.doPrivileged(Ljava/security/PrivilegedAction;Ljava/security/AccessControlContext;)Ljava/lang/Object; java.base@11.0.12 (0 bytes) @ 0x00000249d2746db6 [0x00000249d2746d40+0x0000000000000076]
J 5411 c2 java.awt.EventDispatchThread.pumpOneEventForFilters(I)V java.desktop@11.0.12 (113 bytes) @ 0x00000249d2a2ae28 [0x00000249d2a2a840+0x00000000000005e8]
j  java.awt.EventDispatchThread.pumpEventsForFilter(ILjava/awt/Conditional;Ljava/awt/EventFilter;)V+35 java.desktop@11.0.12
j  java.awt.EventDispatchThread.pumpEventsForHierarchy(ILjava/awt/Conditional;Ljava/awt/Component;)V+11 java.desktop@11.0.12
j  java.awt.EventDispatchThread.pumpEvents(ILjava/awt/Conditional;)V+4 java.desktop@11.0.12
j  java.awt.EventDispatchThread.pumpEvents(Ljava/awt/Conditional;)V+3 java.desktop@11.0.12
j  java.awt.EventDispatchThread.run()V+9 java.desktop@11.0.12
v  ~StubRoutines::call_stub

siginfo: EXCEPTION_ACCESS_VIOLATION (0xc0000005), reading address 0xffffffffc0c2e6f9


Register to memory mapping:

RIP=0x000000007110b5db jSSC-2.8_x86_64.dll
RAX=0xffffffffc0c2e6f9 is an unknown value
RBX=0x000000b0ec4fafe0 is pointing into the stack for thread: 0x00000249e96b1800
RCX=0x00007ffa5a843547 ntdll.dll
RDX=0x0 is NULL
RSP=0x000000b0ec4faf70 is pointing into the stack for thread: 0x00000249e96b1800
RBP=0x000000b0ec4fb0f0 is pointing into the stack for thread: 0x00000249e96b1800
RSI=0x00000249e96b1b48 points into unknown readable memory: 0x00007ff9fc6ace20 | 20 ce 6a fc f9 7f 00 00
RDI=0x0000000000000be0 is an unknown value
R8 =0x000000b0ec4fae68 is pointing into the stack for thread: 0x00000249e96b1800
R9 =0x000000b0ec4faf60 is pointing into the stack for thread: 0x00000249e96b1800
R10=0x0 is NULL
R11=0x0000000000010202 is an unknown value
R12=0x000000b0ec4fb1a8 is pointing into the stack for thread: 0x00000249e96b1800
R13=0x00000249f131f7a0 points into unknown readable memory: 0x00374d00374d4f43 | 43 4f 4d 37 00 4d 37 00
R14=0x000000b0ec4fb0a0 is pointing into the stack for thread: 0x00000249e96b1800
R15=0x00000249e96b1800 is a thread


Registers:
RAX=0xffffffffc0c2e6f9, RBX=0x000000b0ec4fafe0, RCX=0x00007ffa5a843547, RDX=0x0000000000000000
RSP=0x000000b0ec4faf70, RBP=0x000000b0ec4fb0f0, RSI=0x00000249e96b1b48, RDI=0x0000000000000be0
R8 =0x000000b0ec4fae68, R9 =0x000000b0ec4faf60, R10=0x0000000000000000, R11=0x0000000000010202
R12=0x000000b0ec4fb1a8, R13=0x00000249f131f7a0, R14=0x000000b0ec4fb0a0, R15=0x00000249e96b1800
RIP=0x000000007110b5db, EFLAGS=0x0000000000010206

Top of Stack: (sp=0x000000b0ec4faf70)
0x000000b0ec4faf70:   00000249e8251700 00000249c0810000
0x000000b0ec4faf80:   000000007110b230 00000249c09c0000
0x000000b0ec4faf90:   000000b0ec4fb050 0000000000000004
0x000000b0ec4fafa0:   00000249e96b1b48 0000000000000be0
0x000000b0ec4fafb0:   000000b0ec4fb0f0 0000000071112590
0x000000b0ec4fafc0:   00000249e96b1800 000000b0ec4fb0a0
0x000000b0ec4fafd0:   00000249f131f7a0 000000b0ec4fb1a8
0x000000b0ec4fafe0:   00000249f131f7a0 00007ffa5a7c7551
0x000000b0ec4faff0:   00000249f131f790 00000249c09c0000
0x000000b0ec4fb000:   000000b0ec4fb0f0 0000000000000000
0x000000b0ec4fb010:   0000000071113500 0000000071113be8
0x000000b0ec4fb020:   000000b0ec4fb050 0000000071112641
0x000000b0ec4fb030:   000000b0ec4fafc0 00000249e96b1b48
0x000000b0ec4fb040:   0000000000000000 0000000000000000
0x000000b0ec4fb050:   000000b0ec4fb0f0 0000000071101595
0x000000b0ec4fb060:   000000000000001c 0000024900000000 

Instructions: (pc=0x000000007110b5db)
0x000000007110b4db:   48 85 c0 74 bf 44 8b 03 45 85 c0 0f 84 77 ff ff
0x000000007110b4eb:   ff eb 9f 66 90 e8 8b fe ff ff 48 89 05 0c 34 01
0x000000007110b4fb:   00 eb ad 66 90 e8 7b fe ff ff 48 89 05 fc 33 01
0x000000007110b50b:   00 eb 8b e8 8d fe ff ff c7 03 01 00 00 00 e9 6f
0x000000007110b51b:   ff ff ff 66 90 55 48 89 e5 56 53 48 83 ec 20 48
0x000000007110b52b:   8b 05 d7 33 01 00 48 8b 31 48 89 cb 48 85 c0 74
0x000000007110b53b:   56 44 8b 18 45 85 db 78 42 48 8b 05 bd 33 01 00
0x000000007110b54b:   48 85 c0 74 50 44 8b 10 45 85 d2 74 1d 48 89 f1
0x000000007110b55b:   e8 d0 fd ff ff 48 8b 13 48 8d 42 40 48 8b 48 08
0x000000007110b56b:   48 8b 6a 40 48 8b 60 10 ff e1 48 8b 05 9c 33 01
0x000000007110b57b:   00 48 85 c0 74 2d 48 89 30 eb da e8 b5 fe ff ff
0x000000007110b58b:   0f 1f 44 00 00 eb b2 e8 e9 fd ff ff 48 89 05 6a
0x000000007110b59b:   33 01 00 eb 9c e8 db fd ff ff 48 89 05 5c 33 01
0x000000007110b5ab:   00 eb a2 e8 3d fd ff ff 48 89 05 5e 33 01 00 eb
0x000000007110b5bb:   c5 0f 1f 40 00 55 57 56 53 48 83 ec 28 48 8b 05
0x000000007110b5cb:   39 33 01 00 48 89 cb 48 85 c0 0f 84 c5 00 00 00
0x000000007110b5db:   8b 38 85 ff 0f 88 ab 00 00 00 48 8b 05 1c 33 01
0x000000007110b5eb:   00 48 85 c0 0f 84 bc 00 00 00 8b 30 85 f6 74 57
0x000000007110b5fb:   48 8b 05 0e 33 01 00 48 85 c0 0f 84 e5 00 00 00
0x000000007110b60b:   8b 28 48 8b 35 10 5e 01 00 ff d6 89 c7 89 e9 ff
0x000000007110b61b:   15 f4 5e 01 00 89 f9 48 89 c5 ff 15 b9 5e 01 00
0x000000007110b62b:   48 8b 05 de 32 01 00 48 89 2b 48 85 c0 74 46 48
0x000000007110b63b:   89 da 8b 08 ff 15 d7 5e 01 00 85 c0 74 27 48 83
0x000000007110b64b:   c4 28 5b 5e 5f 5d c3 48 8b 05 bf 32 01 00 48 85
0x000000007110b65b:   c0 74 64 48 8b 10 48 89 13 48 89 18 48 83 c4 28
0x000000007110b66b:   5b 5e 5f 5d c3 48 89 f2 48 83 c4 28 5b 5e 5f 5d
0x000000007110b67b:   48 ff e2 66 90 e8 8b fc ff ff 48 89 05 84 32 01
0x000000007110b68b:   00 eb ac 66 90 e8 ab fd ff ff e9 4b ff ff ff 66
0x000000007110b69b:   0f 1f 44 00 00 e8 db fc ff ff 48 89 05 5c 32 01
0x000000007110b6ab:   00 e9 2a ff ff ff e8 ca fc ff ff 48 89 05 4b 32
0x000000007110b6bb:   01 00 e9 33 ff ff ff e8 29 fc ff ff 48 89 05 4a
0x000000007110b6cb:   32 01 00 48 8b 10 48 85 c0 48 89 13 75 8b e8 12 


Stack slot to memory mapping:
stack at sp + 0 slots: 0x00000249e8251700 points into unknown readable memory: 0x00000249c0819cc0 | c0 9c 81 c0 49 02 00 00
stack at sp + 1 slots: 0x00000249c0810000 points into unknown readable memory: 0x0000000000000000 | 00 00 00 00 00 00 00 00
stack at sp + 2 slots: 0x000000007110b230 jSSC-2.8_x86_64.dll
stack at sp + 3 slots: 0x00000249c09c0000 points into unknown readable memory: 0x0000000000000000 | 00 00 00 00 00 00 00 00
stack at sp + 4 slots: 0x000000b0ec4fb050 is pointing into the stack for thread: 0x00000249e96b1800
stack at sp + 5 slots: 0x0000000000000004 is an unknown value
stack at sp + 6 slots: 0x00000249e96b1b48 points into unknown readable memory: 0x00007ff9fc6ace20 | 20 ce 6a fc f9 7f 00 00
stack at sp + 7 slots: 0x0000000000000be0 is an unknown value


---------------  P R O C E S S  ---------------

Threads class SMR info:
_java_thread_list=0x00000249f97ce460, length=17, elements={
0x00000249e73a0800, 0x00000249e7c59000, 0x00000249e7ca9800, 0x00000249e7cab000,
0x00000249e7cac000, 0x00000249e7cbc800, 0x00000249e73a9000, 0x00000249e73ad800,
0x00000249e7e2e800, 0x00000249e83a1000, 0x00000249e83ac000, 0x00000249e83ad000,
0x00000249e96b1800, 0x00000249c23ea000, 0x00000249ea021000, 0x00000249f8251800,
0x00000249fa4ef800
}

Java Threads: ( => current thread )
  0x00000249e73a0800 JavaThread "Reference Handler" daemon [_thread_blocked, id=18208, stack(0x000000b0eb400000,0x000000b0eb500000)]
  0x00000249e7c59000 JavaThread "Finalizer" daemon [_thread_blocked, id=2660, stack(0x000000b0eb500000,0x000000b0eb600000)]
  0x00000249e7ca9800 JavaThread "Signal Dispatcher" daemon [_thread_blocked, id=14976, stack(0x000000b0eb600000,0x000000b0eb700000)]
  0x00000249e7cab000 JavaThread "Attach Listener" daemon [_thread_blocked, id=23332, stack(0x000000b0eb700000,0x000000b0eb800000)]
  0x00000249e7cac000 JavaThread "Service Thread" daemon [_thread_blocked, id=11020, stack(0x000000b0eb800000,0x000000b0eb900000)]
  0x00000249e7cbc800 JavaThread "C2 CompilerThread0" daemon [_thread_blocked, id=15932, stack(0x000000b0eb900000,0x000000b0eba00000)]
  0x00000249e73a9000 JavaThread "C1 CompilerThread0" daemon [_thread_blocked, id=20876, stack(0x000000b0eba00000,0x000000b0ebb00000)]
  0x00000249e73ad800 JavaThread "Sweeper thread" daemon [_thread_blocked, id=12096, stack(0x000000b0ebb00000,0x000000b0ebc00000)]
  0x00000249e7e2e800 JavaThread "Common-Cleaner" daemon [_thread_blocked, id=8204, stack(0x000000b0ebe00000,0x000000b0ebf00000)]
  0x00000249e83a1000 JavaThread "Java2D Disposer" daemon [_thread_blocked, id=3432, stack(0x000000b0ec000000,0x000000b0ec100000)]
  0x00000249e83ac000 JavaThread "AWT-Shutdown" [_thread_blocked, id=16336, stack(0x000000b0ec100000,0x000000b0ec200000)]
  0x00000249e83ad000 JavaThread "AWT-Windows" daemon [_thread_in_native, id=20084, stack(0x000000b0ec200000,0x000000b0ec300000)]
=>0x00000249e96b1800 JavaThread "AWT-EventQueue-0" [_thread_in_native, id=5004, stack(0x000000b0ec400000,0x000000b0ec500000)]
  0x00000249c23ea000 JavaThread "DestroyJavaVM" [_thread_blocked, id=12868, stack(0x000000b0ead00000,0x000000b0eae00000)]
  0x00000249ea021000 JavaThread "TimerQueue" daemon [_thread_blocked, id=25112, stack(0x000000b0ebf00000,0x000000b0ec000000)]
  0x00000249f8251800 JavaThread "Swing-Shell" daemon [_thread_blocked, id=24800, stack(0x000000b0ed900000,0x000000b0eda00000)]
  0x00000249fa4ef800 JavaThread "D3D Screen Updater" daemon [_thread_blocked, id=17944, stack(0x000000b0ec300000,0x000000b0ec400000)]

Other Threads:
  0x00000249e739f800 VMThread "VM Thread" [stack: 0x000000b0eb300000,0x000000b0eb400000] [id=24192]
  0x00000249e7e2d800 WatcherThread [stack: 0x000000b0ebd00000,0x000000b0ebe00000] [id=17576]
  0x00000249c2402800 GCTaskThread "GC Thread#0" [stack: 0x000000b0eae00000,0x000000b0eaf00000] [id=11208]
  0x00000249ea119000 GCTaskThread "GC Thread#1" [stack: 0x000000b0ec800000,0x000000b0ec900000] [id=8188]
  0x00000249ea19e000 GCTaskThread "GC Thread#2" [stack: 0x000000b0ec900000,0x000000b0eca00000] [id=18660]
  0x00000249ea1a1800 GCTaskThread "GC Thread#3" [stack: 0x000000b0eca00000,0x000000b0ecb00000] [id=3224]
  0x00000249ea0c6800 GCTaskThread "GC Thread#4" [stack: 0x000000b0ecb00000,0x000000b0ecc00000] [id=2484]
  0x00000249ea0e8800 GCTaskThread "GC Thread#5" [stack: 0x000000b0ecc00000,0x000000b0ecd00000] [id=20676]
  0x00000249c2466000 ConcurrentGCThread "G1 Main Marker" [stack: 0x000000b0eaf00000,0x000000b0eb000000] [id=17972]
  0x00000249c2468800 ConcurrentGCThread "G1 Conc#0" [stack: 0x000000b0eb000000,0x000000b0eb100000] [id=19516]
  0x00000249e7fae000 ConcurrentGCThread "G1 Conc#1" [stack: 0x000000b0ecd00000,0x000000b0ece00000] [id=12152]
  0x00000249ea19d000 ConcurrentGCThread "G1 Conc#2" [stack: 0x000000b0ece00000,0x000000b0ecf00000] [id=10260]
  0x00000249e7286000 ConcurrentGCThread "G1 Refine#0" [stack: 0x000000b0eb100000,0x000000b0eb200000] [id=17516]
  0x00000249e7287000 ConcurrentGCThread "G1 Young RemSet Sampling" [stack: 0x000000b0eb200000,0x000000b0eb300000] [id=25412]

Threads with active compile tasks:

VM state:not at safepoint (normal execution)

VM Mutex/Monitor currently owned by a thread: None

Heap address: 0x0000000701200000, size: 4078 MB, Compressed Oops mode: Zero based, Oop shift amount: 3
Narrow klass base: 0x0000000800000000, Narrow klass shift: 0
Compressed class space size: 1073741824 Address: 0x0000000800000000

Heap:
 garbage-first heap   total 262144K, used 55153K [0x0000000701200000, 0x0000000800000000)
  region size 1024K, 26 young (26624K), 7 survivors (7168K)
 Metaspace       used 32739K, capacity 33412K, committed 33664K, reserved 1079296K
  class space    used 3652K, capacity 3935K, committed 3968K, reserved 1048576K
Heap Regions: E=young(eden), S=young(survivor), O=old, HS=humongous(starts), HC=humongous(continues), CS=collection set, F=free, A=archive, TAMS=top-at-mark-start (previous, next)
|   0|0x0000000701200000, 0x0000000701300000, 0x0000000701300000|100%| O|  |TAMS 0x0000000701300000, 0x0000000701200000| Untracked 
|   1|0x0000000701300000, 0x0000000701400000, 0x0000000701400000|100%| O|  |TAMS 0x0000000701396600, 0x0000000701300000| Untracked 
|   2|0x0000000701400000, 0x0000000701500000, 0x0000000701500000|100%| O|  |TAMS 0x0000000701400000, 0x0000000701400000| Untracked 
|   3|0x0000000701500000, 0x0000000701600000, 0x0000000701600000|100%| O|  |TAMS 0x0000000701500000, 0x0000000701500000| Untracked 
|   4|0x0000000701600000, 0x00000007016a7000, 0x0000000701700000| 65%| O|  |TAMS 0x0000000701600000, 0x0000000701600000| Untracked 
|   5|0x0000000701700000, 0x0000000701800000, 0x0000000701800000|100%|HS|  |TAMS 0x0000000701700000, 0x0000000701700000| Complete 
|   6|0x0000000701800000, 0x0000000701900000, 0x0000000701900000|100%|HC|  |TAMS 0x0000000701800000, 0x0000000701800000| Complete 
|   7|0x0000000701900000, 0x0000000701a00000, 0x0000000701a00000|100%|HS|  |TAMS 0x0000000701900000, 0x0000000701900000| Complete 
|   8|0x0000000701a00000, 0x0000000701b00000, 0x0000000701b00000|100%|HC|  |TAMS 0x0000000701a00000, 0x0000000701a00000| Complete 
|   9|0x0000000701b00000, 0x0000000701c00000, 0x0000000701c00000|100%|HS|  |TAMS 0x0000000701b00000, 0x0000000701b00000| Complete 
|  10|0x0000000701c00000, 0x0000000701d00000, 0x0000000701d00000|100%|HS|  |TAMS 0x0000000701c00000, 0x0000000701c00000| Complete 
|  11|0x0000000701d00000, 0x0000000701e00000, 0x0000000701e00000|100%|HC|  |TAMS 0x0000000701d00000, 0x0000000701d00000| Complete 
|  12|0x0000000701e00000, 0x0000000701f00000, 0x0000000701f00000|100%|HS|  |TAMS 0x0000000701e00000, 0x0000000701e00000| Complete 
|  13|0x0000000701f00000, 0x0000000702000000, 0x0000000702000000|100%|HC|  |TAMS 0x0000000701f00000, 0x0000000701f00000| Complete 
|  14|0x0000000702000000, 0x0000000702100000, 0x0000000702100000|100%|HS|  |TAMS 0x0000000702000000, 0x0000000702000000| Complete 
|  15|0x0000000702100000, 0x0000000702200000, 0x0000000702200000|100%|HS|  |TAMS 0x0000000702100000, 0x0000000702100000| Complete 
|  16|0x0000000702200000, 0x0000000702300000, 0x0000000702300000|100%|HC|  |TAMS 0x0000000702200000, 0x0000000702200000| Complete 
|  17|0x0000000702300000, 0x0000000702400000, 0x0000000702400000|100%|HC|  |TAMS 0x0000000702300000, 0x0000000702300000| Complete 
|  18|0x0000000702400000, 0x0000000702500000, 0x0000000702500000|100%|HS|  |TAMS 0x0000000702400000, 0x0000000702400000| Complete 
|  19|0x0000000702500000, 0x0000000702600000, 0x0000000702600000|100%|HC|  |TAMS 0x0000000702500000, 0x0000000702500000| Complete 
|  20|0x0000000702600000, 0x0000000702700000, 0x0000000702700000|100%|HS|  |TAMS 0x0000000702600000, 0x0000000702600000| Complete 
|  21|0x0000000702700000, 0x0000000702800000, 0x0000000702800000|100%|HC|  |TAMS 0x0000000702700000, 0x0000000702700000| Complete 
|  22|0x0000000702800000, 0x0000000702900000, 0x0000000702900000|100%|HS|  |TAMS 0x0000000702800000, 0x0000000702800000| Complete 
|  23|0x0000000702900000, 0x0000000702a00000, 0x0000000702a00000|100%|HC|  |TAMS 0x0000000702900000, 0x0000000702900000| Complete 
|  24|0x0000000702a00000, 0x0000000702b00000, 0x0000000702b00000|100%|HS|  |TAMS 0x0000000702a00000, 0x0000000702a00000| Complete 
|  25|0x0000000702b00000, 0x0000000702c00000, 0x0000000702c00000|100%|HC|  |TAMS 0x0000000702b00000, 0x0000000702b00000| Complete 
|  26|0x0000000702c00000, 0x0000000702d00000, 0x0000000702d00000|100%|HS|  |TAMS 0x0000000702c00000, 0x0000000702c00000| Complete 
|  27|0x0000000702d00000, 0x0000000702e00000, 0x0000000702e00000|100%|HC|  |TAMS 0x0000000702d00000, 0x0000000702d00000| Complete 
|  28|0x0000000702e00000, 0x0000000702f00000, 0x0000000702f00000|100%|HS|  |TAMS 0x0000000702e00000, 0x0000000702e00000| Complete 
|  29|0x0000000702f00000, 0x0000000703000000, 0x0000000703000000|100%|HC|  |TAMS 0x0000000702f00000, 0x0000000702f00000| Complete 
|  30|0x0000000703000000, 0x0000000703000000, 0x0000000703100000|  0%| F|  |TAMS 0x0000000703000000, 0x0000000703000000| Untracked 
|  31|0x0000000703100000, 0x0000000703100000, 0x0000000703200000|  0%| F|  |TAMS 0x0000000703100000, 0x0000000703100000| Untracked 
|  32|0x0000000703200000, 0x0000000703200000, 0x0000000703300000|  0%| F|  |TAMS 0x0000000703200000, 0x0000000703200000| Untracked 
|  33|0x0000000703300000, 0x0000000703300000, 0x0000000703400000|  0%| F|  |TAMS 0x0000000703300000, 0x0000000703300000| Untracked 
|  34|0x0000000703400000, 0x0000000703400000, 0x0000000703500000|  0%| F|  |TAMS 0x0000000703400000, 0x0000000703400000| Untracked 
|  35|0x0000000703500000, 0x0000000703500000, 0x0000000703600000|  0%| F|  |TAMS 0x0000000703500000, 0x0000000703500000| Untracked 
|  36|0x0000000703600000, 0x0000000703600000, 0x0000000703700000|  0%| F|  |TAMS 0x0000000703600000, 0x0000000703600000| Untracked 
|  37|0x0000000703700000, 0x0000000703700000, 0x0000000703800000|  0%| F|  |TAMS 0x0000000703700000, 0x0000000703700000| Untracked 
|  38|0x0000000703800000, 0x0000000703800000, 0x0000000703900000|  0%| F|  |TAMS 0x0000000703800000, 0x0000000703800000| Untracked 
|  39|0x0000000703900000, 0x0000000703900000, 0x0000000703a00000|  0%| F|  |TAMS 0x0000000703900000, 0x0000000703900000| Untracked 
|  40|0x0000000703a00000, 0x0000000703a00000, 0x0000000703b00000|  0%| F|  |TAMS 0x0000000703a00000, 0x0000000703a00000| Untracked 
|  41|0x0000000703b00000, 0x0000000703b00000, 0x0000000703c00000|  0%| F|  |TAMS 0x0000000703b00000, 0x0000000703b00000| Untracked 
|  42|0x0000000703c00000, 0x0000000703c00000, 0x0000000703d00000|  0%| F|  |TAMS 0x0000000703c00000, 0x0000000703c00000| Untracked 
|  43|0x0000000703d00000, 0x0000000703d00000, 0x0000000703e00000|  0%| F|  |TAMS 0x0000000703d00000, 0x0000000703d00000| Untracked 
|  44|0x0000000703e00000, 0x0000000703e00000, 0x0000000703f00000|  0%| F|  |TAMS 0x0000000703e00000, 0x0000000703e00000| Untracked 
|  45|0x0000000703f00000, 0x0000000703f00000, 0x0000000704000000|  0%| F|  |TAMS 0x0000000703f00000, 0x0000000703f00000| Untracked 
|  46|0x0000000704000000, 0x0000000704000000, 0x0000000704100000|  0%| F|  |TAMS 0x0000000704000000, 0x0000000704000000| Untracked 
|  47|0x0000000704100000, 0x0000000704100000, 0x0000000704200000|  0%| F|  |TAMS 0x0000000704100000, 0x0000000704100000| Untracked 
|  48|0x0000000704200000, 0x0000000704200000, 0x0000000704300000|  0%| F|  |TAMS 0x0000000704200000, 0x0000000704200000| Untracked 
|  49|0x0000000704300000, 0x0000000704300000, 0x0000000704400000|  0%| F|  |TAMS 0x0000000704300000, 0x0000000704300000| Untracked 
|  50|0x0000000704400000, 0x0000000704400000, 0x0000000704500000|  0%| F|  |TAMS 0x0000000704400000, 0x0000000704400000| Untracked 
|  51|0x0000000704500000, 0x0000000704500000, 0x0000000704600000|  0%| F|  |TAMS 0x0000000704500000, 0x0000000704500000| Untracked 
|  52|0x0000000704600000, 0x0000000704600000, 0x0000000704700000|  0%| F|  |TAMS 0x0000000704600000, 0x0000000704600000| Untracked 
|  53|0x0000000704700000, 0x0000000704700000, 0x0000000704800000|  0%| F|  |TAMS 0x0000000704700000, 0x0000000704700000| Untracked 
|  54|0x0000000704800000, 0x0000000704800000, 0x0000000704900000|  0%| F|  |TAMS 0x0000000704800000, 0x0000000704800000| Untracked 
|  55|0x0000000704900000, 0x0000000704900000, 0x0000000704a00000|  0%| F|  |TAMS 0x0000000704900000, 0x0000000704900000| Untracked 
|  56|0x0000000704a00000, 0x0000000704a00000, 0x0000000704b00000|  0%| F|  |TAMS 0x0000000704a00000, 0x0000000704a00000| Untracked 
|  57|0x0000000704b00000, 0x0000000704b00000, 0x0000000704c00000|  0%| F|  |TAMS 0x0000000704b00000, 0x0000000704b00000| Untracked 
|  58|0x0000000704c00000, 0x0000000704c00000, 0x0000000704d00000|  0%| F|  |TAMS 0x0000000704c00000, 0x0000000704c00000| Untracked 
|  59|0x0000000704d00000, 0x0000000704d00000, 0x0000000704e00000|  0%| F|  |TAMS 0x0000000704d00000, 0x0000000704d00000| Untracked 
|  60|0x0000000704e00000, 0x0000000704e00000, 0x0000000704f00000|  0%| F|  |TAMS 0x0000000704e00000, 0x0000000704e00000| Untracked 
|  61|0x0000000704f00000, 0x0000000704f00000, 0x0000000705000000|  0%| F|  |TAMS 0x0000000704f00000, 0x0000000704f00000| Untracked 
|  62|0x0000000705000000, 0x0000000705000000, 0x0000000705100000|  0%| F|  |TAMS 0x0000000705000000, 0x0000000705000000| Untracked 
|  63|0x0000000705100000, 0x0000000705100000, 0x0000000705200000|  0%| F|  |TAMS 0x0000000705100000, 0x0000000705100000| Untracked 
|  64|0x0000000705200000, 0x0000000705200000, 0x0000000705300000|  0%| F|  |TAMS 0x0000000705200000, 0x0000000705200000| Untracked 
|  65|0x0000000705300000, 0x0000000705300000, 0x0000000705400000|  0%| F|  |TAMS 0x0000000705300000, 0x0000000705300000| Untracked 
|  66|0x0000000705400000, 0x0000000705400000, 0x0000000705500000|  0%| F|  |TAMS 0x0000000705400000, 0x0000000705400000| Untracked 
|  67|0x0000000705500000, 0x0000000705500000, 0x0000000705600000|  0%| F|  |TAMS 0x0000000705500000, 0x0000000705500000| Untracked 
|  68|0x0000000705600000, 0x0000000705600000, 0x0000000705700000|  0%| F|  |TAMS 0x0000000705600000, 0x0000000705600000| Untracked 
|  69|0x0000000705700000, 0x0000000705700000, 0x0000000705800000|  0%| F|  |TAMS 0x0000000705700000, 0x0000000705700000| Untracked 
|  70|0x0000000705800000, 0x0000000705800000, 0x0000000705900000|  0%| F|  |TAMS 0x0000000705800000, 0x0000000705800000| Untracked 
|  71|0x0000000705900000, 0x0000000705900000, 0x0000000705a00000|  0%| F|  |TAMS 0x0000000705900000, 0x0000000705900000| Untracked 
|  72|0x0000000705a00000, 0x0000000705a00000, 0x0000000705b00000|  0%| F|  |TAMS 0x0000000705a00000, 0x0000000705a00000| Untracked 
|  73|0x0000000705b00000, 0x0000000705b00000, 0x0000000705c00000|  0%| F|  |TAMS 0x0000000705b00000, 0x0000000705b00000| Untracked 
|  74|0x0000000705c00000, 0x0000000705c00000, 0x0000000705d00000|  0%| F|  |TAMS 0x0000000705c00000, 0x0000000705c00000| Untracked 
|  75|0x0000000705d00000, 0x0000000705d00000, 0x0000000705e00000|  0%| F|  |TAMS 0x0000000705d00000, 0x0000000705d00000| Untracked 
|  76|0x0000000705e00000, 0x0000000705e00000, 0x0000000705f00000|  0%| F|  |TAMS 0x0000000705e00000, 0x0000000705e00000| Untracked 
|  77|0x0000000705f00000, 0x0000000705f00000, 0x0000000706000000|  0%| F|  |TAMS 0x0000000705f00000, 0x0000000705f00000| Untracked 
|  78|0x0000000706000000, 0x0000000706000000, 0x0000000706100000|  0%| F|  |TAMS 0x0000000706000000, 0x0000000706000000| Untracked 
|  79|0x0000000706100000, 0x0000000706100000, 0x0000000706200000|  0%| F|  |TAMS 0x0000000706100000, 0x0000000706100000| Untracked 
|  80|0x0000000706200000, 0x0000000706200000, 0x0000000706300000|  0%| F|  |TAMS 0x0000000706200000, 0x0000000706200000| Untracked 
|  81|0x0000000706300000, 0x0000000706300000, 0x0000000706400000|  0%| F|  |TAMS 0x0000000706300000, 0x0000000706300000| Untracked 
|  82|0x0000000706400000, 0x0000000706400000, 0x0000000706500000|  0%| F|  |TAMS 0x0000000706400000, 0x0000000706400000| Untracked 
|  83|0x0000000706500000, 0x0000000706500000, 0x0000000706600000|  0%| F|  |TAMS 0x0000000706500000, 0x0000000706500000| Untracked 
|  84|0x0000000706600000, 0x0000000706600000, 0x0000000706700000|  0%| F|  |TAMS 0x0000000706600000, 0x0000000706600000| Untracked 
|  85|0x0000000706700000, 0x0000000706700000, 0x0000000706800000|  0%| F|  |TAMS 0x0000000706700000, 0x0000000706700000| Untracked 
|  86|0x0000000706800000, 0x0000000706800000, 0x0000000706900000|  0%| F|  |TAMS 0x0000000706800000, 0x0000000706800000| Untracked 
|  87|0x0000000706900000, 0x0000000706900000, 0x0000000706a00000|  0%| F|  |TAMS 0x0000000706900000, 0x0000000706900000| Untracked 
|  88|0x0000000706a00000, 0x0000000706a00000, 0x0000000706b00000|  0%| F|  |TAMS 0x0000000706a00000, 0x0000000706a00000| Untracked 
|  89|0x0000000706b00000, 0x0000000706b00000, 0x0000000706c00000|  0%| F|  |TAMS 0x0000000706b00000, 0x0000000706b00000| Untracked 
|  90|0x0000000706c00000, 0x0000000706c00000, 0x0000000706d00000|  0%| F|  |TAMS 0x0000000706c00000, 0x0000000706c00000| Untracked 
|  91|0x0000000706d00000, 0x0000000706d00000, 0x0000000706e00000|  0%| F|  |TAMS 0x0000000706d00000, 0x0000000706d00000| Untracked 
|  92|0x0000000706e00000, 0x0000000706e00000, 0x0000000706f00000|  0%| F|  |TAMS 0x0000000706e00000, 0x0000000706e00000| Untracked 
|  93|0x0000000706f00000, 0x0000000706f00000, 0x0000000707000000|  0%| F|  |TAMS 0x0000000706f00000, 0x0000000706f00000| Untracked 
|  94|0x0000000707000000, 0x0000000707000000, 0x0000000707100000|  0%| F|  |TAMS 0x0000000707000000, 0x0000000707000000| Untracked 
|  95|0x0000000707100000, 0x0000000707100000, 0x0000000707200000|  0%| F|  |TAMS 0x0000000707100000, 0x0000000707100000| Untracked 
|  96|0x0000000707200000, 0x0000000707200000, 0x0000000707300000|  0%| F|  |TAMS 0x0000000707200000, 0x0000000707200000| Untracked 
|  97|0x0000000707300000, 0x0000000707300000, 0x0000000707400000|  0%| F|  |TAMS 0x0000000707300000, 0x0000000707300000| Untracked 
|  98|0x0000000707400000, 0x0000000707400000, 0x0000000707500000|  0%| F|  |TAMS 0x0000000707400000, 0x0000000707400000| Untracked 
|  99|0x0000000707500000, 0x0000000707500000, 0x0000000707600000|  0%| F|  |TAMS 0x0000000707500000, 0x0000000707500000| Untracked 
| 100|0x0000000707600000, 0x0000000707600000, 0x0000000707700000|  0%| F|  |TAMS 0x0000000707600000, 0x0000000707600000| Untracked 
| 101|0x0000000707700000, 0x0000000707700000, 0x0000000707800000|  0%| F|  |TAMS 0x0000000707700000, 0x0000000707700000| Untracked 
| 102|0x0000000707800000, 0x0000000707800000, 0x0000000707900000|  0%| F|  |TAMS 0x0000000707800000, 0x0000000707800000| Untracked 
| 103|0x0000000707900000, 0x0000000707900000, 0x0000000707a00000|  0%| F|  |TAMS 0x0000000707900000, 0x0000000707900000| Untracked 
| 104|0x0000000707a00000, 0x0000000707a00000, 0x0000000707b00000|  0%| F|  |TAMS 0x0000000707a00000, 0x0000000707a00000| Untracked 
| 105|0x0000000707b00000, 0x0000000707b00000, 0x0000000707c00000|  0%| F|  |TAMS 0x0000000707b00000, 0x0000000707b00000| Untracked 
| 106|0x0000000707c00000, 0x0000000707c00000, 0x0000000707d00000|  0%| F|  |TAMS 0x0000000707c00000, 0x0000000707c00000| Untracked 
| 107|0x0000000707d00000, 0x0000000707d00000, 0x0000000707e00000|  0%| F|  |TAMS 0x0000000707d00000, 0x0000000707d00000| Untracked 
| 108|0x0000000707e00000, 0x0000000707e00000, 0x0000000707f00000|  0%| F|  |TAMS 0x0000000707e00000, 0x0000000707e00000| Untracked 
| 109|0x0000000707f00000, 0x0000000707f35740, 0x0000000708000000| 20%| S|CS|TAMS 0x0000000707f00000, 0x0000000707f00000| Complete 
| 110|0x0000000708000000, 0x0000000708100000, 0x0000000708100000|100%| S|CS|TAMS 0x0000000708000000, 0x0000000708000000| Complete 
| 111|0x0000000708100000, 0x0000000708200000, 0x0000000708200000|100%| S|CS|TAMS 0x0000000708100000, 0x0000000708100000| Complete 
| 112|0x0000000708200000, 0x0000000708300000, 0x0000000708300000|100%| S|CS|TAMS 0x0000000708200000, 0x0000000708200000| Complete 
| 113|0x0000000708300000, 0x0000000708400000, 0x0000000708400000|100%| S|CS|TAMS 0x0000000708300000, 0x0000000708300000| Complete 
| 114|0x0000000708400000, 0x0000000708500000, 0x0000000708500000|100%| S|CS|TAMS 0x0000000708400000, 0x0000000708400000| Complete 
| 115|0x0000000708500000, 0x0000000708600000, 0x0000000708600000|100%| S|CS|TAMS 0x0000000708500000, 0x0000000708500000| Complete 
| 116|0x0000000708600000, 0x0000000708600000, 0x0000000708700000|  0%| F|  |TAMS 0x0000000708600000, 0x0000000708600000| Untracked 
| 117|0x0000000708700000, 0x0000000708700000, 0x0000000708800000|  0%| F|  |TAMS 0x0000000708700000, 0x0000000708700000| Untracked 
| 118|0x0000000708800000, 0x0000000708800000, 0x0000000708900000|  0%| F|  |TAMS 0x0000000708800000, 0x0000000708800000| Untracked 
| 119|0x0000000708900000, 0x0000000708900000, 0x0000000708a00000|  0%| F|  |TAMS 0x0000000708900000, 0x0000000708900000| Untracked 
| 120|0x0000000708a00000, 0x0000000708a00000, 0x0000000708b00000|  0%| F|  |TAMS 0x0000000708a00000, 0x0000000708a00000| Untracked 
| 121|0x0000000708b00000, 0x0000000708b00000, 0x0000000708c00000|  0%| F|  |TAMS 0x0000000708b00000, 0x0000000708b00000| Untracked 
| 122|0x0000000708c00000, 0x0000000708c00000, 0x0000000708d00000|  0%| F|  |TAMS 0x0000000708c00000, 0x0000000708c00000| Untracked 
| 123|0x0000000708d00000, 0x0000000708d00000, 0x0000000708e00000|  0%| F|  |TAMS 0x0000000708d00000, 0x0000000708d00000| Untracked 
| 124|0x0000000708e00000, 0x0000000708e00000, 0x0000000708f00000|  0%| F|  |TAMS 0x0000000708e00000, 0x0000000708e00000| Untracked 
| 125|0x0000000708f00000, 0x0000000708f00000, 0x0000000709000000|  0%| F|  |TAMS 0x0000000708f00000, 0x0000000708f00000| Untracked 
| 126|0x0000000709000000, 0x0000000709000000, 0x0000000709100000|  0%| F|  |TAMS 0x0000000709000000, 0x0000000709000000| Untracked 
| 127|0x0000000709100000, 0x0000000709100000, 0x0000000709200000|  0%| F|  |TAMS 0x0000000709100000, 0x0000000709100000| Untracked 
| 128|0x0000000709200000, 0x0000000709200000, 0x0000000709300000|  0%| F|  |TAMS 0x0000000709200000, 0x0000000709200000| Untracked 
| 129|0x0000000709300000, 0x0000000709300000, 0x0000000709400000|  0%| F|  |TAMS 0x0000000709300000, 0x0000000709300000| Untracked 
| 130|0x0000000709400000, 0x0000000709400000, 0x0000000709500000|  0%| F|  |TAMS 0x0000000709400000, 0x0000000709400000| Untracked 
| 131|0x0000000709500000, 0x0000000709500000, 0x0000000709600000|  0%| F|  |TAMS 0x0000000709500000, 0x0000000709500000| Untracked 
| 132|0x0000000709600000, 0x0000000709600000, 0x0000000709700000|  0%| F|  |TAMS 0x0000000709600000, 0x0000000709600000| Untracked 
| 133|0x0000000709700000, 0x0000000709700000, 0x0000000709800000|  0%| F|  |TAMS 0x0000000709700000, 0x0000000709700000| Untracked 
| 134|0x0000000709800000, 0x0000000709800000, 0x0000000709900000|  0%| F|  |TAMS 0x0000000709800000, 0x0000000709800000| Untracked 
| 135|0x0000000709900000, 0x0000000709900000, 0x0000000709a00000|  0%| F|  |TAMS 0x0000000709900000, 0x0000000709900000| Untracked 
| 136|0x0000000709a00000, 0x0000000709a00000, 0x0000000709b00000|  0%| F|  |TAMS 0x0000000709a00000, 0x0000000709a00000| Untracked 
| 137|0x0000000709b00000, 0x0000000709b00000, 0x0000000709c00000|  0%| F|  |TAMS 0x0000000709b00000, 0x0000000709b00000| Untracked 
| 138|0x0000000709c00000, 0x0000000709c00000, 0x0000000709d00000|  0%| F|  |TAMS 0x0000000709c00000, 0x0000000709c00000| Untracked 
| 139|0x0000000709d00000, 0x0000000709d00000, 0x0000000709e00000|  0%| F|  |TAMS 0x0000000709d00000, 0x0000000709d00000| Untracked 
| 140|0x0000000709e00000, 0x0000000709e00000, 0x0000000709f00000|  0%| F|  |TAMS 0x0000000709e00000, 0x0000000709e00000| Untracked 
| 141|0x0000000709f00000, 0x0000000709f00000, 0x000000070a000000|  0%| F|  |TAMS 0x0000000709f00000, 0x0000000709f00000| Untracked 
| 142|0x000000070a000000, 0x000000070a000000, 0x000000070a100000|  0%| F|  |TAMS 0x000000070a000000, 0x000000070a000000| Untracked 
| 143|0x000000070a100000, 0x000000070a100000, 0x000000070a200000|  0%| F|  |TAMS 0x000000070a100000, 0x000000070a100000| Untracked 
| 144|0x000000070a200000, 0x000000070a200000, 0x000000070a300000|  0%| F|  |TAMS 0x000000070a200000, 0x000000070a200000| Untracked 
| 145|0x000000070a300000, 0x000000070a300000, 0x000000070a400000|  0%| F|  |TAMS 0x000000070a300000, 0x000000070a300000| Untracked 
| 146|0x000000070a400000, 0x000000070a400000, 0x000000070a500000|  0%| F|  |TAMS 0x000000070a400000, 0x000000070a400000| Untracked 
| 147|0x000000070a500000, 0x000000070a500000, 0x000000070a600000|  0%| F|  |TAMS 0x000000070a500000, 0x000000070a500000| Untracked 
| 148|0x000000070a600000, 0x000000070a600000, 0x000000070a700000|  0%| F|  |TAMS 0x000000070a600000, 0x000000070a600000| Untracked 
| 149|0x000000070a700000, 0x000000070a700000, 0x000000070a800000|  0%| F|  |TAMS 0x000000070a700000, 0x000000070a700000| Untracked 
| 150|0x000000070a800000, 0x000000070a800000, 0x000000070a900000|  0%| F|  |TAMS 0x000000070a800000, 0x000000070a800000| Untracked 
| 151|0x000000070a900000, 0x000000070a900000, 0x000000070aa00000|  0%| F|  |TAMS 0x000000070a900000, 0x000000070a900000| Untracked 
| 152|0x000000070aa00000, 0x000000070aa00000, 0x000000070ab00000|  0%| F|  |TAMS 0x000000070aa00000, 0x000000070aa00000| Untracked 
| 153|0x000000070ab00000, 0x000000070ab00000, 0x000000070ac00000|  0%| F|  |TAMS 0x000000070ab00000, 0x000000070ab00000| Untracked 
| 154|0x000000070ac00000, 0x000000070ac00000, 0x000000070ad00000|  0%| F|  |TAMS 0x000000070ac00000, 0x000000070ac00000| Untracked 
| 155|0x000000070ad00000, 0x000000070ad00000, 0x000000070ae00000|  0%| F|  |TAMS 0x000000070ad00000, 0x000000070ad00000| Untracked 
| 156|0x000000070ae00000, 0x000000070ae00000, 0x000000070af00000|  0%| F|  |TAMS 0x000000070ae00000, 0x000000070ae00000| Untracked 
| 157|0x000000070af00000, 0x000000070af00000, 0x000000070b000000|  0%| F|  |TAMS 0x000000070af00000, 0x000000070af00000| Untracked 
| 158|0x000000070b000000, 0x000000070b000000, 0x000000070b100000|  0%| F|  |TAMS 0x000000070b000000, 0x000000070b000000| Untracked 
| 159|0x000000070b100000, 0x000000070b100000, 0x000000070b200000|  0%| F|  |TAMS 0x000000070b100000, 0x000000070b100000| Untracked 
| 160|0x000000070b200000, 0x000000070b200000, 0x000000070b300000|  0%| F|  |TAMS 0x000000070b200000, 0x000000070b200000| Untracked 
| 161|0x000000070b300000, 0x000000070b300000, 0x000000070b400000|  0%| F|  |TAMS 0x000000070b300000, 0x000000070b300000| Untracked 
| 162|0x000000070b400000, 0x000000070b400000, 0x000000070b500000|  0%| F|  |TAMS 0x000000070b400000, 0x000000070b400000| Untracked 
| 163|0x000000070b500000, 0x000000070b500000, 0x000000070b600000|  0%| F|  |TAMS 0x000000070b500000, 0x000000070b500000| Untracked 
| 164|0x000000070b600000, 0x000000070b600000, 0x000000070b700000|  0%| F|  |TAMS 0x000000070b600000, 0x000000070b600000| Untracked 
| 165|0x000000070b700000, 0x000000070b700000, 0x000000070b800000|  0%| F|  |TAMS 0x000000070b700000, 0x000000070b700000| Untracked 
| 166|0x000000070b800000, 0x000000070b800000, 0x000000070b900000|  0%| F|  |TAMS 0x000000070b800000, 0x000000070b800000| Untracked 
| 167|0x000000070b900000, 0x000000070b900000, 0x000000070ba00000|  0%| F|  |TAMS 0x000000070b900000, 0x000000070b900000| Untracked 
| 168|0x000000070ba00000, 0x000000070ba00000, 0x000000070bb00000|  0%| F|  |TAMS 0x000000070ba00000, 0x000000070ba00000| Untracked 
| 169|0x000000070bb00000, 0x000000070bb00000, 0x000000070bc00000|  0%| F|  |TAMS 0x000000070bb00000, 0x000000070bb00000| Untracked 
| 170|0x000000070bc00000, 0x000000070bc00000, 0x000000070bd00000|  0%| F|  |TAMS 0x000000070bc00000, 0x000000070bc00000| Untracked 
| 171|0x000000070bd00000, 0x000000070bd00000, 0x000000070be00000|  0%| F|  |TAMS 0x000000070bd00000, 0x000000070bd00000| Untracked 
| 172|0x000000070be00000, 0x000000070be00000, 0x000000070bf00000|  0%| F|  |TAMS 0x000000070be00000, 0x000000070be00000| Untracked 
| 173|0x000000070bf00000, 0x000000070bf00000, 0x000000070c000000|  0%| F|  |TAMS 0x000000070bf00000, 0x000000070bf00000| Untracked 
| 174|0x000000070c000000, 0x000000070c000000, 0x000000070c100000|  0%| F|  |TAMS 0x000000070c000000, 0x000000070c000000| Untracked 
| 175|0x000000070c100000, 0x000000070c100000, 0x000000070c200000|  0%| F|  |TAMS 0x000000070c100000, 0x000000070c100000| Untracked 
| 176|0x000000070c200000, 0x000000070c200000, 0x000000070c300000|  0%| F|  |TAMS 0x000000070c200000, 0x000000070c200000| Untracked 
| 177|0x000000070c300000, 0x000000070c300000, 0x000000070c400000|  0%| F|  |TAMS 0x000000070c300000, 0x000000070c300000| Untracked 
| 178|0x000000070c400000, 0x000000070c400000, 0x000000070c500000|  0%| F|  |TAMS 0x000000070c400000, 0x000000070c400000| Untracked 
| 179|0x000000070c500000, 0x000000070c500000, 0x000000070c600000|  0%| F|  |TAMS 0x000000070c500000, 0x000000070c500000| Untracked 
| 180|0x000000070c600000, 0x000000070c600000, 0x000000070c700000|  0%| F|  |TAMS 0x000000070c600000, 0x000000070c600000| Untracked 
| 181|0x000000070c700000, 0x000000070c700000, 0x000000070c800000|  0%| F|  |TAMS 0x000000070c700000, 0x000000070c700000| Untracked 
| 182|0x000000070c800000, 0x000000070c800000, 0x000000070c900000|  0%| F|  |TAMS 0x000000070c800000, 0x000000070c800000| Untracked 
| 183|0x000000070c900000, 0x000000070c900000, 0x000000070ca00000|  0%| F|  |TAMS 0x000000070c900000, 0x000000070c900000| Untracked 
| 184|0x000000070ca00000, 0x000000070ca00000, 0x000000070cb00000|  0%| F|  |TAMS 0x000000070ca00000, 0x000000070ca00000| Untracked 
| 185|0x000000070cb00000, 0x000000070cb00000, 0x000000070cc00000|  0%| F|  |TAMS 0x000000070cb00000, 0x000000070cb00000| Untracked 
| 186|0x000000070cc00000, 0x000000070cc00000, 0x000000070cd00000|  0%| F|  |TAMS 0x000000070cc00000, 0x000000070cc00000| Untracked 
| 187|0x000000070cd00000, 0x000000070cd00000, 0x000000070ce00000|  0%| F|  |TAMS 0x000000070cd00000, 0x000000070cd00000| Untracked 
| 188|0x000000070ce00000, 0x000000070ce00000, 0x000000070cf00000|  0%| F|  |TAMS 0x000000070ce00000, 0x000000070ce00000| Untracked 
| 189|0x000000070cf00000, 0x000000070cf00000, 0x000000070d000000|  0%| F|  |TAMS 0x000000070cf00000, 0x000000070cf00000| Untracked 
| 190|0x000000070d000000, 0x000000070d000000, 0x000000070d100000|  0%| F|  |TAMS 0x000000070d000000, 0x000000070d000000| Untracked 
| 191|0x000000070d100000, 0x000000070d100000, 0x000000070d200000|  0%| F|  |TAMS 0x000000070d100000, 0x000000070d100000| Untracked 
| 192|0x000000070d200000, 0x000000070d200000, 0x000000070d300000|  0%| F|  |TAMS 0x000000070d200000, 0x000000070d200000| Untracked 
| 193|0x000000070d300000, 0x000000070d300000, 0x000000070d400000|  0%| F|  |TAMS 0x000000070d300000, 0x000000070d300000| Untracked 
| 194|0x000000070d400000, 0x000000070d400000, 0x000000070d500000|  0%| F|  |TAMS 0x000000070d400000, 0x000000070d400000| Untracked 
| 195|0x000000070d500000, 0x000000070d500000, 0x000000070d600000|  0%| F|  |TAMS 0x000000070d500000, 0x000000070d500000| Untracked 
| 196|0x000000070d600000, 0x000000070d600000, 0x000000070d700000|  0%| F|  |TAMS 0x000000070d600000, 0x000000070d600000| Untracked 
| 197|0x000000070d700000, 0x000000070d700000, 0x000000070d800000|  0%| F|  |TAMS 0x000000070d700000, 0x000000070d700000| Untracked 
| 198|0x000000070d800000, 0x000000070d800000, 0x000000070d900000|  0%| F|  |TAMS 0x000000070d800000, 0x000000070d800000| Untracked 
| 199|0x000000070d900000, 0x000000070d900000, 0x000000070da00000|  0%| F|  |TAMS 0x000000070d900000, 0x000000070d900000| Untracked 
| 200|0x000000070da00000, 0x000000070da00000, 0x000000070db00000|  0%| F|  |TAMS 0x000000070da00000, 0x000000070da00000| Untracked 
| 201|0x000000070db00000, 0x000000070db00000, 0x000000070dc00000|  0%| F|  |TAMS 0x000000070db00000, 0x000000070db00000| Untracked 
| 202|0x000000070dc00000, 0x000000070dc00000, 0x000000070dd00000|  0%| F|  |TAMS 0x000000070dc00000, 0x000000070dc00000| Untracked 
| 203|0x000000070dd00000, 0x000000070dd00000, 0x000000070de00000|  0%| F|  |TAMS 0x000000070dd00000, 0x000000070dd00000| Untracked 
| 204|0x000000070de00000, 0x000000070de00000, 0x000000070df00000|  0%| F|  |TAMS 0x000000070de00000, 0x000000070de00000| Untracked 
| 205|0x000000070df00000, 0x000000070df00000, 0x000000070e000000|  0%| F|  |TAMS 0x000000070df00000, 0x000000070df00000| Untracked 
| 206|0x000000070e000000, 0x000000070e000000, 0x000000070e100000|  0%| F|  |TAMS 0x000000070e000000, 0x000000070e000000| Untracked 
| 207|0x000000070e100000, 0x000000070e100000, 0x000000070e200000|  0%| F|  |TAMS 0x000000070e100000, 0x000000070e100000| Untracked 
| 208|0x000000070e200000, 0x000000070e200000, 0x000000070e300000|  0%| F|  |TAMS 0x000000070e200000, 0x000000070e200000| Untracked 
| 209|0x000000070e300000, 0x000000070e300000, 0x000000070e400000|  0%| F|  |TAMS 0x000000070e300000, 0x000000070e300000| Untracked 
| 210|0x000000070e400000, 0x000000070e400000, 0x000000070e500000|  0%| F|  |TAMS 0x000000070e400000, 0x000000070e400000| Untracked 
| 211|0x000000070e500000, 0x000000070e500000, 0x000000070e600000|  0%| F|  |TAMS 0x000000070e500000, 0x000000070e500000| Untracked 
| 212|0x000000070e600000, 0x000000070e600000, 0x000000070e700000|  0%| F|  |TAMS 0x000000070e600000, 0x000000070e600000| Untracked 
| 213|0x000000070e700000, 0x000000070e700000, 0x000000070e800000|  0%| F|  |TAMS 0x000000070e700000, 0x000000070e700000| Untracked 
| 214|0x000000070e800000, 0x000000070e800000, 0x000000070e900000|  0%| F|  |TAMS 0x000000070e800000, 0x000000070e800000| Untracked 
| 215|0x000000070e900000, 0x000000070e900000, 0x000000070ea00000|  0%| F|  |TAMS 0x000000070e900000, 0x000000070e900000| Untracked 
| 216|0x000000070ea00000, 0x000000070ea00000, 0x000000070eb00000|  0%| F|  |TAMS 0x000000070ea00000, 0x000000070ea00000| Untracked 
| 217|0x000000070eb00000, 0x000000070eb00000, 0x000000070ec00000|  0%| F|  |TAMS 0x000000070eb00000, 0x000000070eb00000| Untracked 
| 218|0x000000070ec00000, 0x000000070ec00000, 0x000000070ed00000|  0%| F|  |TAMS 0x000000070ec00000, 0x000000070ec00000| Untracked 
| 219|0x000000070ed00000, 0x000000070ed00000, 0x000000070ee00000|  0%| F|  |TAMS 0x000000070ed00000, 0x000000070ed00000| Untracked 
| 220|0x000000070ee00000, 0x000000070ee00000, 0x000000070ef00000|  0%| F|  |TAMS 0x000000070ee00000, 0x000000070ee00000| Untracked 
| 221|0x000000070ef00000, 0x000000070ef00000, 0x000000070f000000|  0%| F|  |TAMS 0x000000070ef00000, 0x000000070ef00000| Untracked 
| 222|0x000000070f000000, 0x000000070f000000, 0x000000070f100000|  0%| F|  |TAMS 0x000000070f000000, 0x000000070f000000| Untracked 
| 223|0x000000070f100000, 0x000000070f100000, 0x000000070f200000|  0%| F|  |TAMS 0x000000070f100000, 0x000000070f100000| Untracked 
| 224|0x000000070f200000, 0x000000070f200000, 0x000000070f300000|  0%| F|  |TAMS 0x000000070f200000, 0x000000070f200000| Untracked 
| 225|0x000000070f300000, 0x000000070f300000, 0x000000070f400000|  0%| F|  |TAMS 0x000000070f300000, 0x000000070f300000| Untracked 
| 226|0x000000070f400000, 0x000000070f400000, 0x000000070f500000|  0%| F|  |TAMS 0x000000070f400000, 0x000000070f400000| Untracked 
| 227|0x000000070f500000, 0x000000070f500000, 0x000000070f600000|  0%| F|  |TAMS 0x000000070f500000, 0x000000070f500000| Untracked 
| 228|0x000000070f600000, 0x000000070f600000, 0x000000070f700000|  0%| F|  |TAMS 0x000000070f600000, 0x000000070f600000| Untracked 
| 229|0x000000070f700000, 0x000000070f700000, 0x000000070f800000|  0%| F|  |TAMS 0x000000070f700000, 0x000000070f700000| Untracked 
| 230|0x000000070f800000, 0x000000070f800000, 0x000000070f900000|  0%| F|  |TAMS 0x000000070f800000, 0x000000070f800000| Untracked 
| 231|0x000000070f900000, 0x000000070f900000, 0x000000070fa00000|  0%| F|  |TAMS 0x000000070f900000, 0x000000070f900000| Untracked 
| 232|0x000000070fa00000, 0x000000070fa00000, 0x000000070fb00000|  0%| F|  |TAMS 0x000000070fa00000, 0x000000070fa00000| Untracked 
| 233|0x000000070fb00000, 0x000000070fb00000, 0x000000070fc00000|  0%| F|  |TAMS 0x000000070fb00000, 0x000000070fb00000| Untracked 
| 234|0x000000070fc00000, 0x000000070fc00000, 0x000000070fd00000|  0%| F|  |TAMS 0x000000070fc00000, 0x000000070fc00000| Untracked 
| 235|0x000000070fd00000, 0x000000070fd00000, 0x000000070fe00000|  0%| F|  |TAMS 0x000000070fd00000, 0x000000070fd00000| Untracked 
| 236|0x000000070fe00000, 0x000000070fe00000, 0x000000070ff00000|  0%| F|  |TAMS 0x000000070fe00000, 0x000000070fe00000| Untracked 
| 237|0x000000070ff00000, 0x000000070ff80800, 0x0000000710000000| 50%| E|  |TAMS 0x000000070ff00000, 0x000000070ff00000| Complete 
| 238|0x0000000710000000, 0x0000000710100000, 0x0000000710100000|100%| E|CS|TAMS 0x0000000710000000, 0x0000000710000000| Complete 
| 239|0x0000000710100000, 0x0000000710200000, 0x0000000710200000|100%| E|CS|TAMS 0x0000000710100000, 0x0000000710100000| Complete 
| 240|0x0000000710200000, 0x0000000710300000, 0x0000000710300000|100%| E|CS|TAMS 0x0000000710200000, 0x0000000710200000| Complete 
| 241|0x0000000710300000, 0x0000000710400000, 0x0000000710400000|100%| E|CS|TAMS 0x0000000710300000, 0x0000000710300000| Complete 
| 242|0x0000000710400000, 0x0000000710500000, 0x0000000710500000|100%| E|CS|TAMS 0x0000000710400000, 0x0000000710400000| Complete 
| 243|0x0000000710500000, 0x0000000710600000, 0x0000000710600000|100%| E|CS|TAMS 0x0000000710500000, 0x0000000710500000| Complete 
| 244|0x0000000710600000, 0x0000000710700000, 0x0000000710700000|100%| E|CS|TAMS 0x0000000710600000, 0x0000000710600000| Complete 
| 245|0x0000000710700000, 0x0000000710800000, 0x0000000710800000|100%| E|CS|TAMS 0x0000000710700000, 0x0000000710700000| Complete 
| 246|0x0000000710800000, 0x0000000710900000, 0x0000000710900000|100%| E|CS|TAMS 0x0000000710800000, 0x0000000710800000| Complete 
| 247|0x0000000710900000, 0x0000000710a00000, 0x0000000710a00000|100%| E|CS|TAMS 0x0000000710900000, 0x0000000710900000| Complete 
| 248|0x0000000710a00000, 0x0000000710b00000, 0x0000000710b00000|100%| E|CS|TAMS 0x0000000710a00000, 0x0000000710a00000| Complete 
| 249|0x0000000710b00000, 0x0000000710c00000, 0x0000000710c00000|100%| E|CS|TAMS 0x0000000710b00000, 0x0000000710b00000| Complete 
| 250|0x0000000710c00000, 0x0000000710d00000, 0x0000000710d00000|100%| E|CS|TAMS 0x0000000710c00000, 0x0000000710c00000| Complete 
| 251|0x0000000710d00000, 0x0000000710e00000, 0x0000000710e00000|100%| E|CS|TAMS 0x0000000710d00000, 0x0000000710d00000| Complete 
| 252|0x0000000710e00000, 0x0000000710f00000, 0x0000000710f00000|100%| E|CS|TAMS 0x0000000710e00000, 0x0000000710e00000| Complete 
| 253|0x0000000710f00000, 0x0000000711000000, 0x0000000711000000|100%| E|CS|TAMS 0x0000000710f00000, 0x0000000710f00000| Complete 
| 254|0x0000000711000000, 0x0000000711100000, 0x0000000711100000|100%| E|CS|TAMS 0x0000000711000000, 0x0000000711000000| Complete 
| 255|0x0000000711100000, 0x0000000711200000, 0x0000000711200000|100%| E|CS|TAMS 0x0000000711100000, 0x0000000711100000| Complete 

Card table byte_map: [0x00000249db2c0000,0x00000249dbac0000] _byte_map_base: 0x00000249d7ab7000

Marking Bits (Prev, Next): (CMBitMap*) 0x00000249c2455660, (CMBitMap*) 0x00000249c2455628
 Prev Bits: [0x00000249e0280000, 0x00000249e4238000)
 Next Bits: [0x00000249dc2c0000, 0x00000249e0278000)

Polling page: 0x00000249c0b40000

Metaspace:

Usage:
  Non-class:     28.79 MB capacity,    28.41 MB ( 99%) used,   308.76 KB (  1%) free+waste,    81.25 KB ( <1%) overhead. 
      Class:      3.84 MB capacity,     3.57 MB ( 93%) used,   242.62 KB (  6%) free+waste,    39.50 KB (  1%) overhead. 
       Both:     32.63 MB capacity,    31.97 MB ( 98%) used,   551.38 KB (  2%) free+waste,   120.75 KB ( <1%) overhead. 

Virtual space:
  Non-class space:       30.00 MB reserved,      29.00 MB ( 97%) committed 
      Class space:        1.00 GB reserved,       3.88 MB ( <1%) committed 
             Both:        1.03 GB reserved,      32.88 MB (  3%) committed 

Chunk freelists:
   Non-Class:  27.00 KB
       Class:  1.00 KB
        Both:  28.00 KB

MaxMetaspaceSize: 17179869184.00 GB
CompressedClassSpaceSize: 1.00 GB
Initial GC threshold: 20.80 MB
Current GC threshold: 35.00 MB
CDS: off

CodeHeap 'non-profiled nmethods': size=119168Kb used=4329Kb max_used=4329Kb free=114838Kb
 bounds [0x00000249d26b0000, 0x00000249d2af0000, 0x00000249d9b10000]
CodeHeap 'profiled nmethods': size=119168Kb used=13977Kb max_used=13977Kb free=105191Kb
 bounds [0x00000249cb250000, 0x00000249cc000000, 0x00000249d26b0000]
CodeHeap 'non-nmethods': size=7424Kb used=1392Kb max_used=3149Kb free=6031Kb
 bounds [0x00000249cab10000, 0x00000249cae40000, 0x00000249cb250000]
 total_blobs=6644 nmethods=5937 adapters=618
 compilation: enabled
              stopped_count=0, restarted_count=0
 full_count=0

Compilation events (20 events):
Event: 78.612 Thread 0x00000249e7cbc800 nmethod 5945 0x00000249d2adb410 code [0x00000249d2adb9c0, 0x00000249d2ae2768]
Event: 78.613 Thread 0x00000249e7cbc800 5948  s    4       sun.java2d.loops.RenderCache::get (100 bytes)
Event: 78.625 Thread 0x00000249e7cbc800 nmethod 5948 0x00000249d2ae5d10 code [0x00000249d2ae5ec0, 0x00000249d2ae6578]
Event: 78.820 Thread 0x00000249e7cbc800 5950       4       sun.awt.NullComponentPeer::setFont (1 bytes)
Event: 78.821 Thread 0x00000249e7cbc800 nmethod 5950 0x00000249d2ae6790 code [0x00000249d2ae6920, 0x00000249d2ae6978]
Event: 78.912 Thread 0x00000249e73a9000 5951       3       sun.java2d.pipe.DrawImage::imageReady (30 bytes)
Event: 78.913 Thread 0x00000249e73a9000 nmethod 5951 0x00000249cbff0610 code [0x00000249cbff0800, 0x00000249cbff0cf8]
Event: 78.959 Thread 0x00000249e7cbc800 5952       4       sun.java2d.SurfaceDataProxy$1::replaceData (2 bytes)
Event: 78.960 Thread 0x00000249e7cbc800 nmethod 5952 0x00000249d2ae6a90 code [0x00000249d2ae6c20, 0x00000249d2ae6c78]
Event: 79.474 Thread 0x00000249e7cbc800 5953       4       sun.java2d.SunGraphics2D::drawImage (11 bytes)
Event: 79.475 Thread 0x00000249e7cbc800 nmethod 5953 0x00000249d2ae6d90 code [0x00000249d2ae6f20, 0x00000249d2ae6fa8]
Event: 79.481 Thread 0x00000249e7cbc800 5954       4       sun.font.CMap$CMapFormat4::getGlyph (203 bytes)
Event: 79.488 Thread 0x00000249e7cbc800 nmethod 5954 0x00000249d2ae7090 code [0x00000249d2ae7240, 0x00000249d2ae7638]
Event: 79.529 Thread 0x00000249e73a9000 5955       3       sun.awt.image.ImageRepresentation::drawToBufImage (159 bytes)
Event: 79.530 Thread 0x00000249e73a9000 nmethod 5955 0x00000249cbff0e90 code [0x00000249cbff10e0, 0x00000249cbff1c78]
Event: 79.578 Thread 0x00000249e7cbc800 5956       4       sun.java2d.SurfaceData::getSourceSurfaceData (110 bytes)
Event: 79.594 Thread 0x00000249e73a9000 5957       3       sun.nio.cs.SingleByte$Encoder::encodeArrayLoop (233 bytes)
Event: 79.597 Thread 0x00000249e73a9000 nmethod 5957 0x00000249cbff1f10 code [0x00000249cbff2420, 0x00000249cbff4c48]
Event: 79.597 Thread 0x00000249e73a9000 5958       3       javax.swing.text.GapContent::getString (35 bytes)
Event: 79.598 Thread 0x00000249e73a9000 nmethod 5958 0x00000249cbff5a90 code [0x00000249cbff5ca0, 0x00000249cbff61e8]

GC Heap History (10 events):
Event: 1.717 GC heap before
{Heap before GC invocations=0 (full 0):
 garbage-first heap   total 262144K, used 18432K [0x0000000701200000, 0x0000000800000000)
  region size 1024K, 20 young (20480K), 0 survivors (0K)
 Metaspace       used 20745K, capacity 21231K, committed 21248K, reserved 1069056K
  class space    used 2310K, capacity 2545K, committed 2560K, reserved 1048576K
}
Event: 1.737 GC heap after
{Heap after GC invocations=1 (full 0):
 garbage-first heap   total 262144K, used 4697K [0x0000000701200000, 0x0000000800000000)
  region size 1024K, 3 young (3072K), 3 survivors (3072K)
 Metaspace       used 20745K, capacity 21231K, committed 21248K, reserved 1069056K
  class space    used 2310K, capacity 2545K, committed 2560K, reserved 1048576K
}
Event: 2.167 GC heap before
{Heap before GC invocations=2 (full 0):
 garbage-first heap   total 262144K, used 13913K [0x0000000701200000, 0x0000000800000000)
  region size 1024K, 12 young (12288K), 3 survivors (3072K)
 Metaspace       used 24032K, capacity 24638K, committed 24832K, reserved 1071104K
  class space    used 2730K, capacity 2979K, committed 3072K, reserved 1048576K
}
Event: 2.174 GC heap after
{Heap after GC invocations=3 (full 0):
 garbage-first heap   total 262144K, used 6683K [0x0000000701200000, 0x0000000800000000)
  region size 1024K, 2 young (2048K), 2 survivors (2048K)
 Metaspace       used 24032K, capacity 24638K, committed 24832K, reserved 1071104K
  class space    used 2730K, capacity 2979K, committed 3072K, reserved 1048576K
}
Event: 3.062 GC heap before
{Heap before GC invocations=3 (full 0):
 garbage-first heap   total 262144K, used 43547K [0x0000000701200000, 0x0000000800000000)
  region size 1024K, 38 young (38912K), 2 survivors (2048K)
 Metaspace       used 26099K, capacity 26746K, committed 26880K, reserved 1073152K
  class space    used 3032K, capacity 3275K, committed 3328K, reserved 1048576K
}
Event: 3.069 GC heap after
{Heap after GC invocations=4 (full 0):
 garbage-first heap   total 262144K, used 8198K [0x0000000701200000, 0x0000000800000000)
  region size 1024K, 4 young (4096K), 4 survivors (4096K)
 Metaspace       used 26099K, capacity 26746K, committed 26880K, reserved 1073152K
  class space    used 3032K, capacity 3275K, committed 3328K, reserved 1048576K
}
Event: 3.515 GC heap before
{Heap before GC invocations=4 (full 0):
 garbage-first heap   total 262144K, used 64518K [0x0000000701200000, 0x0000000800000000)
  region size 1024K, 59 young (60416K), 4 survivors (4096K)
 Metaspace       used 26171K, capacity 26758K, committed 26880K, reserved 1073152K
  class space    used 3036K, capacity 3277K, committed 3328K, reserved 1048576K
}
Event: 3.521 GC heap after
{Heap after GC invocations=5 (full 0):
 garbage-first heap   total 262144K, used 8567K [0x0000000701200000, 0x0000000800000000)
  region size 1024K, 4 young (4096K), 4 survivors (4096K)
 Metaspace       used 26171K, capacity 26758K, committed 26880K, reserved 1073152K
  class space    used 3036K, capacity 3277K, committed 3328K, reserved 1048576K
}
Event: 71.414 GC heap before
{Heap before GC invocations=5 (full 0):
 garbage-first heap   total 262144K, used 173431K [0x0000000701200000, 0x0000000800000000)
  region size 1024K, 140 young (143360K), 4 survivors (4096K)
 Metaspace       used 32573K, capacity 33272K, committed 33408K, reserved 1079296K
  class space    used 3648K, capacity 3933K, committed 3968K, reserved 1048576K
}
Event: 71.423 GC heap after
{Heap after GC invocations=6 (full 0):
 garbage-first heap   total 262144K, used 36721K [0x0000000701200000, 0x0000000800000000)
  region size 1024K, 7 young (7168K), 7 survivors (7168K)
 Metaspace       used 32573K, capacity 33272K, committed 33408K, reserved 1079296K
  class space    used 3648K, capacity 3933K, committed 3968K, reserved 1048576K
}

Deoptimization events (20 events):
Event: 72.753 Thread 0x00000249e83ad000 DEOPT PACKING pc=0x00000249d2a60ca4 sp=0x000000b0ec2fe490
Event: 72.753 Thread 0x00000249e83ad000 DEOPT UNPACKING pc=0x00000249cab5a1af sp=0x000000b0ec2fe430 mode 2
Event: 72.758 Thread 0x00000249e83ad000 Uncommon trap: trap_request=0xffffffd6 fr.pc=0x00000249d2a60b40 relative=0x00000000000008c0
Event: 72.758 Thread 0x00000249e83ad000 Uncommon trap: reason=array_check action=maybe_recompile pc=0x00000249d2a60b40 method=java.util.ComparableTimSort.binarySort([Ljava/lang/Object;III)V @ 215 c2
Event: 72.758 Thread 0x00000249e83ad000 DEOPT PACKING pc=0x00000249d2a60b40 sp=0x000000b0ec2fe490
Event: 72.758 Thread 0x00000249e83ad000 DEOPT UNPACKING pc=0x00000249cab5a1af sp=0x000000b0ec2fe430 mode 2
Event: 72.763 Thread 0x00000249e83ad000 Uncommon trap: trap_request=0xffffffd6 fr.pc=0x00000249d2a60ca4 relative=0x0000000000000a24
Event: 72.763 Thread 0x00000249e83ad000 Uncommon trap: reason=array_check action=maybe_recompile pc=0x00000249d2a60ca4 method=java.util.ComparableTimSort.binarySort([Ljava/lang/Object;III)V @ 193 c2
Event: 72.764 Thread 0x00000249e83ad000 DEOPT PACKING pc=0x00000249d2a60ca4 sp=0x000000b0ec2fe490
Event: 72.764 Thread 0x00000249e83ad000 DEOPT UNPACKING pc=0x00000249cab5a1af sp=0x000000b0ec2fe430 mode 2
Event: 72.772 Thread 0x00000249e83ad000 Uncommon trap: trap_request=0xffffffd6 fr.pc=0x00000249d2abbe38 relative=0x0000000000000b58
Event: 72.772 Thread 0x00000249e83ad000 Uncommon trap: reason=array_check action=maybe_recompile pc=0x00000249d2abbe38 method=java.util.ComparableTimSort.binarySort([Ljava/lang/Object;III)V @ 193 c2
Event: 72.772 Thread 0x00000249e83ad000 DEOPT PACKING pc=0x00000249d2abbe38 sp=0x000000b0ec2fe480
Event: 72.772 Thread 0x00000249e83ad000 DEOPT UNPACKING pc=0x00000249cab5a1af sp=0x000000b0ec2fe430 mode 2
Event: 72.772 Thread 0x00000249e83ad000 Uncommon trap: trap_request=0xffffffbe fr.pc=0x00000249d2aa8eb0 relative=0x0000000000000bd0
Event: 72.772 Thread 0x00000249e83ad000 Uncommon trap: reason=profile_predicate action=maybe_recompile pc=0x00000249d2aa8eb0 method=java.util.ComparableTimSort.binarySort([Ljava/lang/Object;III)V @ 32 c2
Event: 72.772 Thread 0x00000249e83ad000 DEOPT PACKING pc=0x00000249d2aa8eb0 sp=0x000000b0ec2fe490
Event: 72.772 Thread 0x00000249e83ad000 DEOPT UNPACKING pc=0x00000249cab5a1af sp=0x000000b0ec2fe448 mode 2
Event: 74.810 Thread 0x00000249e96b1800 DEOPT PACKING pc=0x00000249cb8f4f60 sp=0x000000b0ec4f9330
Event: 74.810 Thread 0x00000249e96b1800 DEOPT UNPACKING pc=0x00000249cab5a95e sp=0x000000b0ec4f8888 mode 0

Classes redefined (0 events):
No events

Internal exceptions (20 events):
Event: 74.757 Thread 0x00000249e96b1800 Exception <a 'java/lang/ClassNotFoundException'{0x0000000710979040}: javax/swing/AbstractButtonCustomizer> (0x0000000710979040) thrown at [./src/hotspot/share/classfile/systemDictionary.cpp, line 231]
Event: 74.757 Thread 0x00000249e96b1800 Exception <a 'java/lang/ClassNotFoundException'{0x00000007109b1820}: javax/swing/JButtonCustomizer> (0x00000007109b1820) thrown at [./src/hotspot/share/classfile/systemDictionary.cpp, line 231]
Event: 74.758 Thread 0x00000249e96b1800 Exception <a 'java/lang/ClassNotFoundException'{0x00000007109c74d0}: java/lang/ObjectCustomizer> (0x00000007109c74d0) thrown at [./src/hotspot/share/classfile/systemDictionary.cpp, line 231]
Event: 74.758 Thread 0x00000249e96b1800 Exception <a 'java/lang/ClassNotFoundException'{0x00000007109cc168}: java/awt/ComponentCustomizer> (0x00000007109cc168) thrown at [./src/hotspot/share/classfile/systemDictionary.cpp, line 231]
Event: 74.759 Thread 0x00000249e96b1800 Exception <a 'java/lang/ClassNotFoundException'{0x00000007108306e8}: java/awt/ContainerCustomizer> (0x00000007108306e8) thrown at [./src/hotspot/share/classfile/systemDictionary.cpp, line 231]
Event: 74.760 Thread 0x00000249e96b1800 Exception <a 'java/lang/ClassNotFoundException'{0x0000000710863758}: javax/swing/JComponentCustomizer> (0x0000000710863758) thrown at [./src/hotspot/share/classfile/systemDictionary.cpp, line 231]
Event: 74.760 Thread 0x00000249e96b1800 Exception <a 'java/lang/ClassNotFoundException'{0x00000007108beb28}: javax/swing/AbstractButtonCustomizer> (0x00000007108beb28) thrown at [./src/hotspot/share/classfile/systemDictionary.cpp, line 231]
Event: 74.761 Thread 0x00000249e96b1800 Exception <a 'java/lang/ClassNotFoundException'{0x00000007108f70c8}: javax/swing/JButtonCustomizer> (0x00000007108f70c8) thrown at [./src/hotspot/share/classfile/systemDictionary.cpp, line 231]
Event: 74.807 Thread 0x00000249e96b1800 Exception <a 'java/lang/ClassNotFoundException'{0x000000071050f100}: java/lang/ObjectCustomizer> (0x000000071050f100) thrown at [./src/hotspot/share/classfile/systemDictionary.cpp, line 231]
Event: 74.807 Thread 0x00000249e96b1800 Exception <a 'java/lang/ClassNotFoundException'{0x0000000710513d98}: java/awt/ComponentCustomizer> (0x0000000710513d98) thrown at [./src/hotspot/share/classfile/systemDictionary.cpp, line 231]
Event: 74.808 Thread 0x00000249e96b1800 Exception <a 'java/lang/ClassNotFoundException'{0x0000000710577e88}: java/awt/ContainerCustomizer> (0x0000000710577e88) thrown at [./src/hotspot/share/classfile/systemDictionary.cpp, line 231]
Event: 74.808 Thread 0x00000249e96b1800 Exception <a 'java/lang/ClassNotFoundException'{0x00000007105ab150}: javax/swing/JComponentCustomizer> (0x00000007105ab150) thrown at [./src/hotspot/share/classfile/systemDictionary.cpp, line 231]
Event: 74.809 Thread 0x00000249e96b1800 Exception <a 'java/lang/ClassNotFoundException'{0x00000007104067a8}: javax/swing/AbstractButtonCustomizer> (0x00000007104067a8) thrown at [./src/hotspot/share/classfile/systemDictionary.cpp, line 231]
Event: 74.810 Thread 0x00000249e96b1800 Exception <a 'java/lang/ClassNotFoundException'{0x000000071043ed48}: javax/swing/JButtonCustomizer> (0x000000071043ed48) thrown at [./src/hotspot/share/classfile/systemDictionary.cpp, line 231]
Event: 74.811 Thread 0x00000249e96b1800 Exception <a 'java/lang/ClassNotFoundException'{0x00000007104570d8}: java/lang/ObjectCustomizer> (0x00000007104570d8) thrown at [./src/hotspot/share/classfile/systemDictionary.cpp, line 231]
Event: 74.812 Thread 0x00000249e96b1800 Exception <a 'java/lang/ClassNotFoundException'{0x000000071045bd70}: java/awt/ComponentCustomizer> (0x000000071045bd70) thrown at [./src/hotspot/share/classfile/systemDictionary.cpp, line 231]
Event: 74.812 Thread 0x00000249e96b1800 Exception <a 'java/lang/ClassNotFoundException'{0x00000007104c00b8}: java/awt/ContainerCustomizer> (0x00000007104c00b8) thrown at [./src/hotspot/share/classfile/systemDictionary.cpp, line 231]
Event: 74.813 Thread 0x00000249e96b1800 Exception <a 'java/lang/ClassNotFoundException'{0x00000007104f3128}: javax/swing/JComponentCustomizer> (0x00000007104f3128) thrown at [./src/hotspot/share/classfile/systemDictionary.cpp, line 231]
Event: 74.814 Thread 0x00000249e96b1800 Exception <a 'java/lang/ClassNotFoundException'{0x000000071034e7b0}: javax/swing/AbstractButtonCustomizer> (0x000000071034e7b0) thrown at [./src/hotspot/share/classfile/systemDictionary.cpp, line 231]
Event: 74.814 Thread 0x00000249e96b1800 Exception <a 'java/lang/ClassNotFoundException'{0x0000000710386fe0}: javax/swing/JButtonCustomizer> (0x0000000710386fe0) thrown at [./src/hotspot/share/classfile/systemDictionary.cpp, line 231]

Events (20 events):
Event: 74.813 loading class javax/swing/JComponentCustomizer
Event: 74.813 loading class javax/swing/JComponentCustomizer done
Event: 74.814 loading class javax/swing/AbstractButtonCustomizer
Event: 74.814 loading class javax/swing/AbstractButtonCustomizer done
Event: 74.814 loading class javax/swing/AbstractButtonCustomizer
Event: 74.814 loading class javax/swing/AbstractButtonCustomizer done
Event: 74.814 loading class javax/swing/JButtonCustomizer
Event: 74.814 loading class javax/swing/JButtonCustomizer done
Event: 74.814 loading class javax/swing/JButtonCustomizer
Event: 74.814 loading class javax/swing/JButtonCustomizer done
Event: 75.966 Thread 0x00000249fa2be800 Thread exited: 0x00000249fa2be800
Event: 75.968 Loaded shared library C:\Program Files\Eclipse Foundation\jdk-11.0.12.7-hotspot\bin\awt.dll
Event: 79.600 loading class jssc/SerialPort
Event: 79.600 loading class jssc/SerialPort done
Event: 79.602 loading class jssc/SerialPort$EventThread
Event: 79.602 loading class jssc/SerialPort$EventThread done
Event: 79.602 loading class jssc/SerialPort$LinuxEventThread
Event: 79.602 loading class jssc/SerialPort$LinuxEventThread done
Event: 79.602 loading class jssc/SerialPortTimeoutException
Event: 79.602 loading class jssc/SerialPortTimeoutException done


Dynamic libraries:
0x00007ff61bff0000 - 0x00007ff61bffd000 	C:\Program Files\Eclipse Foundation\jdk-11.0.12.7-hotspot\bin\java.exe
0x00007ffa5a7a0000 - 0x00007ffa5a9a7000 	C:\Windows\SYSTEM32\ntdll.dll
0x00007ffa586a0000 - 0x00007ffa5875d000 	C:\Windows\System32\KERNEL32.DLL
0x00007ffa58140000 - 0x00007ffa584b4000 	C:\Windows\System32\KERNELBASE.dll
0x00007ffa57eb0000 - 0x00007ffa57fc1000 	C:\Windows\System32\ucrtbase.dll
0x00007ffa4dcf0000 - 0x00007ffa4dd07000 	C:\Program Files\Eclipse Foundation\jdk-11.0.12.7-hotspot\bin\jli.dll
0x00007ffa4dc80000 - 0x00007ffa4dc95000 	C:\Program Files\Eclipse Foundation\jdk-11.0.12.7-hotspot\bin\VCRUNTIME140.dll
0x00007ffa59840000 - 0x00007ffa599ec000 	C:\Windows\System32\USER32.dll
0x00007ffa49930000 - 0x00007ffa49bd5000 	C:\Windows\WinSxS\amd64_microsoft.windows.common-controls_6595b64144ccf1df_6.0.22000.120_none_9d947278b86cc467\COMCTL32.dll
0x00007ffa57c50000 - 0x00007ffa57c76000 	C:\Windows\System32\win32u.dll
0x00007ffa59560000 - 0x00007ffa59603000 	C:\Windows\System32\msvcrt.dll
0x00007ffa594d0000 - 0x00007ffa594f9000 	C:\Windows\System32\GDI32.dll
0x00007ffa57d90000 - 0x00007ffa57ea2000 	C:\Windows\System32\gdi32full.dll
0x00007ffa57c80000 - 0x00007ffa57d1d000 	C:\Windows\System32\msvcp_win.dll
0x00007ffa58600000 - 0x00007ffa58631000 	C:\Windows\System32\IMM32.DLL
0x00007ffa286f0000 - 0x00007ffa2878b000 	C:\Program Files\Eclipse Foundation\jdk-11.0.12.7-hotspot\bin\msvcp140.dll
0x00007ff9fbc90000 - 0x00007ff9fc7e9000 	C:\Program Files\Eclipse Foundation\jdk-11.0.12.7-hotspot\bin\server\jvm.dll
0x00007ffa58760000 - 0x00007ffa5880c000 	C:\Windows\System32\ADVAPI32.dll
0x00007ffa59270000 - 0x00007ffa5930d000 	C:\Windows\System32\sechost.dll
0x00007ffa59b10000 - 0x00007ffa59c31000 	C:\Windows\System32\RPCRT4.dll
0x00007ffa5a2a0000 - 0x00007ffa5a2a8000 	C:\Windows\System32\PSAPI.DLL
0x00007ffa4f1e0000 - 0x00007ffa4f213000 	C:\Windows\SYSTEM32\WINMM.dll
0x00007ffa500d0000 - 0x00007ffa500da000 	C:\Windows\SYSTEM32\VERSION.dll
0x00007ffa4d1a0000 - 0x00007ffa4d1a9000 	C:\Windows\SYSTEM32\WSOCK32.dll
0x00007ffa59aa0000 - 0x00007ffa59b0f000 	C:\Windows\System32\WS2_32.dll
0x00007ffa56da0000 - 0x00007ffa56db8000 	C:\Windows\SYSTEM32\kernel.appcore.dll
0x00007ffa4dce0000 - 0x00007ffa4dcf0000 	C:\Program Files\Eclipse Foundation\jdk-11.0.12.7-hotspot\bin\verify.dll
0x00007ffa443b0000 - 0x00007ffa445d1000 	C:\Windows\SYSTEM32\DBGHELP.DLL
0x00007ffa49480000 - 0x00007ffa494b1000 	C:\Windows\SYSTEM32\dbgcore.DLL
0x00007ffa58580000 - 0x00007ffa585ff000 	C:\Windows\System32\bcryptPrimitives.dll
0x00007ffa4dc50000 - 0x00007ffa4dc78000 	C:\Program Files\Eclipse Foundation\jdk-11.0.12.7-hotspot\bin\java.dll
0x00007ffa4dc40000 - 0x00007ffa4dc4a000 	C:\Program Files\Eclipse Foundation\jdk-11.0.12.7-hotspot\bin\jimage.dll
0x00007ffa4dc20000 - 0x00007ffa4dc37000 	C:\Program Files\Eclipse Foundation\jdk-11.0.12.7-hotspot\bin\zip.dll
0x00007ffa588a0000 - 0x00007ffa5904e000 	C:\Windows\System32\SHELL32.dll
0x00007ffa55db0000 - 0x00007ffa56617000 	C:\Windows\SYSTEM32\windows.storage.dll
0x00007ffa59ec0000 - 0x00007ffa5a238000 	C:\Windows\System32\combase.dll
0x00007ffa55c40000 - 0x00007ffa55da6000 	C:\Windows\SYSTEM32\wintypes.dll
0x00007ffa59620000 - 0x00007ffa5970a000 	C:\Windows\System32\SHCORE.dll
0x00007ffa59500000 - 0x00007ffa5955d000 	C:\Windows\System32\shlwapi.dll
0x00007ffa57b80000 - 0x00007ffa57ba1000 	C:\Windows\SYSTEM32\profapi.dll
0x00007ffa4d960000 - 0x00007ffa4d979000 	C:\Program Files\Eclipse Foundation\jdk-11.0.12.7-hotspot\bin\net.dll
0x00007ffa512c0000 - 0x00007ffa513cc000 	C:\Windows\SYSTEM32\WINHTTP.dll
0x00007ffa57220000 - 0x00007ffa57287000 	C:\Windows\system32\mswsock.dll
0x00007ffa4d840000 - 0x00007ffa4d852000 	C:\Program Files\Eclipse Foundation\jdk-11.0.12.7-hotspot\bin\nio.dll
0x00007ffa28550000 - 0x00007ffa286e9000 	C:\Program Files\Eclipse Foundation\jdk-11.0.12.7-hotspot\bin\awt.dll
0x00007ffa59c40000 - 0x00007ffa59d16000 	C:\Windows\System32\OLEAUT32.dll
0x00007ffa552f0000 - 0x00007ffa55381000 	C:\Windows\SYSTEM32\apphelp.dll
0x00007ffa4dc10000 - 0x00007ffa4dc19000 	C:\Program Files\Eclipse Foundation\jdk-11.0.12.7-hotspot\bin\prefs.dll
0x00007ffa553b0000 - 0x00007ffa5545c000 	C:\Windows\system32\uxtheme.dll
0x00007ffa59710000 - 0x00007ffa5982e000 	C:\Windows\System32\MSCTF.dll
0x00007ffa59050000 - 0x00007ffa591ea000 	C:\Windows\System32\ole32.dll
0x00007ffa55730000 - 0x00007ffa5575f000 	C:\Windows\system32\DWMAPI.DLL
0x00007ffa28300000 - 0x00007ffa28401000 	C:\Windows\system32\opengl32.dll
0x00007ffa446c0000 - 0x00007ffa446ed000 	C:\Windows\SYSTEM32\GLU32.dll
0x00007ffa55490000 - 0x00007ffa554c8000 	C:\Windows\SYSTEM32\dxcore.dll
0x00007ffa4e220000 - 0x00007ffa4e3c6000 	C:\Windows\system32\d3d9.dll
0x00007ffa50170000 - 0x00007ffa5025b000 	C:\Windows\System32\DriverStore\FileRepository\nv_dispi.inf_amd64_c1a085cc86772d3f\nvldumdx.dll
0x00007ffa57fd0000 - 0x00007ffa58132000 	C:\Windows\System32\crypt32.dll
0x00007ffa57d20000 - 0x00007ffa57d86000 	C:\Windows\System32\WINTRUST.DLL
0x00007ffa57540000 - 0x00007ffa57552000 	C:\Windows\SYSTEM32\MSASN1.dll
0x00007ffa58880000 - 0x00007ffa5889f000 	C:\Windows\System32\imagehlp.dll
0x00007ffa574f0000 - 0x00007ffa57508000 	C:\Windows\SYSTEM32\CRYPTSP.dll
0x00007ffa56d00000 - 0x00007ffa56d35000 	C:\Windows\system32\rsaenh.dll
0x00007ffa57410000 - 0x00007ffa5741c000 	C:\Windows\SYSTEM32\CRYPTBASE.dll
0x00007ffa57630000 - 0x00007ffa57657000 	C:\Windows\SYSTEM32\bcrypt.dll
0x00007ffa201e0000 - 0x00007ffa213ed000 	C:\Windows\System32\DriverStore\FileRepository\nv_dispi.inf_amd64_c1a085cc86772d3f\nvd3dumx.dll
0x00007ffa53a60000 - 0x00007ffa53aa4000 	C:\Windows\SYSTEM32\directxdatabasehelper.dll
0x00007ffa555f0000 - 0x00007ffa55624000 	C:\Windows\SYSTEM32\ntmarta.dll
0x00007ffa56ef0000 - 0x00007ffa56f3d000 	C:\Windows\system32\powrprof.dll
0x00007ffa56ed0000 - 0x00007ffa56ee3000 	C:\Windows\SYSTEM32\UMPDC.dll
0x00007ffa4d320000 - 0x00007ffa4d40c000 	C:\Program Files (x86)\NVIDIA Corporation\3D Vision\nvSCPAPI64.dll
0x00007ffa5a2b0000 - 0x00007ffa5a71b000 	C:\Windows\System32\SETUPAPI.dll
0x00007ffa57920000 - 0x00007ffa5796c000 	C:\Windows\SYSTEM32\cfgmgr32.DLL
0x00007ffa31c40000 - 0x00007ffa31ea6000 	C:\Windows\system32\nvspcap64.dll
0x00007ffa28270000 - 0x00007ffa282f6000 	C:\Program Files\Eclipse Foundation\jdk-11.0.12.7-hotspot\bin\freetype.dll
0x00007ffa446a0000 - 0x00007ffa446b2000 	C:\Program Files\Eclipse Foundation\jdk-11.0.12.7-hotspot\bin\fontmanager.dll
0x00007ffa0d310000 - 0x00007ffa0d3cc000 	C:\Program Files\Eclipse Foundation\jdk-11.0.12.7-hotspot\bin\harfbuzz.dll
0x00007ffa59d20000 - 0x00007ffa59dcf000 	C:\Windows\System32\clbcatq.dll
0x00007ffa51850000 - 0x00007ffa519fe000 	C:\Windows\SYSTEM32\WindowsCodecs.dll
0x00007ffa37a60000 - 0x00007ffa37abd000 	C:\Windows\system32\dataexchange.dll
0x00007ffa50be0000 - 0x00007ffa50e46000 	C:\Windows\system32\twinapi.appcore.dll
0x00007ffa4ea40000 - 0x00007ffa4eaf2000 	C:\Windows\WinSxS\amd64_microsoft.windows.common-controls_6595b64144ccf1df_5.82.22000.1_none_271a8fad6a2d1b1e\comctl32.dll
0x00007ffa54320000 - 0x00007ffa54417000 	C:\Windows\system32\propsys.dll
0x00007ffa399b0000 - 0x00007ffa399c8000 	C:\Windows\system32\NetworkExplorer.dll
0x00007ffa360b0000 - 0x00007ffa36116000 	C:\Windows\System32\thumbcache.dll
0x00007ffa4cc10000 - 0x00007ffa4ccb0000 	C:\Windows\SYSTEM32\policymanager.dll
0x00007ffa4f970000 - 0x00007ffa4fa02000 	C:\Windows\SYSTEM32\msvcp110_win.dll
0x00007ffa4fe80000 - 0x00007ffa4fe9d000 	C:\Windows\SYSTEM32\MPR.dll
0x00007ffa46110000 - 0x00007ffa4613c000 	C:\Windows\System32\p9np.dll
0x00007ffa54b20000 - 0x00007ffa54b2c000 	C:\Windows\System32\drprov.dll
0x00007ffa45fc0000 - 0x00007ffa45fe0000 	C:\Windows\System32\ntlanman.dll
0x00007ffa44790000 - 0x00007ffa447ae000 	C:\Windows\System32\davclnt.dll
0x00007ffa569d0000 - 0x00007ffa56a33000 	C:\Windows\System32\WINSTA.dll
0x00007ffa51150000 - 0x00007ffa51167000 	C:\Windows\System32\wkscli.dll
0x00007ffa49380000 - 0x00007ffa49392000 	C:\Windows\SYSTEM32\cscapi.dll
0x00007ffa56980000 - 0x00007ffa5698c000 	C:\Windows\System32\netutils.dll
0x00007ffa28b40000 - 0x00007ffa28b97000 	C:\Windows\System32\dlnashext.dll
0x00007ffa0b1d0000 - 0x00007ffa0b23e000 	C:\Windows\System32\PlayToDevice.dll
0x00007ffa34570000 - 0x00007ffa34591000 	C:\Windows\System32\DevDispItemProvider.dll
0x00007ffa4ee40000 - 0x00007ffa4eedc000 	C:\Windows\System32\MMDevApi.dll
0x00007ffa57970000 - 0x00007ffa5799c000 	C:\Windows\System32\DEVOBJ.dll
0x00007ff9fdb90000 - 0x00007ff9fdc32000 	C:\Windows\system32\wpdshext.dll
0x00007ffa4ca40000 - 0x00007ffa4cbf3000 	C:\Windows\WinSxS\amd64_microsoft.windows.gdiplus_6595b64144ccf1df_1.1.22000.318_none_ce876b9e12f802ea\gdiplus.dll
0x00007ffa513d0000 - 0x00007ffa5146e000 	C:\Windows\System32\PortableDeviceApi.dll
0x00007ffa33ae0000 - 0x00007ffa33b17000 	C:\Windows\System32\EhStorShell.dll
0x00007ffa40830000 - 0x00007ffa40855000 	C:\Windows\System32\EhStorAPI.dll
0x00007ffa54480000 - 0x00007ffa54494000 	C:\Windows\System32\WTSAPI32.dll
0x00007ffa38290000 - 0x00007ffa3829d000 	C:\Windows\SYSTEM32\LINKINFO.dll
0x00007ffa46ee0000 - 0x00007ffa46eec000 	C:\Windows\SYSTEM32\Secur32.dll
0x00007ffa57040000 - 0x00007ffa57080000 	C:\Windows\SYSTEM32\SSPICLI.DLL
0x00007ffa4f650000 - 0x00007ffa4f78b000 	C:\Windows\System32\Windows.System.Launcher.dll
0x00007ffa4f490000 - 0x00007ffa4f4ab000 	C:\Windows\SYSTEM32\windows.staterepositorycore.dll
0x0000000071100000 - 0x0000000071125000 	C:\Users\Woota\.jssc\windows\jSSC-2.8_x86_64.dll
0x00007ffa39500000 - 0x00007ffa3962d000 	C:\Windows\SYSTEM32\textinputframework.dll
0x00007ffa55000000 - 0x00007ffa55132000 	C:\Windows\SYSTEM32\CoreMessaging.dll
0x00007ffa533a0000 - 0x00007ffa5370d000 	C:\Windows\SYSTEM32\CoreUIComponents.dll

dbghelp: loaded successfully - version: 4.0.5 - missing functions: none
symbol engine: initialized successfully - sym options: 0x614 - pdb path: .;C:\Program Files\Eclipse Foundation\jdk-11.0.12.7-hotspot\bin;C:\Windows\SYSTEM32;C:\Windows\WinSxS\amd64_microsoft.windows.common-controls_6595b64144ccf1df_6.0.22000.120_none_9d947278b86cc467;C:\Program Files\Eclipse Foundation\jdk-11.0.12.7-hotspot\bin\server;C:\Windows\System32\DriverStore\FileRepository\nv_dispi.inf_amd64_c1a085cc86772d3f;C:\Program Files (x86)\NVIDIA Corporation\3D Vision;C:\Windows\WinSxS\amd64_microsoft.windows.common-controls_6595b64144ccf1df_5.82.22000.1_none_271a8fad6a2d1b1e;C:\Windows\WinSxS\amd64_microsoft.windows.gdiplus_6595b64144ccf1df_1.1.22000.318_none_ce876b9e12f802ea;C:\Users\Woota\.jssc\windows

VM Arguments:
java_command: ESPlorer.jar
java_class_path (initial): ESPlorer.jar
Launcher Type: SUN_STANDARD

[Global flags]
     intx CICompilerCount                          = 12                                        {product} {ergonomic}
     uint ConcGCThreads                            = 3                                         {product} {ergonomic}
     uint G1ConcRefinementThreads                  = 13                                        {product} {ergonomic}
   size_t G1HeapRegionSize                         = 1048576                                   {product} {ergonomic}
    uintx GCDrainStackTargetSize                   = 64                                        {product} {ergonomic}
   size_t InitialHeapSize                          = 268435456                                 {product} {ergonomic}
   size_t MarkStackSize                            = 4194304                                   {product} {ergonomic}
   size_t MaxHeapSize                              = 4276092928                                {product} {ergonomic}
   size_t MaxNewSize                               = 2564816896                                {product} {ergonomic}
   size_t MinHeapDeltaBytes                        = 1048576                                   {product} {ergonomic}
    uintx NonNMethodCodeHeapSize                   = 7594288                                {pd product} {ergonomic}
    uintx NonProfiledCodeHeapSize                  = 122031976                              {pd product} {ergonomic}
    uintx ProfiledCodeHeapSize                     = 122031976                              {pd product} {ergonomic}
    uintx ReservedCodeCacheSize                    = 251658240                              {pd product} {ergonomic}
     bool SegmentedCodeCache                       = true                                      {product} {ergonomic}
     bool UseCompressedClassPointers               = true                                 {lp64_product} {ergonomic}
     bool UseCompressedOops                        = true                                 {lp64_product} {ergonomic}
     bool UseG1GC                                  = true                                      {product} {ergonomic}
     bool UseLargePagesIndividualAllocation        = false                                  {pd product} {ergonomic}

Logging:
Log output configuration:
 #0: stdout all=warning uptime,level,tags
 #1: stderr all=off uptime,level,tags

Environment Variables:
JAVA_HOME=C:\Program Files\Eclipse Foundation\jdk-11.0.12.7-hotspot\
PATH=C:\WinAVR-20100110\bin;C:\WinAVR-20100110\utils\bin;C:\Program Files\Eclipse Foundation\jdk-11.0.12.7-hotspot\bin;C:\Program Files (x86)\Microsoft Azure Sphere SDK\Tools_v2\wbin;C:\Python310\Scripts\;C:\Python310\;C:\Program Files\Python39\Scripts\;C:\Program Files\Python39\;C:\Program Files (x86)\VMware\VMware Workstation\bin\;C:\Program Files\Common Files\Oracle\Java\javapath;C:\Program Files (x86)\Common Files\Oracle\Java\javapath;C:\Python27\;C:\Python27\Scripts;C:\Windows\system32;C:\Windows;C:\Windows\System32\Wbem;C:\Windows\System32\WindowsPowerShell\v1.0\;C:\Windows\System32\OpenSSH\;C:\Program Files (x86)\NVIDIA Corporation\PhysX\Common;C:\Program Files\dotnet\;C:\Program Files (x86)\dotnet\;C:\Program Files\nodejs\;C:\ProgramData\chocolatey\bin;C:\Program Files\LLVM\bin;C:\Program Files\Git\cmd;C:\Program Files\Docker\Docker\resources\bin;C:\ProgramData\DockerDesktop\version-bin;C:\Users\Woota\AppData\Local\Microsoft\WindowsApps;C:\Users\Woota\AppData\Local\GitHubDesktop\bin;C:\Users\Woota\.dotnet\tools;C:\Users\Woota\AppData\Local\Programs\Microsoft VS Code\bin;C:\Users\Woota\AppData\Roaming\npm
USERNAME=Woota
OS=Windows_NT
PROCESSOR_IDENTIFIER=Intel64 Family 6 Model 45 Stepping 7, GenuineIntel



---------------  S Y S T E M  ---------------

OS: Windows 10 , 64 bit Build 22000 (10.0.22000.318)
OS uptime: 0 days 6:16 hours
Hyper-V role detected

CPU:total 16 (initial active 16) (8 cores per cpu, 2 threads per core) family 6 model 45 stepping 7 microcode 0x71a, cmov, cx8, fxsr, mmx, sse, sse2, sse3, ssse3, sse4.1, sse4.2, popcnt, avx, aes, clmul, ht, tsc, tscinvbit, tscinv

Memory: 4k page, system-wide physical 16310M (5384M free)
TotalPageFile size 24073M (AvailPageFile size 4208M)
current process WorkingSet (physical memory assigned to process): 319M, peak: 339M
current process commit charge ("private bytes"): 493M, peak: 579M

vm_info: OpenJDK 64-Bit Server VM (11.0.12+7) for windows-amd64 JRE (11.0.12+7), built on Jul 21 2021 16:23:49 by "" with unknown MS VC++:1916

END.
