#
# A fatal error has been detected by the Java Runtime Environment:
#
#  EXCEPTION_ACCESS_VIOLATION (0xc0000005) at pc=0x000000007110b5db, pid=20372, tid=7444
#
# JRE version: OpenJDK Runtime Environment Temurin-11.0.12+7 (11.0.12+7) (build 11.0.12+7)
# Java VM: OpenJDK 64-Bit Server VM Temurin-11.0.12+7 (11.0.12+7, mixed mode, tiered, compressed oops, g1 gc, windows-amd64)
# Problematic frame:
# C  [jSSC-2.8_x86_64.dll+0xb5db]
#
# No core dump will be written. Minidumps are not enabled by default on client versions of Windows
#
# If you would like to submit a bug report, please visit:
#   https://github.com/adoptium/adoptium-support/issues
# The crash happened outside the Java Virtual Machine in native code.
# See problematic frame for where to report the bug.
#

---------------  S U M M A R Y ------------

Command Line: ESPlorer.jar

Host: Intel(R) Xeon(R) CPU E5-2690 0 @ 2.90GHz, 16 cores, 15G,  Windows 10 , 64 bit Build 22000 (10.0.22000.318)
Time: Tue Dec 28 00:38:49 2021 RTZ 2 (зима) elapsed time: 21.137135 seconds (0d 0h 0m 21s)

---------------  T H R E A D  ---------------

Current thread (0x000001e5c6587800):  JavaThread "AWT-EventQueue-0" [_thread_in_native, id=7444, stack(0x0000000a57600000,0x0000000a57700000)]

Stack: [0x0000000a57600000,0x0000000a57700000],  sp=0x0000000a576fab70,  free space=1002k
Native frames: (J=compiled Java code, j=interpreted, Vv=VM code, C=native code)
C  [jSSC-2.8_x86_64.dll+0xb5db]

Java frames: (J=compiled Java code, j=interpreted, Vv=VM code)
j  jssc.SerialNativeInterface.openPort(Ljava/lang/String;Z)J+0
j  jssc.SerialPort.openPort()Z+65
j  ESPlorer.ESPlorer.portOpen()Z+108
j  ESPlorer.ESPlorer.OpenActionPerformed(Ljava/awt/event/ActionEvent;)V+160
j  ESPlorer.ESPlorer.access$27300(LESPlorer/ESPlorer;Ljava/awt/event/ActionEvent;)V+2
j  ESPlorer.ESPlorer$271.actionPerformed(Ljava/awt/event/ActionEvent;)V+5
j  javax.swing.AbstractButton.fireActionPerformed(Ljava/awt/event/ActionEvent;)V+83 java.desktop@11.0.12
j  javax.swing.AbstractButton$Handler.actionPerformed(Ljava/awt/event/ActionEvent;)V+5 java.desktop@11.0.12
j  javax.swing.DefaultButtonModel.fireActionPerformed(Ljava/awt/event/ActionEvent;)V+34 java.desktop@11.0.12
j  javax.swing.JToggleButton$ToggleButtonModel.setPressed(Z)V+148 java.desktop@11.0.12
j  javax.swing.plaf.basic.BasicButtonListener.mouseReleased(Ljava/awt/event/MouseEvent;)V+35 java.desktop@11.0.12
j  java.awt.AWTEventMulticaster.mouseReleased(Ljava/awt/event/MouseEvent;)V+8 java.desktop@11.0.12
j  java.awt.Component.processMouseEvent(Ljava/awt/event/MouseEvent;)V+64 java.desktop@11.0.12
j  javax.swing.JComponent.processMouseEvent(Ljava/awt/event/MouseEvent;)V+23 java.desktop@11.0.12
J 4639 c1 java.awt.Component.processEvent(Ljava/awt/AWTEvent;)V java.desktop@11.0.12 (220 bytes) @ 0x000001e5a9d603d4 [0x000001e5a9d5fd80+0x0000000000000654]
J 4502 c1 java.awt.Container.processEvent(Ljava/awt/AWTEvent;)V java.desktop@11.0.12 (22 bytes) @ 0x000001e5a9ce99bc [0x000001e5a9ce9660+0x000000000000035c]
J 4635 c1 java.awt.Component.dispatchEventImpl(Ljava/awt/AWTEvent;)V java.desktop@11.0.12 (777 bytes) @ 0x000001e5a9d59afc [0x000001e5a9d55b20+0x0000000000003fdc]
J 4489 c1 java.awt.Container.dispatchEventImpl(Ljava/awt/AWTEvent;)V java.desktop@11.0.12 (129 bytes) @ 0x000001e5a9ce261c [0x000001e5a9ce24e0+0x000000000000013c]
J 4731 c1 java.awt.LightweightDispatcher.retargetMouseEvent(Ljava/awt/Component;ILjava/awt/event/MouseEvent;)V java.desktop@11.0.12 (372 bytes) @ 0x000001e5a9d9880c [0x000001e5a9d95fa0+0x000000000000286c]
J 4807 c1 java.awt.LightweightDispatcher.processMouseEvent(Ljava/awt/event/MouseEvent;)Z java.desktop@11.0.12 (265 bytes) @ 0x000001e5a9dd5dc4 [0x000001e5a9dd4d60+0x0000000000001064]
J 4815 c1 java.awt.LightweightDispatcher.dispatchEvent(Ljava/awt/AWTEvent;)Z java.desktop@11.0.12 (73 bytes) @ 0x000001e5a9df6d0c [0x000001e5a9df68a0+0x000000000000046c]
J 4489 c1 java.awt.Container.dispatchEventImpl(Ljava/awt/AWTEvent;)V java.desktop@11.0.12 (129 bytes) @ 0x000001e5a9ce25bc [0x000001e5a9ce24e0+0x00000000000000dc]
J 4777 c1 java.awt.Window.dispatchEventImpl(Ljava/awt/AWTEvent;)V java.desktop@11.0.12 (23 bytes) @ 0x000001e5a9dc7a4c [0x000001e5a9dc7420+0x000000000000062c]
J 4507 c1 java.awt.EventQueue.dispatchEventImpl(Ljava/awt/AWTEvent;Ljava/lang/Object;)V java.desktop@11.0.12 (136 bytes) @ 0x000001e5a9cec22c [0x000001e5a9cebd40+0x00000000000004ec]
J 4506 c1 java.awt.EventQueue$4.run()Ljava/lang/Void; java.desktop@11.0.12 (60 bytes) @ 0x000001e5a9ceb644 [0x000001e5a9ceb500+0x0000000000000144]
J 4505 c1 java.awt.EventQueue$4.run()Ljava/lang/Object; java.desktop@11.0.12 (5 bytes) @ 0x000001e5a9ce9dc4 [0x000001e5a9ce9d40+0x0000000000000084]
v  ~StubRoutines::call_stub
J 1913  java.security.AccessController.doPrivileged(Ljava/security/PrivilegedAction;Ljava/security/AccessControlContext;)Ljava/lang/Object; java.base@11.0.12 (0 bytes) @ 0x000001e5b07e85b6 [0x000001e5b07e8540+0x0000000000000076]
J 4553 c1 java.awt.EventQueue$5.run()Ljava/lang/Object; java.desktop@11.0.12 (5 bytes) @ 0x000001e5a9d23e1c [0x000001e5a9d23ac0+0x000000000000035c]
v  ~StubRoutines::call_stub
J 1913  java.security.AccessController.doPrivileged(Ljava/security/PrivilegedAction;Ljava/security/AccessControlContext;)Ljava/lang/Object; java.base@11.0.12 (0 bytes) @ 0x000001e5b07e85b6 [0x000001e5b07e8540+0x0000000000000076]
J 4508 c1 java.awt.EventQueue.dispatchEvent(Ljava/awt/AWTEvent;)V java.desktop@11.0.12 (80 bytes) @ 0x000001e5a9d08b5c [0x000001e5a9d08020+0x0000000000000b3c]
J 4261 c1 java.awt.EventDispatchThread.pumpOneEventForFilters(I)V java.desktop@11.0.12 (113 bytes) @ 0x000001e5a9c62304 [0x000001e5a9c61ba0+0x0000000000000764]
j  java.awt.EventDispatchThread.pumpEventsForFilter(ILjava/awt/Conditional;Ljava/awt/EventFilter;)V+35 java.desktop@11.0.12
j  java.awt.EventDispatchThread.pumpEventsForHierarchy(ILjava/awt/Conditional;Ljava/awt/Component;)V+11 java.desktop@11.0.12
j  java.awt.EventDispatchThread.pumpEvents(ILjava/awt/Conditional;)V+4 java.desktop@11.0.12
j  java.awt.EventDispatchThread.pumpEvents(Ljava/awt/Conditional;)V+3 java.desktop@11.0.12
j  java.awt.EventDispatchThread.run()V+9 java.desktop@11.0.12
v  ~StubRoutines::call_stub

siginfo: EXCEPTION_ACCESS_VIOLATION (0xc0000005), reading address 0xffffffff9ecce5f5


Register to memory mapping:

RIP=0x000000007110b5db jSSC-2.8_x86_64.dll
RAX=0xffffffff9ecce5f5 is an unknown value
RBX=0x0000000a576fabe0 is pointing into the stack for thread: 0x000001e5c6587800
RCX=0x00007ff938663547 ntdll.dll
RDX=0x0 is NULL
RSP=0x0000000a576fab70 is pointing into the stack for thread: 0x000001e5c6587800
RBP=0x0000000a576facf0 is pointing into the stack for thread: 0x000001e5c6587800
RSI=0x000001e5c6587b48 points into unknown readable memory: 0x00007ff8c3b3ce20 | 20 ce b3 c3 f8 7f 00 00
RDI=0x0000000000000d0c is an unknown value
R8 =0x0000000a576faa68 is pointing into the stack for thread: 0x000001e5c6587800
R9 =0x0000000a576fab60 is pointing into the stack for thread: 0x000001e5c6587800
R10=0x0 is NULL
R11=0x0000000000010202 is an unknown value
R12=0x0000000a576fada8 is pointing into the stack for thread: 0x000001e5c6587800
R13=0x000001e5d05bc0b0 points into unknown readable memory: 0x00003e00374d4f43 | 43 4f 4d 37 00 3e 00 00
R14=0x0000000a576faca0 is pointing into the stack for thread: 0x000001e5c6587800
R15=0x000001e5c6587800 is a thread


Registers:
RAX=0xffffffff9ecce5f5, RBX=0x0000000a576fabe0, RCX=0x00007ff938663547, RDX=0x0000000000000000
RSP=0x0000000a576fab70, RBP=0x0000000a576facf0, RSI=0x000001e5c6587b48, RDI=0x0000000000000d0c
R8 =0x0000000a576faa68, R9 =0x0000000a576fab60, R10=0x0000000000000000, R11=0x0000000000010202
R12=0x0000000a576fada8, R13=0x000001e5d05bc0b0, R14=0x0000000a576faca0, R15=0x000001e5c6587800
RIP=0x000000007110b5db, EFLAGS=0x0000000000010206

Top of Stack: (sp=0x0000000a576fab70)
0x0000000a576fab70:   000001e5d3319ce0 000001e59e950000
0x0000000a576fab80:   000000007110b230 000001e59ea80000
0x0000000a576fab90:   0000000a576fac50 0000000000000004
0x0000000a576faba0:   000001e5c6587b48 0000000000000d0c
0x0000000a576fabb0:   0000000a576facf0 0000000071112590
0x0000000a576fabc0:   000001e5c6587800 0000000a576faca0
0x0000000a576fabd0:   000001e5d05bc0b0 0000000a576fada8
0x0000000a576fabe0:   000001e5d05bc0b0 00007ff9385e7551
0x0000000a576fabf0:   000001e5d05bc0a0 000001e59ea80000
0x0000000a576fac00:   0000000a576facf0 0000000000000000
0x0000000a576fac10:   0000000071113500 0000000071113be8
0x0000000a576fac20:   0000000a576fac50 0000000071112641
0x0000000a576fac30:   0000000a576fabc0 000001e5c6587b48
0x0000000a576fac40:   0000000000000000 0000000000000000
0x0000000a576fac50:   0000000a576facf0 0000000071101595
0x0000000a576fac60:   000000000000001c 000001e500000000 

Instructions: (pc=0x000000007110b5db)
0x000000007110b4db:   48 85 c0 74 bf 44 8b 03 45 85 c0 0f 84 77 ff ff
0x000000007110b4eb:   ff eb 9f 66 90 e8 8b fe ff ff 48 89 05 0c 34 01
0x000000007110b4fb:   00 eb ad 66 90 e8 7b fe ff ff 48 89 05 fc 33 01
0x000000007110b50b:   00 eb 8b e8 8d fe ff ff c7 03 01 00 00 00 e9 6f
0x000000007110b51b:   ff ff ff 66 90 55 48 89 e5 56 53 48 83 ec 20 48
0x000000007110b52b:   8b 05 d7 33 01 00 48 8b 31 48 89 cb 48 85 c0 74
0x000000007110b53b:   56 44 8b 18 45 85 db 78 42 48 8b 05 bd 33 01 00
0x000000007110b54b:   48 85 c0 74 50 44 8b 10 45 85 d2 74 1d 48 89 f1
0x000000007110b55b:   e8 d0 fd ff ff 48 8b 13 48 8d 42 40 48 8b 48 08
0x000000007110b56b:   48 8b 6a 40 48 8b 60 10 ff e1 48 8b 05 9c 33 01
0x000000007110b57b:   00 48 85 c0 74 2d 48 89 30 eb da e8 b5 fe ff ff
0x000000007110b58b:   0f 1f 44 00 00 eb b2 e8 e9 fd ff ff 48 89 05 6a
0x000000007110b59b:   33 01 00 eb 9c e8 db fd ff ff 48 89 05 5c 33 01
0x000000007110b5ab:   00 eb a2 e8 3d fd ff ff 48 89 05 5e 33 01 00 eb
0x000000007110b5bb:   c5 0f 1f 40 00 55 57 56 53 48 83 ec 28 48 8b 05
0x000000007110b5cb:   39 33 01 00 48 89 cb 48 85 c0 0f 84 c5 00 00 00
0x000000007110b5db:   8b 38 85 ff 0f 88 ab 00 00 00 48 8b 05 1c 33 01
0x000000007110b5eb:   00 48 85 c0 0f 84 bc 00 00 00 8b 30 85 f6 74 57
0x000000007110b5fb:   48 8b 05 0e 33 01 00 48 85 c0 0f 84 e5 00 00 00
0x000000007110b60b:   8b 28 48 8b 35 10 5e 01 00 ff d6 89 c7 89 e9 ff
0x000000007110b61b:   15 f4 5e 01 00 89 f9 48 89 c5 ff 15 b9 5e 01 00
0x000000007110b62b:   48 8b 05 de 32 01 00 48 89 2b 48 85 c0 74 46 48
0x000000007110b63b:   89 da 8b 08 ff 15 d7 5e 01 00 85 c0 74 27 48 83
0x000000007110b64b:   c4 28 5b 5e 5f 5d c3 48 8b 05 bf 32 01 00 48 85
0x000000007110b65b:   c0 74 64 48 8b 10 48 89 13 48 89 18 48 83 c4 28
0x000000007110b66b:   5b 5e 5f 5d c3 48 89 f2 48 83 c4 28 5b 5e 5f 5d
0x000000007110b67b:   48 ff e2 66 90 e8 8b fc ff ff 48 89 05 84 32 01
0x000000007110b68b:   00 eb ac 66 90 e8 ab fd ff ff e9 4b ff ff ff 66
0x000000007110b69b:   0f 1f 44 00 00 e8 db fc ff ff 48 89 05 5c 32 01
0x000000007110b6ab:   00 e9 2a ff ff ff e8 ca fc ff ff 48 89 05 4b 32
0x000000007110b6bb:   01 00 e9 33 ff ff ff e8 29 fc ff ff 48 89 05 4a
0x000000007110b6cb:   32 01 00 48 8b 10 48 85 c0 48 89 13 75 8b e8 12 


Stack slot to memory mapping:
stack at sp + 0 slots: 0x000001e5d3319ce0 points into unknown readable memory: 0x000001e59e951380 | 80 13 95 9e e5 01 00 00
stack at sp + 1 slots: 0x000001e59e950000 points into unknown readable memory: 0x0000000000000000 | 00 00 00 00 00 00 00 00
stack at sp + 2 slots: 0x000000007110b230 jSSC-2.8_x86_64.dll
stack at sp + 3 slots: 0x000001e59ea80000 points into unknown readable memory: 0x0000000000000000 | 00 00 00 00 00 00 00 00
stack at sp + 4 slots: 0x0000000a576fac50 is pointing into the stack for thread: 0x000001e5c6587800
stack at sp + 5 slots: 0x0000000000000004 is an unknown value
stack at sp + 6 slots: 0x000001e5c6587b48 points into unknown readable memory: 0x00007ff8c3b3ce20 | 20 ce b3 c3 f8 7f 00 00
stack at sp + 7 slots: 0x0000000000000d0c is an unknown value


---------------  P R O C E S S  ---------------

Threads class SMR info:
_java_thread_list=0x000001e5c78b8c80, length=17, elements={
0x000001e5c5d32000, 0x000001e5c5d3c800, 0x000001e5c5d85800, 0x000001e5c5d87000,
0x000001e5c5d88000, 0x000001e5c5d98800, 0x000001e5c5d99800, 0x000001e5c5dc8800,
0x000001e5c5f41000, 0x000001e5c6833000, 0x000001e5c6771000, 0x000001e5c6771800,
0x000001e5c6587800, 0x000001e5a048a800, 0x000001e5c784e000, 0x000001e5d1a21800,
0x000001e5d23da800
}

Java Threads: ( => current thread )
  0x000001e5c5d32000 JavaThread "Reference Handler" daemon [_thread_blocked, id=20792, stack(0x0000000a56500000,0x0000000a56600000)]
  0x000001e5c5d3c800 JavaThread "Finalizer" daemon [_thread_blocked, id=11080, stack(0x0000000a56600000,0x0000000a56700000)]
  0x000001e5c5d85800 JavaThread "Signal Dispatcher" daemon [_thread_blocked, id=7732, stack(0x0000000a56700000,0x0000000a56800000)]
  0x000001e5c5d87000 JavaThread "Attach Listener" daemon [_thread_blocked, id=10952, stack(0x0000000a56800000,0x0000000a56900000)]
  0x000001e5c5d88000 JavaThread "Service Thread" daemon [_thread_blocked, id=18512, stack(0x0000000a56900000,0x0000000a56a00000)]
  0x000001e5c5d98800 JavaThread "C2 CompilerThread0" daemon [_thread_blocked, id=9196, stack(0x0000000a56a00000,0x0000000a56b00000)]
  0x000001e5c5d99800 JavaThread "C1 CompilerThread0" daemon [_thread_blocked, id=2296, stack(0x0000000a56b00000,0x0000000a56c00000)]
  0x000001e5c5dc8800 JavaThread "Sweeper thread" daemon [_thread_blocked, id=23620, stack(0x0000000a56c00000,0x0000000a56d00000)]
  0x000001e5c5f41000 JavaThread "Common-Cleaner" daemon [_thread_blocked, id=17388, stack(0x0000000a57000000,0x0000000a57100000)]
  0x000001e5c6833000 JavaThread "Java2D Disposer" daemon [_thread_blocked, id=4212, stack(0x0000000a57200000,0x0000000a57300000)]
  0x000001e5c6771000 JavaThread "AWT-Shutdown" [_thread_blocked, id=22092, stack(0x0000000a57300000,0x0000000a57400000)]
  0x000001e5c6771800 JavaThread "AWT-Windows" daemon [_thread_in_native, id=6812, stack(0x0000000a57400000,0x0000000a57500000)]
=>0x000001e5c6587800 JavaThread "AWT-EventQueue-0" [_thread_in_native, id=7444, stack(0x0000000a57600000,0x0000000a57700000)]
  0x000001e5a048a800 JavaThread "DestroyJavaVM" [_thread_blocked, id=20960, stack(0x0000000a55e00000,0x0000000a55f00000)]
  0x000001e5c784e000 JavaThread "TimerQueue" daemon [_thread_blocked, id=20048, stack(0x0000000a57500000,0x0000000a57600000)]
  0x000001e5d1a21800 JavaThread "Swing-Shell" daemon [_thread_blocked, id=21220, stack(0x0000000a58a00000,0x0000000a58b00000)]
  0x000001e5d23da800 JavaThread "D3D Screen Updater" daemon [_thread_blocked, id=18140, stack(0x0000000a57100000,0x0000000a57200000)]

Other Threads:
  0x000001e5c5480800 VMThread "VM Thread" [stack: 0x0000000a56400000,0x0000000a56500000] [id=8124]
  0x000001e5c5ef9000 WatcherThread [stack: 0x0000000a56f00000,0x0000000a57000000] [id=23356]
  0x000001e5a04a3800 GCTaskThread "GC Thread#0" [stack: 0x0000000a55f00000,0x0000000a56000000] [id=17144]
  0x000001e5c7882800 GCTaskThread "GC Thread#1" [stack: 0x0000000a57800000,0x0000000a57900000] [id=11932]
  0x000001e5c793c000 GCTaskThread "GC Thread#2" [stack: 0x0000000a57900000,0x0000000a57a00000] [id=18696]
  0x000001e5c78be000 GCTaskThread "GC Thread#3" [stack: 0x0000000a57a00000,0x0000000a57b00000] [id=22336]
  0x000001e5c793d000 GCTaskThread "GC Thread#4" [stack: 0x0000000a57b00000,0x0000000a57c00000] [id=24516]
  0x000001e5c793d800 GCTaskThread "GC Thread#5" [stack: 0x0000000a57c00000,0x0000000a57d00000] [id=20620]
  0x000001e5a0506800 ConcurrentGCThread "G1 Main Marker" [stack: 0x0000000a56000000,0x0000000a56100000] [id=8236]
  0x000001e5a0509000 ConcurrentGCThread "G1 Conc#0" [stack: 0x0000000a56100000,0x0000000a56200000] [id=2988]
  0x000001e5c6075000 ConcurrentGCThread "G1 Conc#1" [stack: 0x0000000a57d00000,0x0000000a57e00000] [id=3668]
  0x000001e5c6e58000 ConcurrentGCThread "G1 Conc#2" [stack: 0x0000000a57e00000,0x0000000a57f00000] [id=20208]
  0x000001e5c5366000 ConcurrentGCThread "G1 Refine#0" [stack: 0x0000000a56200000,0x0000000a56300000] [id=21040]
  0x000001e5c5367000 ConcurrentGCThread "G1 Young RemSet Sampling" [stack: 0x0000000a56300000,0x0000000a56400000] [id=21168]

Threads with active compile tasks:

VM state:not at safepoint (normal execution)

VM Mutex/Monitor currently owned by a thread: None

Heap address: 0x0000000701200000, size: 4078 MB, Compressed Oops mode: Zero based, Oop shift amount: 3
Narrow klass base: 0x0000000800000000, Narrow klass shift: 0
Compressed class space size: 1073741824 Address: 0x0000000800000000

Heap:
 garbage-first heap   total 262144K, used 114218K [0x0000000701200000, 0x0000000800000000)
  region size 1024K, 83 young (84992K), 4 survivors (4096K)
 Metaspace       used 31947K, capacity 32589K, committed 32896K, reserved 1079296K
  class space    used 3629K, capacity 3898K, committed 3968K, reserved 1048576K
Heap Regions: E=young(eden), S=young(survivor), O=old, HS=humongous(starts), HC=humongous(continues), CS=collection set, F=free, A=archive, TAMS=top-at-mark-start (previous, next)
|   0|0x0000000701200000, 0x0000000701300000, 0x0000000701300000|100%| O|  |TAMS 0x0000000701300000, 0x0000000701200000| Untracked 
|   1|0x0000000701300000, 0x0000000701400000, 0x0000000701400000|100%| O|  |TAMS 0x00000007013b1400, 0x0000000701300000| Untracked 
|   2|0x0000000701400000, 0x0000000701500000, 0x0000000701500000|100%| O|  |TAMS 0x0000000701400000, 0x0000000701400000| Untracked 
|   3|0x0000000701500000, 0x0000000701600000, 0x0000000701600000|100%| O|  |TAMS 0x0000000701500000, 0x0000000701500000| Untracked 
|   4|0x0000000701600000, 0x00000007016c7c00, 0x0000000701700000| 78%| O|  |TAMS 0x0000000701600000, 0x0000000701600000| Untracked 
|   5|0x0000000701700000, 0x0000000701800000, 0x0000000701800000|100%|HS|  |TAMS 0x0000000701700000, 0x0000000701700000| Complete 
|   6|0x0000000701800000, 0x0000000701900000, 0x0000000701900000|100%|HC|  |TAMS 0x0000000701800000, 0x0000000701800000| Complete 
|   7|0x0000000701900000, 0x0000000701a00000, 0x0000000701a00000|100%|HS|  |TAMS 0x0000000701900000, 0x0000000701900000| Complete 
|   8|0x0000000701a00000, 0x0000000701b00000, 0x0000000701b00000|100%|HC|  |TAMS 0x0000000701a00000, 0x0000000701a00000| Complete 
|   9|0x0000000701b00000, 0x0000000701c00000, 0x0000000701c00000|100%|HS|  |TAMS 0x0000000701b00000, 0x0000000701b00000| Complete 
|  10|0x0000000701c00000, 0x0000000701d00000, 0x0000000701d00000|100%|HS|  |TAMS 0x0000000701c00000, 0x0000000701c00000| Complete 
|  11|0x0000000701d00000, 0x0000000701e00000, 0x0000000701e00000|100%|HC|  |TAMS 0x0000000701d00000, 0x0000000701d00000| Complete 
|  12|0x0000000701e00000, 0x0000000701f00000, 0x0000000701f00000|100%|HS|  |TAMS 0x0000000701e00000, 0x0000000701e00000| Complete 
|  13|0x0000000701f00000, 0x0000000702000000, 0x0000000702000000|100%|HC|  |TAMS 0x0000000701f00000, 0x0000000701f00000| Complete 
|  14|0x0000000702000000, 0x0000000702100000, 0x0000000702100000|100%|HS|  |TAMS 0x0000000702000000, 0x0000000702000000| Complete 
|  15|0x0000000702100000, 0x0000000702200000, 0x0000000702200000|100%|HS|  |TAMS 0x0000000702100000, 0x0000000702100000| Complete 
|  16|0x0000000702200000, 0x0000000702300000, 0x0000000702300000|100%|HC|  |TAMS 0x0000000702200000, 0x0000000702200000| Complete 
|  17|0x0000000702300000, 0x0000000702400000, 0x0000000702400000|100%|HC|  |TAMS 0x0000000702300000, 0x0000000702300000| Complete 
|  18|0x0000000702400000, 0x0000000702500000, 0x0000000702500000|100%|HS|  |TAMS 0x0000000702400000, 0x0000000702400000| Complete 
|  19|0x0000000702500000, 0x0000000702600000, 0x0000000702600000|100%|HC|  |TAMS 0x0000000702500000, 0x0000000702500000| Complete 
|  20|0x0000000702600000, 0x0000000702700000, 0x0000000702700000|100%|HS|  |TAMS 0x0000000702600000, 0x0000000702600000| Complete 
|  21|0x0000000702700000, 0x0000000702800000, 0x0000000702800000|100%|HC|  |TAMS 0x0000000702700000, 0x0000000702700000| Complete 
|  22|0x0000000702800000, 0x0000000702900000, 0x0000000702900000|100%|HS|  |TAMS 0x0000000702800000, 0x0000000702800000| Complete 
|  23|0x0000000702900000, 0x0000000702a00000, 0x0000000702a00000|100%|HC|  |TAMS 0x0000000702900000, 0x0000000702900000| Complete 
|  24|0x0000000702a00000, 0x0000000702b00000, 0x0000000702b00000|100%|HS|  |TAMS 0x0000000702a00000, 0x0000000702a00000| Complete 
|  25|0x0000000702b00000, 0x0000000702c00000, 0x0000000702c00000|100%|HC|  |TAMS 0x0000000702b00000, 0x0000000702b00000| Complete 
|  26|0x0000000702c00000, 0x0000000702d00000, 0x0000000702d00000|100%|HS|  |TAMS 0x0000000702c00000, 0x0000000702c00000| Complete 
|  27|0x0000000702d00000, 0x0000000702e00000, 0x0000000702e00000|100%|HC|  |TAMS 0x0000000702d00000, 0x0000000702d00000| Complete 
|  28|0x0000000702e00000, 0x0000000702f00000, 0x0000000702f00000|100%|HS|  |TAMS 0x0000000702e00000, 0x0000000702e00000| Complete 
|  29|0x0000000702f00000, 0x0000000703000000, 0x0000000703000000|100%|HC|  |TAMS 0x0000000702f00000, 0x0000000702f00000| Complete 
|  30|0x0000000703000000, 0x0000000703000000, 0x0000000703100000|  0%| F|  |TAMS 0x0000000703000000, 0x0000000703000000| Untracked 
|  31|0x0000000703100000, 0x0000000703100000, 0x0000000703200000|  0%| F|  |TAMS 0x0000000703100000, 0x0000000703100000| Untracked 
|  32|0x0000000703200000, 0x0000000703200000, 0x0000000703300000|  0%| F|  |TAMS 0x0000000703200000, 0x0000000703200000| Untracked 
|  33|0x0000000703300000, 0x0000000703300000, 0x0000000703400000|  0%| F|  |TAMS 0x0000000703300000, 0x0000000703300000| Untracked 
|  34|0x0000000703400000, 0x0000000703400000, 0x0000000703500000|  0%| F|  |TAMS 0x0000000703400000, 0x0000000703400000| Untracked 
|  35|0x0000000703500000, 0x0000000703500000, 0x0000000703600000|  0%| F|  |TAMS 0x0000000703500000, 0x0000000703500000| Untracked 
|  36|0x0000000703600000, 0x0000000703600000, 0x0000000703700000|  0%| F|  |TAMS 0x0000000703600000, 0x0000000703600000| Untracked 
|  37|0x0000000703700000, 0x0000000703700000, 0x0000000703800000|  0%| F|  |TAMS 0x0000000703700000, 0x0000000703700000| Untracked 
|  38|0x0000000703800000, 0x0000000703800000, 0x0000000703900000|  0%| F|  |TAMS 0x0000000703800000, 0x0000000703800000| Untracked 
|  39|0x0000000703900000, 0x0000000703900000, 0x0000000703a00000|  0%| F|  |TAMS 0x0000000703900000, 0x0000000703900000| Untracked 
|  40|0x0000000703a00000, 0x0000000703a00000, 0x0000000703b00000|  0%| F|  |TAMS 0x0000000703a00000, 0x0000000703a00000| Untracked 
|  41|0x0000000703b00000, 0x0000000703b00000, 0x0000000703c00000|  0%| F|  |TAMS 0x0000000703b00000, 0x0000000703b00000| Untracked 
|  42|0x0000000703c00000, 0x0000000703c00000, 0x0000000703d00000|  0%| F|  |TAMS 0x0000000703c00000, 0x0000000703c00000| Untracked 
|  43|0x0000000703d00000, 0x0000000703d00000, 0x0000000703e00000|  0%| F|  |TAMS 0x0000000703d00000, 0x0000000703d00000| Untracked 
|  44|0x0000000703e00000, 0x0000000703e00000, 0x0000000703f00000|  0%| F|  |TAMS 0x0000000703e00000, 0x0000000703e00000| Untracked 
|  45|0x0000000703f00000, 0x0000000703f00000, 0x0000000704000000|  0%| F|  |TAMS 0x0000000703f00000, 0x0000000703f00000| Untracked 
|  46|0x0000000704000000, 0x0000000704000000, 0x0000000704100000|  0%| F|  |TAMS 0x0000000704000000, 0x0000000704000000| Untracked 
|  47|0x0000000704100000, 0x0000000704100000, 0x0000000704200000|  0%| F|  |TAMS 0x0000000704100000, 0x0000000704100000| Untracked 
|  48|0x0000000704200000, 0x0000000704200000, 0x0000000704300000|  0%| F|  |TAMS 0x0000000704200000, 0x0000000704200000| Untracked 
|  49|0x0000000704300000, 0x0000000704300000, 0x0000000704400000|  0%| F|  |TAMS 0x0000000704300000, 0x0000000704300000| Untracked 
|  50|0x0000000704400000, 0x0000000704400000, 0x0000000704500000|  0%| F|  |TAMS 0x0000000704400000, 0x0000000704400000| Untracked 
|  51|0x0000000704500000, 0x0000000704500000, 0x0000000704600000|  0%| F|  |TAMS 0x0000000704500000, 0x0000000704500000| Untracked 
|  52|0x0000000704600000, 0x0000000704600000, 0x0000000704700000|  0%| F|  |TAMS 0x0000000704600000, 0x0000000704600000| Untracked 
|  53|0x0000000704700000, 0x0000000704700000, 0x0000000704800000|  0%| F|  |TAMS 0x0000000704700000, 0x0000000704700000| Untracked 
|  54|0x0000000704800000, 0x0000000704800000, 0x0000000704900000|  0%| F|  |TAMS 0x0000000704800000, 0x0000000704800000| Untracked 
|  55|0x0000000704900000, 0x0000000704900000, 0x0000000704a00000|  0%| F|  |TAMS 0x0000000704900000, 0x0000000704900000| Untracked 
|  56|0x0000000704a00000, 0x0000000704a00000, 0x0000000704b00000|  0%| F|  |TAMS 0x0000000704a00000, 0x0000000704a00000| Untracked 
|  57|0x0000000704b00000, 0x0000000704b00000, 0x0000000704c00000|  0%| F|  |TAMS 0x0000000704b00000, 0x0000000704b00000| Untracked 
|  58|0x0000000704c00000, 0x0000000704c00000, 0x0000000704d00000|  0%| F|  |TAMS 0x0000000704c00000, 0x0000000704c00000| Untracked 
|  59|0x0000000704d00000, 0x0000000704d00000, 0x0000000704e00000|  0%| F|  |TAMS 0x0000000704d00000, 0x0000000704d00000| Untracked 
|  60|0x0000000704e00000, 0x0000000704e00000, 0x0000000704f00000|  0%| F|  |TAMS 0x0000000704e00000, 0x0000000704e00000| Untracked 
|  61|0x0000000704f00000, 0x0000000704f00000, 0x0000000705000000|  0%| F|  |TAMS 0x0000000704f00000, 0x0000000704f00000| Untracked 
|  62|0x0000000705000000, 0x0000000705000000, 0x0000000705100000|  0%| F|  |TAMS 0x0000000705000000, 0x0000000705000000| Untracked 
|  63|0x0000000705100000, 0x0000000705100000, 0x0000000705200000|  0%| F|  |TAMS 0x0000000705100000, 0x0000000705100000| Untracked 
|  64|0x0000000705200000, 0x0000000705200000, 0x0000000705300000|  0%| F|  |TAMS 0x0000000705200000, 0x0000000705200000| Untracked 
|  65|0x0000000705300000, 0x0000000705300000, 0x0000000705400000|  0%| F|  |TAMS 0x0000000705300000, 0x0000000705300000| Untracked 
|  66|0x0000000705400000, 0x0000000705400000, 0x0000000705500000|  0%| F|  |TAMS 0x0000000705400000, 0x0000000705400000| Untracked 
|  67|0x0000000705500000, 0x0000000705500000, 0x0000000705600000|  0%| F|  |TAMS 0x0000000705500000, 0x0000000705500000| Untracked 
|  68|0x0000000705600000, 0x0000000705600000, 0x0000000705700000|  0%| F|  |TAMS 0x0000000705600000, 0x0000000705600000| Untracked 
|  69|0x0000000705700000, 0x0000000705700000, 0x0000000705800000|  0%| F|  |TAMS 0x0000000705700000, 0x0000000705700000| Untracked 
|  70|0x0000000705800000, 0x0000000705800000, 0x0000000705900000|  0%| F|  |TAMS 0x0000000705800000, 0x0000000705800000| Untracked 
|  71|0x0000000705900000, 0x0000000705900000, 0x0000000705a00000|  0%| F|  |TAMS 0x0000000705900000, 0x0000000705900000| Untracked 
|  72|0x0000000705a00000, 0x0000000705a00000, 0x0000000705b00000|  0%| F|  |TAMS 0x0000000705a00000, 0x0000000705a00000| Untracked 
|  73|0x0000000705b00000, 0x0000000705b00000, 0x0000000705c00000|  0%| F|  |TAMS 0x0000000705b00000, 0x0000000705b00000| Untracked 
|  74|0x0000000705c00000, 0x0000000705c00000, 0x0000000705d00000|  0%| F|  |TAMS 0x0000000705c00000, 0x0000000705c00000| Untracked 
|  75|0x0000000705d00000, 0x0000000705d00000, 0x0000000705e00000|  0%| F|  |TAMS 0x0000000705d00000, 0x0000000705d00000| Untracked 
|  76|0x0000000705e00000, 0x0000000705e00000, 0x0000000705f00000|  0%| F|  |TAMS 0x0000000705e00000, 0x0000000705e00000| Untracked 
|  77|0x0000000705f00000, 0x0000000705f00000, 0x0000000706000000|  0%| F|  |TAMS 0x0000000705f00000, 0x0000000705f00000| Untracked 
|  78|0x0000000706000000, 0x0000000706000000, 0x0000000706100000|  0%| F|  |TAMS 0x0000000706000000, 0x0000000706000000| Untracked 
|  79|0x0000000706100000, 0x0000000706100000, 0x0000000706200000|  0%| F|  |TAMS 0x0000000706100000, 0x0000000706100000| Untracked 
|  80|0x0000000706200000, 0x0000000706200000, 0x0000000706300000|  0%| F|  |TAMS 0x0000000706200000, 0x0000000706200000| Untracked 
|  81|0x0000000706300000, 0x0000000706300000, 0x0000000706400000|  0%| F|  |TAMS 0x0000000706300000, 0x0000000706300000| Untracked 
|  82|0x0000000706400000, 0x0000000706400000, 0x0000000706500000|  0%| F|  |TAMS 0x0000000706400000, 0x0000000706400000| Untracked 
|  83|0x0000000706500000, 0x0000000706500000, 0x0000000706600000|  0%| F|  |TAMS 0x0000000706500000, 0x0000000706500000| Untracked 
|  84|0x0000000706600000, 0x0000000706600000, 0x0000000706700000|  0%| F|  |TAMS 0x0000000706600000, 0x0000000706600000| Untracked 
|  85|0x0000000706700000, 0x0000000706700000, 0x0000000706800000|  0%| F|  |TAMS 0x0000000706700000, 0x0000000706700000| Untracked 
|  86|0x0000000706800000, 0x0000000706800000, 0x0000000706900000|  0%| F|  |TAMS 0x0000000706800000, 0x0000000706800000| Untracked 
|  87|0x0000000706900000, 0x0000000706900000, 0x0000000706a00000|  0%| F|  |TAMS 0x0000000706900000, 0x0000000706900000| Untracked 
|  88|0x0000000706a00000, 0x0000000706a00000, 0x0000000706b00000|  0%| F|  |TAMS 0x0000000706a00000, 0x0000000706a00000| Untracked 
|  89|0x0000000706b00000, 0x0000000706b00000, 0x0000000706c00000|  0%| F|  |TAMS 0x0000000706b00000, 0x0000000706b00000| Untracked 
|  90|0x0000000706c00000, 0x0000000706c00000, 0x0000000706d00000|  0%| F|  |TAMS 0x0000000706c00000, 0x0000000706c00000| Untracked 
|  91|0x0000000706d00000, 0x0000000706d00000, 0x0000000706e00000|  0%| F|  |TAMS 0x0000000706d00000, 0x0000000706d00000| Untracked 
|  92|0x0000000706e00000, 0x0000000706e00000, 0x0000000706f00000|  0%| F|  |TAMS 0x0000000706e00000, 0x0000000706e00000| Untracked 
|  93|0x0000000706f00000, 0x0000000706f00000, 0x0000000707000000|  0%| F|  |TAMS 0x0000000706f00000, 0x0000000706f00000| Untracked 
|  94|0x0000000707000000, 0x0000000707000000, 0x0000000707100000|  0%| F|  |TAMS 0x0000000707000000, 0x0000000707000000| Untracked 
|  95|0x0000000707100000, 0x0000000707100000, 0x0000000707200000|  0%| F|  |TAMS 0x0000000707100000, 0x0000000707100000| Untracked 
|  96|0x0000000707200000, 0x0000000707200000, 0x0000000707300000|  0%| F|  |TAMS 0x0000000707200000, 0x0000000707200000| Untracked 
|  97|0x0000000707300000, 0x0000000707300000, 0x0000000707400000|  0%| F|  |TAMS 0x0000000707300000, 0x0000000707300000| Untracked 
|  98|0x0000000707400000, 0x0000000707400000, 0x0000000707500000|  0%| F|  |TAMS 0x0000000707400000, 0x0000000707400000| Untracked 
|  99|0x0000000707500000, 0x0000000707500000, 0x0000000707600000|  0%| F|  |TAMS 0x0000000707500000, 0x0000000707500000| Untracked 
| 100|0x0000000707600000, 0x0000000707600000, 0x0000000707700000|  0%| F|  |TAMS 0x0000000707600000, 0x0000000707600000| Untracked 
| 101|0x0000000707700000, 0x0000000707700000, 0x0000000707800000|  0%| F|  |TAMS 0x0000000707700000, 0x0000000707700000| Untracked 
| 102|0x0000000707800000, 0x0000000707800000, 0x0000000707900000|  0%| F|  |TAMS 0x0000000707800000, 0x0000000707800000| Untracked 
| 103|0x0000000707900000, 0x0000000707900000, 0x0000000707a00000|  0%| F|  |TAMS 0x0000000707900000, 0x0000000707900000| Untracked 
| 104|0x0000000707a00000, 0x0000000707a00000, 0x0000000707b00000|  0%| F|  |TAMS 0x0000000707a00000, 0x0000000707a00000| Untracked 
| 105|0x0000000707b00000, 0x0000000707b00000, 0x0000000707c00000|  0%| F|  |TAMS 0x0000000707b00000, 0x0000000707b00000| Untracked 
| 106|0x0000000707c00000, 0x0000000707c00000, 0x0000000707d00000|  0%| F|  |TAMS 0x0000000707c00000, 0x0000000707c00000| Untracked 
| 107|0x0000000707d00000, 0x0000000707d00000, 0x0000000707e00000|  0%| F|  |TAMS 0x0000000707d00000, 0x0000000707d00000| Untracked 
| 108|0x0000000707e00000, 0x0000000707e00000, 0x0000000707f00000|  0%| F|  |TAMS 0x0000000707e00000, 0x0000000707e00000| Untracked 
| 109|0x0000000707f00000, 0x0000000707f00000, 0x0000000708000000|  0%| F|  |TAMS 0x0000000707f00000, 0x0000000707f00000| Untracked 
| 110|0x0000000708000000, 0x0000000708000000, 0x0000000708100000|  0%| F|  |TAMS 0x0000000708000000, 0x0000000708000000| Untracked 
| 111|0x0000000708100000, 0x0000000708100000, 0x0000000708200000|  0%| F|  |TAMS 0x0000000708100000, 0x0000000708100000| Untracked 
| 112|0x0000000708200000, 0x0000000708200000, 0x0000000708300000|  0%| F|  |TAMS 0x0000000708200000, 0x0000000708200000| Untracked 
| 113|0x0000000708300000, 0x0000000708300000, 0x0000000708400000|  0%| F|  |TAMS 0x0000000708300000, 0x0000000708300000| Untracked 
| 114|0x0000000708400000, 0x0000000708400000, 0x0000000708500000|  0%| F|  |TAMS 0x0000000708400000, 0x0000000708400000| Untracked 
| 115|0x0000000708500000, 0x0000000708500000, 0x0000000708600000|  0%| F|  |TAMS 0x0000000708500000, 0x0000000708500000| Untracked 
| 116|0x0000000708600000, 0x0000000708600000, 0x0000000708700000|  0%| F|  |TAMS 0x0000000708600000, 0x0000000708600000| Untracked 
| 117|0x0000000708700000, 0x0000000708700000, 0x0000000708800000|  0%| F|  |TAMS 0x0000000708700000, 0x0000000708700000| Untracked 
| 118|0x0000000708800000, 0x0000000708800000, 0x0000000708900000|  0%| F|  |TAMS 0x0000000708800000, 0x0000000708800000| Untracked 
| 119|0x0000000708900000, 0x0000000708900000, 0x0000000708a00000|  0%| F|  |TAMS 0x0000000708900000, 0x0000000708900000| Untracked 
| 120|0x0000000708a00000, 0x0000000708a00000, 0x0000000708b00000|  0%| F|  |TAMS 0x0000000708a00000, 0x0000000708a00000| Untracked 
| 121|0x0000000708b00000, 0x0000000708b00000, 0x0000000708c00000|  0%| F|  |TAMS 0x0000000708b00000, 0x0000000708b00000| Untracked 
| 122|0x0000000708c00000, 0x0000000708c00000, 0x0000000708d00000|  0%| F|  |TAMS 0x0000000708c00000, 0x0000000708c00000| Untracked 
| 123|0x0000000708d00000, 0x0000000708d00000, 0x0000000708e00000|  0%| F|  |TAMS 0x0000000708d00000, 0x0000000708d00000| Untracked 
| 124|0x0000000708e00000, 0x0000000708e00000, 0x0000000708f00000|  0%| F|  |TAMS 0x0000000708e00000, 0x0000000708e00000| Untracked 
| 125|0x0000000708f00000, 0x0000000708f00000, 0x0000000709000000|  0%| F|  |TAMS 0x0000000708f00000, 0x0000000708f00000| Untracked 
| 126|0x0000000709000000, 0x0000000709000000, 0x0000000709100000|  0%| F|  |TAMS 0x0000000709000000, 0x0000000709000000| Untracked 
| 127|0x0000000709100000, 0x0000000709100000, 0x0000000709200000|  0%| F|  |TAMS 0x0000000709100000, 0x0000000709100000| Untracked 
| 128|0x0000000709200000, 0x0000000709200000, 0x0000000709300000|  0%| F|  |TAMS 0x0000000709200000, 0x0000000709200000| Untracked 
| 129|0x0000000709300000, 0x0000000709300000, 0x0000000709400000|  0%| F|  |TAMS 0x0000000709300000, 0x0000000709300000| Untracked 
| 130|0x0000000709400000, 0x0000000709400000, 0x0000000709500000|  0%| F|  |TAMS 0x0000000709400000, 0x0000000709400000| Untracked 
| 131|0x0000000709500000, 0x0000000709500000, 0x0000000709600000|  0%| F|  |TAMS 0x0000000709500000, 0x0000000709500000| Untracked 
| 132|0x0000000709600000, 0x0000000709600000, 0x0000000709700000|  0%| F|  |TAMS 0x0000000709600000, 0x0000000709600000| Untracked 
| 133|0x0000000709700000, 0x0000000709700000, 0x0000000709800000|  0%| F|  |TAMS 0x0000000709700000, 0x0000000709700000| Untracked 
| 134|0x0000000709800000, 0x0000000709800000, 0x0000000709900000|  0%| F|  |TAMS 0x0000000709800000, 0x0000000709800000| Untracked 
| 135|0x0000000709900000, 0x0000000709900000, 0x0000000709a00000|  0%| F|  |TAMS 0x0000000709900000, 0x0000000709900000| Untracked 
| 136|0x0000000709a00000, 0x0000000709a00000, 0x0000000709b00000|  0%| F|  |TAMS 0x0000000709a00000, 0x0000000709a00000| Untracked 
| 137|0x0000000709b00000, 0x0000000709b00000, 0x0000000709c00000|  0%| F|  |TAMS 0x0000000709b00000, 0x0000000709b00000| Untracked 
| 138|0x0000000709c00000, 0x0000000709c00000, 0x0000000709d00000|  0%| F|  |TAMS 0x0000000709c00000, 0x0000000709c00000| Untracked 
| 139|0x0000000709d00000, 0x0000000709d00000, 0x0000000709e00000|  0%| F|  |TAMS 0x0000000709d00000, 0x0000000709d00000| Untracked 
| 140|0x0000000709e00000, 0x0000000709e00000, 0x0000000709f00000|  0%| F|  |TAMS 0x0000000709e00000, 0x0000000709e00000| Untracked 
| 141|0x0000000709f00000, 0x0000000709f00000, 0x000000070a000000|  0%| F|  |TAMS 0x0000000709f00000, 0x0000000709f00000| Untracked 
| 142|0x000000070a000000, 0x000000070a000000, 0x000000070a100000|  0%| F|  |TAMS 0x000000070a000000, 0x000000070a000000| Untracked 
| 143|0x000000070a100000, 0x000000070a100000, 0x000000070a200000|  0%| F|  |TAMS 0x000000070a100000, 0x000000070a100000| Untracked 
| 144|0x000000070a200000, 0x000000070a200000, 0x000000070a300000|  0%| F|  |TAMS 0x000000070a200000, 0x000000070a200000| Untracked 
| 145|0x000000070a300000, 0x000000070a300000, 0x000000070a400000|  0%| F|  |TAMS 0x000000070a300000, 0x000000070a300000| Untracked 
| 146|0x000000070a400000, 0x000000070a400000, 0x000000070a500000|  0%| F|  |TAMS 0x000000070a400000, 0x000000070a400000| Untracked 
| 147|0x000000070a500000, 0x000000070a500000, 0x000000070a600000|  0%| F|  |TAMS 0x000000070a500000, 0x000000070a500000| Untracked 
| 148|0x000000070a600000, 0x000000070a600000, 0x000000070a700000|  0%| F|  |TAMS 0x000000070a600000, 0x000000070a600000| Untracked 
| 149|0x000000070a700000, 0x000000070a700000, 0x000000070a800000|  0%| F|  |TAMS 0x000000070a700000, 0x000000070a700000| Untracked 
| 150|0x000000070a800000, 0x000000070a800000, 0x000000070a900000|  0%| F|  |TAMS 0x000000070a800000, 0x000000070a800000| Untracked 
| 151|0x000000070a900000, 0x000000070a900000, 0x000000070aa00000|  0%| F|  |TAMS 0x000000070a900000, 0x000000070a900000| Untracked 
| 152|0x000000070aa00000, 0x000000070aa00000, 0x000000070ab00000|  0%| F|  |TAMS 0x000000070aa00000, 0x000000070aa00000| Untracked 
| 153|0x000000070ab00000, 0x000000070ab00000, 0x000000070ac00000|  0%| F|  |TAMS 0x000000070ab00000, 0x000000070ab00000| Untracked 
| 154|0x000000070ac00000, 0x000000070ac00000, 0x000000070ad00000|  0%| F|  |TAMS 0x000000070ac00000, 0x000000070ac00000| Untracked 
| 155|0x000000070ad00000, 0x000000070ad00000, 0x000000070ae00000|  0%| F|  |TAMS 0x000000070ad00000, 0x000000070ad00000| Untracked 
| 156|0x000000070ae00000, 0x000000070ae00000, 0x000000070af00000|  0%| F|  |TAMS 0x000000070ae00000, 0x000000070ae00000| Untracked 
| 157|0x000000070af00000, 0x000000070af00000, 0x000000070b000000|  0%| F|  |TAMS 0x000000070af00000, 0x000000070af00000| Untracked 
| 158|0x000000070b000000, 0x000000070b000000, 0x000000070b100000|  0%| F|  |TAMS 0x000000070b000000, 0x000000070b000000| Untracked 
| 159|0x000000070b100000, 0x000000070b100000, 0x000000070b200000|  0%| F|  |TAMS 0x000000070b100000, 0x000000070b100000| Untracked 
| 160|0x000000070b200000, 0x000000070b200000, 0x000000070b300000|  0%| F|  |TAMS 0x000000070b200000, 0x000000070b200000| Untracked 
| 161|0x000000070b300000, 0x000000070b300000, 0x000000070b400000|  0%| F|  |TAMS 0x000000070b300000, 0x000000070b300000| Untracked 
| 162|0x000000070b400000, 0x000000070b400000, 0x000000070b500000|  0%| F|  |TAMS 0x000000070b400000, 0x000000070b400000| Untracked 
| 163|0x000000070b500000, 0x000000070b500000, 0x000000070b600000|  0%| F|  |TAMS 0x000000070b500000, 0x000000070b500000| Untracked 
| 164|0x000000070b600000, 0x000000070b600000, 0x000000070b700000|  0%| F|  |TAMS 0x000000070b600000, 0x000000070b600000| Untracked 
| 165|0x000000070b700000, 0x000000070b700000, 0x000000070b800000|  0%| F|  |TAMS 0x000000070b700000, 0x000000070b700000| Untracked 
| 166|0x000000070b800000, 0x000000070b800000, 0x000000070b900000|  0%| F|  |TAMS 0x000000070b800000, 0x000000070b800000| Untracked 
| 167|0x000000070b900000, 0x000000070b900000, 0x000000070ba00000|  0%| F|  |TAMS 0x000000070b900000, 0x000000070b900000| Untracked 
| 168|0x000000070ba00000, 0x000000070ba00000, 0x000000070bb00000|  0%| F|  |TAMS 0x000000070ba00000, 0x000000070ba00000| Untracked 
| 169|0x000000070bb00000, 0x000000070bb00000, 0x000000070bc00000|  0%| F|  |TAMS 0x000000070bb00000, 0x000000070bb00000| Untracked 
| 170|0x000000070bc00000, 0x000000070bc00000, 0x000000070bd00000|  0%| F|  |TAMS 0x000000070bc00000, 0x000000070bc00000| Untracked 
| 171|0x000000070bd00000, 0x000000070bd00000, 0x000000070be00000|  0%| F|  |TAMS 0x000000070bd00000, 0x000000070bd00000| Untracked 
| 172|0x000000070be00000, 0x000000070be00000, 0x000000070bf00000|  0%| F|  |TAMS 0x000000070be00000, 0x000000070be00000| Untracked 
| 173|0x000000070bf00000, 0x000000070c000000, 0x000000070c000000|100%| E|  |TAMS 0x000000070bf00000, 0x000000070bf00000| Complete 
| 174|0x000000070c000000, 0x000000070c100000, 0x000000070c100000|100%| E|CS|TAMS 0x000000070c000000, 0x000000070c000000| Complete 
| 175|0x000000070c100000, 0x000000070c200000, 0x000000070c200000|100%| E|CS|TAMS 0x000000070c100000, 0x000000070c100000| Complete 
| 176|0x000000070c200000, 0x000000070c300000, 0x000000070c300000|100%| E|CS|TAMS 0x000000070c200000, 0x000000070c200000| Complete 
| 177|0x000000070c300000, 0x000000070c400000, 0x000000070c400000|100%| E|CS|TAMS 0x000000070c300000, 0x000000070c300000| Complete 
| 178|0x000000070c400000, 0x000000070c500000, 0x000000070c500000|100%| E|CS|TAMS 0x000000070c400000, 0x000000070c400000| Complete 
| 179|0x000000070c500000, 0x000000070c600000, 0x000000070c600000|100%| E|CS|TAMS 0x000000070c500000, 0x000000070c500000| Complete 
| 180|0x000000070c600000, 0x000000070c700000, 0x000000070c700000|100%| E|CS|TAMS 0x000000070c600000, 0x000000070c600000| Complete 
| 181|0x000000070c700000, 0x000000070c800000, 0x000000070c800000|100%| E|CS|TAMS 0x000000070c700000, 0x000000070c700000| Complete 
| 182|0x000000070c800000, 0x000000070c900000, 0x000000070c900000|100%| E|CS|TAMS 0x000000070c800000, 0x000000070c800000| Complete 
| 183|0x000000070c900000, 0x000000070ca00000, 0x000000070ca00000|100%| E|CS|TAMS 0x000000070c900000, 0x000000070c900000| Complete 
| 184|0x000000070ca00000, 0x000000070cb00000, 0x000000070cb00000|100%| E|CS|TAMS 0x000000070ca00000, 0x000000070ca00000| Complete 
| 185|0x000000070cb00000, 0x000000070cc00000, 0x000000070cc00000|100%| E|CS|TAMS 0x000000070cb00000, 0x000000070cb00000| Complete 
| 186|0x000000070cc00000, 0x000000070cd00000, 0x000000070cd00000|100%| E|CS|TAMS 0x000000070cc00000, 0x000000070cc00000| Complete 
| 187|0x000000070cd00000, 0x000000070ce00000, 0x000000070ce00000|100%| E|CS|TAMS 0x000000070cd00000, 0x000000070cd00000| Complete 
| 188|0x000000070ce00000, 0x000000070cf00000, 0x000000070cf00000|100%| E|CS|TAMS 0x000000070ce00000, 0x000000070ce00000| Complete 
| 189|0x000000070cf00000, 0x000000070d000000, 0x000000070d000000|100%| E|CS|TAMS 0x000000070cf00000, 0x000000070cf00000| Complete 
| 190|0x000000070d000000, 0x000000070d100000, 0x000000070d100000|100%| E|CS|TAMS 0x000000070d000000, 0x000000070d000000| Complete 
| 191|0x000000070d100000, 0x000000070d200000, 0x000000070d200000|100%| E|CS|TAMS 0x000000070d100000, 0x000000070d100000| Complete 
| 192|0x000000070d200000, 0x000000070d300000, 0x000000070d300000|100%| E|CS|TAMS 0x000000070d200000, 0x000000070d200000| Complete 
| 193|0x000000070d300000, 0x000000070d400000, 0x000000070d400000|100%| E|CS|TAMS 0x000000070d300000, 0x000000070d300000| Complete 
| 194|0x000000070d400000, 0x000000070d500000, 0x000000070d500000|100%| E|CS|TAMS 0x000000070d400000, 0x000000070d400000| Complete 
| 195|0x000000070d500000, 0x000000070d5c2e38, 0x000000070d600000| 76%| S|CS|TAMS 0x000000070d500000, 0x000000070d500000| Complete 
| 196|0x000000070d600000, 0x000000070d700000, 0x000000070d700000|100%| S|CS|TAMS 0x000000070d600000, 0x000000070d600000| Complete 
| 197|0x000000070d700000, 0x000000070d800000, 0x000000070d800000|100%| S|CS|TAMS 0x000000070d700000, 0x000000070d700000| Complete 
| 198|0x000000070d800000, 0x000000070d900000, 0x000000070d900000|100%| S|CS|TAMS 0x000000070d800000, 0x000000070d800000| Complete 
| 199|0x000000070d900000, 0x000000070da00000, 0x000000070da00000|100%| E|CS|TAMS 0x000000070d900000, 0x000000070d900000| Complete 
| 200|0x000000070da00000, 0x000000070db00000, 0x000000070db00000|100%| E|CS|TAMS 0x000000070da00000, 0x000000070da00000| Complete 
| 201|0x000000070db00000, 0x000000070dc00000, 0x000000070dc00000|100%| E|CS|TAMS 0x000000070db00000, 0x000000070db00000| Complete 
| 202|0x000000070dc00000, 0x000000070dd00000, 0x000000070dd00000|100%| E|CS|TAMS 0x000000070dc00000, 0x000000070dc00000| Complete 
| 203|0x000000070dd00000, 0x000000070de00000, 0x000000070de00000|100%| E|CS|TAMS 0x000000070dd00000, 0x000000070dd00000| Complete 
| 204|0x000000070de00000, 0x000000070df00000, 0x000000070df00000|100%| E|CS|TAMS 0x000000070de00000, 0x000000070de00000| Complete 
| 205|0x000000070df00000, 0x000000070e000000, 0x000000070e000000|100%| E|CS|TAMS 0x000000070df00000, 0x000000070df00000| Complete 
| 206|0x000000070e000000, 0x000000070e100000, 0x000000070e100000|100%| E|CS|TAMS 0x000000070e000000, 0x000000070e000000| Complete 
| 207|0x000000070e100000, 0x000000070e200000, 0x000000070e200000|100%| E|CS|TAMS 0x000000070e100000, 0x000000070e100000| Complete 
| 208|0x000000070e200000, 0x000000070e300000, 0x000000070e300000|100%| E|CS|TAMS 0x000000070e200000, 0x000000070e200000| Complete 
| 209|0x000000070e300000, 0x000000070e400000, 0x000000070e400000|100%| E|CS|TAMS 0x000000070e300000, 0x000000070e300000| Complete 
| 210|0x000000070e400000, 0x000000070e500000, 0x000000070e500000|100%| E|CS|TAMS 0x000000070e400000, 0x000000070e400000| Complete 
| 211|0x000000070e500000, 0x000000070e600000, 0x000000070e600000|100%| E|CS|TAMS 0x000000070e500000, 0x000000070e500000| Complete 
| 212|0x000000070e600000, 0x000000070e700000, 0x000000070e700000|100%| E|CS|TAMS 0x000000070e600000, 0x000000070e600000| Complete 
| 213|0x000000070e700000, 0x000000070e800000, 0x000000070e800000|100%| E|CS|TAMS 0x000000070e700000, 0x000000070e700000| Complete 
| 214|0x000000070e800000, 0x000000070e900000, 0x000000070e900000|100%| E|CS|TAMS 0x000000070e800000, 0x000000070e800000| Complete 
| 215|0x000000070e900000, 0x000000070ea00000, 0x000000070ea00000|100%| E|CS|TAMS 0x000000070e900000, 0x000000070e900000| Complete 
| 216|0x000000070ea00000, 0x000000070eb00000, 0x000000070eb00000|100%| E|CS|TAMS 0x000000070ea00000, 0x000000070ea00000| Complete 
| 217|0x000000070eb00000, 0x000000070ec00000, 0x000000070ec00000|100%| E|CS|TAMS 0x000000070eb00000, 0x000000070eb00000| Complete 
| 218|0x000000070ec00000, 0x000000070ed00000, 0x000000070ed00000|100%| E|CS|TAMS 0x000000070ec00000, 0x000000070ec00000| Complete 
| 219|0x000000070ed00000, 0x000000070ee00000, 0x000000070ee00000|100%| E|CS|TAMS 0x000000070ed00000, 0x000000070ed00000| Complete 
| 220|0x000000070ee00000, 0x000000070ef00000, 0x000000070ef00000|100%| E|CS|TAMS 0x000000070ee00000, 0x000000070ee00000| Complete 
| 221|0x000000070ef00000, 0x000000070f000000, 0x000000070f000000|100%| E|CS|TAMS 0x000000070ef00000, 0x000000070ef00000| Complete 
| 222|0x000000070f000000, 0x000000070f100000, 0x000000070f100000|100%| E|CS|TAMS 0x000000070f000000, 0x000000070f000000| Complete 
| 223|0x000000070f100000, 0x000000070f200000, 0x000000070f200000|100%| E|CS|TAMS 0x000000070f100000, 0x000000070f100000| Complete 
| 224|0x000000070f200000, 0x000000070f300000, 0x000000070f300000|100%| E|CS|TAMS 0x000000070f200000, 0x000000070f200000| Complete 
| 225|0x000000070f300000, 0x000000070f400000, 0x000000070f400000|100%| E|CS|TAMS 0x000000070f300000, 0x000000070f300000| Complete 
| 226|0x000000070f400000, 0x000000070f500000, 0x000000070f500000|100%| E|CS|TAMS 0x000000070f400000, 0x000000070f400000| Complete 
| 227|0x000000070f500000, 0x000000070f600000, 0x000000070f600000|100%| E|CS|TAMS 0x000000070f500000, 0x000000070f500000| Complete 
| 228|0x000000070f600000, 0x000000070f700000, 0x000000070f700000|100%| E|CS|TAMS 0x000000070f600000, 0x000000070f600000| Complete 
| 229|0x000000070f700000, 0x000000070f800000, 0x000000070f800000|100%| E|CS|TAMS 0x000000070f700000, 0x000000070f700000| Complete 
| 230|0x000000070f800000, 0x000000070f900000, 0x000000070f900000|100%| E|CS|TAMS 0x000000070f800000, 0x000000070f800000| Complete 
| 231|0x000000070f900000, 0x000000070fa00000, 0x000000070fa00000|100%| E|CS|TAMS 0x000000070f900000, 0x000000070f900000| Complete 
| 232|0x000000070fa00000, 0x000000070fb00000, 0x000000070fb00000|100%| E|CS|TAMS 0x000000070fa00000, 0x000000070fa00000| Complete 
| 233|0x000000070fb00000, 0x000000070fc00000, 0x000000070fc00000|100%| E|CS|TAMS 0x000000070fb00000, 0x000000070fb00000| Complete 
| 234|0x000000070fc00000, 0x000000070fd00000, 0x000000070fd00000|100%| E|CS|TAMS 0x000000070fc00000, 0x000000070fc00000| Complete 
| 235|0x000000070fd00000, 0x000000070fe00000, 0x000000070fe00000|100%| E|CS|TAMS 0x000000070fd00000, 0x000000070fd00000| Complete 
| 236|0x000000070fe00000, 0x000000070ff00000, 0x000000070ff00000|100%| E|CS|TAMS 0x000000070fe00000, 0x000000070fe00000| Complete 
| 237|0x000000070ff00000, 0x0000000710000000, 0x0000000710000000|100%| E|CS|TAMS 0x000000070ff00000, 0x000000070ff00000| Complete 
| 238|0x0000000710000000, 0x0000000710100000, 0x0000000710100000|100%| E|CS|TAMS 0x0000000710000000, 0x0000000710000000| Complete 
| 239|0x0000000710100000, 0x0000000710200000, 0x0000000710200000|100%| E|CS|TAMS 0x0000000710100000, 0x0000000710100000| Complete 
| 240|0x0000000710200000, 0x0000000710300000, 0x0000000710300000|100%| E|CS|TAMS 0x0000000710200000, 0x0000000710200000| Complete 
| 241|0x0000000710300000, 0x0000000710400000, 0x0000000710400000|100%| E|CS|TAMS 0x0000000710300000, 0x0000000710300000| Complete 
| 242|0x0000000710400000, 0x0000000710500000, 0x0000000710500000|100%| E|CS|TAMS 0x0000000710400000, 0x0000000710400000| Complete 
| 243|0x0000000710500000, 0x0000000710600000, 0x0000000710600000|100%| E|CS|TAMS 0x0000000710500000, 0x0000000710500000| Complete 
| 244|0x0000000710600000, 0x0000000710700000, 0x0000000710700000|100%| E|CS|TAMS 0x0000000710600000, 0x0000000710600000| Complete 
| 245|0x0000000710700000, 0x0000000710800000, 0x0000000710800000|100%| E|CS|TAMS 0x0000000710700000, 0x0000000710700000| Complete 
| 246|0x0000000710800000, 0x0000000710900000, 0x0000000710900000|100%| E|CS|TAMS 0x0000000710800000, 0x0000000710800000| Complete 
| 247|0x0000000710900000, 0x0000000710a00000, 0x0000000710a00000|100%| E|CS|TAMS 0x0000000710900000, 0x0000000710900000| Complete 
| 248|0x0000000710a00000, 0x0000000710b00000, 0x0000000710b00000|100%| E|CS|TAMS 0x0000000710a00000, 0x0000000710a00000| Complete 
| 249|0x0000000710b00000, 0x0000000710c00000, 0x0000000710c00000|100%| E|CS|TAMS 0x0000000710b00000, 0x0000000710b00000| Complete 
| 250|0x0000000710c00000, 0x0000000710d00000, 0x0000000710d00000|100%| E|CS|TAMS 0x0000000710c00000, 0x0000000710c00000| Complete 
| 251|0x0000000710d00000, 0x0000000710e00000, 0x0000000710e00000|100%| E|CS|TAMS 0x0000000710d00000, 0x0000000710d00000| Complete 
| 252|0x0000000710e00000, 0x0000000710f00000, 0x0000000710f00000|100%| E|CS|TAMS 0x0000000710e00000, 0x0000000710e00000| Complete 
| 253|0x0000000710f00000, 0x0000000711000000, 0x0000000711000000|100%| E|CS|TAMS 0x0000000710f00000, 0x0000000710f00000| Complete 
| 254|0x0000000711000000, 0x0000000711100000, 0x0000000711100000|100%| E|CS|TAMS 0x0000000711000000, 0x0000000711000000| Complete 
| 255|0x0000000711100000, 0x0000000711200000, 0x0000000711200000|100%| E|CS|TAMS 0x0000000711100000, 0x0000000711100000| Complete 

Card table byte_map: [0x000001e5b9380000,0x000001e5b9b80000] _byte_map_base: 0x000001e5b5b77000

Marking Bits (Prev, Next): (CMBitMap*) 0x000001e5a04f4c40, (CMBitMap*) 0x000001e5a04f4c08
 Prev Bits: [0x000001e5be340000, 0x000001e5c22f8000)
 Next Bits: [0x000001e5ba380000, 0x000001e5be338000)

Polling page: 0x000001e59ec80000

Metaspace:

Usage:
  Non-class:     28.02 MB capacity,    27.65 MB ( 99%) used,   293.52 KB (  1%) free+waste,    79.75 KB ( <1%) overhead. 
      Class:      3.81 MB capacity,     3.54 MB ( 93%) used,   229.51 KB (  6%) free+waste,    39.13 KB (  1%) overhead. 
       Both:     31.83 MB capacity,    31.20 MB ( 98%) used,   523.02 KB (  2%) free+waste,   118.88 KB ( <1%) overhead. 

Virtual space:
  Non-class space:       30.00 MB reserved,      28.25 MB ( 94%) committed 
      Class space:        1.00 GB reserved,       3.88 MB ( <1%) committed 
             Both:        1.03 GB reserved,      32.13 MB (  3%) committed 

Chunk freelists:
   Non-Class:  45.00 KB
       Class:  6.00 KB
        Both:  51.00 KB

MaxMetaspaceSize: 17179869184.00 GB
CompressedClassSpaceSize: 1.00 GB
Initial GC threshold: 20.80 MB
Current GC threshold: 35.08 MB
CDS: off

CodeHeap 'non-profiled nmethods': size=119168Kb used=2819Kb max_used=2819Kb free=116348Kb
 bounds [0x000001e5b0750000, 0x000001e5b0a20000, 0x000001e5b7bb0000]
CodeHeap 'profiled nmethods': size=119168Kb used=11761Kb max_used=11761Kb free=107406Kb
 bounds [0x000001e5a92f0000, 0x000001e5a9e70000, 0x000001e5b0750000]
CodeHeap 'non-nmethods': size=7424Kb used=1399Kb max_used=3189Kb free=6024Kb
 bounds [0x000001e5a8bb0000, 0x000001e5a8ed0000, 0x000001e5a92f0000]
 total_blobs=5722 nmethods=5007 adapters=626
 compilation: enabled
              stopped_count=0, restarted_count=0
 full_count=0

Compilation events (20 events):
Event: 20.112 Thread 0x000001e5c5d98800 5009   !   4       sun.awt.PostEventQueue::flush (168 bytes)
Event: 20.365 Thread 0x000001e5c5d98800 nmethod 5009 0x000001e5b0a06c10 code [0x000001e5b0a07160, 0x000001e5b0a0dae8]
Event: 20.465 Thread 0x000001e5c5d98800 5010       4       java.awt.Rectangle::translate (197 bytes)
Event: 20.468 Thread 0x000001e5c5d98800 nmethod 5010 0x000001e5b0a10190 code [0x000001e5b0a10320, 0x000001e5b0a10418]
Event: 20.951 Thread 0x000001e5c5d98800 5011       4       sun.java2d.SunGraphics2D::setFont (105 bytes)
Event: 20.954 Thread 0x000001e5c5d98800 nmethod 5011 0x000001e5b0a10510 code [0x000001e5b0a106a0, 0x000001e5b0a10878]
Event: 21.069 Thread 0x000001e5c5d99800 5012       3       java.lang.StackFrameInfo::getClassName (8 bytes)
Event: 21.069 Thread 0x000001e5c5d98800 5013       4       sun.nio.cs.SingleByte$Encoder::encode (32 bytes)
Event: 21.069 Thread 0x000001e5c5d99800 nmethod 5012 0x000001e5a9e68f10 code [0x000001e5a9e69100, 0x000001e5a9e69568]
Event: 21.071 Thread 0x000001e5c5d98800 nmethod 5013 0x000001e5b0a10910 code [0x000001e5b0a10aa0, 0x000001e5b0a10bb8]
Event: 21.071 Thread 0x000001e5c5d99800 5014       3       java.lang.AbstractStringBuilder::inflate (42 bytes)
Event: 21.071 Thread 0x000001e5c5d99800 nmethod 5014 0x000001e5a9e69710 code [0x000001e5a9e69900, 0x000001e5a9e69c98]
Event: 21.072 Thread 0x000001e5c5d99800 5015       3       java.lang.StackStreamFactory$AbstractStackWalker::checkState (163 bytes)
Event: 21.073 Thread 0x000001e5c5d99800 nmethod 5015 0x000001e5a9e69e10 code [0x000001e5a9e6a100, 0x000001e5a9e6b008]
Event: 21.074 Thread 0x000001e5c5d99800 5017       3       java.util.regex.Pattern$Start::match (90 bytes)
Event: 21.074 Thread 0x000001e5c5d99800 nmethod 5017 0x000001e5a9e6b510 code [0x000001e5a9e6b6e0, 0x000001e5a9e6bac8]
Event: 21.074 Thread 0x000001e5c5d99800 5016       3       java.util.Formatter$Flags::<init> (10 bytes)
Event: 21.074 Thread 0x000001e5c5d99800 nmethod 5016 0x000001e5a9e6bc90 code [0x000001e5a9e6be40, 0x000001e5a9e6bf98]
Event: 21.074 Thread 0x000001e5c5d99800 5018       3       java.util.regex.Pattern$LastNode::match (45 bytes)
Event: 21.074 Thread 0x000001e5c5d99800 nmethod 5018 0x000001e5a9e6c090 code [0x000001e5a9e6c240, 0x000001e5a9e6c438]

GC Heap History (8 events):
Event: 1.823 GC heap before
{Heap before GC invocations=0 (full 0):
 garbage-first heap   total 262144K, used 18432K [0x0000000701200000, 0x0000000800000000)
  region size 1024K, 20 young (20480K), 0 survivors (0K)
 Metaspace       used 20748K, capacity 21235K, committed 21296K, reserved 1069056K
  class space    used 2310K, capacity 2546K, committed 2560K, reserved 1048576K
}
Event: 1.840 GC heap after
{Heap after GC invocations=1 (full 0):
 garbage-first heap   total 262144K, used 4805K [0x0000000701200000, 0x0000000800000000)
  region size 1024K, 3 young (3072K), 3 survivors (3072K)
 Metaspace       used 20748K, capacity 21235K, committed 21296K, reserved 1069056K
  class space    used 2310K, capacity 2546K, committed 2560K, reserved 1048576K
}
Event: 2.322 GC heap before
{Heap before GC invocations=2 (full 0):
 garbage-first heap   total 262144K, used 14021K [0x0000000701200000, 0x0000000800000000)
  region size 1024K, 12 young (12288K), 3 survivors (3072K)
 Metaspace       used 24106K, capacity 24734K, committed 24832K, reserved 1071104K
  class space    used 2753K, capacity 3011K, committed 3072K, reserved 1048576K
}
Event: 2.328 GC heap after
{Heap after GC invocations=3 (full 0):
 garbage-first heap   total 262144K, used 6943K [0x0000000701200000, 0x0000000800000000)
  region size 1024K, 2 young (2048K), 2 survivors (2048K)
 Metaspace       used 24106K, capacity 24734K, committed 24832K, reserved 1071104K
  class space    used 2753K, capacity 3011K, committed 3072K, reserved 1048576K
}
Event: 3.007 GC heap before
{Heap before GC invocations=3 (full 0):
 garbage-first heap   total 262144K, used 41759K [0x0000000701200000, 0x0000000800000000)
  region size 1024K, 36 young (36864K), 2 survivors (2048K)
 Metaspace       used 26038K, capacity 26682K, committed 26880K, reserved 1073152K
  class space    used 3026K, capacity 3275K, committed 3328K, reserved 1048576K
}
Event: 3.015 GC heap after
{Heap after GC invocations=4 (full 0):
 garbage-first heap   total 262144K, used 8138K [0x0000000701200000, 0x0000000800000000)
  region size 1024K, 4 young (4096K), 4 survivors (4096K)
 Metaspace       used 26038K, capacity 26682K, committed 26880K, reserved 1073152K
  class space    used 3026K, capacity 3275K, committed 3328K, reserved 1048576K
}
Event: 3.483 GC heap before
{Heap before GC invocations=4 (full 0):
 garbage-first heap   total 262144K, used 62410K [0x0000000701200000, 0x0000000800000000)
  region size 1024K, 57 young (58368K), 4 survivors (4096K)
 Metaspace       used 26112K, capacity 26758K, committed 26880K, reserved 1073152K
  class space    used 3030K, capacity 3277K, committed 3328K, reserved 1048576K
}
Event: 3.489 GC heap after
{Heap after GC invocations=5 (full 0):
 garbage-first heap   total 262144K, used 8746K [0x0000000701200000, 0x0000000800000000)
  region size 1024K, 4 young (4096K), 4 survivors (4096K)
 Metaspace       used 26112K, capacity 26758K, committed 26880K, reserved 1073152K
  class space    used 3030K, capacity 3277K, committed 3328K, reserved 1048576K
}

Deoptimization events (20 events):
Event: 11.007 Thread 0x000001e5c6587800 Uncommon trap: trap_request=0xffffffde fr.pc=0x000001e5b09dccf8 relative=0x00000000000018f8
Event: 11.007 Thread 0x000001e5c6587800 Uncommon trap: reason=class_check action=maybe_recompile pc=0x000001e5b09dccf8 method=javax.swing.ArrayTable.put(Ljava/lang/Object;Ljava/lang/Object;)V @ 73 c2
Event: 11.007 Thread 0x000001e5c6587800 DEOPT PACKING pc=0x000001e5b09dccf8 sp=0x0000000a576fa5b0
Event: 11.007 Thread 0x000001e5c6587800 DEOPT UNPACKING pc=0x000001e5a8bfa1af sp=0x0000000a576fa530 mode 2
Event: 11.010 Thread 0x000001e5c6587800 Uncommon trap: trap_request=0xffffffde fr.pc=0x000001e5b09dccf8 relative=0x00000000000018f8
Event: 11.010 Thread 0x000001e5c6587800 Uncommon trap: reason=class_check action=maybe_recompile pc=0x000001e5b09dccf8 method=javax.swing.ArrayTable.put(Ljava/lang/Object;Ljava/lang/Object;)V @ 73 c2
Event: 11.010 Thread 0x000001e5c6587800 DEOPT PACKING pc=0x000001e5b09dccf8 sp=0x0000000a576fa5b0
Event: 11.010 Thread 0x000001e5c6587800 DEOPT UNPACKING pc=0x000001e5a8bfa1af sp=0x0000000a576fa530 mode 2
Event: 11.012 Thread 0x000001e5c6587800 Uncommon trap: trap_request=0xffffffde fr.pc=0x000001e5b09dccf8 relative=0x00000000000018f8
Event: 11.012 Thread 0x000001e5c6587800 Uncommon trap: reason=class_check action=maybe_recompile pc=0x000001e5b09dccf8 method=javax.swing.ArrayTable.put(Ljava/lang/Object;Ljava/lang/Object;)V @ 73 c2
Event: 11.012 Thread 0x000001e5c6587800 DEOPT PACKING pc=0x000001e5b09dccf8 sp=0x0000000a576fa5b0
Event: 11.012 Thread 0x000001e5c6587800 DEOPT UNPACKING pc=0x000001e5a8bfa1af sp=0x0000000a576fa530 mode 2
Event: 11.055 Thread 0x000001e5c6587800 DEOPT PACKING pc=0x000001e5a9c8c49b sp=0x0000000a576f9dc0
Event: 11.055 Thread 0x000001e5c6587800 DEOPT UNPACKING pc=0x000001e5a8bfa95e sp=0x0000000a576f9270 mode 3
Event: 14.333 Thread 0x000001e5c6587800 DEOPT PACKING pc=0x000001e5a9d6914b sp=0x0000000a576fd190
Event: 14.333 Thread 0x000001e5c6587800 DEOPT UNPACKING pc=0x000001e5a8bfa95e sp=0x0000000a576fc628 mode 0
Event: 17.111 Thread 0x000001e5c6587800 Uncommon trap: trap_request=0xffffff4d fr.pc=0x000001e5b07b8078 relative=0x0000000000000058
Event: 17.112 Thread 0x000001e5c6587800 Uncommon trap: reason=unstable_if action=reinterpret pc=0x000001e5b07b8078 method=java.util.Objects.equals(Ljava/lang/Object;Ljava/lang/Object;)Z @ 6 c2
Event: 17.112 Thread 0x000001e5c6587800 DEOPT PACKING pc=0x000001e5b07b8078 sp=0x0000000a576fd0c0
Event: 17.112 Thread 0x000001e5c6587800 DEOPT UNPACKING pc=0x000001e5a8bfa1af sp=0x0000000a576fd060 mode 2

Classes redefined (0 events):
No events

Internal exceptions (20 events):
Event: 5.457 Thread 0x000001e5c6587800 Exception <a 'java/lang/ClassNotFoundException'{0x000000070d0bd430}: javax/swing/AbstractButtonCustomizer> (0x000000070d0bd430) thrown at [./src/hotspot/share/classfile/systemDictionary.cpp, line 231]
Event: 5.459 Thread 0x000001e5c6587800 Exception <a 'java/lang/ClassNotFoundException'{0x000000070d0f59f8}: javax/swing/JButtonCustomizer> (0x000000070d0f59f8) thrown at [./src/hotspot/share/classfile/systemDictionary.cpp, line 231]
Event: 5.461 Thread 0x000001e5c6587800 Exception <a 'java/lang/ClassNotFoundException'{0x000000070cf0bd78}: java/lang/ObjectCustomizer> (0x000000070cf0bd78) thrown at [./src/hotspot/share/classfile/systemDictionary.cpp, line 231]
Event: 5.461 Thread 0x000001e5c6587800 Exception <a 'java/lang/ClassNotFoundException'{0x000000070cf10a38}: java/awt/ComponentCustomizer> (0x000000070cf10a38) thrown at [./src/hotspot/share/classfile/systemDictionary.cpp, line 231]
Event: 5.464 Thread 0x000001e5c6587800 Exception <a 'java/lang/ClassNotFoundException'{0x000000070cf74b50}: java/awt/ContainerCustomizer> (0x000000070cf74b50) thrown at [./src/hotspot/share/classfile/systemDictionary.cpp, line 231]
Event: 5.466 Thread 0x000001e5c6587800 Exception <a 'java/lang/ClassNotFoundException'{0x000000070cfa7e30}: javax/swing/JComponentCustomizer> (0x000000070cfa7e30) thrown at [./src/hotspot/share/classfile/systemDictionary.cpp, line 231]
Event: 5.469 Thread 0x000001e5c6587800 Exception <a 'java/lang/ClassNotFoundException'{0x000000070ce03468}: javax/swing/AbstractButtonCustomizer> (0x000000070ce03468) thrown at [./src/hotspot/share/classfile/systemDictionary.cpp, line 231]
Event: 5.471 Thread 0x000001e5c6587800 Exception <a 'java/lang/ClassNotFoundException'{0x000000070ce3ba30}: javax/swing/JButtonCustomizer> (0x000000070ce3ba30) thrown at [./src/hotspot/share/classfile/systemDictionary.cpp, line 231]
Event: 5.691 Thread 0x000001e5c6587800 Exception <a 'java/lang/ClassNotFoundException'{0x000000070cb19210}: java/lang/ObjectCustomizer> (0x000000070cb19210) thrown at [./src/hotspot/share/classfile/systemDictionary.cpp, line 231]
Event: 5.692 Thread 0x000001e5c6587800 Exception <a 'java/lang/ClassNotFoundException'{0x000000070cb1d980}: java/awt/ComponentCustomizer> (0x000000070cb1d980) thrown at [./src/hotspot/share/classfile/systemDictionary.cpp, line 231]
Event: 5.694 Thread 0x000001e5c6587800 Exception <a 'java/lang/ClassNotFoundException'{0x000000070cb81788}: java/awt/ContainerCustomizer> (0x000000070cb81788) thrown at [./src/hotspot/share/classfile/systemDictionary.cpp, line 231]
Event: 5.697 Thread 0x000001e5c6587800 Exception <a 'java/lang/ClassNotFoundException'{0x000000070cbb42d0}: javax/swing/JComponentCustomizer> (0x000000070cbb42d0) thrown at [./src/hotspot/share/classfile/systemDictionary.cpp, line 231]
Event: 5.700 Thread 0x000001e5c6587800 Exception <a 'java/lang/ClassNotFoundException'{0x000000070ca0f3d8}: javax/swing/AbstractButtonCustomizer> (0x000000070ca0f3d8) thrown at [./src/hotspot/share/classfile/systemDictionary.cpp, line 231]
Event: 5.702 Thread 0x000001e5c6587800 Exception <a 'java/lang/ClassNotFoundException'{0x000000070ca47450}: javax/swing/JMenuItemCustomizer> (0x000000070ca47450) thrown at [./src/hotspot/share/classfile/systemDictionary.cpp, line 231]
Event: 5.704 Thread 0x000001e5c6587800 Exception <a 'java/lang/ClassNotFoundException'{0x000000070ca6b8c0}: java/lang/ObjectCustomizer> (0x000000070ca6b8c0) thrown at [./src/hotspot/share/classfile/systemDictionary.cpp, line 231]
Event: 5.704 Thread 0x000001e5c6587800 Exception <a 'java/lang/ClassNotFoundException'{0x000000070ca70030}: java/awt/ComponentCustomizer> (0x000000070ca70030) thrown at [./src/hotspot/share/classfile/systemDictionary.cpp, line 231]
Event: 5.707 Thread 0x000001e5c6587800 Exception <a 'java/lang/ClassNotFoundException'{0x000000070cad3e40}: java/awt/ContainerCustomizer> (0x000000070cad3e40) thrown at [./src/hotspot/share/classfile/systemDictionary.cpp, line 231]
Event: 5.709 Thread 0x000001e5c6587800 Exception <a 'java/lang/ClassNotFoundException'{0x000000070c906e08}: javax/swing/JComponentCustomizer> (0x000000070c906e08) thrown at [./src/hotspot/share/classfile/systemDictionary.cpp, line 231]
Event: 5.712 Thread 0x000001e5c6587800 Exception <a 'java/lang/ClassNotFoundException'{0x000000070c961a70}: javax/swing/AbstractButtonCustomizer> (0x000000070c961a70) thrown at [./src/hotspot/share/classfile/systemDictionary.cpp, line 231]
Event: 5.714 Thread 0x000001e5c6587800 Exception <a 'java/lang/ClassNotFoundException'{0x000000070c999d28}: javax/swing/JMenuItemCustomizer> (0x000000070c999d28) thrown at [./src/hotspot/share/classfile/systemDictionary.cpp, line 231]

Events (20 events):
Event: 18.675 loading class sun/awt/geom/ChainEnd
Event: 18.675 loading class sun/awt/geom/ChainEnd done
Event: 18.675 loading class java/util/Vector$1
Event: 18.675 loading class java/util/Vector$1 done
Event: 18.675 loading class sun/awt/geom/Edge
Event: 18.675 loading class sun/awt/geom/Edge done
Event: 18.676 loading class java/awt/geom/Path2D$Double$CopyIterator
Event: 18.676 loading class java/awt/geom/Path2D$Double$CopyIterator done
Event: 18.676 loading class sun/awt/geom/AreaOp$IntOp
Event: 18.676 loading class sun/awt/geom/AreaOp$CAGOp
Event: 18.676 loading class sun/awt/geom/AreaOp$CAGOp done
Event: 18.676 loading class sun/awt/geom/AreaOp$IntOp done
Event: 21.078 loading class jssc/SerialPort
Event: 21.078 loading class jssc/SerialPort done
Event: 21.080 loading class jssc/SerialPortTimeoutException
Event: 21.080 loading class jssc/SerialPortTimeoutException done
Event: 21.080 loading class jssc/SerialPort$EventThread
Event: 21.080 loading class jssc/SerialPort$EventThread done
Event: 21.080 loading class jssc/SerialPort$LinuxEventThread
Event: 21.080 loading class jssc/SerialPort$LinuxEventThread done


Dynamic libraries:
0x00007ff607c00000 - 0x00007ff607c0d000 	C:\Program Files\Eclipse Foundation\jdk-11.0.12.7-hotspot\bin\java.exe
0x00007ff9385c0000 - 0x00007ff9387c7000 	C:\Windows\SYSTEM32\ntdll.dll
0x00007ff936420000 - 0x00007ff9364dd000 	C:\Windows\System32\KERNEL32.DLL
0x00007ff935cf0000 - 0x00007ff936064000 	C:\Windows\System32\KERNELBASE.dll
0x00007ff9361e0000 - 0x00007ff9362f1000 	C:\Windows\System32\ucrtbase.dll
0x00007ff913400000 - 0x00007ff913415000 	C:\Program Files\Eclipse Foundation\jdk-11.0.12.7-hotspot\bin\VCRUNTIME140.dll
0x00007ff9133e0000 - 0x00007ff9133f7000 	C:\Program Files\Eclipse Foundation\jdk-11.0.12.7-hotspot\bin\jli.dll
0x00007ff9374b0000 - 0x00007ff93765c000 	C:\Windows\System32\USER32.dll
0x00007ff935cc0000 - 0x00007ff935ce6000 	C:\Windows\System32\win32u.dll
0x00007ff927070000 - 0x00007ff927315000 	C:\Windows\WinSxS\amd64_microsoft.windows.common-controls_6595b64144ccf1df_6.0.22000.120_none_9d947278b86cc467\COMCTL32.dll
0x00007ff9370a0000 - 0x00007ff9370c9000 	C:\Windows\System32\GDI32.dll
0x00007ff9365d0000 - 0x00007ff936673000 	C:\Windows\System32\msvcrt.dll
0x00007ff936300000 - 0x00007ff936412000 	C:\Windows\System32\gdi32full.dll
0x00007ff935b30000 - 0x00007ff935bcd000 	C:\Windows\System32\msvcp_win.dll
0x00007ff937980000 - 0x00007ff9379b1000 	C:\Windows\System32\IMM32.DLL
0x00007ff8e1880000 - 0x00007ff8e191b000 	C:\Program Files\Eclipse Foundation\jdk-11.0.12.7-hotspot\bin\msvcp140.dll
0x00007ff8c3120000 - 0x00007ff8c3c79000 	C:\Program Files\Eclipse Foundation\jdk-11.0.12.7-hotspot\bin\server\jvm.dll
0x00007ff937bd0000 - 0x00007ff937c7c000 	C:\Windows\System32\ADVAPI32.dll
0x00007ff936780000 - 0x00007ff93681d000 	C:\Windows\System32\sechost.dll
0x00007ff9376c0000 - 0x00007ff9377e1000 	C:\Windows\System32\RPCRT4.dll
0x00007ff937410000 - 0x00007ff937418000 	C:\Windows\System32\PSAPI.DLL
0x00007ff92ddb0000 - 0x00007ff92ddb9000 	C:\Windows\SYSTEM32\WSOCK32.dll
0x00007ff92dbf0000 - 0x00007ff92dc23000 	C:\Windows\SYSTEM32\WINMM.dll
0x00007ff92e770000 - 0x00007ff92e77a000 	C:\Windows\SYSTEM32\VERSION.dll
0x00007ff937440000 - 0x00007ff9374af000 	C:\Windows\System32\WS2_32.dll
0x00007ff934c40000 - 0x00007ff934c58000 	C:\Windows\SYSTEM32\kernel.appcore.dll
0x00007ff927ab0000 - 0x00007ff927ac0000 	C:\Program Files\Eclipse Foundation\jdk-11.0.12.7-hotspot\bin\verify.dll
0x00007ff922120000 - 0x00007ff922341000 	C:\Windows\SYSTEM32\DBGHELP.DLL
0x00007ff9277f0000 - 0x00007ff927821000 	C:\Windows\SYSTEM32\dbgcore.DLL
0x00007ff935c40000 - 0x00007ff935cbf000 	C:\Windows\System32\bcryptPrimitives.dll
0x00007ff912e50000 - 0x00007ff912e78000 	C:\Program Files\Eclipse Foundation\jdk-11.0.12.7-hotspot\bin\java.dll
0x00007ff9263b0000 - 0x00007ff9263ba000 	C:\Program Files\Eclipse Foundation\jdk-11.0.12.7-hotspot\bin\jimage.dll
0x00007ff912630000 - 0x00007ff912647000 	C:\Program Files\Eclipse Foundation\jdk-11.0.12.7-hotspot\bin\zip.dll
0x00007ff937da0000 - 0x00007ff93854e000 	C:\Windows\System32\SHELL32.dll
0x00007ff933bd0000 - 0x00007ff934437000 	C:\Windows\SYSTEM32\windows.storage.dll
0x00007ff936d20000 - 0x00007ff937098000 	C:\Windows\System32\combase.dll
0x00007ff933a60000 - 0x00007ff933bc6000 	C:\Windows\SYSTEM32\wintypes.dll
0x00007ff937320000 - 0x00007ff93740a000 	C:\Windows\System32\SHCORE.dll
0x00007ff937660000 - 0x00007ff9376bd000 	C:\Windows\System32\shlwapi.dll
0x00007ff9359a0000 - 0x00007ff9359c1000 	C:\Windows\SYSTEM32\profapi.dll
0x00007ff910ec0000 - 0x00007ff910ed9000 	C:\Program Files\Eclipse Foundation\jdk-11.0.12.7-hotspot\bin\net.dll
0x00007ff92f2a0000 - 0x00007ff92f3ac000 	C:\Windows\SYSTEM32\WINHTTP.dll
0x00007ff935040000 - 0x00007ff9350a7000 	C:\Windows\system32\mswsock.dll
0x00007ff910ea0000 - 0x00007ff910eb2000 	C:\Program Files\Eclipse Foundation\jdk-11.0.12.7-hotspot\bin\nio.dll
0x00007ff8da600000 - 0x00007ff8da799000 	C:\Program Files\Eclipse Foundation\jdk-11.0.12.7-hotspot\bin\awt.dll
0x00007ff9366a0000 - 0x00007ff936776000 	C:\Windows\System32\OLEAUT32.dll
0x00007ff933110000 - 0x00007ff9331a1000 	C:\Windows\SYSTEM32\apphelp.dll
0x00007ff925de0000 - 0x00007ff925de9000 	C:\Program Files\Eclipse Foundation\jdk-11.0.12.7-hotspot\bin\prefs.dll
0x00007ff9331d0000 - 0x00007ff93327c000 	C:\Windows\system32\uxtheme.dll
0x00007ff937c80000 - 0x00007ff937d9e000 	C:\Windows\System32\MSCTF.dll
0x00007ff9379c0000 - 0x00007ff937b5a000 	C:\Windows\System32\ole32.dll
0x00007ff933550000 - 0x00007ff93357f000 	C:\Windows\system32\DWMAPI.DLL
0x00007ff8d99f0000 - 0x00007ff8d9af1000 	C:\Windows\system32\opengl32.dll
0x00007ff910790000 - 0x00007ff9107bd000 	C:\Windows\SYSTEM32\GLU32.dll
0x00007ff9332b0000 - 0x00007ff9332e8000 	C:\Windows\SYSTEM32\dxcore.dll
0x00007ff92cbb0000 - 0x00007ff92cd56000 	C:\Windows\system32\d3d9.dll
0x00007ff92e780000 - 0x00007ff92e86b000 	C:\Windows\System32\DriverStore\FileRepository\nv_dispi.inf_amd64_c1a085cc86772d3f\nvldumdx.dll
0x00007ff936070000 - 0x00007ff9361d2000 	C:\Windows\System32\crypt32.dll
0x00007ff935bd0000 - 0x00007ff935c36000 	C:\Windows\System32\WINTRUST.DLL
0x00007ff935360000 - 0x00007ff935372000 	C:\Windows\SYSTEM32\MSASN1.dll
0x00007ff937420000 - 0x00007ff93743f000 	C:\Windows\System32\imagehlp.dll
0x00007ff935310000 - 0x00007ff935328000 	C:\Windows\SYSTEM32\CRYPTSP.dll
0x00007ff934ba0000 - 0x00007ff934bd5000 	C:\Windows\system32\rsaenh.dll
0x00007ff935230000 - 0x00007ff93523c000 	C:\Windows\SYSTEM32\CRYPTBASE.dll
0x00007ff935450000 - 0x00007ff935477000 	C:\Windows\SYSTEM32\bcrypt.dll
0x00007ff8fc370000 - 0x00007ff8fd57d000 	C:\Windows\System32\DriverStore\FileRepository\nv_dispi.inf_amd64_c1a085cc86772d3f\nvd3dumx.dll
0x00007ff9317b0000 - 0x00007ff9317f4000 	C:\Windows\SYSTEM32\directxdatabasehelper.dll
0x00007ff933410000 - 0x00007ff933444000 	C:\Windows\SYSTEM32\ntmarta.dll
0x00007ff934b00000 - 0x00007ff934b4d000 	C:\Windows\system32\powrprof.dll
0x00007ff934a40000 - 0x00007ff934a53000 	C:\Windows\SYSTEM32\UMPDC.dll
0x00007ff92b4f0000 - 0x00007ff92b5dc000 	C:\Program Files (x86)\NVIDIA Corporation\3D Vision\nvSCPAPI64.dll
0x00007ff9368b0000 - 0x00007ff936d1b000 	C:\Windows\System32\SETUPAPI.dll
0x00007ff935770000 - 0x00007ff9357bc000 	C:\Windows\SYSTEM32\cfgmgr32.DLL
0x00007ff90e800000 - 0x00007ff90ea66000 	C:\Windows\system32\nvspcap64.dll
0x00007ff8f9130000 - 0x00007ff8f91b6000 	C:\Program Files\Eclipse Foundation\jdk-11.0.12.7-hotspot\bin\freetype.dll
0x00007ff9105d0000 - 0x00007ff9105e2000 	C:\Program Files\Eclipse Foundation\jdk-11.0.12.7-hotspot\bin\fontmanager.dll
0x00007ff8dfcb0000 - 0x00007ff8dfd6c000 	C:\Program Files\Eclipse Foundation\jdk-11.0.12.7-hotspot\bin\harfbuzz.dll
0x00007ff9378d0000 - 0x00007ff93797f000 	C:\Windows\System32\clbcatq.dll
0x00007ff92f4f0000 - 0x00007ff92f69e000 	C:\Windows\SYSTEM32\WindowsCodecs.dll
0x00007ff914e80000 - 0x00007ff914edd000 	C:\Windows\system32\dataexchange.dll
0x00007ff92e870000 - 0x00007ff92ead6000 	C:\Windows\system32\twinapi.appcore.dll
0x00007ff92c840000 - 0x00007ff92c8f2000 	C:\Windows\WinSxS\amd64_microsoft.windows.common-controls_6595b64144ccf1df_5.82.22000.1_none_271a8fad6a2d1b1e\comctl32.dll
0x00007ff9321a0000 - 0x00007ff932297000 	C:\Windows\system32\propsys.dll
0x00007ff916b80000 - 0x00007ff916b98000 	C:\Windows\system32\NetworkExplorer.dll
0x00007ff913370000 - 0x00007ff9133d6000 	C:\Windows\System32\thumbcache.dll
0x00007ff92d5e0000 - 0x00007ff92d680000 	C:\Windows\SYSTEM32\policymanager.dll
0x00007ff92d890000 - 0x00007ff92d922000 	C:\Windows\SYSTEM32\msvcp110_win.dll
0x00007ff92bf80000 - 0x00007ff92bf9d000 	C:\Windows\SYSTEM32\MPR.dll
0x00007ff92f0f0000 - 0x00007ff92f11c000 	C:\Windows\System32\p9np.dll
0x00007ff9329e0000 - 0x00007ff9329ec000 	C:\Windows\System32\drprov.dll
0x00007ff9242d0000 - 0x00007ff9242f0000 	C:\Windows\System32\ntlanman.dll
0x00007ff923d10000 - 0x00007ff923d2e000 	C:\Windows\System32\davclnt.dll
0x00007ff9347a0000 - 0x00007ff934803000 	C:\Windows\System32\WINSTA.dll
0x00007ff92ef60000 - 0x00007ff92ef77000 	C:\Windows\System32\wkscli.dll
0x00007ff9277d0000 - 0x00007ff9277e2000 	C:\Windows\SYSTEM32\cscapi.dll
0x00007ff934810000 - 0x00007ff93481c000 	C:\Windows\System32\netutils.dll
0x00007ff9143b0000 - 0x00007ff914407000 	C:\Windows\System32\dlnashext.dll
0x00007ff910ac0000 - 0x00007ff910b2e000 	C:\Windows\System32\PlayToDevice.dll
0x00007ff914fe0000 - 0x00007ff915001000 	C:\Windows\System32\DevDispItemProvider.dll
0x00007ff92ce50000 - 0x00007ff92ceec000 	C:\Windows\System32\MMDevApi.dll
0x00007ff935740000 - 0x00007ff93576c000 	C:\Windows\System32\DEVOBJ.dll
0x00007ff8d9940000 - 0x00007ff8d99e2000 	C:\Windows\system32\wpdshext.dll
0x00007ff92c660000 - 0x00007ff92c813000 	C:\Windows\WinSxS\amd64_microsoft.windows.gdiplus_6595b64144ccf1df_1.1.22000.318_none_ce876b9e12f802ea\gdiplus.dll
0x00007ff92f1d0000 - 0x00007ff92f26e000 	C:\Windows\System32\PortableDeviceApi.dll
0x00007ff92b6a0000 - 0x00007ff92b6d1000 	C:\Windows\System32\PortableDeviceTypes.dll
0x00007ff911050000 - 0x00007ff911087000 	C:\Windows\System32\EhStorShell.dll
0x00007ff922410000 - 0x00007ff922435000 	C:\Windows\System32\EhStorAPI.dll
0x00007ff9322d0000 - 0x00007ff9322e4000 	C:\Windows\System32\WTSAPI32.dll
0x00007ff91b520000 - 0x00007ff91b52d000 	C:\Windows\SYSTEM32\LINKINFO.dll
0x00007ff924120000 - 0x00007ff92412c000 	C:\Windows\SYSTEM32\Secur32.dll
0x00007ff934e60000 - 0x00007ff934ea0000 	C:\Windows\SYSTEM32\SSPICLI.DLL
0x00007ff92d210000 - 0x00007ff92d34b000 	C:\Windows\System32\Windows.System.Launcher.dll
0x00007ff92d1f0000 - 0x00007ff92d20b000 	C:\Windows\SYSTEM32\windows.staterepositorycore.dll
0x0000000071100000 - 0x0000000071125000 	C:\Users\Woota\.jssc\windows\jSSC-2.8_x86_64.dll
0x00007ff916ba0000 - 0x00007ff916ccd000 	C:\Windows\SYSTEM32\textinputframework.dll
0x00007ff932e20000 - 0x00007ff932f52000 	C:\Windows\SYSTEM32\CoreMessaging.dll
0x00007ff930ff0000 - 0x00007ff93135d000 	C:\Windows\SYSTEM32\CoreUIComponents.dll

dbghelp: loaded successfully - version: 4.0.5 - missing functions: none
symbol engine: initialized successfully - sym options: 0x614 - pdb path: .;C:\Program Files\Eclipse Foundation\jdk-11.0.12.7-hotspot\bin;C:\Windows\SYSTEM32;C:\Windows\WinSxS\amd64_microsoft.windows.common-controls_6595b64144ccf1df_6.0.22000.120_none_9d947278b86cc467;C:\Program Files\Eclipse Foundation\jdk-11.0.12.7-hotspot\bin\server;C:\Windows\System32\DriverStore\FileRepository\nv_dispi.inf_amd64_c1a085cc86772d3f;C:\Program Files (x86)\NVIDIA Corporation\3D Vision;C:\Windows\WinSxS\amd64_microsoft.windows.common-controls_6595b64144ccf1df_5.82.22000.1_none_271a8fad6a2d1b1e;C:\Windows\WinSxS\amd64_microsoft.windows.gdiplus_6595b64144ccf1df_1.1.22000.318_none_ce876b9e12f802ea;C:\Users\Woota\.jssc\windows

VM Arguments:
java_command: ESPlorer.jar
java_class_path (initial): ESPlorer.jar
Launcher Type: SUN_STANDARD

[Global flags]
     intx CICompilerCount                          = 12                                        {product} {ergonomic}
     uint ConcGCThreads                            = 3                                         {product} {ergonomic}
     uint G1ConcRefinementThreads                  = 13                                        {product} {ergonomic}
   size_t G1HeapRegionSize                         = 1048576                                   {product} {ergonomic}
    uintx GCDrainStackTargetSize                   = 64                                        {product} {ergonomic}
   size_t InitialHeapSize                          = 268435456                                 {product} {ergonomic}
   size_t MarkStackSize                            = 4194304                                   {product} {ergonomic}
   size_t MaxHeapSize                              = 4276092928                                {product} {ergonomic}
   size_t MaxNewSize                               = 2564816896                                {product} {ergonomic}
   size_t MinHeapDeltaBytes                        = 1048576                                   {product} {ergonomic}
    uintx NonNMethodCodeHeapSize                   = 7594288                                {pd product} {ergonomic}
    uintx NonProfiledCodeHeapSize                  = 122031976                              {pd product} {ergonomic}
    uintx ProfiledCodeHeapSize                     = 122031976                              {pd product} {ergonomic}
    uintx ReservedCodeCacheSize                    = 251658240                              {pd product} {ergonomic}
     bool SegmentedCodeCache                       = true                                      {product} {ergonomic}
     bool UseCompressedClassPointers               = true                                 {lp64_product} {ergonomic}
     bool UseCompressedOops                        = true                                 {lp64_product} {ergonomic}
     bool UseG1GC                                  = true                                      {product} {ergonomic}
     bool UseLargePagesIndividualAllocation        = false                                  {pd product} {ergonomic}

Logging:
Log output configuration:
 #0: stdout all=warning uptime,level,tags
 #1: stderr all=off uptime,level,tags

Environment Variables:
JAVA_HOME=C:\Program Files\Eclipse Foundation\jdk-11.0.12.7-hotspot\
PATH=C:\WinAVR-20100110\bin;C:\WinAVR-20100110\utils\bin;C:\Program Files\Eclipse Foundation\jdk-11.0.12.7-hotspot\bin;C:\Program Files (x86)\Microsoft Azure Sphere SDK\Tools_v2\wbin;C:\Python310\Scripts\;C:\Python310\;C:\Program Files\Python39\Scripts\;C:\Program Files\Python39\;C:\Program Files (x86)\VMware\VMware Workstation\bin\;C:\Program Files\Common Files\Oracle\Java\javapath;C:\Program Files (x86)\Common Files\Oracle\Java\javapath;C:\Python27\;C:\Python27\Scripts;C:\Windows\system32;C:\Windows;C:\Windows\System32\Wbem;C:\Windows\System32\WindowsPowerShell\v1.0\;C:\Windows\System32\OpenSSH\;C:\Program Files (x86)\NVIDIA Corporation\PhysX\Common;C:\Program Files\dotnet\;C:\Program Files (x86)\dotnet\;C:\Program Files\nodejs\;C:\ProgramData\chocolatey\bin;C:\Program Files\LLVM\bin;C:\Program Files\Git\cmd;C:\Program Files\Docker\Docker\resources\bin;C:\ProgramData\DockerDesktop\version-bin;C:\Users\Woota\AppData\Local\Microsoft\WindowsApps;C:\Users\Woota\AppData\Local\GitHubDesktop\bin;C:\Users\Woota\.dotnet\tools;C:\Users\Woota\AppData\Local\Programs\Microsoft VS Code\bin;C:\Users\Woota\AppData\Roaming\npm
USERNAME=Woota
OS=Windows_NT
PROCESSOR_IDENTIFIER=Intel64 Family 6 Model 45 Stepping 7, GenuineIntel



---------------  S Y S T E M  ---------------

OS: Windows 10 , 64 bit Build 22000 (10.0.22000.318)
OS uptime: 0 days 2:36 hours
Hyper-V role detected

CPU:total 16 (initial active 16) (8 cores per cpu, 2 threads per core) family 6 model 45 stepping 7 microcode 0x71a, cmov, cx8, fxsr, mmx, sse, sse2, sse3, ssse3, sse4.1, sse4.2, popcnt, avx, aes, clmul, ht, tsc, tscinvbit, tscinv

Memory: 4k page, system-wide physical 16310M (3466M free)
TotalPageFile size 22710M (AvailPageFile size 2605M)
current process WorkingSet (physical memory assigned to process): 237M, peak: 325M
current process commit charge ("private bytes"): 464M, peak: 566M

vm_info: OpenJDK 64-Bit Server VM (11.0.12+7) for windows-amd64 JRE (11.0.12+7), built on Jul 21 2021 16:23:49 by "" with unknown MS VC++:1916

END.
